{"timestamp":"2025-06-10T16:14:02.790249","level":"info","event":"DAG bundles loaded: dags-folder","logger":"airflow.dag_processing.bundles.manager.DagBundlesManager"}
{"timestamp":"2025-06-10T16:14:02.791044","level":"info","event":"Filling up the DagBag from /opt/airflow/dags/debug_coordinates_dag.py","logger":"airflow.models.dagbag.DagBag"}
{"timestamp":"2025-06-10T16:14:02.830524Z","level":"info","event":"🔍 Debugging missing coordinates issue...","chan":"stdout","logger":"task"}
{"timestamp":"2025-06-10T16:14:03.109984Z","level":"info","event":"📋 Step 1: Check eventos table coordinate status","chan":"stdout","logger":"task"}
{"timestamp":"2025-06-10T16:14:03.198381Z","level":"info","event":"  - Total eventos: 253","chan":"stdout","logger":"task"}
{"timestamp":"2025-06-10T16:14:03.199200Z","level":"info","event":"  - With coordinates: 0","chan":"stdout","logger":"task"}
{"timestamp":"2025-06-10T16:14:03.199539Z","level":"info","event":"  - Without coordinates: 253","chan":"stdout","logger":"task"}
{"timestamp":"2025-06-10T16:14:03.199825Z","level":"info","event":"","chan":"stdout","logger":"task"}
{"timestamp":"2025-06-10T16:14:03.200049Z","level":"info","event":"📋 Step 2: Check centroids table","chan":"stdout","logger":"task"}
{"timestamp":"2025-06-10T16:14:03.240520Z","level":"info","event":"  ✅ public.centroids table exists","chan":"stdout","logger":"task"}
{"timestamp":"2025-06-10T16:14:03.297908Z","level":"info","event":"    • Total centroids: 3551","chan":"stdout","logger":"task"}
{"timestamp":"2025-06-10T16:14:03.298804Z","level":"info","event":"    • With valid coordinates: 3551","chan":"stdout","logger":"task"}
{"timestamp":"2025-06-10T16:14:03.299050Z","level":"info","event":"    • Unique freguesias: 2706","chan":"stdout","logger":"task"}
{"timestamp":"2025-06-10T16:14:03.299208Z","level":"info","event":"    • Unique concelhos: 582","chan":"stdout","logger":"task"}
{"timestamp":"2025-06-10T16:14:03.299366Z","level":"info","event":"    • Unique distritos: 38","chan":"stdout","logger":"task"}
{"timestamp":"2025-06-10T16:14:03.299607Z","level":"info","event":"","chan":"stdout","logger":"task"}
{"timestamp":"2025-06-10T16:14:03.299814Z","level":"info","event":"📋 Step 3: Sample location matching test","chan":"stdout","logger":"task"}
{"timestamp":"2025-06-10T16:14:03.339728Z","level":"info","event":"  - Sample Event 1:","chan":"stdout","logger":"task"}
{"timestamp":"2025-06-10T16:14:03.340303Z","level":"info","event":"    District: 'Portalegre'","chan":"stdout","logger":"task"}
{"timestamp":"2025-06-10T16:14:03.340630Z","level":"info","event":"    Municipality: 'Avis'","chan":"stdout","logger":"task"}
{"timestamp":"2025-06-10T16:14:03.340831Z","level":"info","event":"    Parish: 'avis'","chan":"stdout","logger":"task"}
{"timestamp":"2025-06-10T16:14:03.476183Z","level":"info","event":"    Freguesia matches: 1","chan":"stdout","logger":"task"}
{"timestamp":"2025-06-10T16:14:03.477235Z","level":"info","event":"    Concelho matches: 7","chan":"stdout","logger":"task"}
{"timestamp":"2025-06-10T16:14:03.477559Z","level":"info","event":"    Distrito matches: 84","chan":"stdout","logger":"task"}
{"timestamp":"2025-06-10T16:14:03.477796Z","level":"info","event":"    ✅ Matches found - should have coordinates","chan":"stdout","logger":"task"}
{"timestamp":"2025-06-10T16:14:03.478014Z","level":"info","event":"  - Sample Event 2:","chan":"stdout","logger":"task"}
{"timestamp":"2025-06-10T16:14:03.478226Z","level":"info","event":"    District: 'Évora'","chan":"stdout","logger":"task"}
{"timestamp":"2025-06-10T16:14:03.478779Z","level":"info","event":"    Municipality: 'Borba'","chan":"stdout","logger":"task"}
{"timestamp":"2025-06-10T16:14:03.479036Z","level":"info","event":"    Parish: 'borba'","chan":"stdout","logger":"task"}
{"timestamp":"2025-06-10T16:14:03.610658Z","level":"info","event":"    Freguesia matches: 0","chan":"stdout","logger":"task"}
{"timestamp":"2025-06-10T16:14:03.611493Z","level":"info","event":"    Concelho matches: 5","chan":"stdout","logger":"task"}
{"timestamp":"2025-06-10T16:14:03.611795Z","level":"info","event":"    Distrito matches: 83","chan":"stdout","logger":"task"}
{"timestamp":"2025-06-10T16:14:03.612165Z","level":"info","event":"    ✅ Matches found - should have coordinates","chan":"stdout","logger":"task"}
{"timestamp":"2025-06-10T16:14:03.612354Z","level":"info","event":"  - Sample Event 3:","chan":"stdout","logger":"task"}
{"timestamp":"2025-06-10T16:14:03.612597Z","level":"info","event":"    District: 'Aveiro'","chan":"stdout","logger":"task"}
{"timestamp":"2025-06-10T16:14:03.612769Z","level":"info","event":"    Municipality: 'Estarreja'","chan":"stdout","logger":"task"}
{"timestamp":"2025-06-10T16:14:03.612935Z","level":"info","event":"    Parish: 'estarreja'","chan":"stdout","logger":"task"}
{"timestamp":"2025-06-10T16:14:03.744392Z","level":"info","event":"    Freguesia matches: 0","chan":"stdout","logger":"task"}
{"timestamp":"2025-06-10T16:14:03.745015Z","level":"info","event":"    Concelho matches: 6","chan":"stdout","logger":"task"}
{"timestamp":"2025-06-10T16:14:03.745220Z","level":"info","event":"    Distrito matches: 170","chan":"stdout","logger":"task"}
{"timestamp":"2025-06-10T16:14:03.745444Z","level":"info","event":"    ✅ Matches found - should have coordinates","chan":"stdout","logger":"task"}
{"timestamp":"2025-06-10T16:14:03.745638Z","level":"info","event":"  - Sample Event 4:","chan":"stdout","logger":"task"}
{"timestamp":"2025-06-10T16:14:03.745827Z","level":"info","event":"    District: 'Lisboa'","chan":"stdout","logger":"task"}
{"timestamp":"2025-06-10T16:14:03.746038Z","level":"info","event":"    Municipality: 'Lisboa'","chan":"stdout","logger":"task"}
{"timestamp":"2025-06-10T16:14:03.746213Z","level":"info","event":"    Parish: 'lisboa'","chan":"stdout","logger":"task"}
{"timestamp":"2025-06-10T16:14:03.878640Z","level":"info","event":"    Freguesia matches: 0","chan":"stdout","logger":"task"}
{"timestamp":"2025-06-10T16:14:03.879569Z","level":"info","event":"    Concelho matches: 25","chan":"stdout","logger":"task"}
{"timestamp":"2025-06-10T16:14:03.879863Z","level":"info","event":"    Distrito matches: 189","chan":"stdout","logger":"task"}
{"timestamp":"2025-06-10T16:14:03.880063Z","level":"info","event":"    ✅ Matches found - should have coordinates","chan":"stdout","logger":"task"}
{"timestamp":"2025-06-10T16:14:03.880263Z","level":"info","event":"  - Sample Event 5:","chan":"stdout","logger":"task"}
{"timestamp":"2025-06-10T16:14:03.880460Z","level":"info","event":"    District: 'Portalegre'","chan":"stdout","logger":"task"}
{"timestamp":"2025-06-10T16:14:03.880618Z","level":"info","event":"    Municipality: 'Avis'","chan":"stdout","logger":"task"}
{"timestamp":"2025-06-10T16:14:03.880814Z","level":"info","event":"    Parish: 'avis'","chan":"stdout","logger":"task"}
{"timestamp":"2025-06-10T16:14:04.010855Z","level":"info","event":"    Freguesia matches: 1","chan":"stdout","logger":"task"}
{"timestamp":"2025-06-10T16:14:04.011298Z","level":"info","event":"    Concelho matches: 7","chan":"stdout","logger":"task"}
{"timestamp":"2025-06-10T16:14:04.011607Z","level":"info","event":"    Distrito matches: 84","chan":"stdout","logger":"task"}
{"timestamp":"2025-06-10T16:14:04.011828Z","level":"info","event":"    ✅ Matches found - should have coordinates","chan":"stdout","logger":"task"}
{"timestamp":"2025-06-10T16:14:04.012039Z","level":"info","event":"","chan":"stdout","logger":"task"}
{"timestamp":"2025-06-10T16:14:04.012237Z","level":"info","event":"📋 Step 4: Test manual coordinate update","chan":"stdout","logger":"task"}
{"timestamp":"2025-06-10T16:14:11.876729Z","level":"info","event":"  ✅ Updated 253 events with coordinates","chan":"stdout","logger":"task"}
{"timestamp":"2025-06-10T16:14:11.877650Z","level":"info","event":"","chan":"stdout","logger":"task"}
{"timestamp":"2025-06-10T16:14:11.878024Z","level":"info","event":"📋 Step 5: Final coordinate status","chan":"stdout","logger":"task"}
{"timestamp":"2025-06-10T16:14:11.960483Z","level":"info","event":"  - Total eventos: 253","chan":"stdout","logger":"task"}
{"timestamp":"2025-06-10T16:14:11.960963Z","level":"info","event":"  - With coordinates: 253","chan":"stdout","logger":"task"}
{"timestamp":"2025-06-10T16:14:11.961169Z","level":"info","event":"  - Without coordinates: 0","chan":"stdout","logger":"task"}
{"timestamp":"2025-06-10T16:14:11.961312Z","level":"info","event":"  🎉 SUCCESS! Added coordinates to 253 events","chan":"stdout","logger":"task"}
{"timestamp":"2025-06-10T16:14:11.961467Z","level":"info","event":"","chan":"stdout","logger":"task"}
{"timestamp":"2025-06-10T16:14:11.961600Z","level":"info","event":"📋 Sample events with coordinates:","chan":"stdout","logger":"task"}
{"timestamp":"2025-06-10T16:14:12.001808Z","level":"info","event":"  - Portalegre/Avis/avis: (39.0714768434283, -7.90300450687611) [freguesia]","chan":"stdout","logger":"task"}
{"timestamp":"2025-06-10T16:14:12.002515Z","level":"info","event":"  - Évora/Borba/borba: (38.7699842953137, -7.52108860015875) [concelho]","chan":"stdout","logger":"task"}
{"timestamp":"2025-06-10T16:14:12.002868Z","level":"info","event":"  - Aveiro/Estarreja/estarreja: (40.7611501977765, -8.57489498618577) [concelho]","chan":"stdout","logger":"task"}
{"timestamp":"2025-06-10T16:14:12.003121Z","level":"info","event":"  - Lisboa/Lisboa/lisboa: (38.7416498958436, -9.15768454609679) [concelho]","chan":"stdout","logger":"task"}
{"timestamp":"2025-06-10T16:14:12.003322Z","level":"info","event":"  - Portalegre/Avis/avis: (39.0714768434283, -7.90300450687611) [freguesia]","chan":"stdout","logger":"task"}
{"timestamp":"2025-06-10T16:14:12.042642","level":"info","event":"Done. Returned value was: None","logger":"airflow.task.operators.airflow.providers.standard.operators.python.PythonOperator"}
