[2025-06-02T17:10:56.653+0000] {taskinstance.py:1956} INFO - Dependencies all met for dep_context=non-requeueable deps ti=<TaskInstance: google_scraper_pipeline.run_scraper manual__2025-06-02T16:36:58.866401+00:00 [queued]>
[2025-06-02T17:10:56.656+0000] {taskinstance.py:1956} INFO - Dependencies all met for dep_context=requeueable deps ti=<TaskInstance: google_scraper_pipeline.run_scraper manual__2025-06-02T16:36:58.866401+00:00 [queued]>
[2025-06-02T17:10:56.656+0000] {taskinstance.py:2170} INFO - Starting attempt 11 of 12
[2025-06-02T17:10:56.661+0000] {taskinstance.py:2191} INFO - Executing <Task(PythonOperator): run_scraper> on 2025-06-02 16:36:58.866401+00:00
[2025-06-02T17:10:56.663+0000] {standard_task_runner.py:60} INFO - Started process 1078 to run task
[2025-06-02T17:10:56.665+0000] {standard_task_runner.py:87} INFO - Running: ['***', 'tasks', 'run', 'google_scraper_pipeline', 'run_scraper', 'manual__2025-06-02T16:36:58.866401+00:00', '--job-id', '22', '--raw', '--subdir', 'DAGS_FOLDER/google_scraper_dag.py', '--cfg-path', '/tmp/tmp9usvjdpb']
[2025-06-02T17:10:56.666+0000] {standard_task_runner.py:88} INFO - Job 22: Subtask run_scraper
[2025-06-02T17:10:56.692+0000] {task_command.py:423} INFO - Running <TaskInstance: google_scraper_pipeline.run_scraper manual__2025-06-02T16:36:58.866401+00:00 [running]> on host 4a3ff0e975f7
[2025-06-02T17:10:56.733+0000] {taskinstance.py:2480} INFO - Exporting env vars: AIRFLOW_CTX_DAG_OWNER='***' AIRFLOW_CTX_DAG_ID='google_scraper_pipeline' AIRFLOW_CTX_TASK_ID='run_scraper' AIRFLOW_CTX_EXECUTION_DATE='2025-06-02T16:36:58.866401+00:00' AIRFLOW_CTX_TRY_NUMBER='11' AIRFLOW_CTX_DAG_RUN_ID='manual__2025-06-02T16:36:58.866401+00:00'
[2025-06-02T17:10:57.172+0000] {logging_mixin.py:188} INFO - ✅ Dependências instaladas com sucesso
[2025-06-02T17:10:57.173+0000] {logging_mixin.py:188} INFO - 📦 A executar comando: python3 /opt/***/dags/google_scraper/scraping/run_scraper_***.py --dias 1
[2025-06-02T17:11:32.085+0000] {local_task_job_runner.py:302} WARNING - State of this instance has been externally set to failed. Terminating instance.
[2025-06-02T17:11:32.100+0000] {process_utils.py:131} INFO - Sending 15 to group 1078. PIDs of all processes in the group: [1096, 1078]
[2025-06-02T17:11:32.103+0000] {process_utils.py:86} INFO - Sending the signal 15 to group 1078
[2025-06-02T17:11:32.106+0000] {taskinstance.py:2450} ERROR - Received SIGTERM. Terminating subprocesses.
[2025-06-02T17:11:32.158+0000] {logging_mixin.py:188} INFO - ⚠️ Erro em run_scraper: Task received SIGTERM signal
[2025-06-02T17:11:32.625+0000] {process_utils.py:79} INFO - Process psutil.Process(pid=1096, status='terminated', started='17:10:56') (1096) terminated with exit code None
[2025-06-02T17:11:34.157+0000] {logging_mixin.py:188} INFO - ✅ Dependências instaladas com sucesso
[2025-06-02T17:11:34.161+0000] {logging_mixin.py:188} INFO - 📦 A executar comando: python3 /opt/***/dags/google_scraper/scraping/run_scraper.py --dias 1
[2025-06-02T18:00:39.293+0000] {process_utils.py:149} WARNING - process psutil.Process(pid=1078, name='airflow task ru', status='sleeping', started='17:10:56') did not respond to SIGTERM. Trying SIGKILL
[2025-06-02T18:00:39.306+0000] {process_utils.py:86} INFO - Sending the signal 9 to group 1078
[2025-06-02T18:00:39.327+0000] {process_utils.py:79} INFO - Process psutil.Process(pid=1078, name='airflow task ru', status='terminated', exitcode=<Negsignal.SIGKILL: -9>, started='17:10:56') (1078) terminated with exit code -9
[2025-06-02T18:00:39.329+0000] {standard_task_runner.py:175} ERROR - Job 22 was killed before it finished (likely due to running out of memory)
