[2025-06-02T19:46:20.228+0000] {taskinstance.py:1956} INFO - Dependencies all met for dep_context=non-requeueable deps ti=<TaskInstance: google_scraper_pipeline.filtrar_artigos_vitimas manual__2025-06-02T16:36:58.866401+00:00 [queued]>
[2025-06-02T19:46:20.234+0000] {taskinstance.py:1956} INFO - Dependencies all met for dep_context=requeueable deps ti=<TaskInstance: google_scraper_pipeline.filtrar_artigos_vitimas manual__2025-06-02T16:36:58.866401+00:00 [queued]>
[2025-06-02T19:46:20.234+0000] {taskinstance.py:2170} INFO - Starting attempt 1 of 2
[2025-06-02T19:46:20.241+0000] {taskinstance.py:2191} INFO - Executing <Task(PythonOperator): filtrar_artigos_vitimas> on 2025-06-02 16:36:58.866401+00:00
[2025-06-02T19:46:20.246+0000] {standard_task_runner.py:60} INFO - Started process 2175 to run task
[2025-06-02T19:46:20.249+0000] {standard_task_runner.py:87} INFO - Running: ['***', 'tasks', 'run', 'google_scraper_pipeline', 'filtrar_artigos_vitimas', 'manual__2025-06-02T16:36:58.866401+00:00', '--job-id', '26', '--raw', '--subdir', 'DAGS_FOLDER/google_scraper_dag.py', '--cfg-path', '/tmp/tmp224pas_t']
[2025-06-02T19:46:20.251+0000] {standard_task_runner.py:88} INFO - Job 26: Subtask filtrar_artigos_vitimas
[2025-06-02T19:46:20.289+0000] {task_command.py:423} INFO - Running <TaskInstance: google_scraper_pipeline.filtrar_artigos_vitimas manual__2025-06-02T16:36:58.866401+00:00 [running]> on host 4a3ff0e975f7
[2025-06-02T19:46:20.358+0000] {taskinstance.py:2480} INFO - Exporting env vars: AIRFLOW_CTX_DAG_OWNER='***' AIRFLOW_CTX_DAG_ID='google_scraper_pipeline' AIRFLOW_CTX_TASK_ID='filtrar_artigos_vitimas' AIRFLOW_CTX_EXECUTION_DATE='2025-06-02T16:36:58.866401+00:00' AIRFLOW_CTX_TRY_NUMBER='1' AIRFLOW_CTX_DAG_RUN_ID='manual__2025-06-02T16:36:58.866401+00:00'
[2025-06-02T19:46:21.074+0000] {logging_mixin.py:188} INFO - ✅ Dependências instaladas com sucesso
[2025-06-02T19:46:21.074+0000] {logging_mixin.py:188} INFO - 📦 A executar comando: python3 /opt/***/dags/google_scraper/processador/filtrar_artigos_vitimas_***.py --dias 1
[2025-06-02T19:46:22.160+0000] {logging_mixin.py:188} INFO - Código de retorno: 1
[2025-06-02T19:46:22.161+0000] {logging_mixin.py:188} INFO - Resultado: 
[2025-06-02T19:46:22.161+0000] {logging_mixin.py:188} INFO - Erros: 2025-06-02 19:46:22,100 - INFO - A iniciar a filtragem de artigos com vítimas (versão Airflow)
2025-06-02 19:46:22,100 - INFO - Dias anteriores: 1, Data específica: None
2025-06-02 19:46:22,102 - ERROR - CSV de artigos relevantes não encontrado: /opt/***/dags/google_scraper/data/raw/2025/06/02/relevant_articles_20250602.csv
[2025-06-02T19:46:22.161+0000] {logging_mixin.py:188} INFO - ⚠️ Comando falhou com código de retorno 1
[2025-06-02T19:46:22.161+0000] {logging_mixin.py:188} INFO - ⚠️ Erro ao executar comando: Command '['python3', '/opt/***/dags/google_scraper/processador/filtrar_artigos_vitimas_***.py', '--dias', '1']' returned non-zero exit status 1.
[2025-06-02T19:46:22.162+0000] {logging_mixin.py:188} INFO - Resultado: 
[2025-06-02T19:46:22.162+0000] {logging_mixin.py:188} INFO - Erro: 2025-06-02 19:46:22,100 - INFO - A iniciar a filtragem de artigos com vítimas (versão Airflow)
2025-06-02 19:46:22,100 - INFO - Dias anteriores: 1, Data específica: None
2025-06-02 19:46:22,102 - ERROR - CSV de artigos relevantes não encontrado: /opt/***/dags/google_scraper/data/raw/2025/06/02/relevant_articles_20250602.csv
[2025-06-02T19:46:22.162+0000] {logging_mixin.py:188} INFO - ⚠️ Erro em filtrar_artigos_vitimas: Command '['python3', '/opt/***/dags/google_scraper/processador/filtrar_artigos_vitimas_***.py', '--dias', '1']' returned non-zero exit status 1.
[2025-06-02T19:46:22.919+0000] {logging_mixin.py:188} INFO - ✅ Dependências instaladas com sucesso
[2025-06-02T19:46:22.920+0000] {logging_mixin.py:188} INFO - 📦 A executar comando: python3 /opt/***/dags/google_scraper/processador/filtrar_artigos_vitimas.py --dias 1
[2025-06-02T19:46:23.917+0000] {logging_mixin.py:188} INFO - Código de retorno: 0
[2025-06-02T19:46:23.917+0000] {logging_mixin.py:188} INFO - Resultado: Using default file: /opt/***/dags/google_scraper/data/structured/artigos_google_municipios_pt.csv
ERROR: [Errno 2] No such file or directory: '/opt/***/dags/google_scraper/data/structured/artigos_google_municipios_pt.csv'
[2025-06-02T19:46:23.917+0000] {logging_mixin.py:188} INFO - Erros: Traceback (most recent call last):
  File "/opt/***/dags/google_scraper/processador/filtrar_artigos_vitimas.py", line 128, in process_articles
    df = pd.read_csv(input_path)
         ^^^^^^^^^^^^^^^^^^^^^^^
  File "/home/***/.local/lib/python3.11/site-packages/pandas/io/parsers/readers.py", line 948, in read_csv
    return _read(filepath_or_buffer, kwds)
           ^^^^^^^^^^^^^^^^^^^^^^^^^^^^^^^
  File "/home/***/.local/lib/python3.11/site-packages/pandas/io/parsers/readers.py", line 611, in _read
    parser = TextFileReader(filepath_or_buffer, **kwds)
             ^^^^^^^^^^^^^^^^^^^^^^^^^^^^^^^^^^^^^^^^^^
  File "/home/***/.local/lib/python3.11/site-packages/pandas/io/parsers/readers.py", line 1448, in __init__
    self._engine = self._make_engine(f, self.engine)
                   ^^^^^^^^^^^^^^^^^^^^^^^^^^^^^^^^^
  File "/home/***/.local/lib/python3.11/site-packages/pandas/io/parsers/readers.py", line 1705, in _make_engine
    self.handles = get_handle(
                   ^^^^^^^^^^^
  File "/home/***/.local/lib/python3.11/site-packages/pandas/io/common.py", line 863, in get_handle
    handle = open(
             ^^^^^
FileNotFoundError: [Errno 2] No such file or directory: '/opt/***/dags/google_scraper/data/structured/artigos_google_municipios_pt.csv'
[2025-06-02T19:46:23.918+0000] {python.py:201} INFO - Done. Returned value was: 0
[2025-06-02T19:46:23.935+0000] {taskinstance.py:1138} INFO - Marking task as SUCCESS. dag_id=google_scraper_pipeline, task_id=filtrar_artigos_vitimas, execution_date=20250602T163658, start_date=20250602T194620, end_date=20250602T194623
[2025-06-02T19:46:23.969+0000] {local_task_job_runner.py:234} INFO - Task exited with return code 0
[2025-06-02T19:46:23.985+0000] {taskinstance.py:3280} INFO - 1 downstream tasks scheduled from follow-on schedule check
