{"timestamp":"2025-06-10T16:36:20.411599","level":"info","event":"DAG bundles loaded: dags-folder","logger":"airflow.dag_processing.bundles.manager.DagBundlesManager"}
{"timestamp":"2025-06-10T16:36:20.412197","level":"info","event":"Filling up the DagBag from /opt/airflow/dags/sql_queries_dag.py","logger":"airflow.models.dagbag.DagBag"}
{"timestamp":"2025-06-10T16:36:20.439087Z","level":"info","event":"✅ PostgresHook imported successfully","chan":"stdout","logger":"task"}
{"timestamp":"2025-06-10T16:36:20.444302Z","level":"info","event":"✅ PostgresOperator imported successfully","chan":"stdout","logger":"task"}
{"timestamp":"2025-06-10T16:36:20.444494Z","level":"info","event":"✅ PostgreSQL provider fully available","chan":"stdout","logger":"task"}
{"timestamp":"2025-06-10T16:36:20.483292Z","level":"info","event":"✅ Recreated environment variable: AIRFLOW_CONN_SUPABASE_POSTGRES","chan":"stdout","logger":"task"}
{"timestamp":"2025-06-10T16:36:20.483504Z","level":"info","event":"🔧 Final coordinate update for eventos table...","chan":"stdout","logger":"task"}
{"timestamp":"2025-06-10T16:36:20.745801Z","level":"info","event":"📋 Step 1: Check current coordinate status","chan":"stdout","logger":"task"}
{"timestamp":"2025-06-10T16:36:20.826899Z","level":"info","event":"📊 Initial status: 0/253 events have coordinates","chan":"stdout","logger":"task"}
{"timestamp":"2025-06-10T16:36:20.827297Z","level":"info","event":"📋 Step 2: Verify centroids table","chan":"stdout","logger":"task"}
{"timestamp":"2025-06-10T16:36:20.869350Z","level":"info","event":"✅ Found 3551 centroids with valid coordinates","chan":"stdout","logger":"task"}
{"timestamp":"2025-06-10T16:36:20.869776Z","level":"info","event":"📋 Step 3: Updating coordinates","chan":"stdout","logger":"task"}
{"timestamp":"2025-06-10T16:36:29.514668Z","level":"info","event":"  ✅ Updated 253 events with coordinates","chan":"stdout","logger":"task"}
{"timestamp":"2025-06-10T16:36:29.514895Z","level":"info","event":"📋 Step 4: Final coordinate status","chan":"stdout","logger":"task"}
{"timestamp":"2025-06-10T16:36:29.594643Z","level":"info","event":"📊 Final status:","chan":"stdout","logger":"task"}
{"timestamp":"2025-06-10T16:36:29.594855Z","level":"info","event":"  - Total eventos: 253","chan":"stdout","logger":"task"}
{"timestamp":"2025-06-10T16:36:29.594956Z","level":"info","event":"  - With coordinates: 253","chan":"stdout","logger":"task"}
{"timestamp":"2025-06-10T16:36:29.595043Z","level":"info","event":"  - Without coordinates: 0","chan":"stdout","logger":"task"}
{"timestamp":"2025-06-10T16:36:29.595118Z","level":"info","event":"  - Improvement: +253 coordinates added","chan":"stdout","logger":"task"}
{"timestamp":"2025-06-10T16:36:29.595184Z","level":"info","event":"","chan":"stdout","logger":"task"}
{"timestamp":"2025-06-10T16:36:29.595250Z","level":"info","event":"📋 Sample events with coordinates:","chan":"stdout","logger":"task"}
{"timestamp":"2025-06-10T16:36:29.638017Z","level":"info","event":"  - Évora/Borba/borba: (38.7700, -7.5211) [concelho]","chan":"stdout","logger":"task"}
{"timestamp":"2025-06-10T16:36:29.638189Z","level":"info","event":"  - Aveiro/Estarreja/estarreja: (40.7612, -8.5749) [concelho]","chan":"stdout","logger":"task"}
{"timestamp":"2025-06-10T16:36:29.638283Z","level":"info","event":"  - Lisboa/Lisboa/lisboa: (38.7416, -9.1577) [concelho]","chan":"stdout","logger":"task"}
{"timestamp":"2025-06-10T16:36:29.638388Z","level":"info","event":"  - Portalegre/Avis/avis: (39.0715, -7.9030) [freguesia]","chan":"stdout","logger":"task"}
{"timestamp":"2025-06-10T16:36:29.638457Z","level":"info","event":"  - Portalegre/Avis/avis: (39.0715, -7.9030) [freguesia]","chan":"stdout","logger":"task"}
{"timestamp":"2025-06-10T16:36:29.638540Z","level":"info","event":"🎉 SUCCESS! Added coordinates to 253 events","chan":"stdout","logger":"task"}
{"timestamp":"2025-06-10T16:36:29.677672","level":"info","event":"Done. Returned value was: None","logger":"airflow.task.operators.airflow.providers.standard.operators.python.PythonOperator"}
