{"timestamp":"2025-06-10T16:47:24.693050","level":"info","event":"DAG bundles loaded: dags-folder","logger":"airflow.dag_processing.bundles.manager.DagBundlesManager"}
{"timestamp":"2025-06-10T16:47:24.693422","level":"info","event":"Filling up the DagBag from /opt/airflow/dags/sql_queries_dag.py","logger":"airflow.models.dagbag.DagBag"}
{"timestamp":"2025-06-10T16:47:24.710723Z","level":"info","event":"✅ PostgresHook imported successfully","chan":"stdout","logger":"task"}
{"timestamp":"2025-06-10T16:47:24.716850Z","level":"info","event":"✅ PostgresOperator imported successfully","chan":"stdout","logger":"task"}
{"timestamp":"2025-06-10T16:47:24.716965Z","level":"info","event":"✅ PostgreSQL provider fully available","chan":"stdout","logger":"task"}
{"timestamp":"2025-06-10T16:47:24.740933Z","level":"info","event":"✅ Recreated environment variable: AIRFLOW_CONN_SUPABASE_POSTGRES","chan":"stdout","logger":"task"}
{"timestamp":"2025-06-10T16:47:24.741208Z","level":"info","event":"🔧 Final coordinate update for eventos table...","chan":"stdout","logger":"task"}
{"timestamp":"2025-06-10T16:47:24.986915Z","level":"info","event":"📋 Step 1: Check current coordinate status","chan":"stdout","logger":"task"}
{"timestamp":"2025-06-10T16:47:25.065653Z","level":"info","event":"📊 Initial status: 0/253 events have coordinates","chan":"stdout","logger":"task"}
{"timestamp":"2025-06-10T16:47:25.066247Z","level":"info","event":"📋 Step 2: Verify centroids table","chan":"stdout","logger":"task"}
{"timestamp":"2025-06-10T16:47:25.105717Z","level":"info","event":"✅ Found 3551 centroids with valid coordinates","chan":"stdout","logger":"task"}
{"timestamp":"2025-06-10T16:47:25.106391Z","level":"info","event":"📋 Step 3: Updating coordinates","chan":"stdout","logger":"task"}
{"timestamp":"2025-06-10T16:47:33.315944Z","level":"info","event":"  ✅ Updated 253 events with coordinates","chan":"stdout","logger":"task"}
{"timestamp":"2025-06-10T16:47:33.316563Z","level":"info","event":"📋 Step 4: Final coordinate status","chan":"stdout","logger":"task"}
{"timestamp":"2025-06-10T16:47:33.393148Z","level":"info","event":"📊 Final status:","chan":"stdout","logger":"task"}
{"timestamp":"2025-06-10T16:47:33.393712Z","level":"info","event":"  - Total eventos: 253","chan":"stdout","logger":"task"}
{"timestamp":"2025-06-10T16:47:33.393965Z","level":"info","event":"  - With coordinates: 253","chan":"stdout","logger":"task"}
{"timestamp":"2025-06-10T16:47:33.394164Z","level":"info","event":"  - Without coordinates: 0","chan":"stdout","logger":"task"}
{"timestamp":"2025-06-10T16:47:33.394363Z","level":"info","event":"  - Improvement: +253 coordinates added","chan":"stdout","logger":"task"}
{"timestamp":"2025-06-10T16:47:33.394591Z","level":"info","event":"","chan":"stdout","logger":"task"}
{"timestamp":"2025-06-10T16:47:33.394779Z","level":"info","event":"📋 Sample events with coordinates:","chan":"stdout","logger":"task"}
{"timestamp":"2025-06-10T16:47:33.431987Z","level":"info","event":"  - Aveiro/Ovar/ovar: (40.8779, -8.6184) [concelho]","chan":"stdout","logger":"task"}
{"timestamp":"2025-06-10T16:47:33.432875Z","level":"info","event":"  - Beja/Beja/beja: (37.9625, -7.8559) [concelho]","chan":"stdout","logger":"task"}
{"timestamp":"2025-06-10T16:47:33.433170Z","level":"info","event":"  - Coimbra/Mira/mira: (40.4144, -8.7407) [freguesia]","chan":"stdout","logger":"task"}
{"timestamp":"2025-06-10T16:47:33.433369Z","level":"info","event":"  - Évora/Mourão/mourão: (38.3660, -7.2961) [freguesia]","chan":"stdout","logger":"task"}
{"timestamp":"2025-06-10T16:47:33.433540Z","level":"info","event":"  - Portalegre/Avis/avis: (39.0715, -7.9030) [freguesia]","chan":"stdout","logger":"task"}
{"timestamp":"2025-06-10T16:47:33.433806Z","level":"info","event":"🎉 SUCCESS! Added coordinates to 253 events","chan":"stdout","logger":"task"}
{"timestamp":"2025-06-10T16:47:33.479163","level":"info","event":"Done. Returned value was: None","logger":"airflow.task.operators.airflow.providers.standard.operators.python.PythonOperator"}
