{"timestamp":"2025-06-10T09:56:10.732063","level":"info","event":"DAG bundles loaded: dags-folder","logger":"airflow.dag_processing.bundles.manager.DagBundlesManager"}
{"timestamp":"2025-06-10T09:56:10.732591","level":"info","event":"Filling up the DagBag from /opt/airflow/dags/sql_queries_dag.py","logger":"airflow.models.dagbag.DagBag"}
{"timestamp":"2025-06-10T09:56:10.748447Z","level":"info","event":"✅ PostgresHook imported successfully","chan":"stdout","logger":"task"}
{"timestamp":"2025-06-10T09:56:10.754764Z","level":"info","event":"✅ PostgresOperator imported successfully","chan":"stdout","logger":"task"}
{"timestamp":"2025-06-10T09:56:10.754876Z","level":"info","event":"✅ PostgreSQL provider fully available","chan":"stdout","logger":"task"}
{"timestamp":"2025-06-10T09:56:10.802269Z","level":"info","event":"🔧 Setting up Supabase connection...","chan":"stdout","logger":"task"}
{"timestamp":"2025-06-10T09:56:10.802399Z","level":"info","event":"🔍 Environment variables status:","chan":"stdout","logger":"task"}
{"timestamp":"2025-06-10T09:56:10.802455Z","level":"info","event":"  - DB_USER: ✅ Set","chan":"stdout","logger":"task"}
{"timestamp":"2025-06-10T09:56:10.802498Z","level":"info","event":"  - DB_PASSWORD: ✅ Set","chan":"stdout","logger":"task"}
{"timestamp":"2025-06-10T09:56:10.802538Z","level":"info","event":"  - DB_HOST: ✅ Set","chan":"stdout","logger":"task"}
{"timestamp":"2025-06-10T09:56:10.802575Z","level":"info","event":"  - DB_PORT: 6543","chan":"stdout","logger":"task"}
{"timestamp":"2025-06-10T09:56:10.802613Z","level":"info","event":"  - DB_NAME: postgres","chan":"stdout","logger":"task"}
{"timestamp":"2025-06-10T09:56:10.802649Z","level":"info","event":"🔄 Setting up connection for Airflow 3.0...","chan":"stdout","logger":"task"}
{"timestamp":"2025-06-10T09:56:10.802698Z","level":"info","event":"✅ Set up environment variable for connection: supabase_postgres","chan":"stdout","logger":"task"}
{"timestamp":"2025-06-10T09:56:10.785751","level":"info","event":"Secrets backends loaded for worker","count":1,"backend_classes":["EnvironmentVariablesBackend"],"logger":"supervisor"}
{"timestamp":"2025-06-10T09:56:10.787976","level":"warning","event":"empty cryptography key - values will not be stored encrypted.","logger":"airflow.models.crypto"}
{"timestamp":"2025-06-10T09:56:10.788640","level":"info","event":"Connection Retrieved 'supabase_postgres'","logger":"airflow.hooks.base"}
{"timestamp":"2025-06-10T09:56:10.788699","level":"warning","event":"This setter is for backward compatibility and should not be used.\nSince the introduction of connection property, the providers listed below breaks due to assigning value to self.connection in their __init__ method.\n* apache-airflow-providers-mysql<5.7.1\n* apache-airflow-providers-elasticsearch<5.5.1\n* apache-airflow-providers-postgres<5.13.0","logger":"airflow.task.hooks.airflow.providers.postgres.hooks.postgres.PostgresHook"}
{"timestamp":"2025-06-10T09:56:11.085981","level":"info","event":"Running statement: SELECT current_timestamp, current_user, current_database(), parameters: None","logger":"airflow.task.hooks.airflow.providers.postgres.hooks.postgres.PostgresHook"}
{"timestamp":"2025-06-10T09:56:11.169252","level":"info","event":"Rows affected: 1","logger":"airflow.task.hooks.airflow.providers.postgres.hooks.postgres.PostgresHook"}
{"timestamp":"2025-06-10T09:56:11.210139Z","level":"info","event":"🔍 Connection test successful:","chan":"stdout","logger":"task"}
{"timestamp":"2025-06-10T09:56:11.210341Z","level":"info","event":"  - Timestamp: 2025-06-10 09:56:11.193801+00:00","chan":"stdout","logger":"task"}
{"timestamp":"2025-06-10T09:56:11.210445Z","level":"info","event":"  - User: postgres","chan":"stdout","logger":"task"}
{"timestamp":"2025-06-10T09:56:11.210527Z","level":"info","event":"  - Database: postgres","chan":"stdout","logger":"task"}
{"timestamp":"2025-06-10T09:56:11.210630Z","level":"info","event":"✅ Supabase connection verified!","chan":"stdout","logger":"task"}
{"timestamp":"2025-06-10T09:56:11.210796Z","level":"info","event":"📋 Connection setup completed for Airflow 3.0","chan":"stdout","logger":"task"}
{"timestamp":"2025-06-10T09:56:11.211078Z","level":"info","event":"💡 Connection is now available as environment variable","chan":"stdout","logger":"task"}
{"timestamp":"2025-06-10T09:56:11.211211Z","level":"info","event":"  AIRFLOW_CONN_SUPABASE_POSTGRES is set","chan":"stdout","logger":"task"}
{"timestamp":"2025-06-10T09:56:11.210434","level":"info","event":"Done. Returned value was: None","logger":"airflow.task.operators.airflow.providers.standard.operators.python.PythonOperator"}
