{"timestamp":"2025-06-05T17:11:28.456652","level":"info","event":"DAG bundles loaded: dags-folder","logger":"airflow.dag_processing.bundles.manager.DagBundlesManager"}
{"timestamp":"2025-06-05T17:11:28.459025","level":"info","event":"Filling up the DagBag from /opt/airflow/dags/google_scraper_dag.py","logger":"airflow.models.dagbag.DagBag"}
{"timestamp":"2025-06-05T17:11:28.497051","level":"info","event":"Tmp dir root location: /tmp","logger":"airflow.task.hooks.airflow.providers.standard.hooks.subprocess.SubprocessHook"}
{"timestamp":"2025-06-05T17:11:28.504377","level":"info","event":"Running command: ['/usr/bin/bash', '-c', '\\n    \\n    echo \"✅ Directorias de dados criadas\"\\n    echo \"📋 A verificar ficheiros do scraper...\"\\n    \\n    if [ -f \"/opt/airflow/scripts/google_scraper/scraping/run_scraper_airflow.py\" ]; then\\n        echo \"✅ Encontrado run_scraper_airflow.py\"\\n    else\\n        echo \"❌ Em falta run_scraper_airflow.py\"\\n        ls -la /opt/airflow/scripts/google_scraper/scraping/ || echo \"Directoria de scraping não encontrada\"\\n    fi\\n    \\n    if [ -f \"/opt/airflow/scripts/google_scraper/config/keywords.json\" ]; then\\n        echo \"✅ Encontrado keywords.json\"\\n    else\\n        echo \"❌ Em falta keywords.json\"\\n    fi\\n    \\n    if [ -f \"/opt/airflow/scripts/google_scraper/config/municipios_por_distrito.json\" ]; then\\n        echo \"✅ Encontrado municipios_por_distrito.json\"\\n    else\\n        echo \"❌ Em falta municipios_por_distrito.json\"\\n    fi\\n    \\n    echo \"📋 Estrutura actual das directorias:\"\\n    find /opt/airflow/scripts/google_scraper -type f -name \"*.py\" | head -10 || echo \"Ficheiros Python não encontrados\"\\n    ']","logger":"airflow.task.hooks.airflow.providers.standard.hooks.subprocess.SubprocessHook"}
{"timestamp":"2025-06-05T17:11:28.524941","level":"info","event":"Output:","logger":"airflow.task.hooks.airflow.providers.standard.hooks.subprocess.SubprocessHook"}
{"timestamp":"2025-06-05T17:11:28.531309","level":"info","event":"✅ Directorias de dados criadas","logger":"airflow.task.hooks.airflow.providers.standard.hooks.subprocess.SubprocessHook"}
{"timestamp":"2025-06-05T17:11:28.531417","level":"info","event":"📋 A verificar ficheiros do scraper...","logger":"airflow.task.hooks.airflow.providers.standard.hooks.subprocess.SubprocessHook"}
{"timestamp":"2025-06-05T17:11:28.532139","level":"info","event":"✅ Encontrado run_scraper_airflow.py","logger":"airflow.task.hooks.airflow.providers.standard.hooks.subprocess.SubprocessHook"}
{"timestamp":"2025-06-05T17:11:28.532275","level":"info","event":"✅ Encontrado keywords.json","logger":"airflow.task.hooks.airflow.providers.standard.hooks.subprocess.SubprocessHook"}
{"timestamp":"2025-06-05T17:11:28.532827","level":"info","event":"✅ Encontrado municipios_por_distrito.json","logger":"airflow.task.hooks.airflow.providers.standard.hooks.subprocess.SubprocessHook"}
{"timestamp":"2025-06-05T17:11:28.532862","level":"info","event":"📋 Estrutura actual das directorias:","logger":"airflow.task.hooks.airflow.providers.standard.hooks.subprocess.SubprocessHook"}
{"timestamp":"2025-06-05T17:11:28.570981","level":"info","event":"/opt/airflow/scripts/google_scraper/scraping/run_scraper_airflow.py","logger":"airflow.task.hooks.airflow.providers.standard.hooks.subprocess.SubprocessHook"}
{"timestamp":"2025-06-05T17:11:28.571237","level":"info","event":"/opt/airflow/scripts/google_scraper/tests/test_google_news_access.py","logger":"airflow.task.hooks.airflow.providers.standard.hooks.subprocess.SubprocessHook"}
{"timestamp":"2025-06-05T17:11:28.571280","level":"info","event":"/opt/airflow/scripts/google_scraper/tests/test_selenium.py","logger":"airflow.task.hooks.airflow.providers.standard.hooks.subprocess.SubprocessHook"}
{"timestamp":"2025-06-05T17:11:28.571306","level":"info","event":"/opt/airflow/scripts/google_scraper/tests/test_connection.py","logger":"airflow.task.hooks.airflow.providers.standard.hooks.subprocess.SubprocessHook"}
{"timestamp":"2025-06-05T17:11:28.571325","level":"info","event":"/opt/airflow/scripts/google_scraper/tests/test_year_month_day_structure.py","logger":"airflow.task.hooks.airflow.providers.standard.hooks.subprocess.SubprocessHook"}
{"timestamp":"2025-06-05T17:11:28.571360","level":"info","event":"/opt/airflow/scripts/google_scraper/utils/helpers.py","logger":"airflow.task.hooks.airflow.providers.standard.hooks.subprocess.SubprocessHook"}
{"timestamp":"2025-06-05T17:11:28.571379","level":"info","event":"/opt/airflow/scripts/google_scraper/utils/organize_structured_data.py","logger":"airflow.task.hooks.airflow.providers.standard.hooks.subprocess.SubprocessHook"}
{"timestamp":"2025-06-05T17:11:28.571396","level":"info","event":"/opt/airflow/scripts/google_scraper/utils/browser_manager.py","logger":"airflow.task.hooks.airflow.providers.standard.hooks.subprocess.SubprocessHook"}
{"timestamp":"2025-06-05T17:11:28.571416","level":"info","event":"/opt/airflow/scripts/google_scraper/extracao/normalizador.py","logger":"airflow.task.hooks.airflow.providers.standard.hooks.subprocess.SubprocessHook"}
{"timestamp":"2025-06-05T17:11:28.571435","level":"info","event":"/opt/airflow/scripts/google_scraper/extracao/extractor.py","logger":"airflow.task.hooks.airflow.providers.standard.hooks.subprocess.SubprocessHook"}
{"timestamp":"2025-06-05T17:11:28.571523","level":"info","event":"Command exited with return code 0","logger":"airflow.task.hooks.airflow.providers.standard.hooks.subprocess.SubprocessHook"}
{"timestamp":"2025-06-05T20:06:42.044484","level":"info","event":"DAG bundles loaded: dags-folder","logger":"airflow.dag_processing.bundles.manager.DagBundlesManager"}
{"timestamp":"2025-06-05T20:06:42.045137","level":"info","event":"Filling up the DagBag from /opt/airflow/dags/google_scraper_dag.py","logger":"airflow.models.dagbag.DagBag"}
{"timestamp":"2025-06-05T20:06:42.075272","level":"info","event":"Tmp dir root location: /tmp","logger":"airflow.task.hooks.airflow.providers.standard.hooks.subprocess.SubprocessHook"}
{"timestamp":"2025-06-05T20:06:42.076382","level":"info","event":"Running command: ['/usr/bin/bash', '-c', '\\n    \\n    echo \"✅ Directorias de dados criadas\"\\n    echo \"📋 A verificar ficheiros do scraper...\"\\n    \\n    if [ -f \"/opt/airflow/scripts/google_scraper/scraping/run_scraper_airflow.py\" ]; then\\n        echo \"✅ Encontrado run_scraper_airflow.py\"\\n    else\\n        echo \"❌ Em falta run_scraper_airflow.py\"\\n        ls -la /opt/airflow/scripts/google_scraper/scraping/ || echo \"Directoria de scraping não encontrada\"\\n    fi\\n    \\n    if [ -f \"/opt/airflow/scripts/google_scraper/config/keywords.json\" ]; then\\n        echo \"✅ Encontrado keywords.json\"\\n    else\\n        echo \"❌ Em falta keywords.json\"\\n    fi\\n    \\n    if [ -f \"/opt/airflow/scripts/google_scraper/config/municipios_por_distrito.json\" ]; then\\n        echo \"✅ Encontrado municipios_por_distrito.json\"\\n    else\\n        echo \"❌ Em falta municipios_por_distrito.json\"\\n    fi\\n    \\n    echo \"📋 Estrutura actual das directorias:\"\\n    find /opt/airflow/scripts/google_scraper -type f -name \"*.py\" | head -10 || echo \"Ficheiros Python não encontrados\"\\n    ']","logger":"airflow.task.hooks.airflow.providers.standard.hooks.subprocess.SubprocessHook"}
{"timestamp":"2025-06-05T20:06:42.089186","level":"info","event":"Output:","logger":"airflow.task.hooks.airflow.providers.standard.hooks.subprocess.SubprocessHook"}
{"timestamp":"2025-06-05T20:06:42.099614","level":"info","event":"✅ Directorias de dados criadas","logger":"airflow.task.hooks.airflow.providers.standard.hooks.subprocess.SubprocessHook"}
{"timestamp":"2025-06-05T20:06:42.099712","level":"info","event":"📋 A verificar ficheiros do scraper...","logger":"airflow.task.hooks.airflow.providers.standard.hooks.subprocess.SubprocessHook"}
{"timestamp":"2025-06-05T20:06:42.099984","level":"info","event":"✅ Encontrado run_scraper_airflow.py","logger":"airflow.task.hooks.airflow.providers.standard.hooks.subprocess.SubprocessHook"}
{"timestamp":"2025-06-05T20:06:42.100038","level":"info","event":"✅ Encontrado keywords.json","logger":"airflow.task.hooks.airflow.providers.standard.hooks.subprocess.SubprocessHook"}
{"timestamp":"2025-06-05T20:06:42.100187","level":"info","event":"✅ Encontrado municipios_por_distrito.json","logger":"airflow.task.hooks.airflow.providers.standard.hooks.subprocess.SubprocessHook"}
{"timestamp":"2025-06-05T20:06:42.100226","level":"info","event":"📋 Estrutura actual das directorias:","logger":"airflow.task.hooks.airflow.providers.standard.hooks.subprocess.SubprocessHook"}
{"timestamp":"2025-06-05T20:06:42.117955","level":"info","event":"/opt/airflow/scripts/google_scraper/scraping/run_scraper_airflow.py","logger":"airflow.task.hooks.airflow.providers.standard.hooks.subprocess.SubprocessHook"}
{"timestamp":"2025-06-05T20:06:42.118054","level":"info","event":"/opt/airflow/scripts/google_scraper/tests/test_google_news_access.py","logger":"airflow.task.hooks.airflow.providers.standard.hooks.subprocess.SubprocessHook"}
{"timestamp":"2025-06-05T20:06:42.118094","level":"info","event":"/opt/airflow/scripts/google_scraper/tests/test_selenium.py","logger":"airflow.task.hooks.airflow.providers.standard.hooks.subprocess.SubprocessHook"}
{"timestamp":"2025-06-05T20:06:42.118131","level":"info","event":"/opt/airflow/scripts/google_scraper/tests/test_connection.py","logger":"airflow.task.hooks.airflow.providers.standard.hooks.subprocess.SubprocessHook"}
{"timestamp":"2025-06-05T20:06:42.118153","level":"info","event":"/opt/airflow/scripts/google_scraper/tests/test_year_month_day_structure.py","logger":"airflow.task.hooks.airflow.providers.standard.hooks.subprocess.SubprocessHook"}
{"timestamp":"2025-06-05T20:06:42.118169","level":"info","event":"/opt/airflow/scripts/google_scraper/utils/helpers.py","logger":"airflow.task.hooks.airflow.providers.standard.hooks.subprocess.SubprocessHook"}
{"timestamp":"2025-06-05T20:06:42.118186","level":"info","event":"/opt/airflow/scripts/google_scraper/utils/organize_structured_data.py","logger":"airflow.task.hooks.airflow.providers.standard.hooks.subprocess.SubprocessHook"}
{"timestamp":"2025-06-05T20:06:42.118202","level":"info","event":"/opt/airflow/scripts/google_scraper/utils/browser_manager.py","logger":"airflow.task.hooks.airflow.providers.standard.hooks.subprocess.SubprocessHook"}
{"timestamp":"2025-06-05T20:06:42.118217","level":"info","event":"/opt/airflow/scripts/google_scraper/extracao/normalizador.py","logger":"airflow.task.hooks.airflow.providers.standard.hooks.subprocess.SubprocessHook"}
{"timestamp":"2025-06-05T20:06:42.118233","level":"info","event":"/opt/airflow/scripts/google_scraper/extracao/extractor.py","logger":"airflow.task.hooks.airflow.providers.standard.hooks.subprocess.SubprocessHook"}
{"timestamp":"2025-06-05T20:06:42.118404","level":"info","event":"Command exited with return code 0","logger":"airflow.task.hooks.airflow.providers.standard.hooks.subprocess.SubprocessHook"}
