{"timestamp":"2025-06-05T15:15:49.647250","level":"info","event":"DAG bundles loaded: dags-folder","logger":"airflow.dag_processing.bundles.manager.DagBundlesManager"}
{"timestamp":"2025-06-05T15:15:49.648315","level":"info","event":"Filling up the DagBag from /opt/airflow/dags/google_scraper_dag.py","logger":"airflow.models.dagbag.DagBag"}
{"timestamp":"2025-06-05T15:15:49.687912","level":"info","event":"Tmp dir root location: /tmp","logger":"airflow.task.hooks.airflow.providers.standard.hooks.subprocess.SubprocessHook"}
{"timestamp":"2025-06-05T15:15:49.689261","level":"info","event":"Running command: ['/usr/bin/bash', '-c', '\\n    echo \"📁 A criar directorias de dados...\"\\n    mkdir -p /opt/airflow/scripts/google_scraper/data/raw/$(date +%Y/%m/%d)\\n    mkdir -p /opt/airflow/scripts/google_scraper/data/processed/$(date +%Y/%m/%d)\\n    \\n    echo \"✅ Directorias de dados criadas\"\\n    echo \"📋 A verificar ficheiros do scraper...\"\\n    \\n    if [ -f \"/opt/airflow/scripts/google_scraper/scraping/run_scraper_airflow.py\" ]; then\\n        echo \"✅ Encontrado run_scraper_airflow.py\"\\n    else\\n        echo \"❌ Em falta run_scraper_airflow.py\"\\n        ls -la /opt/airflow/scripts/google_scraper/scraping/ || echo \"Directoria de scraping não encontrada\"\\n    fi\\n    \\n    if [ -f \"/opt/airflow/scripts/google_scraper/config/keywords.json\" ]; then\\n        echo \"✅ Encontrado keywords.json\"\\n    else\\n        echo \"❌ Em falta keywords.json\"\\n    fi\\n    \\n    if [ -f \"/opt/airflow/scripts/google_scraper/config/municipios_por_distrito.json\" ]; then\\n        echo \"✅ Encontrado municipios_por_distrito.json\"\\n    else\\n        echo \"❌ Em falta municipios_por_distrito.json\"\\n    fi\\n    \\n    echo \"📋 Estrutura actual das directorias:\"\\n    find /opt/airflow/scripts/google_scraper -type f -name \"*.py\" | head -10 || echo \"Ficheiros Python não encontrados\"\\n    ']","logger":"airflow.task.hooks.airflow.providers.standard.hooks.subprocess.SubprocessHook"}
{"timestamp":"2025-06-05T15:15:49.705855","level":"info","event":"Output:","logger":"airflow.task.hooks.airflow.providers.standard.hooks.subprocess.SubprocessHook"}
{"timestamp":"2025-06-05T15:15:49.709296","level":"info","event":"📁 A criar directorias de dados...","logger":"airflow.task.hooks.airflow.providers.standard.hooks.subprocess.SubprocessHook"}
{"timestamp":"2025-06-05T15:15:49.719779","level":"info","event":"✅ Directorias de dados criadas","logger":"airflow.task.hooks.airflow.providers.standard.hooks.subprocess.SubprocessHook"}
{"timestamp":"2025-06-05T15:15:49.719891","level":"info","event":"📋 A verificar ficheiros do scraper...","logger":"airflow.task.hooks.airflow.providers.standard.hooks.subprocess.SubprocessHook"}
{"timestamp":"2025-06-05T15:15:49.720139","level":"info","event":"✅ Encontrado run_scraper_airflow.py","logger":"airflow.task.hooks.airflow.providers.standard.hooks.subprocess.SubprocessHook"}
{"timestamp":"2025-06-05T15:15:49.720268","level":"info","event":"✅ Encontrado keywords.json","logger":"airflow.task.hooks.airflow.providers.standard.hooks.subprocess.SubprocessHook"}
{"timestamp":"2025-06-05T15:15:49.720311","level":"info","event":"✅ Encontrado municipios_por_distrito.json","logger":"airflow.task.hooks.airflow.providers.standard.hooks.subprocess.SubprocessHook"}
{"timestamp":"2025-06-05T15:15:49.720599","level":"info","event":"📋 Estrutura actual das directorias:","logger":"airflow.task.hooks.airflow.providers.standard.hooks.subprocess.SubprocessHook"}
{"timestamp":"2025-06-05T15:15:49.734019","level":"info","event":"/opt/airflow/scripts/google_scraper/scraping/run_scraper_airflow.py","logger":"airflow.task.hooks.airflow.providers.standard.hooks.subprocess.SubprocessHook"}
{"timestamp":"2025-06-05T15:15:49.734203","level":"info","event":"/opt/airflow/scripts/google_scraper/tests/test_google_news_access.py","logger":"airflow.task.hooks.airflow.providers.standard.hooks.subprocess.SubprocessHook"}
{"timestamp":"2025-06-05T15:15:49.734293","level":"info","event":"/opt/airflow/scripts/google_scraper/tests/test_selenium.py","logger":"airflow.task.hooks.airflow.providers.standard.hooks.subprocess.SubprocessHook"}
{"timestamp":"2025-06-05T15:15:49.734398","level":"info","event":"/opt/airflow/scripts/google_scraper/tests/test_connection.py","logger":"airflow.task.hooks.airflow.providers.standard.hooks.subprocess.SubprocessHook"}
{"timestamp":"2025-06-05T15:15:49.734474","level":"info","event":"/opt/airflow/scripts/google_scraper/tests/test_year_month_day_structure.py","logger":"airflow.task.hooks.airflow.providers.standard.hooks.subprocess.SubprocessHook"}
{"timestamp":"2025-06-05T15:15:49.734528","level":"info","event":"/opt/airflow/scripts/google_scraper/utils/helpers.py","logger":"airflow.task.hooks.airflow.providers.standard.hooks.subprocess.SubprocessHook"}
{"timestamp":"2025-06-05T15:15:49.734549","level":"info","event":"/opt/airflow/scripts/google_scraper/utils/organize_structured_data.py","logger":"airflow.task.hooks.airflow.providers.standard.hooks.subprocess.SubprocessHook"}
{"timestamp":"2025-06-05T15:15:49.734585","level":"info","event":"/opt/airflow/scripts/google_scraper/utils/browser_manager.py","logger":"airflow.task.hooks.airflow.providers.standard.hooks.subprocess.SubprocessHook"}
{"timestamp":"2025-06-05T15:15:49.734609","level":"info","event":"/opt/airflow/scripts/google_scraper/extracao/normalizador.py","logger":"airflow.task.hooks.airflow.providers.standard.hooks.subprocess.SubprocessHook"}
{"timestamp":"2025-06-05T15:15:49.734647","level":"info","event":"/opt/airflow/scripts/google_scraper/extracao/extractor.py","logger":"airflow.task.hooks.airflow.providers.standard.hooks.subprocess.SubprocessHook"}
{"timestamp":"2025-06-05T15:15:49.734747","level":"info","event":"Command exited with return code 0","logger":"airflow.task.hooks.airflow.providers.standard.hooks.subprocess.SubprocessHook"}
