[2025-06-02T19:46:24.216+0000] {taskinstance.py:1956} INFO - Dependencies all met for dep_context=non-requeueable deps ti=<TaskInstance: google_scraper_pipeline.export_to_supabase manual__2025-06-02T16:36:58.866401+00:00 [queued]>
[2025-06-02T19:46:24.223+0000] {taskinstance.py:1956} INFO - Dependencies all met for dep_context=requeueable deps ti=<TaskInstance: google_scraper_pipeline.export_to_supabase manual__2025-06-02T16:36:58.866401+00:00 [queued]>
[2025-06-02T19:46:24.223+0000] {taskinstance.py:2170} INFO - Starting attempt 1 of 2
[2025-06-02T19:46:24.231+0000] {taskinstance.py:2191} INFO - Executing <Task(PythonOperator): export_to_supabase> on 2025-06-02 16:36:58.866401+00:00
[2025-06-02T19:46:24.234+0000] {standard_task_runner.py:60} INFO - Started process 2228 to run task
[2025-06-02T19:46:24.237+0000] {standard_task_runner.py:87} INFO - Running: ['***', 'tasks', 'run', 'google_scraper_pipeline', 'export_to_supabase', 'manual__2025-06-02T16:36:58.866401+00:00', '--job-id', '27', '--raw', '--subdir', 'DAGS_FOLDER/google_scraper_dag.py', '--cfg-path', '/tmp/tmpwp11tijb']
[2025-06-02T19:46:24.239+0000] {standard_task_runner.py:88} INFO - Job 27: Subtask export_to_supabase
[2025-06-02T19:46:24.276+0000] {task_command.py:423} INFO - Running <TaskInstance: google_scraper_pipeline.export_to_supabase manual__2025-06-02T16:36:58.866401+00:00 [running]> on host 4a3ff0e975f7
[2025-06-02T19:46:24.331+0000] {taskinstance.py:2480} INFO - Exporting env vars: AIRFLOW_CTX_DAG_OWNER='***' AIRFLOW_CTX_DAG_ID='google_scraper_pipeline' AIRFLOW_CTX_TASK_ID='export_to_supabase' AIRFLOW_CTX_EXECUTION_DATE='2025-06-02T16:36:58.866401+00:00' AIRFLOW_CTX_TRY_NUMBER='1' AIRFLOW_CTX_DAG_RUN_ID='manual__2025-06-02T16:36:58.866401+00:00'
[2025-06-02T19:46:24.997+0000] {logging_mixin.py:188} INFO - ✅ Dependências instaladas com sucesso
[2025-06-02T19:46:24.998+0000] {logging_mixin.py:188} INFO - 📦 A executar comando: python3 /opt/***/dags/google_scraper/exportador_bd/export_to_supabase_***.py
[2025-06-02T19:46:26.114+0000] {logging_mixin.py:188} INFO - Código de retorno: 1
[2025-06-02T19:46:26.114+0000] {logging_mixin.py:188} INFO - Resultado: 
[2025-06-02T19:46:26.115+0000] {logging_mixin.py:188} INFO - Erros: 2025-06-02 19:46:26,053 - INFO - A iniciar a exportação para o Supabase (versão Airflow)
2025-06-02 19:46:26,054 - ERROR - CSV de artigos com vítimas não encontrado: /opt/***/dags/google_scraper/data/structured/2025/06/02/victim_articles_20250602.csv
[2025-06-02T19:46:26.115+0000] {logging_mixin.py:188} INFO - ⚠️ Comando falhou com código de retorno 1
[2025-06-02T19:46:26.116+0000] {logging_mixin.py:188} INFO - ⚠️ Erro ao executar comando: Command '['python3', '/opt/***/dags/google_scraper/exportador_bd/export_to_supabase_***.py']' returned non-zero exit status 1.
[2025-06-02T19:46:26.116+0000] {logging_mixin.py:188} INFO - Resultado: 
[2025-06-02T19:46:26.117+0000] {logging_mixin.py:188} INFO - Erro: 2025-06-02 19:46:26,053 - INFO - A iniciar a exportação para o Supabase (versão Airflow)
2025-06-02 19:46:26,054 - ERROR - CSV de artigos com vítimas não encontrado: /opt/***/dags/google_scraper/data/structured/2025/06/02/victim_articles_20250602.csv
[2025-06-02T19:46:26.117+0000] {logging_mixin.py:188} INFO - ⚠️ Erro em export_to_supabase: Command '['python3', '/opt/***/dags/google_scraper/exportador_bd/export_to_supabase_***.py']' returned non-zero exit status 1.
[2025-06-02T19:46:26.821+0000] {logging_mixin.py:188} INFO - ✅ Dependências instaladas com sucesso
[2025-06-02T19:46:26.821+0000] {logging_mixin.py:188} INFO - 📦 A executar comando: python3 /opt/***/dags/google_scraper/exportador_bd/export_to_supabase.py
[2025-06-02T19:46:28.045+0000] {logging_mixin.py:188} INFO - Código de retorno: 0
[2025-06-02T19:46:28.045+0000] {logging_mixin.py:188} INFO - Resultado: 🔍 Verificando arquivo: /opt/***/dags/google_scraper/data/structured/2025/06/02/artigos_filtrados_20250602.csv
  ❌ Arquivo não encontrado: /opt/***/dags/google_scraper/data/structured/2025/06/02/artigos_filtrados_20250602.csv
[2025-06-02T19:46:28.046+0000] {python.py:201} INFO - Done. Returned value was: 0
[2025-06-02T19:46:28.065+0000] {taskinstance.py:1138} INFO - Marking task as SUCCESS. dag_id=google_scraper_pipeline, task_id=export_to_supabase, execution_date=20250602T163658, start_date=20250602T194624, end_date=20250602T194628
[2025-06-02T19:46:28.081+0000] {local_task_job_runner.py:234} INFO - Task exited with return code 0
[2025-06-02T19:46:28.098+0000] {taskinstance.py:3280} INFO - 0 downstream tasks scheduled from follow-on schedule check
