[2025-06-02T15:32:35.696+0000] {processor.py:157} INFO - Started process (PID=1954) to work on /opt/airflow/dags/google_scraper/processador/filtrar_artigos_vitimas_airflow.py
[2025-06-02T15:32:35.697+0000] {processor.py:829} INFO - Processing file /opt/airflow/dags/google_scraper/processador/filtrar_artigos_vitimas_airflow.py for tasks to queue
[2025-06-02T15:32:35.699+0000] {logging_mixin.py:151} INFO - [2025-06-02T15:32:35.699+0000] {dagbag.py:539} INFO - Filling up the DagBag from /opt/airflow/dags/google_scraper/processador/filtrar_artigos_vitimas_airflow.py
[2025-06-02T15:32:35.877+0000] {processor.py:841} WARNING - No viable dags retrieved from /opt/airflow/dags/google_scraper/processador/filtrar_artigos_vitimas_airflow.py
[2025-06-02T15:32:35.891+0000] {processor.py:179} INFO - Processing /opt/airflow/dags/google_scraper/processador/filtrar_artigos_vitimas_airflow.py took 0.197 seconds
[2025-06-02T15:33:36.077+0000] {processor.py:157} INFO - Started process (PID=2052) to work on /opt/airflow/dags/google_scraper/processador/filtrar_artigos_vitimas_airflow.py
[2025-06-02T15:33:36.082+0000] {processor.py:829} INFO - Processing file /opt/airflow/dags/google_scraper/processador/filtrar_artigos_vitimas_airflow.py for tasks to queue
[2025-06-02T15:33:36.082+0000] {logging_mixin.py:151} INFO - [2025-06-02T15:33:36.082+0000] {dagbag.py:539} INFO - Filling up the DagBag from /opt/airflow/dags/google_scraper/processador/filtrar_artigos_vitimas_airflow.py
[2025-06-02T15:33:36.224+0000] {processor.py:841} WARNING - No viable dags retrieved from /opt/airflow/dags/google_scraper/processador/filtrar_artigos_vitimas_airflow.py
[2025-06-02T15:33:36.234+0000] {processor.py:179} INFO - Processing /opt/airflow/dags/google_scraper/processador/filtrar_artigos_vitimas_airflow.py took 0.160 seconds
[2025-06-02T15:34:36.879+0000] {processor.py:157} INFO - Started process (PID=2168) to work on /opt/airflow/dags/google_scraper/processador/filtrar_artigos_vitimas_airflow.py
[2025-06-02T15:34:36.879+0000] {processor.py:829} INFO - Processing file /opt/airflow/dags/google_scraper/processador/filtrar_artigos_vitimas_airflow.py for tasks to queue
[2025-06-02T15:34:36.880+0000] {logging_mixin.py:151} INFO - [2025-06-02T15:34:36.880+0000] {dagbag.py:539} INFO - Filling up the DagBag from /opt/airflow/dags/google_scraper/processador/filtrar_artigos_vitimas_airflow.py
[2025-06-02T15:34:37.116+0000] {processor.py:841} WARNING - No viable dags retrieved from /opt/airflow/dags/google_scraper/processador/filtrar_artigos_vitimas_airflow.py
[2025-06-02T15:34:37.126+0000] {processor.py:179} INFO - Processing /opt/airflow/dags/google_scraper/processador/filtrar_artigos_vitimas_airflow.py took 0.249 seconds
[2025-06-02T15:35:37.191+0000] {processor.py:157} INFO - Started process (PID=2266) to work on /opt/airflow/dags/google_scraper/processador/filtrar_artigos_vitimas_airflow.py
[2025-06-02T15:35:37.194+0000] {processor.py:829} INFO - Processing file /opt/airflow/dags/google_scraper/processador/filtrar_artigos_vitimas_airflow.py for tasks to queue
[2025-06-02T15:35:37.196+0000] {logging_mixin.py:151} INFO - [2025-06-02T15:35:37.196+0000] {dagbag.py:539} INFO - Filling up the DagBag from /opt/airflow/dags/google_scraper/processador/filtrar_artigos_vitimas_airflow.py
[2025-06-02T15:35:37.338+0000] {processor.py:841} WARNING - No viable dags retrieved from /opt/airflow/dags/google_scraper/processador/filtrar_artigos_vitimas_airflow.py
[2025-06-02T15:35:37.347+0000] {processor.py:179} INFO - Processing /opt/airflow/dags/google_scraper/processador/filtrar_artigos_vitimas_airflow.py took 0.159 seconds
[2025-06-02T15:36:37.604+0000] {processor.py:157} INFO - Started process (PID=2357) to work on /opt/airflow/dags/google_scraper/processador/filtrar_artigos_vitimas_airflow.py
[2025-06-02T15:36:37.606+0000] {processor.py:829} INFO - Processing file /opt/airflow/dags/google_scraper/processador/filtrar_artigos_vitimas_airflow.py for tasks to queue
[2025-06-02T15:36:37.607+0000] {logging_mixin.py:151} INFO - [2025-06-02T15:36:37.607+0000] {dagbag.py:539} INFO - Filling up the DagBag from /opt/airflow/dags/google_scraper/processador/filtrar_artigos_vitimas_airflow.py
[2025-06-02T15:36:37.770+0000] {processor.py:841} WARNING - No viable dags retrieved from /opt/airflow/dags/google_scraper/processador/filtrar_artigos_vitimas_airflow.py
[2025-06-02T15:36:37.780+0000] {processor.py:179} INFO - Processing /opt/airflow/dags/google_scraper/processador/filtrar_artigos_vitimas_airflow.py took 0.179 seconds
[2025-06-02T15:37:38.450+0000] {processor.py:157} INFO - Started process (PID=2474) to work on /opt/airflow/dags/google_scraper/processador/filtrar_artigos_vitimas_airflow.py
[2025-06-02T15:37:38.451+0000] {processor.py:829} INFO - Processing file /opt/airflow/dags/google_scraper/processador/filtrar_artigos_vitimas_airflow.py for tasks to queue
[2025-06-02T15:37:38.453+0000] {logging_mixin.py:151} INFO - [2025-06-02T15:37:38.453+0000] {dagbag.py:539} INFO - Filling up the DagBag from /opt/airflow/dags/google_scraper/processador/filtrar_artigos_vitimas_airflow.py
[2025-06-02T15:37:38.603+0000] {processor.py:841} WARNING - No viable dags retrieved from /opt/airflow/dags/google_scraper/processador/filtrar_artigos_vitimas_airflow.py
[2025-06-02T15:37:38.615+0000] {processor.py:179} INFO - Processing /opt/airflow/dags/google_scraper/processador/filtrar_artigos_vitimas_airflow.py took 0.168 seconds
[2025-06-02T15:37:55.013+0000] {processor.py:157} INFO - Started process (PID=2496) to work on /opt/airflow/dags/google_scraper/processador/filtrar_artigos_vitimas_airflow.py
[2025-06-02T15:37:55.014+0000] {processor.py:829} INFO - Processing file /opt/airflow/dags/google_scraper/processador/filtrar_artigos_vitimas_airflow.py for tasks to queue
[2025-06-02T15:37:55.015+0000] {logging_mixin.py:151} INFO - [2025-06-02T15:37:55.014+0000] {dagbag.py:539} INFO - Filling up the DagBag from /opt/airflow/dags/google_scraper/processador/filtrar_artigos_vitimas_airflow.py
[2025-06-02T15:37:55.167+0000] {processor.py:841} WARNING - No viable dags retrieved from /opt/airflow/dags/google_scraper/processador/filtrar_artigos_vitimas_airflow.py
[2025-06-02T15:37:55.176+0000] {processor.py:179} INFO - Processing /opt/airflow/dags/google_scraper/processador/filtrar_artigos_vitimas_airflow.py took 0.167 seconds
[2025-06-02T15:38:09.491+0000] {processor.py:157} INFO - Started process (PID=2522) to work on /opt/airflow/dags/google_scraper/processador/filtrar_artigos_vitimas_airflow.py
[2025-06-02T15:38:09.492+0000] {processor.py:829} INFO - Processing file /opt/airflow/dags/google_scraper/processador/filtrar_artigos_vitimas_airflow.py for tasks to queue
[2025-06-02T15:38:09.493+0000] {logging_mixin.py:151} INFO - [2025-06-02T15:38:09.493+0000] {dagbag.py:539} INFO - Filling up the DagBag from /opt/airflow/dags/google_scraper/processador/filtrar_artigos_vitimas_airflow.py
[2025-06-02T15:38:09.647+0000] {processor.py:841} WARNING - No viable dags retrieved from /opt/airflow/dags/google_scraper/processador/filtrar_artigos_vitimas_airflow.py
[2025-06-02T15:38:09.656+0000] {processor.py:179} INFO - Processing /opt/airflow/dags/google_scraper/processador/filtrar_artigos_vitimas_airflow.py took 0.168 seconds
[2025-06-02T15:38:22.858+0000] {processor.py:157} INFO - Started process (PID=2547) to work on /opt/airflow/dags/google_scraper/processador/filtrar_artigos_vitimas_airflow.py
[2025-06-02T15:38:22.859+0000] {processor.py:829} INFO - Processing file /opt/airflow/dags/google_scraper/processador/filtrar_artigos_vitimas_airflow.py for tasks to queue
[2025-06-02T15:38:22.860+0000] {logging_mixin.py:151} INFO - [2025-06-02T15:38:22.859+0000] {dagbag.py:539} INFO - Filling up the DagBag from /opt/airflow/dags/google_scraper/processador/filtrar_artigos_vitimas_airflow.py
[2025-06-02T15:38:23.010+0000] {processor.py:841} WARNING - No viable dags retrieved from /opt/airflow/dags/google_scraper/processador/filtrar_artigos_vitimas_airflow.py
[2025-06-02T15:38:23.018+0000] {processor.py:179} INFO - Processing /opt/airflow/dags/google_scraper/processador/filtrar_artigos_vitimas_airflow.py took 0.162 seconds
[2025-06-02T15:38:32.955+0000] {processor.py:157} INFO - Started process (PID=2561) to work on /opt/airflow/dags/google_scraper/processador/filtrar_artigos_vitimas_airflow.py
[2025-06-02T15:38:32.957+0000] {processor.py:829} INFO - Processing file /opt/airflow/dags/google_scraper/processador/filtrar_artigos_vitimas_airflow.py for tasks to queue
[2025-06-02T15:38:32.958+0000] {logging_mixin.py:151} INFO - [2025-06-02T15:38:32.957+0000] {dagbag.py:539} INFO - Filling up the DagBag from /opt/airflow/dags/google_scraper/processador/filtrar_artigos_vitimas_airflow.py
[2025-06-02T15:38:33.126+0000] {processor.py:841} WARNING - No viable dags retrieved from /opt/airflow/dags/google_scraper/processador/filtrar_artigos_vitimas_airflow.py
[2025-06-02T15:38:33.133+0000] {processor.py:179} INFO - Processing /opt/airflow/dags/google_scraper/processador/filtrar_artigos_vitimas_airflow.py took 0.183 seconds
[2025-06-02T15:39:33.591+0000] {processor.py:157} INFO - Started process (PID=2670) to work on /opt/airflow/dags/google_scraper/processador/filtrar_artigos_vitimas_airflow.py
[2025-06-02T15:39:33.593+0000] {processor.py:829} INFO - Processing file /opt/airflow/dags/google_scraper/processador/filtrar_artigos_vitimas_airflow.py for tasks to queue
[2025-06-02T15:39:33.593+0000] {logging_mixin.py:151} INFO - [2025-06-02T15:39:33.593+0000] {dagbag.py:539} INFO - Filling up the DagBag from /opt/airflow/dags/google_scraper/processador/filtrar_artigos_vitimas_airflow.py
[2025-06-02T15:39:33.801+0000] {processor.py:841} WARNING - No viable dags retrieved from /opt/airflow/dags/google_scraper/processador/filtrar_artigos_vitimas_airflow.py
[2025-06-02T15:39:33.810+0000] {processor.py:179} INFO - Processing /opt/airflow/dags/google_scraper/processador/filtrar_artigos_vitimas_airflow.py took 0.222 seconds
[2025-06-02T15:40:03.621+0000] {processor.py:157} INFO - Started process (PID=2728) to work on /opt/airflow/dags/google_scraper/processador/filtrar_artigos_vitimas_airflow.py
[2025-06-02T15:40:03.622+0000] {processor.py:829} INFO - Processing file /opt/airflow/dags/google_scraper/processador/filtrar_artigos_vitimas_airflow.py for tasks to queue
[2025-06-02T15:40:03.626+0000] {logging_mixin.py:151} INFO - [2025-06-02T15:40:03.626+0000] {dagbag.py:539} INFO - Filling up the DagBag from /opt/airflow/dags/google_scraper/processador/filtrar_artigos_vitimas_airflow.py
[2025-06-02T15:40:03.912+0000] {processor.py:841} WARNING - No viable dags retrieved from /opt/airflow/dags/google_scraper/processador/filtrar_artigos_vitimas_airflow.py
[2025-06-02T15:40:03.937+0000] {processor.py:179} INFO - Processing /opt/airflow/dags/google_scraper/processador/filtrar_artigos_vitimas_airflow.py took 0.327 seconds
[2025-06-02T15:41:04.127+0000] {processor.py:157} INFO - Started process (PID=2835) to work on /opt/airflow/dags/google_scraper/processador/filtrar_artigos_vitimas_airflow.py
[2025-06-02T15:41:04.129+0000] {processor.py:829} INFO - Processing file /opt/airflow/dags/google_scraper/processador/filtrar_artigos_vitimas_airflow.py for tasks to queue
[2025-06-02T15:41:04.130+0000] {logging_mixin.py:151} INFO - [2025-06-02T15:41:04.130+0000] {dagbag.py:539} INFO - Filling up the DagBag from /opt/airflow/dags/google_scraper/processador/filtrar_artigos_vitimas_airflow.py
[2025-06-02T15:41:04.350+0000] {processor.py:841} WARNING - No viable dags retrieved from /opt/airflow/dags/google_scraper/processador/filtrar_artigos_vitimas_airflow.py
[2025-06-02T15:41:04.360+0000] {processor.py:179} INFO - Processing /opt/airflow/dags/google_scraper/processador/filtrar_artigos_vitimas_airflow.py took 0.234 seconds
[2025-06-02T15:42:04.735+0000] {processor.py:157} INFO - Started process (PID=2937) to work on /opt/airflow/dags/google_scraper/processador/filtrar_artigos_vitimas_airflow.py
[2025-06-02T15:42:04.737+0000] {processor.py:829} INFO - Processing file /opt/airflow/dags/google_scraper/processador/filtrar_artigos_vitimas_airflow.py for tasks to queue
[2025-06-02T15:42:04.740+0000] {logging_mixin.py:151} INFO - [2025-06-02T15:42:04.739+0000] {dagbag.py:539} INFO - Filling up the DagBag from /opt/airflow/dags/google_scraper/processador/filtrar_artigos_vitimas_airflow.py
[2025-06-02T15:42:04.970+0000] {processor.py:841} WARNING - No viable dags retrieved from /opt/airflow/dags/google_scraper/processador/filtrar_artigos_vitimas_airflow.py
[2025-06-02T15:42:04.983+0000] {processor.py:179} INFO - Processing /opt/airflow/dags/google_scraper/processador/filtrar_artigos_vitimas_airflow.py took 0.252 seconds
[2025-06-02T15:43:05.023+0000] {processor.py:157} INFO - Started process (PID=3042) to work on /opt/airflow/dags/google_scraper/processador/filtrar_artigos_vitimas_airflow.py
[2025-06-02T15:43:05.025+0000] {processor.py:829} INFO - Processing file /opt/airflow/dags/google_scraper/processador/filtrar_artigos_vitimas_airflow.py for tasks to queue
[2025-06-02T15:43:05.026+0000] {logging_mixin.py:151} INFO - [2025-06-02T15:43:05.026+0000] {dagbag.py:539} INFO - Filling up the DagBag from /opt/airflow/dags/google_scraper/processador/filtrar_artigos_vitimas_airflow.py
[2025-06-02T15:43:05.231+0000] {processor.py:841} WARNING - No viable dags retrieved from /opt/airflow/dags/google_scraper/processador/filtrar_artigos_vitimas_airflow.py
[2025-06-02T15:43:05.243+0000] {processor.py:179} INFO - Processing /opt/airflow/dags/google_scraper/processador/filtrar_artigos_vitimas_airflow.py took 0.222 seconds
[2025-06-02T15:44:06.108+0000] {processor.py:157} INFO - Started process (PID=3120) to work on /opt/airflow/dags/google_scraper/processador/filtrar_artigos_vitimas_airflow.py
[2025-06-02T15:44:06.109+0000] {processor.py:829} INFO - Processing file /opt/airflow/dags/google_scraper/processador/filtrar_artigos_vitimas_airflow.py for tasks to queue
[2025-06-02T15:44:06.110+0000] {logging_mixin.py:151} INFO - [2025-06-02T15:44:06.110+0000] {dagbag.py:539} INFO - Filling up the DagBag from /opt/airflow/dags/google_scraper/processador/filtrar_artigos_vitimas_airflow.py
[2025-06-02T15:44:06.296+0000] {processor.py:841} WARNING - No viable dags retrieved from /opt/airflow/dags/google_scraper/processador/filtrar_artigos_vitimas_airflow.py
[2025-06-02T15:44:06.316+0000] {processor.py:179} INFO - Processing /opt/airflow/dags/google_scraper/processador/filtrar_artigos_vitimas_airflow.py took 0.210 seconds
[2025-06-02T15:45:06.378+0000] {processor.py:157} INFO - Started process (PID=3207) to work on /opt/airflow/dags/google_scraper/processador/filtrar_artigos_vitimas_airflow.py
[2025-06-02T15:45:06.382+0000] {processor.py:829} INFO - Processing file /opt/airflow/dags/google_scraper/processador/filtrar_artigos_vitimas_airflow.py for tasks to queue
[2025-06-02T15:45:06.386+0000] {logging_mixin.py:151} INFO - [2025-06-02T15:45:06.385+0000] {dagbag.py:539} INFO - Filling up the DagBag from /opt/airflow/dags/google_scraper/processador/filtrar_artigos_vitimas_airflow.py
[2025-06-02T15:45:06.604+0000] {processor.py:841} WARNING - No viable dags retrieved from /opt/airflow/dags/google_scraper/processador/filtrar_artigos_vitimas_airflow.py
[2025-06-02T15:45:06.617+0000] {processor.py:179} INFO - Processing /opt/airflow/dags/google_scraper/processador/filtrar_artigos_vitimas_airflow.py took 0.243 seconds
[2025-06-02T15:46:06.941+0000] {processor.py:157} INFO - Started process (PID=3292) to work on /opt/airflow/dags/google_scraper/processador/filtrar_artigos_vitimas_airflow.py
[2025-06-02T15:46:06.945+0000] {processor.py:829} INFO - Processing file /opt/airflow/dags/google_scraper/processador/filtrar_artigos_vitimas_airflow.py for tasks to queue
[2025-06-02T15:46:06.946+0000] {logging_mixin.py:151} INFO - [2025-06-02T15:46:06.945+0000] {dagbag.py:539} INFO - Filling up the DagBag from /opt/airflow/dags/google_scraper/processador/filtrar_artigos_vitimas_airflow.py
[2025-06-02T15:46:07.122+0000] {processor.py:841} WARNING - No viable dags retrieved from /opt/airflow/dags/google_scraper/processador/filtrar_artigos_vitimas_airflow.py
[2025-06-02T15:46:07.134+0000] {processor.py:179} INFO - Processing /opt/airflow/dags/google_scraper/processador/filtrar_artigos_vitimas_airflow.py took 0.197 seconds
[2025-06-02T15:47:07.368+0000] {processor.py:157} INFO - Started process (PID=3384) to work on /opt/airflow/dags/google_scraper/processador/filtrar_artigos_vitimas_airflow.py
[2025-06-02T15:47:07.370+0000] {processor.py:829} INFO - Processing file /opt/airflow/dags/google_scraper/processador/filtrar_artigos_vitimas_airflow.py for tasks to queue
[2025-06-02T15:47:07.371+0000] {logging_mixin.py:151} INFO - [2025-06-02T15:47:07.371+0000] {dagbag.py:539} INFO - Filling up the DagBag from /opt/airflow/dags/google_scraper/processador/filtrar_artigos_vitimas_airflow.py
[2025-06-02T15:47:07.622+0000] {processor.py:841} WARNING - No viable dags retrieved from /opt/airflow/dags/google_scraper/processador/filtrar_artigos_vitimas_airflow.py
[2025-06-02T15:47:07.635+0000] {processor.py:179} INFO - Processing /opt/airflow/dags/google_scraper/processador/filtrar_artigos_vitimas_airflow.py took 0.269 seconds
[2025-06-02T15:48:07.718+0000] {processor.py:157} INFO - Started process (PID=3499) to work on /opt/airflow/dags/google_scraper/processador/filtrar_artigos_vitimas_airflow.py
[2025-06-02T15:48:07.722+0000] {processor.py:829} INFO - Processing file /opt/airflow/dags/google_scraper/processador/filtrar_artigos_vitimas_airflow.py for tasks to queue
[2025-06-02T15:48:07.724+0000] {logging_mixin.py:151} INFO - [2025-06-02T15:48:07.724+0000] {dagbag.py:539} INFO - Filling up the DagBag from /opt/airflow/dags/google_scraper/processador/filtrar_artigos_vitimas_airflow.py
[2025-06-02T15:48:08.071+0000] {processor.py:841} WARNING - No viable dags retrieved from /opt/airflow/dags/google_scraper/processador/filtrar_artigos_vitimas_airflow.py
[2025-06-02T15:48:08.082+0000] {processor.py:179} INFO - Processing /opt/airflow/dags/google_scraper/processador/filtrar_artigos_vitimas_airflow.py took 0.366 seconds
[2025-06-02T15:49:09.230+0000] {processor.py:157} INFO - Started process (PID=3633) to work on /opt/airflow/dags/google_scraper/processador/filtrar_artigos_vitimas_airflow.py
[2025-06-02T15:49:09.231+0000] {processor.py:829} INFO - Processing file /opt/airflow/dags/google_scraper/processador/filtrar_artigos_vitimas_airflow.py for tasks to queue
[2025-06-02T15:49:09.231+0000] {logging_mixin.py:151} INFO - [2025-06-02T15:49:09.231+0000] {dagbag.py:539} INFO - Filling up the DagBag from /opt/airflow/dags/google_scraper/processador/filtrar_artigos_vitimas_airflow.py
[2025-06-02T15:49:09.440+0000] {processor.py:841} WARNING - No viable dags retrieved from /opt/airflow/dags/google_scraper/processador/filtrar_artigos_vitimas_airflow.py
[2025-06-02T15:49:09.447+0000] {processor.py:179} INFO - Processing /opt/airflow/dags/google_scraper/processador/filtrar_artigos_vitimas_airflow.py took 0.219 seconds
[2025-06-02T15:50:10.466+0000] {processor.py:157} INFO - Started process (PID=3741) to work on /opt/airflow/dags/google_scraper/processador/filtrar_artigos_vitimas_airflow.py
[2025-06-02T15:50:10.469+0000] {processor.py:829} INFO - Processing file /opt/airflow/dags/google_scraper/processador/filtrar_artigos_vitimas_airflow.py for tasks to queue
[2025-06-02T15:50:10.469+0000] {logging_mixin.py:151} INFO - [2025-06-02T15:50:10.469+0000] {dagbag.py:539} INFO - Filling up the DagBag from /opt/airflow/dags/google_scraper/processador/filtrar_artigos_vitimas_airflow.py
[2025-06-02T15:50:10.695+0000] {processor.py:841} WARNING - No viable dags retrieved from /opt/airflow/dags/google_scraper/processador/filtrar_artigos_vitimas_airflow.py
[2025-06-02T15:50:10.710+0000] {processor.py:179} INFO - Processing /opt/airflow/dags/google_scraper/processador/filtrar_artigos_vitimas_airflow.py took 0.245 seconds
[2025-06-02T15:51:10.982+0000] {processor.py:157} INFO - Started process (PID=3828) to work on /opt/airflow/dags/google_scraper/processador/filtrar_artigos_vitimas_airflow.py
[2025-06-02T15:51:10.983+0000] {processor.py:829} INFO - Processing file /opt/airflow/dags/google_scraper/processador/filtrar_artigos_vitimas_airflow.py for tasks to queue
[2025-06-02T15:51:10.983+0000] {logging_mixin.py:151} INFO - [2025-06-02T15:51:10.983+0000] {dagbag.py:539} INFO - Filling up the DagBag from /opt/airflow/dags/google_scraper/processador/filtrar_artigos_vitimas_airflow.py
[2025-06-02T15:51:11.228+0000] {processor.py:841} WARNING - No viable dags retrieved from /opt/airflow/dags/google_scraper/processador/filtrar_artigos_vitimas_airflow.py
[2025-06-02T15:51:11.238+0000] {processor.py:179} INFO - Processing /opt/airflow/dags/google_scraper/processador/filtrar_artigos_vitimas_airflow.py took 0.258 seconds
[2025-06-02T15:52:11.401+0000] {processor.py:157} INFO - Started process (PID=3909) to work on /opt/airflow/dags/google_scraper/processador/filtrar_artigos_vitimas_airflow.py
[2025-06-02T15:52:11.403+0000] {processor.py:829} INFO - Processing file /opt/airflow/dags/google_scraper/processador/filtrar_artigos_vitimas_airflow.py for tasks to queue
[2025-06-02T15:52:11.406+0000] {logging_mixin.py:151} INFO - [2025-06-02T15:52:11.406+0000] {dagbag.py:539} INFO - Filling up the DagBag from /opt/airflow/dags/google_scraper/processador/filtrar_artigos_vitimas_airflow.py
[2025-06-02T15:52:11.662+0000] {processor.py:841} WARNING - No viable dags retrieved from /opt/airflow/dags/google_scraper/processador/filtrar_artigos_vitimas_airflow.py
[2025-06-02T15:52:11.673+0000] {processor.py:179} INFO - Processing /opt/airflow/dags/google_scraper/processador/filtrar_artigos_vitimas_airflow.py took 0.274 seconds
[2025-06-02T15:53:11.760+0000] {processor.py:157} INFO - Started process (PID=3995) to work on /opt/airflow/dags/google_scraper/processador/filtrar_artigos_vitimas_airflow.py
[2025-06-02T15:53:11.763+0000] {processor.py:829} INFO - Processing file /opt/airflow/dags/google_scraper/processador/filtrar_artigos_vitimas_airflow.py for tasks to queue
[2025-06-02T15:53:11.764+0000] {logging_mixin.py:151} INFO - [2025-06-02T15:53:11.764+0000] {dagbag.py:539} INFO - Filling up the DagBag from /opt/airflow/dags/google_scraper/processador/filtrar_artigos_vitimas_airflow.py
[2025-06-02T15:53:12.062+0000] {processor.py:841} WARNING - No viable dags retrieved from /opt/airflow/dags/google_scraper/processador/filtrar_artigos_vitimas_airflow.py
[2025-06-02T15:53:12.072+0000] {processor.py:179} INFO - Processing /opt/airflow/dags/google_scraper/processador/filtrar_artigos_vitimas_airflow.py took 0.314 seconds
[2025-06-02T15:54:12.188+0000] {processor.py:157} INFO - Started process (PID=4137) to work on /opt/airflow/dags/google_scraper/processador/filtrar_artigos_vitimas_airflow.py
[2025-06-02T15:54:12.190+0000] {processor.py:829} INFO - Processing file /opt/airflow/dags/google_scraper/processador/filtrar_artigos_vitimas_airflow.py for tasks to queue
[2025-06-02T15:54:12.191+0000] {logging_mixin.py:151} INFO - [2025-06-02T15:54:12.191+0000] {dagbag.py:539} INFO - Filling up the DagBag from /opt/airflow/dags/google_scraper/processador/filtrar_artigos_vitimas_airflow.py
[2025-06-02T15:54:12.535+0000] {processor.py:841} WARNING - No viable dags retrieved from /opt/airflow/dags/google_scraper/processador/filtrar_artigos_vitimas_airflow.py
[2025-06-02T15:54:12.545+0000] {processor.py:179} INFO - Processing /opt/airflow/dags/google_scraper/processador/filtrar_artigos_vitimas_airflow.py took 0.360 seconds
[2025-06-02T15:55:12.630+0000] {processor.py:157} INFO - Started process (PID=4224) to work on /opt/airflow/dags/google_scraper/processador/filtrar_artigos_vitimas_airflow.py
[2025-06-02T15:55:12.635+0000] {processor.py:829} INFO - Processing file /opt/airflow/dags/google_scraper/processador/filtrar_artigos_vitimas_airflow.py for tasks to queue
[2025-06-02T15:55:12.636+0000] {logging_mixin.py:151} INFO - [2025-06-02T15:55:12.636+0000] {dagbag.py:539} INFO - Filling up the DagBag from /opt/airflow/dags/google_scraper/processador/filtrar_artigos_vitimas_airflow.py
[2025-06-02T15:55:13.010+0000] {processor.py:841} WARNING - No viable dags retrieved from /opt/airflow/dags/google_scraper/processador/filtrar_artigos_vitimas_airflow.py
[2025-06-02T15:55:13.021+0000] {processor.py:179} INFO - Processing /opt/airflow/dags/google_scraper/processador/filtrar_artigos_vitimas_airflow.py took 0.393 seconds
[2025-06-02T15:56:13.161+0000] {processor.py:157} INFO - Started process (PID=4303) to work on /opt/airflow/dags/google_scraper/processador/filtrar_artigos_vitimas_airflow.py
[2025-06-02T15:56:13.165+0000] {processor.py:829} INFO - Processing file /opt/airflow/dags/google_scraper/processador/filtrar_artigos_vitimas_airflow.py for tasks to queue
[2025-06-02T15:56:13.166+0000] {logging_mixin.py:151} INFO - [2025-06-02T15:56:13.166+0000] {dagbag.py:539} INFO - Filling up the DagBag from /opt/airflow/dags/google_scraper/processador/filtrar_artigos_vitimas_airflow.py
[2025-06-02T15:56:13.446+0000] {processor.py:841} WARNING - No viable dags retrieved from /opt/airflow/dags/google_scraper/processador/filtrar_artigos_vitimas_airflow.py
[2025-06-02T15:56:13.457+0000] {processor.py:179} INFO - Processing /opt/airflow/dags/google_scraper/processador/filtrar_artigos_vitimas_airflow.py took 0.299 seconds
[2025-06-02T15:57:13.602+0000] {processor.py:157} INFO - Started process (PID=4390) to work on /opt/airflow/dags/google_scraper/processador/filtrar_artigos_vitimas_airflow.py
[2025-06-02T15:57:13.606+0000] {processor.py:829} INFO - Processing file /opt/airflow/dags/google_scraper/processador/filtrar_artigos_vitimas_airflow.py for tasks to queue
[2025-06-02T15:57:13.608+0000] {logging_mixin.py:151} INFO - [2025-06-02T15:57:13.607+0000] {dagbag.py:539} INFO - Filling up the DagBag from /opt/airflow/dags/google_scraper/processador/filtrar_artigos_vitimas_airflow.py
[2025-06-02T15:57:13.990+0000] {processor.py:841} WARNING - No viable dags retrieved from /opt/airflow/dags/google_scraper/processador/filtrar_artigos_vitimas_airflow.py
[2025-06-02T15:57:14.004+0000] {processor.py:179} INFO - Processing /opt/airflow/dags/google_scraper/processador/filtrar_artigos_vitimas_airflow.py took 0.405 seconds
[2025-06-02T16:35:57.244+0000] {processor.py:161} INFO - Started process (PID=175) to work on /opt/airflow/dags/google_scraper/processador/filtrar_artigos_vitimas_airflow.py
[2025-06-02T16:35:57.246+0000] {processor.py:830} INFO - Processing file /opt/airflow/dags/google_scraper/processador/filtrar_artigos_vitimas_airflow.py for tasks to queue
[2025-06-02T16:35:57.247+0000] {logging_mixin.py:188} INFO - [2025-06-02T16:35:57.247+0000] {dagbag.py:538} INFO - Filling up the DagBag from /opt/airflow/dags/google_scraper/processador/filtrar_artigos_vitimas_airflow.py
[2025-06-02T16:35:57.971+0000] {processor.py:842} WARNING - No viable dags retrieved from /opt/airflow/dags/google_scraper/processador/filtrar_artigos_vitimas_airflow.py
[2025-06-02T16:35:57.982+0000] {processor.py:183} INFO - Processing /opt/airflow/dags/google_scraper/processador/filtrar_artigos_vitimas_airflow.py took 0.740 seconds
[2025-06-02T16:36:58.520+0000] {processor.py:161} INFO - Started process (PID=248) to work on /opt/airflow/dags/google_scraper/processador/filtrar_artigos_vitimas_airflow.py
[2025-06-02T16:36:58.522+0000] {processor.py:830} INFO - Processing file /opt/airflow/dags/google_scraper/processador/filtrar_artigos_vitimas_airflow.py for tasks to queue
[2025-06-02T16:36:58.522+0000] {logging_mixin.py:188} INFO - [2025-06-02T16:36:58.522+0000] {dagbag.py:538} INFO - Filling up the DagBag from /opt/airflow/dags/google_scraper/processador/filtrar_artigos_vitimas_airflow.py
[2025-06-02T16:36:59.174+0000] {processor.py:842} WARNING - No viable dags retrieved from /opt/airflow/dags/google_scraper/processador/filtrar_artigos_vitimas_airflow.py
[2025-06-02T16:36:59.189+0000] {processor.py:183} INFO - Processing /opt/airflow/dags/google_scraper/processador/filtrar_artigos_vitimas_airflow.py took 0.671 seconds
[2025-06-02T16:38:00.075+0000] {processor.py:161} INFO - Started process (PID=636) to work on /opt/airflow/dags/google_scraper/processador/filtrar_artigos_vitimas_airflow.py
[2025-06-02T16:38:00.076+0000] {processor.py:830} INFO - Processing file /opt/airflow/dags/google_scraper/processador/filtrar_artigos_vitimas_airflow.py for tasks to queue
[2025-06-02T16:38:00.076+0000] {logging_mixin.py:188} INFO - [2025-06-02T16:38:00.076+0000] {dagbag.py:538} INFO - Filling up the DagBag from /opt/airflow/dags/google_scraper/processador/filtrar_artigos_vitimas_airflow.py
[2025-06-02T16:38:00.731+0000] {processor.py:842} WARNING - No viable dags retrieved from /opt/airflow/dags/google_scraper/processador/filtrar_artigos_vitimas_airflow.py
[2025-06-02T16:38:00.746+0000] {processor.py:183} INFO - Processing /opt/airflow/dags/google_scraper/processador/filtrar_artigos_vitimas_airflow.py took 0.673 seconds
[2025-06-02T16:39:01.131+0000] {processor.py:161} INFO - Started process (PID=716) to work on /opt/airflow/dags/google_scraper/processador/filtrar_artigos_vitimas_airflow.py
[2025-06-02T16:39:01.132+0000] {processor.py:830} INFO - Processing file /opt/airflow/dags/google_scraper/processador/filtrar_artigos_vitimas_airflow.py for tasks to queue
[2025-06-02T16:39:01.133+0000] {logging_mixin.py:188} INFO - [2025-06-02T16:39:01.133+0000] {dagbag.py:538} INFO - Filling up the DagBag from /opt/airflow/dags/google_scraper/processador/filtrar_artigos_vitimas_airflow.py
[2025-06-02T16:39:01.755+0000] {processor.py:842} WARNING - No viable dags retrieved from /opt/airflow/dags/google_scraper/processador/filtrar_artigos_vitimas_airflow.py
[2025-06-02T16:39:01.765+0000] {processor.py:183} INFO - Processing /opt/airflow/dags/google_scraper/processador/filtrar_artigos_vitimas_airflow.py took 0.636 seconds
[2025-06-02T16:44:00.319+0000] {processor.py:161} INFO - Started process (PID=220) to work on /opt/airflow/dags/google_scraper/processador/filtrar_artigos_vitimas_airflow.py
[2025-06-02T16:44:00.321+0000] {processor.py:830} INFO - Processing file /opt/airflow/dags/google_scraper/processador/filtrar_artigos_vitimas_airflow.py for tasks to queue
[2025-06-02T16:44:00.321+0000] {logging_mixin.py:188} INFO - [2025-06-02T16:44:00.321+0000] {dagbag.py:538} INFO - Filling up the DagBag from /opt/airflow/dags/google_scraper/processador/filtrar_artigos_vitimas_airflow.py
[2025-06-02T16:44:01.051+0000] {processor.py:842} WARNING - No viable dags retrieved from /opt/airflow/dags/google_scraper/processador/filtrar_artigos_vitimas_airflow.py
[2025-06-02T16:44:01.060+0000] {processor.py:183} INFO - Processing /opt/airflow/dags/google_scraper/processador/filtrar_artigos_vitimas_airflow.py took 0.743 seconds
[2025-06-02T16:45:01.663+0000] {processor.py:161} INFO - Started process (PID=485) to work on /opt/airflow/dags/google_scraper/processador/filtrar_artigos_vitimas_airflow.py
[2025-06-02T16:45:01.665+0000] {processor.py:830} INFO - Processing file /opt/airflow/dags/google_scraper/processador/filtrar_artigos_vitimas_airflow.py for tasks to queue
[2025-06-02T16:45:01.665+0000] {logging_mixin.py:188} INFO - [2025-06-02T16:45:01.665+0000] {dagbag.py:538} INFO - Filling up the DagBag from /opt/airflow/dags/google_scraper/processador/filtrar_artigos_vitimas_airflow.py
[2025-06-02T16:45:02.249+0000] {processor.py:842} WARNING - No viable dags retrieved from /opt/airflow/dags/google_scraper/processador/filtrar_artigos_vitimas_airflow.py
[2025-06-02T16:45:02.263+0000] {processor.py:183} INFO - Processing /opt/airflow/dags/google_scraper/processador/filtrar_artigos_vitimas_airflow.py took 0.602 seconds
[2025-06-02T16:46:02.895+0000] {processor.py:161} INFO - Started process (PID=713) to work on /opt/airflow/dags/google_scraper/processador/filtrar_artigos_vitimas_airflow.py
[2025-06-02T16:46:02.897+0000] {processor.py:830} INFO - Processing file /opt/airflow/dags/google_scraper/processador/filtrar_artigos_vitimas_airflow.py for tasks to queue
[2025-06-02T16:46:02.897+0000] {logging_mixin.py:188} INFO - [2025-06-02T16:46:02.897+0000] {dagbag.py:538} INFO - Filling up the DagBag from /opt/airflow/dags/google_scraper/processador/filtrar_artigos_vitimas_airflow.py
[2025-06-02T16:46:03.530+0000] {processor.py:842} WARNING - No viable dags retrieved from /opt/airflow/dags/google_scraper/processador/filtrar_artigos_vitimas_airflow.py
[2025-06-02T16:46:03.542+0000] {processor.py:183} INFO - Processing /opt/airflow/dags/google_scraper/processador/filtrar_artigos_vitimas_airflow.py took 0.652 seconds
[2025-06-02T16:47:04.116+0000] {processor.py:161} INFO - Started process (PID=787) to work on /opt/airflow/dags/google_scraper/processador/filtrar_artigos_vitimas_airflow.py
[2025-06-02T16:47:04.117+0000] {processor.py:830} INFO - Processing file /opt/airflow/dags/google_scraper/processador/filtrar_artigos_vitimas_airflow.py for tasks to queue
[2025-06-02T16:47:04.117+0000] {logging_mixin.py:188} INFO - [2025-06-02T16:47:04.117+0000] {dagbag.py:538} INFO - Filling up the DagBag from /opt/airflow/dags/google_scraper/processador/filtrar_artigos_vitimas_airflow.py
[2025-06-02T16:47:04.740+0000] {processor.py:842} WARNING - No viable dags retrieved from /opt/airflow/dags/google_scraper/processador/filtrar_artigos_vitimas_airflow.py
[2025-06-02T16:47:04.755+0000] {processor.py:183} INFO - Processing /opt/airflow/dags/google_scraper/processador/filtrar_artigos_vitimas_airflow.py took 0.642 seconds
[2025-06-02T16:48:05.281+0000] {processor.py:161} INFO - Started process (PID=861) to work on /opt/airflow/dags/google_scraper/processador/filtrar_artigos_vitimas_airflow.py
[2025-06-02T16:48:05.283+0000] {processor.py:830} INFO - Processing file /opt/airflow/dags/google_scraper/processador/filtrar_artigos_vitimas_airflow.py for tasks to queue
[2025-06-02T16:48:05.283+0000] {logging_mixin.py:188} INFO - [2025-06-02T16:48:05.283+0000] {dagbag.py:538} INFO - Filling up the DagBag from /opt/airflow/dags/google_scraper/processador/filtrar_artigos_vitimas_airflow.py
[2025-06-02T16:48:05.853+0000] {processor.py:842} WARNING - No viable dags retrieved from /opt/airflow/dags/google_scraper/processador/filtrar_artigos_vitimas_airflow.py
[2025-06-02T16:48:05.866+0000] {processor.py:183} INFO - Processing /opt/airflow/dags/google_scraper/processador/filtrar_artigos_vitimas_airflow.py took 0.586 seconds
[2025-06-02T16:51:24.622+0000] {processor.py:161} INFO - Started process (PID=202) to work on /opt/airflow/dags/google_scraper/processador/filtrar_artigos_vitimas_airflow.py
[2025-06-02T16:51:24.624+0000] {processor.py:830} INFO - Processing file /opt/airflow/dags/google_scraper/processador/filtrar_artigos_vitimas_airflow.py for tasks to queue
[2025-06-02T16:51:24.627+0000] {logging_mixin.py:188} INFO - [2025-06-02T16:51:24.627+0000] {dagbag.py:538} INFO - Filling up the DagBag from /opt/airflow/dags/google_scraper/processador/filtrar_artigos_vitimas_airflow.py
[2025-06-02T16:51:25.625+0000] {processor.py:842} WARNING - No viable dags retrieved from /opt/airflow/dags/google_scraper/processador/filtrar_artigos_vitimas_airflow.py
[2025-06-02T16:51:25.670+0000] {processor.py:183} INFO - Processing /opt/airflow/dags/google_scraper/processador/filtrar_artigos_vitimas_airflow.py took 1.051 seconds
[2025-06-02T16:52:25.797+0000] {processor.py:161} INFO - Started process (PID=445) to work on /opt/airflow/dags/google_scraper/processador/filtrar_artigos_vitimas_airflow.py
[2025-06-02T16:52:25.798+0000] {processor.py:830} INFO - Processing file /opt/airflow/dags/google_scraper/processador/filtrar_artigos_vitimas_airflow.py for tasks to queue
[2025-06-02T16:52:25.798+0000] {logging_mixin.py:188} INFO - [2025-06-02T16:52:25.798+0000] {dagbag.py:538} INFO - Filling up the DagBag from /opt/airflow/dags/google_scraper/processador/filtrar_artigos_vitimas_airflow.py
[2025-06-02T16:52:26.439+0000] {processor.py:842} WARNING - No viable dags retrieved from /opt/airflow/dags/google_scraper/processador/filtrar_artigos_vitimas_airflow.py
[2025-06-02T16:52:26.447+0000] {processor.py:183} INFO - Processing /opt/airflow/dags/google_scraper/processador/filtrar_artigos_vitimas_airflow.py took 0.652 seconds
[2025-06-02T16:53:26.613+0000] {processor.py:161} INFO - Started process (PID=526) to work on /opt/airflow/dags/google_scraper/processador/filtrar_artigos_vitimas_airflow.py
[2025-06-02T16:53:26.614+0000] {processor.py:830} INFO - Processing file /opt/airflow/dags/google_scraper/processador/filtrar_artigos_vitimas_airflow.py for tasks to queue
[2025-06-02T16:53:26.615+0000] {logging_mixin.py:188} INFO - [2025-06-02T16:53:26.615+0000] {dagbag.py:538} INFO - Filling up the DagBag from /opt/airflow/dags/google_scraper/processador/filtrar_artigos_vitimas_airflow.py
[2025-06-02T16:53:27.165+0000] {processor.py:842} WARNING - No viable dags retrieved from /opt/airflow/dags/google_scraper/processador/filtrar_artigos_vitimas_airflow.py
[2025-06-02T16:53:27.171+0000] {processor.py:183} INFO - Processing /opt/airflow/dags/google_scraper/processador/filtrar_artigos_vitimas_airflow.py took 0.559 seconds
[2025-06-02T16:54:28.112+0000] {processor.py:161} INFO - Started process (PID=637) to work on /opt/airflow/dags/google_scraper/processador/filtrar_artigos_vitimas_airflow.py
[2025-06-02T16:54:28.113+0000] {processor.py:830} INFO - Processing file /opt/airflow/dags/google_scraper/processador/filtrar_artigos_vitimas_airflow.py for tasks to queue
[2025-06-02T16:54:28.114+0000] {logging_mixin.py:188} INFO - [2025-06-02T16:54:28.114+0000] {dagbag.py:538} INFO - Filling up the DagBag from /opt/airflow/dags/google_scraper/processador/filtrar_artigos_vitimas_airflow.py
[2025-06-02T16:54:28.768+0000] {processor.py:842} WARNING - No viable dags retrieved from /opt/airflow/dags/google_scraper/processador/filtrar_artigos_vitimas_airflow.py
[2025-06-02T16:54:28.777+0000] {processor.py:183} INFO - Processing /opt/airflow/dags/google_scraper/processador/filtrar_artigos_vitimas_airflow.py took 0.666 seconds
[2025-06-02T16:55:29.656+0000] {processor.py:161} INFO - Started process (PID=716) to work on /opt/airflow/dags/google_scraper/processador/filtrar_artigos_vitimas_airflow.py
[2025-06-02T16:55:29.659+0000] {processor.py:830} INFO - Processing file /opt/airflow/dags/google_scraper/processador/filtrar_artigos_vitimas_airflow.py for tasks to queue
[2025-06-02T16:55:29.660+0000] {logging_mixin.py:188} INFO - [2025-06-02T16:55:29.660+0000] {dagbag.py:538} INFO - Filling up the DagBag from /opt/airflow/dags/google_scraper/processador/filtrar_artigos_vitimas_airflow.py
[2025-06-02T16:55:30.351+0000] {processor.py:842} WARNING - No viable dags retrieved from /opt/airflow/dags/google_scraper/processador/filtrar_artigos_vitimas_airflow.py
[2025-06-02T16:55:30.371+0000] {processor.py:183} INFO - Processing /opt/airflow/dags/google_scraper/processador/filtrar_artigos_vitimas_airflow.py took 0.717 seconds
[2025-06-02T17:03:23.547+0000] {processor.py:161} INFO - Started process (PID=304) to work on /opt/airflow/dags/google_scraper/processador/filtrar_artigos_vitimas_airflow.py
[2025-06-02T17:03:23.549+0000] {processor.py:830} INFO - Processing file /opt/airflow/dags/google_scraper/processador/filtrar_artigos_vitimas_airflow.py for tasks to queue
[2025-06-02T17:03:23.550+0000] {logging_mixin.py:188} INFO - [2025-06-02T17:03:23.549+0000] {dagbag.py:538} INFO - Filling up the DagBag from /opt/airflow/dags/google_scraper/processador/filtrar_artigos_vitimas_airflow.py
[2025-06-02T17:03:24.255+0000] {processor.py:842} WARNING - No viable dags retrieved from /opt/airflow/dags/google_scraper/processador/filtrar_artigos_vitimas_airflow.py
[2025-06-02T17:03:24.269+0000] {processor.py:183} INFO - Processing /opt/airflow/dags/google_scraper/processador/filtrar_artigos_vitimas_airflow.py took 0.724 seconds
[2025-06-02T17:04:24.772+0000] {processor.py:161} INFO - Started process (PID=417) to work on /opt/airflow/dags/google_scraper/processador/filtrar_artigos_vitimas_airflow.py
[2025-06-02T17:04:24.773+0000] {processor.py:830} INFO - Processing file /opt/airflow/dags/google_scraper/processador/filtrar_artigos_vitimas_airflow.py for tasks to queue
[2025-06-02T17:04:24.774+0000] {logging_mixin.py:188} INFO - [2025-06-02T17:04:24.773+0000] {dagbag.py:538} INFO - Filling up the DagBag from /opt/airflow/dags/google_scraper/processador/filtrar_artigos_vitimas_airflow.py
[2025-06-02T17:04:25.381+0000] {processor.py:842} WARNING - No viable dags retrieved from /opt/airflow/dags/google_scraper/processador/filtrar_artigos_vitimas_airflow.py
[2025-06-02T17:04:25.396+0000] {processor.py:183} INFO - Processing /opt/airflow/dags/google_scraper/processador/filtrar_artigos_vitimas_airflow.py took 0.625 seconds
[2025-06-02T17:05:25.828+0000] {processor.py:161} INFO - Started process (PID=514) to work on /opt/airflow/dags/google_scraper/processador/filtrar_artigos_vitimas_airflow.py
[2025-06-02T17:05:25.829+0000] {processor.py:830} INFO - Processing file /opt/airflow/dags/google_scraper/processador/filtrar_artigos_vitimas_airflow.py for tasks to queue
[2025-06-02T17:05:25.829+0000] {logging_mixin.py:188} INFO - [2025-06-02T17:05:25.829+0000] {dagbag.py:538} INFO - Filling up the DagBag from /opt/airflow/dags/google_scraper/processador/filtrar_artigos_vitimas_airflow.py
[2025-06-02T17:05:26.417+0000] {processor.py:842} WARNING - No viable dags retrieved from /opt/airflow/dags/google_scraper/processador/filtrar_artigos_vitimas_airflow.py
[2025-06-02T17:05:26.427+0000] {processor.py:183} INFO - Processing /opt/airflow/dags/google_scraper/processador/filtrar_artigos_vitimas_airflow.py took 0.601 seconds
[2025-06-02T17:06:26.849+0000] {processor.py:161} INFO - Started process (PID=588) to work on /opt/airflow/dags/google_scraper/processador/filtrar_artigos_vitimas_airflow.py
[2025-06-02T17:06:26.849+0000] {processor.py:830} INFO - Processing file /opt/airflow/dags/google_scraper/processador/filtrar_artigos_vitimas_airflow.py for tasks to queue
[2025-06-02T17:06:26.850+0000] {logging_mixin.py:188} INFO - [2025-06-02T17:06:26.849+0000] {dagbag.py:538} INFO - Filling up the DagBag from /opt/airflow/dags/google_scraper/processador/filtrar_artigos_vitimas_airflow.py
[2025-06-02T17:06:27.415+0000] {processor.py:842} WARNING - No viable dags retrieved from /opt/airflow/dags/google_scraper/processador/filtrar_artigos_vitimas_airflow.py
[2025-06-02T17:06:27.427+0000] {processor.py:183} INFO - Processing /opt/airflow/dags/google_scraper/processador/filtrar_artigos_vitimas_airflow.py took 0.580 seconds
[2025-06-02T17:07:27.779+0000] {processor.py:161} INFO - Started process (PID=662) to work on /opt/airflow/dags/google_scraper/processador/filtrar_artigos_vitimas_airflow.py
[2025-06-02T17:07:27.780+0000] {processor.py:830} INFO - Processing file /opt/airflow/dags/google_scraper/processador/filtrar_artigos_vitimas_airflow.py for tasks to queue
[2025-06-02T17:07:27.780+0000] {logging_mixin.py:188} INFO - [2025-06-02T17:07:27.780+0000] {dagbag.py:538} INFO - Filling up the DagBag from /opt/airflow/dags/google_scraper/processador/filtrar_artigos_vitimas_airflow.py
[2025-06-02T17:07:28.361+0000] {processor.py:842} WARNING - No viable dags retrieved from /opt/airflow/dags/google_scraper/processador/filtrar_artigos_vitimas_airflow.py
[2025-06-02T17:07:28.369+0000] {processor.py:183} INFO - Processing /opt/airflow/dags/google_scraper/processador/filtrar_artigos_vitimas_airflow.py took 0.592 seconds
[2025-06-02T17:08:29.041+0000] {processor.py:161} INFO - Started process (PID=735) to work on /opt/airflow/dags/google_scraper/processador/filtrar_artigos_vitimas_airflow.py
[2025-06-02T17:08:29.042+0000] {processor.py:830} INFO - Processing file /opt/airflow/dags/google_scraper/processador/filtrar_artigos_vitimas_airflow.py for tasks to queue
[2025-06-02T17:08:29.042+0000] {logging_mixin.py:188} INFO - [2025-06-02T17:08:29.042+0000] {dagbag.py:538} INFO - Filling up the DagBag from /opt/airflow/dags/google_scraper/processador/filtrar_artigos_vitimas_airflow.py
[2025-06-02T17:08:29.697+0000] {processor.py:842} WARNING - No viable dags retrieved from /opt/airflow/dags/google_scraper/processador/filtrar_artigos_vitimas_airflow.py
[2025-06-02T17:08:29.704+0000] {processor.py:183} INFO - Processing /opt/airflow/dags/google_scraper/processador/filtrar_artigos_vitimas_airflow.py took 0.665 seconds
[2025-06-02T17:09:30.259+0000] {processor.py:161} INFO - Started process (PID=824) to work on /opt/airflow/dags/google_scraper/processador/filtrar_artigos_vitimas_airflow.py
[2025-06-02T17:09:30.260+0000] {processor.py:830} INFO - Processing file /opt/airflow/dags/google_scraper/processador/filtrar_artigos_vitimas_airflow.py for tasks to queue
[2025-06-02T17:09:30.260+0000] {logging_mixin.py:188} INFO - [2025-06-02T17:09:30.260+0000] {dagbag.py:538} INFO - Filling up the DagBag from /opt/airflow/dags/google_scraper/processador/filtrar_artigos_vitimas_airflow.py
[2025-06-02T17:09:31.233+0000] {processor.py:842} WARNING - No viable dags retrieved from /opt/airflow/dags/google_scraper/processador/filtrar_artigos_vitimas_airflow.py
[2025-06-02T17:09:31.251+0000] {processor.py:183} INFO - Processing /opt/airflow/dags/google_scraper/processador/filtrar_artigos_vitimas_airflow.py took 0.994 seconds
[2025-06-02T17:10:31.983+0000] {processor.py:161} INFO - Started process (PID=1033) to work on /opt/airflow/dags/google_scraper/processador/filtrar_artigos_vitimas_airflow.py
[2025-06-02T17:10:31.985+0000] {processor.py:830} INFO - Processing file /opt/airflow/dags/google_scraper/processador/filtrar_artigos_vitimas_airflow.py for tasks to queue
[2025-06-02T17:10:31.986+0000] {logging_mixin.py:188} INFO - [2025-06-02T17:10:31.986+0000] {dagbag.py:538} INFO - Filling up the DagBag from /opt/airflow/dags/google_scraper/processador/filtrar_artigos_vitimas_airflow.py
[2025-06-02T17:10:32.608+0000] {processor.py:842} WARNING - No viable dags retrieved from /opt/airflow/dags/google_scraper/processador/filtrar_artigos_vitimas_airflow.py
[2025-06-02T17:10:32.623+0000] {processor.py:183} INFO - Processing /opt/airflow/dags/google_scraper/processador/filtrar_artigos_vitimas_airflow.py took 0.642 seconds
[2025-06-02T17:11:35.464+0000] {processor.py:161} INFO - Started process (PID=1160) to work on /opt/airflow/dags/google_scraper/processador/filtrar_artigos_vitimas_airflow.py
[2025-06-02T17:11:35.472+0000] {processor.py:830} INFO - Processing file /opt/airflow/dags/google_scraper/processador/filtrar_artigos_vitimas_airflow.py for tasks to queue
[2025-06-02T17:11:35.485+0000] {logging_mixin.py:188} INFO - [2025-06-02T17:11:35.483+0000] {dagbag.py:538} INFO - Filling up the DagBag from /opt/airflow/dags/google_scraper/processador/filtrar_artigos_vitimas_airflow.py
[2025-06-02T17:11:39.573+0000] {processor.py:842} WARNING - No viable dags retrieved from /opt/airflow/dags/google_scraper/processador/filtrar_artigos_vitimas_airflow.py
[2025-06-02T17:11:39.637+0000] {processor.py:183} INFO - Processing /opt/airflow/dags/google_scraper/processador/filtrar_artigos_vitimas_airflow.py took 4.178 seconds
[2025-06-02T17:59:56.509+0000] {processor.py:161} INFO - Started process (PID=1204) to work on /opt/airflow/dags/google_scraper/processador/filtrar_artigos_vitimas_airflow.py
[2025-06-02T17:59:56.512+0000] {processor.py:830} INFO - Processing file /opt/airflow/dags/google_scraper/processador/filtrar_artigos_vitimas_airflow.py for tasks to queue
[2025-06-02T17:59:56.514+0000] {logging_mixin.py:188} INFO - [2025-06-02T17:59:56.513+0000] {dagbag.py:538} INFO - Filling up the DagBag from /opt/airflow/dags/google_scraper/processador/filtrar_artigos_vitimas_airflow.py
[2025-06-02T17:59:59.237+0000] {processor.py:842} WARNING - No viable dags retrieved from /opt/airflow/dags/google_scraper/processador/filtrar_artigos_vitimas_airflow.py
[2025-06-02T17:59:59.330+0000] {processor.py:183} INFO - Processing /opt/airflow/dags/google_scraper/processador/filtrar_artigos_vitimas_airflow.py took 2.830 seconds
[2025-06-02T18:34:22.908+0000] {processor.py:161} INFO - Started process (PID=1269) to work on /opt/airflow/dags/google_scraper/processador/filtrar_artigos_vitimas_airflow.py
[2025-06-02T18:34:22.911+0000] {processor.py:830} INFO - Processing file /opt/airflow/dags/google_scraper/processador/filtrar_artigos_vitimas_airflow.py for tasks to queue
[2025-06-02T18:34:22.913+0000] {logging_mixin.py:188} INFO - [2025-06-02T18:34:22.912+0000] {dagbag.py:538} INFO - Filling up the DagBag from /opt/airflow/dags/google_scraper/processador/filtrar_artigos_vitimas_airflow.py
[2025-06-02T18:34:26.607+0000] {processor.py:842} WARNING - No viable dags retrieved from /opt/airflow/dags/google_scraper/processador/filtrar_artigos_vitimas_airflow.py
[2025-06-02T18:34:26.648+0000] {processor.py:183} INFO - Processing /opt/airflow/dags/google_scraper/processador/filtrar_artigos_vitimas_airflow.py took 3.749 seconds
[2025-06-02T18:35:27.084+0000] {processor.py:161} INFO - Started process (PID=1360) to work on /opt/airflow/dags/google_scraper/processador/filtrar_artigos_vitimas_airflow.py
[2025-06-02T18:35:27.087+0000] {processor.py:830} INFO - Processing file /opt/airflow/dags/google_scraper/processador/filtrar_artigos_vitimas_airflow.py for tasks to queue
[2025-06-02T18:35:27.087+0000] {logging_mixin.py:188} INFO - [2025-06-02T18:35:27.087+0000] {dagbag.py:538} INFO - Filling up the DagBag from /opt/airflow/dags/google_scraper/processador/filtrar_artigos_vitimas_airflow.py
[2025-06-02T18:35:27.952+0000] {processor.py:842} WARNING - No viable dags retrieved from /opt/airflow/dags/google_scraper/processador/filtrar_artigos_vitimas_airflow.py
[2025-06-02T18:35:27.961+0000] {processor.py:183} INFO - Processing /opt/airflow/dags/google_scraper/processador/filtrar_artigos_vitimas_airflow.py took 0.880 seconds
[2025-06-02T18:36:28.441+0000] {processor.py:161} INFO - Started process (PID=1437) to work on /opt/airflow/dags/google_scraper/processador/filtrar_artigos_vitimas_airflow.py
[2025-06-02T18:36:28.442+0000] {processor.py:830} INFO - Processing file /opt/airflow/dags/google_scraper/processador/filtrar_artigos_vitimas_airflow.py for tasks to queue
[2025-06-02T18:36:28.442+0000] {logging_mixin.py:188} INFO - [2025-06-02T18:36:28.442+0000] {dagbag.py:538} INFO - Filling up the DagBag from /opt/airflow/dags/google_scraper/processador/filtrar_artigos_vitimas_airflow.py
[2025-06-02T18:36:29.383+0000] {processor.py:842} WARNING - No viable dags retrieved from /opt/airflow/dags/google_scraper/processador/filtrar_artigos_vitimas_airflow.py
[2025-06-02T18:36:29.394+0000] {processor.py:183} INFO - Processing /opt/airflow/dags/google_scraper/processador/filtrar_artigos_vitimas_airflow.py took 0.956 seconds
[2025-06-02T19:06:11.775+0000] {processor.py:161} INFO - Started process (PID=1496) to work on /opt/airflow/dags/google_scraper/processador/filtrar_artigos_vitimas_airflow.py
[2025-06-02T19:06:11.776+0000] {processor.py:830} INFO - Processing file /opt/airflow/dags/google_scraper/processador/filtrar_artigos_vitimas_airflow.py for tasks to queue
[2025-06-02T19:06:11.777+0000] {logging_mixin.py:188} INFO - [2025-06-02T19:06:11.777+0000] {dagbag.py:538} INFO - Filling up the DagBag from /opt/airflow/dags/google_scraper/processador/filtrar_artigos_vitimas_airflow.py
[2025-06-02T19:06:12.811+0000] {processor.py:842} WARNING - No viable dags retrieved from /opt/airflow/dags/google_scraper/processador/filtrar_artigos_vitimas_airflow.py
[2025-06-02T19:06:12.840+0000] {processor.py:183} INFO - Processing /opt/airflow/dags/google_scraper/processador/filtrar_artigos_vitimas_airflow.py took 1.068 seconds
[2025-06-02T19:08:36.966+0000] {processor.py:161} INFO - Started process (PID=1574) to work on /opt/airflow/dags/google_scraper/processador/filtrar_artigos_vitimas_airflow.py
[2025-06-02T19:08:36.974+0000] {processor.py:830} INFO - Processing file /opt/airflow/dags/google_scraper/processador/filtrar_artigos_vitimas_airflow.py for tasks to queue
[2025-06-02T19:08:36.976+0000] {logging_mixin.py:188} INFO - [2025-06-02T19:08:36.976+0000] {dagbag.py:538} INFO - Filling up the DagBag from /opt/airflow/dags/google_scraper/processador/filtrar_artigos_vitimas_airflow.py
[2025-06-02T19:08:39.253+0000] {processor.py:842} WARNING - No viable dags retrieved from /opt/airflow/dags/google_scraper/processador/filtrar_artigos_vitimas_airflow.py
[2025-06-02T19:08:39.278+0000] {processor.py:183} INFO - Processing /opt/airflow/dags/google_scraper/processador/filtrar_artigos_vitimas_airflow.py took 2.316 seconds
[2025-06-02T19:31:59.275+0000] {processor.py:161} INFO - Started process (PID=1662) to work on /opt/airflow/dags/google_scraper/processador/filtrar_artigos_vitimas_airflow.py
[2025-06-02T19:31:59.277+0000] {processor.py:830} INFO - Processing file /opt/airflow/dags/google_scraper/processador/filtrar_artigos_vitimas_airflow.py for tasks to queue
[2025-06-02T19:31:59.277+0000] {logging_mixin.py:188} INFO - [2025-06-02T19:31:59.277+0000] {dagbag.py:538} INFO - Filling up the DagBag from /opt/airflow/dags/google_scraper/processador/filtrar_artigos_vitimas_airflow.py
[2025-06-02T19:32:00.232+0000] {processor.py:842} WARNING - No viable dags retrieved from /opt/airflow/dags/google_scraper/processador/filtrar_artigos_vitimas_airflow.py
[2025-06-02T19:32:00.246+0000] {processor.py:183} INFO - Processing /opt/airflow/dags/google_scraper/processador/filtrar_artigos_vitimas_airflow.py took 0.974 seconds
[2025-06-02T19:36:29.542+0000] {processor.py:161} INFO - Started process (PID=1717) to work on /opt/airflow/dags/google_scraper/processador/filtrar_artigos_vitimas_airflow.py
[2025-06-02T19:36:29.543+0000] {processor.py:830} INFO - Processing file /opt/airflow/dags/google_scraper/processador/filtrar_artigos_vitimas_airflow.py for tasks to queue
[2025-06-02T19:36:29.544+0000] {logging_mixin.py:188} INFO - [2025-06-02T19:36:29.544+0000] {dagbag.py:538} INFO - Filling up the DagBag from /opt/airflow/dags/google_scraper/processador/filtrar_artigos_vitimas_airflow.py
[2025-06-02T19:36:30.488+0000] {processor.py:842} WARNING - No viable dags retrieved from /opt/airflow/dags/google_scraper/processador/filtrar_artigos_vitimas_airflow.py
[2025-06-02T19:36:30.504+0000] {processor.py:183} INFO - Processing /opt/airflow/dags/google_scraper/processador/filtrar_artigos_vitimas_airflow.py took 0.964 seconds
[2025-06-02T19:37:30.626+0000] {processor.py:161} INFO - Started process (PID=1790) to work on /opt/airflow/dags/google_scraper/processador/filtrar_artigos_vitimas_airflow.py
[2025-06-02T19:37:30.629+0000] {processor.py:830} INFO - Processing file /opt/airflow/dags/google_scraper/processador/filtrar_artigos_vitimas_airflow.py for tasks to queue
[2025-06-02T19:37:30.630+0000] {logging_mixin.py:188} INFO - [2025-06-02T19:37:30.629+0000] {dagbag.py:538} INFO - Filling up the DagBag from /opt/airflow/dags/google_scraper/processador/filtrar_artigos_vitimas_airflow.py
[2025-06-02T19:37:31.661+0000] {processor.py:842} WARNING - No viable dags retrieved from /opt/airflow/dags/google_scraper/processador/filtrar_artigos_vitimas_airflow.py
[2025-06-02T19:37:31.675+0000] {processor.py:183} INFO - Processing /opt/airflow/dags/google_scraper/processador/filtrar_artigos_vitimas_airflow.py took 1.052 seconds
[2025-06-02T19:38:31.870+0000] {processor.py:161} INFO - Started process (PID=1862) to work on /opt/airflow/dags/google_scraper/processador/filtrar_artigos_vitimas_airflow.py
[2025-06-02T19:38:31.874+0000] {processor.py:830} INFO - Processing file /opt/airflow/dags/google_scraper/processador/filtrar_artigos_vitimas_airflow.py for tasks to queue
[2025-06-02T19:38:31.874+0000] {logging_mixin.py:188} INFO - [2025-06-02T19:38:31.874+0000] {dagbag.py:538} INFO - Filling up the DagBag from /opt/airflow/dags/google_scraper/processador/filtrar_artigos_vitimas_airflow.py
[2025-06-02T19:38:33.180+0000] {processor.py:842} WARNING - No viable dags retrieved from /opt/airflow/dags/google_scraper/processador/filtrar_artigos_vitimas_airflow.py
[2025-06-02T19:38:33.196+0000] {processor.py:183} INFO - Processing /opt/airflow/dags/google_scraper/processador/filtrar_artigos_vitimas_airflow.py took 1.329 seconds
[2025-06-02T19:40:50.411+0000] {processor.py:161} INFO - Started process (PID=1912) to work on /opt/airflow/dags/google_scraper/processador/filtrar_artigos_vitimas_airflow.py
[2025-06-02T19:40:50.413+0000] {processor.py:830} INFO - Processing file /opt/airflow/dags/google_scraper/processador/filtrar_artigos_vitimas_airflow.py for tasks to queue
[2025-06-02T19:40:50.414+0000] {logging_mixin.py:188} INFO - [2025-06-02T19:40:50.414+0000] {dagbag.py:538} INFO - Filling up the DagBag from /opt/airflow/dags/google_scraper/processador/filtrar_artigos_vitimas_airflow.py
[2025-06-02T19:40:51.457+0000] {processor.py:842} WARNING - No viable dags retrieved from /opt/airflow/dags/google_scraper/processador/filtrar_artigos_vitimas_airflow.py
[2025-06-02T19:40:51.470+0000] {processor.py:183} INFO - Processing /opt/airflow/dags/google_scraper/processador/filtrar_artigos_vitimas_airflow.py took 1.077 seconds
[2025-06-02T19:43:55.743+0000] {processor.py:161} INFO - Started process (PID=1967) to work on /opt/airflow/dags/google_scraper/processador/filtrar_artigos_vitimas_airflow.py
[2025-06-02T19:43:55.745+0000] {processor.py:830} INFO - Processing file /opt/airflow/dags/google_scraper/processador/filtrar_artigos_vitimas_airflow.py for tasks to queue
[2025-06-02T19:43:55.745+0000] {logging_mixin.py:188} INFO - [2025-06-02T19:43:55.745+0000] {dagbag.py:538} INFO - Filling up the DagBag from /opt/airflow/dags/google_scraper/processador/filtrar_artigos_vitimas_airflow.py
[2025-06-02T19:43:56.772+0000] {processor.py:842} WARNING - No viable dags retrieved from /opt/airflow/dags/google_scraper/processador/filtrar_artigos_vitimas_airflow.py
[2025-06-02T19:43:56.800+0000] {processor.py:183} INFO - Processing /opt/airflow/dags/google_scraper/processador/filtrar_artigos_vitimas_airflow.py took 1.060 seconds
[2025-06-02T19:44:56.932+0000] {processor.py:161} INFO - Started process (PID=2034) to work on /opt/airflow/dags/google_scraper/processador/filtrar_artigos_vitimas_airflow.py
[2025-06-02T19:44:56.935+0000] {processor.py:830} INFO - Processing file /opt/airflow/dags/google_scraper/processador/filtrar_artigos_vitimas_airflow.py for tasks to queue
[2025-06-02T19:44:56.936+0000] {logging_mixin.py:188} INFO - [2025-06-02T19:44:56.935+0000] {dagbag.py:538} INFO - Filling up the DagBag from /opt/airflow/dags/google_scraper/processador/filtrar_artigos_vitimas_airflow.py
[2025-06-02T19:44:58.054+0000] {processor.py:842} WARNING - No viable dags retrieved from /opt/airflow/dags/google_scraper/processador/filtrar_artigos_vitimas_airflow.py
[2025-06-02T19:44:58.095+0000] {processor.py:183} INFO - Processing /opt/airflow/dags/google_scraper/processador/filtrar_artigos_vitimas_airflow.py took 1.166 seconds
[2025-06-02T19:45:58.221+0000] {processor.py:161} INFO - Started process (PID=2104) to work on /opt/airflow/dags/google_scraper/processador/filtrar_artigos_vitimas_airflow.py
[2025-06-02T19:45:58.225+0000] {processor.py:830} INFO - Processing file /opt/airflow/dags/google_scraper/processador/filtrar_artigos_vitimas_airflow.py for tasks to queue
[2025-06-02T19:45:58.226+0000] {logging_mixin.py:188} INFO - [2025-06-02T19:45:58.226+0000] {dagbag.py:538} INFO - Filling up the DagBag from /opt/airflow/dags/google_scraper/processador/filtrar_artigos_vitimas_airflow.py
[2025-06-02T19:45:59.466+0000] {processor.py:842} WARNING - No viable dags retrieved from /opt/airflow/dags/google_scraper/processador/filtrar_artigos_vitimas_airflow.py
[2025-06-02T19:45:59.491+0000] {processor.py:183} INFO - Processing /opt/airflow/dags/google_scraper/processador/filtrar_artigos_vitimas_airflow.py took 1.273 seconds
[2025-06-02T19:46:59.594+0000] {processor.py:161} INFO - Started process (PID=2303) to work on /opt/airflow/dags/google_scraper/processador/filtrar_artigos_vitimas_airflow.py
[2025-06-02T19:46:59.598+0000] {processor.py:830} INFO - Processing file /opt/airflow/dags/google_scraper/processador/filtrar_artigos_vitimas_airflow.py for tasks to queue
[2025-06-02T19:46:59.599+0000] {logging_mixin.py:188} INFO - [2025-06-02T19:46:59.599+0000] {dagbag.py:538} INFO - Filling up the DagBag from /opt/airflow/dags/google_scraper/processador/filtrar_artigos_vitimas_airflow.py
[2025-06-02T19:47:00.377+0000] {processor.py:842} WARNING - No viable dags retrieved from /opt/airflow/dags/google_scraper/processador/filtrar_artigos_vitimas_airflow.py
[2025-06-02T19:47:00.389+0000] {processor.py:183} INFO - Processing /opt/airflow/dags/google_scraper/processador/filtrar_artigos_vitimas_airflow.py took 0.798 seconds
[2025-06-02T19:48:00.625+0000] {processor.py:161} INFO - Started process (PID=2370) to work on /opt/airflow/dags/google_scraper/processador/filtrar_artigos_vitimas_airflow.py
[2025-06-02T19:48:00.626+0000] {processor.py:830} INFO - Processing file /opt/airflow/dags/google_scraper/processador/filtrar_artigos_vitimas_airflow.py for tasks to queue
[2025-06-02T19:48:00.627+0000] {logging_mixin.py:188} INFO - [2025-06-02T19:48:00.627+0000] {dagbag.py:538} INFO - Filling up the DagBag from /opt/airflow/dags/google_scraper/processador/filtrar_artigos_vitimas_airflow.py
[2025-06-02T19:48:01.395+0000] {processor.py:842} WARNING - No viable dags retrieved from /opt/airflow/dags/google_scraper/processador/filtrar_artigos_vitimas_airflow.py
[2025-06-02T19:48:01.407+0000] {processor.py:183} INFO - Processing /opt/airflow/dags/google_scraper/processador/filtrar_artigos_vitimas_airflow.py took 0.784 seconds
[2025-06-02T19:49:01.474+0000] {processor.py:161} INFO - Started process (PID=2441) to work on /opt/airflow/dags/google_scraper/processador/filtrar_artigos_vitimas_airflow.py
[2025-06-02T19:49:01.480+0000] {processor.py:830} INFO - Processing file /opt/airflow/dags/google_scraper/processador/filtrar_artigos_vitimas_airflow.py for tasks to queue
[2025-06-02T19:49:01.482+0000] {logging_mixin.py:188} INFO - [2025-06-02T19:49:01.482+0000] {dagbag.py:538} INFO - Filling up the DagBag from /opt/airflow/dags/google_scraper/processador/filtrar_artigos_vitimas_airflow.py
[2025-06-02T19:49:03.070+0000] {processor.py:842} WARNING - No viable dags retrieved from /opt/airflow/dags/google_scraper/processador/filtrar_artigos_vitimas_airflow.py
[2025-06-02T19:49:03.100+0000] {processor.py:183} INFO - Processing /opt/airflow/dags/google_scraper/processador/filtrar_artigos_vitimas_airflow.py took 1.630 seconds
[2025-06-02T19:50:04.092+0000] {processor.py:161} INFO - Started process (PID=2508) to work on /opt/airflow/dags/google_scraper/processador/filtrar_artigos_vitimas_airflow.py
[2025-06-02T19:50:04.096+0000] {processor.py:830} INFO - Processing file /opt/airflow/dags/google_scraper/processador/filtrar_artigos_vitimas_airflow.py for tasks to queue
[2025-06-02T19:50:04.099+0000] {logging_mixin.py:188} INFO - [2025-06-02T19:50:04.098+0000] {dagbag.py:538} INFO - Filling up the DagBag from /opt/airflow/dags/google_scraper/processador/filtrar_artigos_vitimas_airflow.py
[2025-06-02T19:50:05.387+0000] {processor.py:842} WARNING - No viable dags retrieved from /opt/airflow/dags/google_scraper/processador/filtrar_artigos_vitimas_airflow.py
[2025-06-02T19:50:05.411+0000] {processor.py:183} INFO - Processing /opt/airflow/dags/google_scraper/processador/filtrar_artigos_vitimas_airflow.py took 1.322 seconds
[2025-06-02T19:51:05.923+0000] {processor.py:161} INFO - Started process (PID=2558) to work on /opt/airflow/dags/google_scraper/processador/filtrar_artigos_vitimas_airflow.py
[2025-06-02T19:51:05.926+0000] {processor.py:830} INFO - Processing file /opt/airflow/dags/google_scraper/processador/filtrar_artigos_vitimas_airflow.py for tasks to queue
[2025-06-02T19:51:05.927+0000] {logging_mixin.py:188} INFO - [2025-06-02T19:51:05.926+0000] {dagbag.py:538} INFO - Filling up the DagBag from /opt/airflow/dags/google_scraper/processador/filtrar_artigos_vitimas_airflow.py
[2025-06-02T19:51:07.133+0000] {processor.py:842} WARNING - No viable dags retrieved from /opt/airflow/dags/google_scraper/processador/filtrar_artigos_vitimas_airflow.py
[2025-06-02T19:51:07.174+0000] {processor.py:183} INFO - Processing /opt/airflow/dags/google_scraper/processador/filtrar_artigos_vitimas_airflow.py took 1.254 seconds
[2025-06-02T19:52:08.175+0000] {processor.py:161} INFO - Started process (PID=2632) to work on /opt/airflow/dags/google_scraper/processador/filtrar_artigos_vitimas_airflow.py
[2025-06-02T19:52:08.178+0000] {processor.py:830} INFO - Processing file /opt/airflow/dags/google_scraper/processador/filtrar_artigos_vitimas_airflow.py for tasks to queue
[2025-06-02T19:52:08.178+0000] {logging_mixin.py:188} INFO - [2025-06-02T19:52:08.178+0000] {dagbag.py:538} INFO - Filling up the DagBag from /opt/airflow/dags/google_scraper/processador/filtrar_artigos_vitimas_airflow.py
[2025-06-02T19:52:09.402+0000] {processor.py:842} WARNING - No viable dags retrieved from /opt/airflow/dags/google_scraper/processador/filtrar_artigos_vitimas_airflow.py
[2025-06-02T19:52:09.424+0000] {processor.py:183} INFO - Processing /opt/airflow/dags/google_scraper/processador/filtrar_artigos_vitimas_airflow.py took 1.252 seconds
[2025-06-02T19:53:25.072+0000] {processor.py:161} INFO - Started process (PID=2692) to work on /opt/airflow/dags/google_scraper/processador/filtrar_artigos_vitimas_airflow.py
[2025-06-02T19:53:25.074+0000] {processor.py:830} INFO - Processing file /opt/airflow/dags/google_scraper/processador/filtrar_artigos_vitimas_airflow.py for tasks to queue
[2025-06-02T19:53:25.075+0000] {logging_mixin.py:188} INFO - [2025-06-02T19:53:25.074+0000] {dagbag.py:538} INFO - Filling up the DagBag from /opt/airflow/dags/google_scraper/processador/filtrar_artigos_vitimas_airflow.py
[2025-06-02T19:53:26.612+0000] {processor.py:842} WARNING - No viable dags retrieved from /opt/airflow/dags/google_scraper/processador/filtrar_artigos_vitimas_airflow.py
[2025-06-02T19:53:26.651+0000] {processor.py:183} INFO - Processing /opt/airflow/dags/google_scraper/processador/filtrar_artigos_vitimas_airflow.py took 1.582 seconds
[2025-06-02T19:54:27.078+0000] {processor.py:161} INFO - Started process (PID=2759) to work on /opt/airflow/dags/google_scraper/processador/filtrar_artigos_vitimas_airflow.py
[2025-06-02T19:54:27.080+0000] {processor.py:830} INFO - Processing file /opt/airflow/dags/google_scraper/processador/filtrar_artigos_vitimas_airflow.py for tasks to queue
[2025-06-02T19:54:27.081+0000] {logging_mixin.py:188} INFO - [2025-06-02T19:54:27.080+0000] {dagbag.py:538} INFO - Filling up the DagBag from /opt/airflow/dags/google_scraper/processador/filtrar_artigos_vitimas_airflow.py
[2025-06-02T19:54:28.211+0000] {processor.py:842} WARNING - No viable dags retrieved from /opt/airflow/dags/google_scraper/processador/filtrar_artigos_vitimas_airflow.py
[2025-06-02T19:54:28.229+0000] {processor.py:183} INFO - Processing /opt/airflow/dags/google_scraper/processador/filtrar_artigos_vitimas_airflow.py took 1.153 seconds
[2025-06-02T19:55:28.491+0000] {processor.py:161} INFO - Started process (PID=2843) to work on /opt/airflow/dags/google_scraper/processador/filtrar_artigos_vitimas_airflow.py
[2025-06-02T19:55:28.494+0000] {processor.py:830} INFO - Processing file /opt/airflow/dags/google_scraper/processador/filtrar_artigos_vitimas_airflow.py for tasks to queue
[2025-06-02T19:55:28.495+0000] {logging_mixin.py:188} INFO - [2025-06-02T19:55:28.495+0000] {dagbag.py:538} INFO - Filling up the DagBag from /opt/airflow/dags/google_scraper/processador/filtrar_artigos_vitimas_airflow.py
[2025-06-02T19:55:29.301+0000] {processor.py:842} WARNING - No viable dags retrieved from /opt/airflow/dags/google_scraper/processador/filtrar_artigos_vitimas_airflow.py
[2025-06-02T19:55:29.313+0000] {processor.py:183} INFO - Processing /opt/airflow/dags/google_scraper/processador/filtrar_artigos_vitimas_airflow.py took 0.824 seconds
[2025-06-02T19:56:29.342+0000] {processor.py:161} INFO - Started process (PID=2910) to work on /opt/airflow/dags/google_scraper/processador/filtrar_artigos_vitimas_airflow.py
[2025-06-02T19:56:29.346+0000] {processor.py:830} INFO - Processing file /opt/airflow/dags/google_scraper/processador/filtrar_artigos_vitimas_airflow.py for tasks to queue
[2025-06-02T19:56:29.346+0000] {logging_mixin.py:188} INFO - [2025-06-02T19:56:29.346+0000] {dagbag.py:538} INFO - Filling up the DagBag from /opt/airflow/dags/google_scraper/processador/filtrar_artigos_vitimas_airflow.py
[2025-06-02T19:56:30.309+0000] {processor.py:842} WARNING - No viable dags retrieved from /opt/airflow/dags/google_scraper/processador/filtrar_artigos_vitimas_airflow.py
[2025-06-02T19:56:30.325+0000] {processor.py:183} INFO - Processing /opt/airflow/dags/google_scraper/processador/filtrar_artigos_vitimas_airflow.py took 0.985 seconds
[2025-06-02T19:57:30.422+0000] {processor.py:161} INFO - Started process (PID=2969) to work on /opt/airflow/dags/google_scraper/processador/filtrar_artigos_vitimas_airflow.py
[2025-06-02T19:57:30.425+0000] {processor.py:830} INFO - Processing file /opt/airflow/dags/google_scraper/processador/filtrar_artigos_vitimas_airflow.py for tasks to queue
[2025-06-02T19:57:30.427+0000] {logging_mixin.py:188} INFO - [2025-06-02T19:57:30.427+0000] {dagbag.py:538} INFO - Filling up the DagBag from /opt/airflow/dags/google_scraper/processador/filtrar_artigos_vitimas_airflow.py
[2025-06-02T19:57:31.262+0000] {processor.py:842} WARNING - No viable dags retrieved from /opt/airflow/dags/google_scraper/processador/filtrar_artigos_vitimas_airflow.py
[2025-06-02T19:57:31.281+0000] {processor.py:183} INFO - Processing /opt/airflow/dags/google_scraper/processador/filtrar_artigos_vitimas_airflow.py took 0.863 seconds
[2025-06-02T19:58:33.094+0000] {processor.py:161} INFO - Started process (PID=3044) to work on /opt/airflow/dags/google_scraper/processador/filtrar_artigos_vitimas_airflow.py
[2025-06-02T19:58:33.101+0000] {processor.py:830} INFO - Processing file /opt/airflow/dags/google_scraper/processador/filtrar_artigos_vitimas_airflow.py for tasks to queue
[2025-06-02T19:58:33.106+0000] {logging_mixin.py:188} INFO - [2025-06-02T19:58:33.105+0000] {dagbag.py:538} INFO - Filling up the DagBag from /opt/airflow/dags/google_scraper/processador/filtrar_artigos_vitimas_airflow.py
[2025-06-02T19:58:37.471+0000] {processor.py:842} WARNING - No viable dags retrieved from /opt/airflow/dags/google_scraper/processador/filtrar_artigos_vitimas_airflow.py
[2025-06-02T19:58:37.531+0000] {processor.py:183} INFO - Processing /opt/airflow/dags/google_scraper/processador/filtrar_artigos_vitimas_airflow.py took 4.443 seconds
[2025-06-02T19:59:37.895+0000] {processor.py:161} INFO - Started process (PID=3272) to work on /opt/airflow/dags/google_scraper/processador/filtrar_artigos_vitimas_airflow.py
[2025-06-02T19:59:37.900+0000] {processor.py:830} INFO - Processing file /opt/airflow/dags/google_scraper/processador/filtrar_artigos_vitimas_airflow.py for tasks to queue
[2025-06-02T19:59:37.901+0000] {logging_mixin.py:188} INFO - [2025-06-02T19:59:37.901+0000] {dagbag.py:538} INFO - Filling up the DagBag from /opt/airflow/dags/google_scraper/processador/filtrar_artigos_vitimas_airflow.py
[2025-06-02T19:59:38.795+0000] {processor.py:842} WARNING - No viable dags retrieved from /opt/airflow/dags/google_scraper/processador/filtrar_artigos_vitimas_airflow.py
[2025-06-02T19:59:38.804+0000] {processor.py:183} INFO - Processing /opt/airflow/dags/google_scraper/processador/filtrar_artigos_vitimas_airflow.py took 0.914 seconds
[2025-06-02T20:00:38.879+0000] {processor.py:161} INFO - Started process (PID=3332) to work on /opt/airflow/dags/google_scraper/processador/filtrar_artigos_vitimas_airflow.py
[2025-06-02T20:00:38.882+0000] {processor.py:830} INFO - Processing file /opt/airflow/dags/google_scraper/processador/filtrar_artigos_vitimas_airflow.py for tasks to queue
[2025-06-02T20:00:38.883+0000] {logging_mixin.py:188} INFO - [2025-06-02T20:00:38.883+0000] {dagbag.py:538} INFO - Filling up the DagBag from /opt/airflow/dags/google_scraper/processador/filtrar_artigos_vitimas_airflow.py
[2025-06-02T20:00:39.854+0000] {processor.py:842} WARNING - No viable dags retrieved from /opt/airflow/dags/google_scraper/processador/filtrar_artigos_vitimas_airflow.py
[2025-06-02T20:00:39.863+0000] {processor.py:183} INFO - Processing /opt/airflow/dags/google_scraper/processador/filtrar_artigos_vitimas_airflow.py took 0.986 seconds
[2025-06-02T20:01:40.499+0000] {processor.py:161} INFO - Started process (PID=3400) to work on /opt/airflow/dags/google_scraper/processador/filtrar_artigos_vitimas_airflow.py
[2025-06-02T20:01:40.501+0000] {processor.py:830} INFO - Processing file /opt/airflow/dags/google_scraper/processador/filtrar_artigos_vitimas_airflow.py for tasks to queue
[2025-06-02T20:01:40.502+0000] {logging_mixin.py:188} INFO - [2025-06-02T20:01:40.502+0000] {dagbag.py:538} INFO - Filling up the DagBag from /opt/airflow/dags/google_scraper/processador/filtrar_artigos_vitimas_airflow.py
[2025-06-02T20:01:41.272+0000] {processor.py:842} WARNING - No viable dags retrieved from /opt/airflow/dags/google_scraper/processador/filtrar_artigos_vitimas_airflow.py
[2025-06-02T20:01:41.282+0000] {processor.py:183} INFO - Processing /opt/airflow/dags/google_scraper/processador/filtrar_artigos_vitimas_airflow.py took 0.786 seconds
[2025-06-02T20:02:41.557+0000] {processor.py:161} INFO - Started process (PID=3468) to work on /opt/airflow/dags/google_scraper/processador/filtrar_artigos_vitimas_airflow.py
[2025-06-02T20:02:41.559+0000] {processor.py:830} INFO - Processing file /opt/airflow/dags/google_scraper/processador/filtrar_artigos_vitimas_airflow.py for tasks to queue
[2025-06-02T20:02:41.560+0000] {logging_mixin.py:188} INFO - [2025-06-02T20:02:41.560+0000] {dagbag.py:538} INFO - Filling up the DagBag from /opt/airflow/dags/google_scraper/processador/filtrar_artigos_vitimas_airflow.py
[2025-06-02T20:02:42.326+0000] {processor.py:842} WARNING - No viable dags retrieved from /opt/airflow/dags/google_scraper/processador/filtrar_artigos_vitimas_airflow.py
[2025-06-02T20:02:42.333+0000] {processor.py:183} INFO - Processing /opt/airflow/dags/google_scraper/processador/filtrar_artigos_vitimas_airflow.py took 0.779 seconds
[2025-06-02T20:03:42.556+0000] {processor.py:161} INFO - Started process (PID=3529) to work on /opt/airflow/dags/google_scraper/processador/filtrar_artigos_vitimas_airflow.py
[2025-06-02T20:03:42.560+0000] {processor.py:830} INFO - Processing file /opt/airflow/dags/google_scraper/processador/filtrar_artigos_vitimas_airflow.py for tasks to queue
[2025-06-02T20:03:42.560+0000] {logging_mixin.py:188} INFO - [2025-06-02T20:03:42.560+0000] {dagbag.py:538} INFO - Filling up the DagBag from /opt/airflow/dags/google_scraper/processador/filtrar_artigos_vitimas_airflow.py
[2025-06-02T20:03:43.199+0000] {processor.py:842} WARNING - No viable dags retrieved from /opt/airflow/dags/google_scraper/processador/filtrar_artigos_vitimas_airflow.py
[2025-06-02T20:03:43.206+0000] {processor.py:183} INFO - Processing /opt/airflow/dags/google_scraper/processador/filtrar_artigos_vitimas_airflow.py took 0.653 seconds
[2025-06-02T20:04:43.950+0000] {processor.py:161} INFO - Started process (PID=3597) to work on /opt/airflow/dags/google_scraper/processador/filtrar_artigos_vitimas_airflow.py
[2025-06-02T20:04:43.952+0000] {processor.py:830} INFO - Processing file /opt/airflow/dags/google_scraper/processador/filtrar_artigos_vitimas_airflow.py for tasks to queue
[2025-06-02T20:04:43.953+0000] {logging_mixin.py:188} INFO - [2025-06-02T20:04:43.953+0000] {dagbag.py:538} INFO - Filling up the DagBag from /opt/airflow/dags/google_scraper/processador/filtrar_artigos_vitimas_airflow.py
[2025-06-02T20:04:44.637+0000] {processor.py:842} WARNING - No viable dags retrieved from /opt/airflow/dags/google_scraper/processador/filtrar_artigos_vitimas_airflow.py
[2025-06-02T20:04:44.648+0000] {processor.py:183} INFO - Processing /opt/airflow/dags/google_scraper/processador/filtrar_artigos_vitimas_airflow.py took 0.700 seconds
[2025-06-02T20:05:44.796+0000] {processor.py:161} INFO - Started process (PID=3813) to work on /opt/airflow/dags/google_scraper/processador/filtrar_artigos_vitimas_airflow.py
[2025-06-02T20:05:44.798+0000] {processor.py:830} INFO - Processing file /opt/airflow/dags/google_scraper/processador/filtrar_artigos_vitimas_airflow.py for tasks to queue
[2025-06-02T20:05:44.798+0000] {logging_mixin.py:188} INFO - [2025-06-02T20:05:44.798+0000] {dagbag.py:538} INFO - Filling up the DagBag from /opt/airflow/dags/google_scraper/processador/filtrar_artigos_vitimas_airflow.py
[2025-06-02T20:05:45.669+0000] {processor.py:842} WARNING - No viable dags retrieved from /opt/airflow/dags/google_scraper/processador/filtrar_artigos_vitimas_airflow.py
[2025-06-02T20:05:45.683+0000] {processor.py:183} INFO - Processing /opt/airflow/dags/google_scraper/processador/filtrar_artigos_vitimas_airflow.py took 0.892 seconds
[2025-06-02T20:06:46.440+0000] {processor.py:161} INFO - Started process (PID=3930) to work on /opt/airflow/dags/google_scraper/processador/filtrar_artigos_vitimas_airflow.py
[2025-06-02T20:06:46.450+0000] {processor.py:830} INFO - Processing file /opt/airflow/dags/google_scraper/processador/filtrar_artigos_vitimas_airflow.py for tasks to queue
[2025-06-02T20:06:46.460+0000] {logging_mixin.py:188} INFO - [2025-06-02T20:06:46.459+0000] {dagbag.py:538} INFO - Filling up the DagBag from /opt/airflow/dags/google_scraper/processador/filtrar_artigos_vitimas_airflow.py
[2025-06-02T20:06:48.435+0000] {processor.py:842} WARNING - No viable dags retrieved from /opt/airflow/dags/google_scraper/processador/filtrar_artigos_vitimas_airflow.py
[2025-06-02T20:06:48.475+0000] {processor.py:183} INFO - Processing /opt/airflow/dags/google_scraper/processador/filtrar_artigos_vitimas_airflow.py took 2.059 seconds
[2025-06-02T20:07:49.439+0000] {processor.py:161} INFO - Started process (PID=3991) to work on /opt/airflow/dags/google_scraper/processador/filtrar_artigos_vitimas_airflow.py
[2025-06-02T20:07:49.449+0000] {processor.py:830} INFO - Processing file /opt/airflow/dags/google_scraper/processador/filtrar_artigos_vitimas_airflow.py for tasks to queue
[2025-06-02T20:07:49.450+0000] {logging_mixin.py:188} INFO - [2025-06-02T20:07:49.449+0000] {dagbag.py:538} INFO - Filling up the DagBag from /opt/airflow/dags/google_scraper/processador/filtrar_artigos_vitimas_airflow.py
[2025-06-02T20:07:50.394+0000] {processor.py:842} WARNING - No viable dags retrieved from /opt/airflow/dags/google_scraper/processador/filtrar_artigos_vitimas_airflow.py
[2025-06-02T20:07:50.404+0000] {processor.py:183} INFO - Processing /opt/airflow/dags/google_scraper/processador/filtrar_artigos_vitimas_airflow.py took 0.970 seconds
[2025-06-02T20:08:50.966+0000] {processor.py:161} INFO - Started process (PID=4059) to work on /opt/airflow/dags/google_scraper/processador/filtrar_artigos_vitimas_airflow.py
[2025-06-02T20:08:50.970+0000] {processor.py:830} INFO - Processing file /opt/airflow/dags/google_scraper/processador/filtrar_artigos_vitimas_airflow.py for tasks to queue
[2025-06-02T20:08:50.971+0000] {logging_mixin.py:188} INFO - [2025-06-02T20:08:50.971+0000] {dagbag.py:538} INFO - Filling up the DagBag from /opt/airflow/dags/google_scraper/processador/filtrar_artigos_vitimas_airflow.py
[2025-06-02T20:08:51.821+0000] {processor.py:842} WARNING - No viable dags retrieved from /opt/airflow/dags/google_scraper/processador/filtrar_artigos_vitimas_airflow.py
[2025-06-02T20:08:51.835+0000] {processor.py:183} INFO - Processing /opt/airflow/dags/google_scraper/processador/filtrar_artigos_vitimas_airflow.py took 0.872 seconds
[2025-06-02T20:09:52.940+0000] {processor.py:161} INFO - Started process (PID=4126) to work on /opt/airflow/dags/google_scraper/processador/filtrar_artigos_vitimas_airflow.py
[2025-06-02T20:09:52.950+0000] {processor.py:830} INFO - Processing file /opt/airflow/dags/google_scraper/processador/filtrar_artigos_vitimas_airflow.py for tasks to queue
[2025-06-02T20:09:52.954+0000] {logging_mixin.py:188} INFO - [2025-06-02T20:09:52.953+0000] {dagbag.py:538} INFO - Filling up the DagBag from /opt/airflow/dags/google_scraper/processador/filtrar_artigos_vitimas_airflow.py
[2025-06-02T20:09:56.899+0000] {processor.py:842} WARNING - No viable dags retrieved from /opt/airflow/dags/google_scraper/processador/filtrar_artigos_vitimas_airflow.py
[2025-06-02T20:09:56.926+0000] {processor.py:183} INFO - Processing /opt/airflow/dags/google_scraper/processador/filtrar_artigos_vitimas_airflow.py took 2.639 seconds
[2025-06-02T20:10:57.272+0000] {processor.py:161} INFO - Started process (PID=4187) to work on /opt/airflow/dags/google_scraper/processador/filtrar_artigos_vitimas_airflow.py
[2025-06-02T20:10:57.274+0000] {processor.py:830} INFO - Processing file /opt/airflow/dags/google_scraper/processador/filtrar_artigos_vitimas_airflow.py for tasks to queue
[2025-06-02T20:10:57.276+0000] {logging_mixin.py:188} INFO - [2025-06-02T20:10:57.276+0000] {dagbag.py:538} INFO - Filling up the DagBag from /opt/airflow/dags/google_scraper/processador/filtrar_artigos_vitimas_airflow.py
[2025-06-02T20:10:57.933+0000] {processor.py:842} WARNING - No viable dags retrieved from /opt/airflow/dags/google_scraper/processador/filtrar_artigos_vitimas_airflow.py
[2025-06-02T20:10:57.941+0000] {processor.py:183} INFO - Processing /opt/airflow/dags/google_scraper/processador/filtrar_artigos_vitimas_airflow.py took 0.672 seconds
[2025-06-02T20:11:58.361+0000] {processor.py:161} INFO - Started process (PID=4254) to work on /opt/airflow/dags/google_scraper/processador/filtrar_artigos_vitimas_airflow.py
[2025-06-02T20:11:58.363+0000] {processor.py:830} INFO - Processing file /opt/airflow/dags/google_scraper/processador/filtrar_artigos_vitimas_airflow.py for tasks to queue
[2025-06-02T20:11:58.367+0000] {logging_mixin.py:188} INFO - [2025-06-02T20:11:58.367+0000] {dagbag.py:538} INFO - Filling up the DagBag from /opt/airflow/dags/google_scraper/processador/filtrar_artigos_vitimas_airflow.py
[2025-06-02T20:11:59.116+0000] {processor.py:842} WARNING - No viable dags retrieved from /opt/airflow/dags/google_scraper/processador/filtrar_artigos_vitimas_airflow.py
[2025-06-02T20:11:59.129+0000] {processor.py:183} INFO - Processing /opt/airflow/dags/google_scraper/processador/filtrar_artigos_vitimas_airflow.py took 0.770 seconds
[2025-06-02T20:12:59.683+0000] {processor.py:161} INFO - Started process (PID=4322) to work on /opt/airflow/dags/google_scraper/processador/filtrar_artigos_vitimas_airflow.py
[2025-06-02T20:12:59.686+0000] {processor.py:830} INFO - Processing file /opt/airflow/dags/google_scraper/processador/filtrar_artigos_vitimas_airflow.py for tasks to queue
[2025-06-02T20:12:59.687+0000] {logging_mixin.py:188} INFO - [2025-06-02T20:12:59.687+0000] {dagbag.py:538} INFO - Filling up the DagBag from /opt/airflow/dags/google_scraper/processador/filtrar_artigos_vitimas_airflow.py
[2025-06-02T20:13:00.240+0000] {processor.py:842} WARNING - No viable dags retrieved from /opt/airflow/dags/google_scraper/processador/filtrar_artigos_vitimas_airflow.py
[2025-06-02T20:13:00.249+0000] {processor.py:183} INFO - Processing /opt/airflow/dags/google_scraper/processador/filtrar_artigos_vitimas_airflow.py took 0.568 seconds
[2025-06-02T20:14:00.572+0000] {processor.py:161} INFO - Started process (PID=4415) to work on /opt/airflow/dags/google_scraper/processador/filtrar_artigos_vitimas_airflow.py
[2025-06-02T20:14:00.575+0000] {processor.py:830} INFO - Processing file /opt/airflow/dags/google_scraper/processador/filtrar_artigos_vitimas_airflow.py for tasks to queue
[2025-06-02T20:14:00.576+0000] {logging_mixin.py:188} INFO - [2025-06-02T20:14:00.576+0000] {dagbag.py:538} INFO - Filling up the DagBag from /opt/airflow/dags/google_scraper/processador/filtrar_artigos_vitimas_airflow.py
[2025-06-02T20:14:01.206+0000] {processor.py:842} WARNING - No viable dags retrieved from /opt/airflow/dags/google_scraper/processador/filtrar_artigos_vitimas_airflow.py
[2025-06-02T20:14:01.214+0000] {processor.py:183} INFO - Processing /opt/airflow/dags/google_scraper/processador/filtrar_artigos_vitimas_airflow.py took 0.645 seconds
[2025-06-02T20:15:01.638+0000] {processor.py:161} INFO - Started process (PID=4506) to work on /opt/airflow/dags/google_scraper/processador/filtrar_artigos_vitimas_airflow.py
[2025-06-02T20:15:01.639+0000] {processor.py:830} INFO - Processing file /opt/airflow/dags/google_scraper/processador/filtrar_artigos_vitimas_airflow.py for tasks to queue
[2025-06-02T20:15:01.640+0000] {logging_mixin.py:188} INFO - [2025-06-02T20:15:01.640+0000] {dagbag.py:538} INFO - Filling up the DagBag from /opt/airflow/dags/google_scraper/processador/filtrar_artigos_vitimas_airflow.py
[2025-06-02T20:15:02.308+0000] {processor.py:842} WARNING - No viable dags retrieved from /opt/airflow/dags/google_scraper/processador/filtrar_artigos_vitimas_airflow.py
[2025-06-02T20:15:02.316+0000] {processor.py:183} INFO - Processing /opt/airflow/dags/google_scraper/processador/filtrar_artigos_vitimas_airflow.py took 0.682 seconds
[2025-06-02T20:16:02.758+0000] {processor.py:161} INFO - Started process (PID=4574) to work on /opt/airflow/dags/google_scraper/processador/filtrar_artigos_vitimas_airflow.py
[2025-06-02T20:16:02.765+0000] {processor.py:830} INFO - Processing file /opt/airflow/dags/google_scraper/processador/filtrar_artigos_vitimas_airflow.py for tasks to queue
[2025-06-02T20:16:02.765+0000] {logging_mixin.py:188} INFO - [2025-06-02T20:16:02.765+0000] {dagbag.py:538} INFO - Filling up the DagBag from /opt/airflow/dags/google_scraper/processador/filtrar_artigos_vitimas_airflow.py
[2025-06-02T20:16:03.427+0000] {processor.py:842} WARNING - No viable dags retrieved from /opt/airflow/dags/google_scraper/processador/filtrar_artigos_vitimas_airflow.py
[2025-06-02T20:16:03.440+0000] {processor.py:183} INFO - Processing /opt/airflow/dags/google_scraper/processador/filtrar_artigos_vitimas_airflow.py took 0.686 seconds
[2025-06-02T20:17:03.982+0000] {processor.py:161} INFO - Started process (PID=4641) to work on /opt/airflow/dags/google_scraper/processador/filtrar_artigos_vitimas_airflow.py
[2025-06-02T20:17:03.986+0000] {processor.py:830} INFO - Processing file /opt/airflow/dags/google_scraper/processador/filtrar_artigos_vitimas_airflow.py for tasks to queue
[2025-06-02T20:17:03.989+0000] {logging_mixin.py:188} INFO - [2025-06-02T20:17:03.989+0000] {dagbag.py:538} INFO - Filling up the DagBag from /opt/airflow/dags/google_scraper/processador/filtrar_artigos_vitimas_airflow.py
[2025-06-02T20:17:04.632+0000] {processor.py:842} WARNING - No viable dags retrieved from /opt/airflow/dags/google_scraper/processador/filtrar_artigos_vitimas_airflow.py
[2025-06-02T20:17:04.641+0000] {processor.py:183} INFO - Processing /opt/airflow/dags/google_scraper/processador/filtrar_artigos_vitimas_airflow.py took 0.661 seconds
