[2025-06-02T15:32:35.908+0000] {processor.py:157} INFO - Started process (PID=1963) to work on /opt/airflow/dags/google_scraper/processador/processar_relevantes_airflow.py
[2025-06-02T15:32:35.909+0000] {processor.py:829} INFO - Processing file /opt/airflow/dags/google_scraper/processador/processar_relevantes_airflow.py for tasks to queue
[2025-06-02T15:32:35.909+0000] {logging_mixin.py:151} INFO - [2025-06-02T15:32:35.909+0000] {dagbag.py:539} INFO - Filling up the DagBag from /opt/airflow/dags/google_scraper/processador/processar_relevantes_airflow.py
[2025-06-02T15:32:36.106+0000] {logging_mixin.py:151} INFO - Error importing required modules: No module named 'selenium'
[2025-06-02T15:33:36.250+0000] {processor.py:157} INFO - Started process (PID=2061) to work on /opt/airflow/dags/google_scraper/processador/processar_relevantes_airflow.py
[2025-06-02T15:33:36.251+0000] {processor.py:829} INFO - Processing file /opt/airflow/dags/google_scraper/processador/processar_relevantes_airflow.py for tasks to queue
[2025-06-02T15:33:36.252+0000] {logging_mixin.py:151} INFO - [2025-06-02T15:33:36.251+0000] {dagbag.py:539} INFO - Filling up the DagBag from /opt/airflow/dags/google_scraper/processador/processar_relevantes_airflow.py
[2025-06-02T15:33:36.434+0000] {logging_mixin.py:151} INFO - Error importing required modules: No module named 'selenium'
[2025-06-02T15:34:36.941+0000] {processor.py:157} INFO - Started process (PID=2174) to work on /opt/airflow/dags/google_scraper/processador/processar_relevantes_airflow.py
[2025-06-02T15:34:36.943+0000] {processor.py:829} INFO - Processing file /opt/airflow/dags/google_scraper/processador/processar_relevantes_airflow.py for tasks to queue
[2025-06-02T15:34:36.944+0000] {logging_mixin.py:151} INFO - [2025-06-02T15:34:36.943+0000] {dagbag.py:539} INFO - Filling up the DagBag from /opt/airflow/dags/google_scraper/processador/processar_relevantes_airflow.py
[2025-06-02T15:34:37.213+0000] {logging_mixin.py:151} INFO - Error importing required modules: No module named 'selenium'
[2025-06-02T15:35:37.361+0000] {processor.py:157} INFO - Started process (PID=2275) to work on /opt/airflow/dags/google_scraper/processador/processar_relevantes_airflow.py
[2025-06-02T15:35:37.361+0000] {processor.py:829} INFO - Processing file /opt/airflow/dags/google_scraper/processador/processar_relevantes_airflow.py for tasks to queue
[2025-06-02T15:35:37.362+0000] {logging_mixin.py:151} INFO - [2025-06-02T15:35:37.362+0000] {dagbag.py:539} INFO - Filling up the DagBag from /opt/airflow/dags/google_scraper/processador/processar_relevantes_airflow.py
[2025-06-02T15:35:37.529+0000] {logging_mixin.py:151} INFO - Error importing required modules: No module named 'selenium'
[2025-06-02T15:36:33.269+0000] {processor.py:157} INFO - Started process (PID=2348) to work on /opt/airflow/dags/google_scraper/processador/processar_relevantes_airflow.py
[2025-06-02T15:36:33.269+0000] {processor.py:829} INFO - Processing file /opt/airflow/dags/google_scraper/processador/processar_relevantes_airflow.py for tasks to queue
[2025-06-02T15:36:33.270+0000] {logging_mixin.py:151} INFO - [2025-06-02T15:36:33.270+0000] {dagbag.py:539} INFO - Filling up the DagBag from /opt/airflow/dags/google_scraper/processador/processar_relevantes_airflow.py
[2025-06-02T15:36:33.468+0000] {logging_mixin.py:151} INFO - Error importing required modules: No module named 'selenium'
[2025-06-02T15:36:48.712+0000] {processor.py:157} INFO - Started process (PID=2374) to work on /opt/airflow/dags/google_scraper/processador/processar_relevantes_airflow.py
[2025-06-02T15:36:48.712+0000] {processor.py:829} INFO - Processing file /opt/airflow/dags/google_scraper/processador/processar_relevantes_airflow.py for tasks to queue
[2025-06-02T15:36:48.713+0000] {logging_mixin.py:151} INFO - [2025-06-02T15:36:48.713+0000] {dagbag.py:539} INFO - Filling up the DagBag from /opt/airflow/dags/google_scraper/processador/processar_relevantes_airflow.py
[2025-06-02T15:36:48.913+0000] {logging_mixin.py:151} INFO - Error importing required modules: No module named 'selenium'
[2025-06-02T15:36:58.148+0000] {processor.py:157} INFO - Started process (PID=2393) to work on /opt/airflow/dags/google_scraper/processador/processar_relevantes_airflow.py
[2025-06-02T15:36:58.151+0000] {processor.py:829} INFO - Processing file /opt/airflow/dags/google_scraper/processador/processar_relevantes_airflow.py for tasks to queue
[2025-06-02T15:36:58.151+0000] {logging_mixin.py:151} INFO - [2025-06-02T15:36:58.151+0000] {dagbag.py:539} INFO - Filling up the DagBag from /opt/airflow/dags/google_scraper/processador/processar_relevantes_airflow.py
[2025-06-02T15:36:58.328+0000] {logging_mixin.py:151} INFO - Error importing required modules: No module named 'selenium'
[2025-06-02T15:37:05.401+0000] {processor.py:157} INFO - Started process (PID=2407) to work on /opt/airflow/dags/google_scraper/processador/processar_relevantes_airflow.py
[2025-06-02T15:37:05.401+0000] {processor.py:829} INFO - Processing file /opt/airflow/dags/google_scraper/processador/processar_relevantes_airflow.py for tasks to queue
[2025-06-02T15:37:05.402+0000] {logging_mixin.py:151} INFO - [2025-06-02T15:37:05.402+0000] {dagbag.py:539} INFO - Filling up the DagBag from /opt/airflow/dags/google_scraper/processador/processar_relevantes_airflow.py
[2025-06-02T15:37:05.601+0000] {logging_mixin.py:151} INFO - Error importing required modules: No module named 'selenium'
[2025-06-02T15:37:11.477+0000] {processor.py:157} INFO - Started process (PID=2413) to work on /opt/airflow/dags/google_scraper/processador/processar_relevantes_airflow.py
[2025-06-02T15:37:11.478+0000] {processor.py:829} INFO - Processing file /opt/airflow/dags/google_scraper/processador/processar_relevantes_airflow.py for tasks to queue
[2025-06-02T15:37:11.479+0000] {logging_mixin.py:151} INFO - [2025-06-02T15:37:11.479+0000] {dagbag.py:539} INFO - Filling up the DagBag from /opt/airflow/dags/google_scraper/processador/processar_relevantes_airflow.py
[2025-06-02T15:37:11.663+0000] {logging_mixin.py:151} INFO - Error importing required modules: No module named 'selenium'
[2025-06-02T15:37:19.790+0000] {processor.py:157} INFO - Started process (PID=2438) to work on /opt/airflow/dags/google_scraper/processador/processar_relevantes_airflow.py
[2025-06-02T15:37:19.791+0000] {processor.py:829} INFO - Processing file /opt/airflow/dags/google_scraper/processador/processar_relevantes_airflow.py for tasks to queue
[2025-06-02T15:37:19.791+0000] {logging_mixin.py:151} INFO - [2025-06-02T15:37:19.791+0000] {dagbag.py:539} INFO - Filling up the DagBag from /opt/airflow/dags/google_scraper/processador/processar_relevantes_airflow.py
[2025-06-02T15:37:19.984+0000] {logging_mixin.py:151} INFO - Error importing required modules: No module named 'selenium'
[2025-06-02T15:37:34.141+0000] {processor.py:157} INFO - Started process (PID=2457) to work on /opt/airflow/dags/google_scraper/processador/processar_relevantes_airflow.py
[2025-06-02T15:37:34.142+0000] {processor.py:829} INFO - Processing file /opt/airflow/dags/google_scraper/processador/processar_relevantes_airflow.py for tasks to queue
[2025-06-02T15:37:34.143+0000] {logging_mixin.py:151} INFO - [2025-06-02T15:37:34.143+0000] {dagbag.py:539} INFO - Filling up the DagBag from /opt/airflow/dags/google_scraper/processador/processar_relevantes_airflow.py
[2025-06-02T15:37:34.336+0000] {logging_mixin.py:151} INFO - Error importing required modules: No module named 'selenium'
[2025-06-02T15:37:44.707+0000] {processor.py:157} INFO - Started process (PID=2483) to work on /opt/airflow/dags/google_scraper/processador/processar_relevantes_airflow.py
[2025-06-02T15:37:44.708+0000] {processor.py:829} INFO - Processing file /opt/airflow/dags/google_scraper/processador/processar_relevantes_airflow.py for tasks to queue
[2025-06-02T15:37:44.709+0000] {logging_mixin.py:151} INFO - [2025-06-02T15:37:44.709+0000] {dagbag.py:539} INFO - Filling up the DagBag from /opt/airflow/dags/google_scraper/processador/processar_relevantes_airflow.py
[2025-06-02T15:37:44.913+0000] {logging_mixin.py:151} INFO - Error importing required modules: No module named 'selenium'
[2025-06-02T15:38:45.355+0000] {processor.py:157} INFO - Started process (PID=2592) to work on /opt/airflow/dags/google_scraper/processador/processar_relevantes_airflow.py
[2025-06-02T15:38:45.356+0000] {processor.py:829} INFO - Processing file /opt/airflow/dags/google_scraper/processador/processar_relevantes_airflow.py for tasks to queue
[2025-06-02T15:38:45.357+0000] {logging_mixin.py:151} INFO - [2025-06-02T15:38:45.356+0000] {dagbag.py:539} INFO - Filling up the DagBag from /opt/airflow/dags/google_scraper/processador/processar_relevantes_airflow.py
[2025-06-02T15:38:45.552+0000] {logging_mixin.py:151} INFO - Error importing required modules: No module named 'selenium'
[2025-06-02T15:39:45.947+0000] {processor.py:157} INFO - Started process (PID=2695) to work on /opt/airflow/dags/google_scraper/processador/processar_relevantes_airflow.py
[2025-06-02T15:39:45.948+0000] {processor.py:829} INFO - Processing file /opt/airflow/dags/google_scraper/processador/processar_relevantes_airflow.py for tasks to queue
[2025-06-02T15:39:45.949+0000] {logging_mixin.py:151} INFO - [2025-06-02T15:39:45.949+0000] {dagbag.py:539} INFO - Filling up the DagBag from /opt/airflow/dags/google_scraper/processador/processar_relevantes_airflow.py
[2025-06-02T15:39:46.190+0000] {logging_mixin.py:151} INFO - Error importing required modules: No module named 'selenium'
[2025-06-02T15:40:03.629+0000] {processor.py:157} INFO - Started process (PID=2731) to work on /opt/airflow/dags/google_scraper/processador/processar_relevantes_airflow.py
[2025-06-02T15:40:03.630+0000] {processor.py:829} INFO - Processing file /opt/airflow/dags/google_scraper/processador/processar_relevantes_airflow.py for tasks to queue
[2025-06-02T15:40:03.631+0000] {logging_mixin.py:151} INFO - [2025-06-02T15:40:03.631+0000] {dagbag.py:539} INFO - Filling up the DagBag from /opt/airflow/dags/google_scraper/processador/processar_relevantes_airflow.py
[2025-06-02T15:40:04.126+0000] {logging_mixin.py:151} INFO - Error importing required modules: No module named 'selenium'
[2025-06-02T15:41:04.185+0000] {processor.py:157} INFO - Started process (PID=2838) to work on /opt/airflow/dags/google_scraper/processador/processar_relevantes_airflow.py
[2025-06-02T15:41:04.187+0000] {processor.py:829} INFO - Processing file /opt/airflow/dags/google_scraper/processador/processar_relevantes_airflow.py for tasks to queue
[2025-06-02T15:41:04.187+0000] {logging_mixin.py:151} INFO - [2025-06-02T15:41:04.187+0000] {dagbag.py:539} INFO - Filling up the DagBag from /opt/airflow/dags/google_scraper/processador/processar_relevantes_airflow.py
[2025-06-02T15:41:04.542+0000] {logging_mixin.py:151} INFO - Error importing required modules: No module named 'selenium'
[2025-06-02T15:42:05.000+0000] {processor.py:157} INFO - Started process (PID=2946) to work on /opt/airflow/dags/google_scraper/processador/processar_relevantes_airflow.py
[2025-06-02T15:42:05.001+0000] {processor.py:829} INFO - Processing file /opt/airflow/dags/google_scraper/processador/processar_relevantes_airflow.py for tasks to queue
[2025-06-02T15:42:05.002+0000] {logging_mixin.py:151} INFO - [2025-06-02T15:42:05.002+0000] {dagbag.py:539} INFO - Filling up the DagBag from /opt/airflow/dags/google_scraper/processador/processar_relevantes_airflow.py
[2025-06-02T15:42:05.223+0000] {logging_mixin.py:151} INFO - Error importing required modules: No module named 'selenium'
[2025-06-02T15:43:05.258+0000] {processor.py:157} INFO - Started process (PID=3051) to work on /opt/airflow/dags/google_scraper/processador/processar_relevantes_airflow.py
[2025-06-02T15:43:05.259+0000] {processor.py:829} INFO - Processing file /opt/airflow/dags/google_scraper/processador/processar_relevantes_airflow.py for tasks to queue
[2025-06-02T15:43:05.259+0000] {logging_mixin.py:151} INFO - [2025-06-02T15:43:05.259+0000] {dagbag.py:539} INFO - Filling up the DagBag from /opt/airflow/dags/google_scraper/processador/processar_relevantes_airflow.py
[2025-06-02T15:43:05.575+0000] {logging_mixin.py:151} INFO - Error importing required modules: No module named 'selenium'
[2025-06-02T15:44:06.346+0000] {processor.py:157} INFO - Started process (PID=3129) to work on /opt/airflow/dags/google_scraper/processador/processar_relevantes_airflow.py
[2025-06-02T15:44:06.347+0000] {processor.py:829} INFO - Processing file /opt/airflow/dags/google_scraper/processador/processar_relevantes_airflow.py for tasks to queue
[2025-06-02T15:44:06.348+0000] {logging_mixin.py:151} INFO - [2025-06-02T15:44:06.348+0000] {dagbag.py:539} INFO - Filling up the DagBag from /opt/airflow/dags/google_scraper/processador/processar_relevantes_airflow.py
[2025-06-02T15:44:06.823+0000] {logging_mixin.py:151} INFO - Error importing required modules: No module named 'selenium'
[2025-06-02T15:45:07.409+0000] {processor.py:157} INFO - Started process (PID=3216) to work on /opt/airflow/dags/google_scraper/processador/processar_relevantes_airflow.py
[2025-06-02T15:45:07.410+0000] {processor.py:829} INFO - Processing file /opt/airflow/dags/google_scraper/processador/processar_relevantes_airflow.py for tasks to queue
[2025-06-02T15:45:07.411+0000] {logging_mixin.py:151} INFO - [2025-06-02T15:45:07.411+0000] {dagbag.py:539} INFO - Filling up the DagBag from /opt/airflow/dags/google_scraper/processador/processar_relevantes_airflow.py
[2025-06-02T15:45:07.692+0000] {logging_mixin.py:151} INFO - Error importing required modules: No module named 'selenium'
[2025-06-02T15:46:08.172+0000] {processor.py:157} INFO - Started process (PID=3301) to work on /opt/airflow/dags/google_scraper/processador/processar_relevantes_airflow.py
[2025-06-02T15:46:08.173+0000] {processor.py:829} INFO - Processing file /opt/airflow/dags/google_scraper/processador/processar_relevantes_airflow.py for tasks to queue
[2025-06-02T15:46:08.174+0000] {logging_mixin.py:151} INFO - [2025-06-02T15:46:08.174+0000] {dagbag.py:539} INFO - Filling up the DagBag from /opt/airflow/dags/google_scraper/processador/processar_relevantes_airflow.py
[2025-06-02T15:46:08.437+0000] {logging_mixin.py:151} INFO - Error importing required modules: No module named 'selenium'
[2025-06-02T15:47:08.663+0000] {processor.py:157} INFO - Started process (PID=3393) to work on /opt/airflow/dags/google_scraper/processador/processar_relevantes_airflow.py
[2025-06-02T15:47:08.664+0000] {processor.py:829} INFO - Processing file /opt/airflow/dags/google_scraper/processador/processar_relevantes_airflow.py for tasks to queue
[2025-06-02T15:47:08.664+0000] {logging_mixin.py:151} INFO - [2025-06-02T15:47:08.664+0000] {dagbag.py:539} INFO - Filling up the DagBag from /opt/airflow/dags/google_scraper/processador/processar_relevantes_airflow.py
[2025-06-02T15:47:08.910+0000] {logging_mixin.py:151} INFO - Error importing required modules: No module named 'selenium'
[2025-06-02T15:48:09.123+0000] {processor.py:157} INFO - Started process (PID=3514) to work on /opt/airflow/dags/google_scraper/processador/processar_relevantes_airflow.py
[2025-06-02T15:48:09.124+0000] {processor.py:829} INFO - Processing file /opt/airflow/dags/google_scraper/processador/processar_relevantes_airflow.py for tasks to queue
[2025-06-02T15:48:09.124+0000] {logging_mixin.py:151} INFO - [2025-06-02T15:48:09.124+0000] {dagbag.py:539} INFO - Filling up the DagBag from /opt/airflow/dags/google_scraper/processador/processar_relevantes_airflow.py
[2025-06-02T15:48:09.395+0000] {logging_mixin.py:151} INFO - Error importing required modules: No module named 'newspaper'
[2025-06-02T15:49:09.464+0000] {processor.py:157} INFO - Started process (PID=3641) to work on /opt/airflow/dags/google_scraper/processador/processar_relevantes_airflow.py
[2025-06-02T15:49:09.464+0000] {processor.py:829} INFO - Processing file /opt/airflow/dags/google_scraper/processador/processar_relevantes_airflow.py for tasks to queue
[2025-06-02T15:49:09.464+0000] {logging_mixin.py:151} INFO - [2025-06-02T15:49:09.464+0000] {dagbag.py:539} INFO - Filling up the DagBag from /opt/airflow/dags/google_scraper/processador/processar_relevantes_airflow.py
[2025-06-02T15:49:09.739+0000] {logging_mixin.py:151} INFO - Error importing required modules: No module named 'newspaper'
[2025-06-02T15:50:10.536+0000] {processor.py:157} INFO - Started process (PID=3747) to work on /opt/airflow/dags/google_scraper/processador/processar_relevantes_airflow.py
[2025-06-02T15:50:10.537+0000] {processor.py:829} INFO - Processing file /opt/airflow/dags/google_scraper/processador/processar_relevantes_airflow.py for tasks to queue
[2025-06-02T15:50:10.537+0000] {logging_mixin.py:151} INFO - [2025-06-02T15:50:10.537+0000] {dagbag.py:539} INFO - Filling up the DagBag from /opt/airflow/dags/google_scraper/processador/processar_relevantes_airflow.py
[2025-06-02T15:50:10.816+0000] {logging_mixin.py:151} INFO - Error importing required modules: No module named 'newspaper'
[2025-06-02T15:51:11.057+0000] {processor.py:157} INFO - Started process (PID=3834) to work on /opt/airflow/dags/google_scraper/processador/processar_relevantes_airflow.py
[2025-06-02T15:51:11.058+0000] {processor.py:829} INFO - Processing file /opt/airflow/dags/google_scraper/processador/processar_relevantes_airflow.py for tasks to queue
[2025-06-02T15:51:11.059+0000] {logging_mixin.py:151} INFO - [2025-06-02T15:51:11.059+0000] {dagbag.py:539} INFO - Filling up the DagBag from /opt/airflow/dags/google_scraper/processador/processar_relevantes_airflow.py
[2025-06-02T15:51:11.484+0000] {logging_mixin.py:151} INFO - Error importing required modules: No module named 'newspaper'
[2025-06-02T15:52:11.691+0000] {processor.py:157} INFO - Started process (PID=3916) to work on /opt/airflow/dags/google_scraper/processador/processar_relevantes_airflow.py
[2025-06-02T15:52:11.692+0000] {processor.py:829} INFO - Processing file /opt/airflow/dags/google_scraper/processador/processar_relevantes_airflow.py for tasks to queue
[2025-06-02T15:52:11.692+0000] {logging_mixin.py:151} INFO - [2025-06-02T15:52:11.692+0000] {dagbag.py:539} INFO - Filling up the DagBag from /opt/airflow/dags/google_scraper/processador/processar_relevantes_airflow.py
[2025-06-02T15:52:11.952+0000] {logging_mixin.py:151} INFO - Error importing required modules: No module named 'newspaper'
[2025-06-02T15:53:12.118+0000] {processor.py:157} INFO - Started process (PID=4007) to work on /opt/airflow/dags/google_scraper/processador/processar_relevantes_airflow.py
[2025-06-02T15:53:12.119+0000] {processor.py:829} INFO - Processing file /opt/airflow/dags/google_scraper/processador/processar_relevantes_airflow.py for tasks to queue
[2025-06-02T15:53:12.120+0000] {logging_mixin.py:151} INFO - [2025-06-02T15:53:12.120+0000] {dagbag.py:539} INFO - Filling up the DagBag from /opt/airflow/dags/google_scraper/processador/processar_relevantes_airflow.py
[2025-06-02T15:53:12.410+0000] {logging_mixin.py:151} INFO - Error importing required modules: No module named 'newspaper'
[2025-06-02T15:54:12.846+0000] {processor.py:157} INFO - Started process (PID=4152) to work on /opt/airflow/dags/google_scraper/processador/processar_relevantes_airflow.py
[2025-06-02T15:54:12.846+0000] {processor.py:829} INFO - Processing file /opt/airflow/dags/google_scraper/processador/processar_relevantes_airflow.py for tasks to queue
[2025-06-02T15:54:12.847+0000] {logging_mixin.py:151} INFO - [2025-06-02T15:54:12.847+0000] {dagbag.py:539} INFO - Filling up the DagBag from /opt/airflow/dags/google_scraper/processador/processar_relevantes_airflow.py
[2025-06-02T15:54:13.116+0000] {logging_mixin.py:151} INFO - Error importing required modules: No module named 'newspaper'
[2025-06-02T15:55:13.391+0000] {processor.py:157} INFO - Started process (PID=4239) to work on /opt/airflow/dags/google_scraper/processador/processar_relevantes_airflow.py
[2025-06-02T15:55:13.394+0000] {processor.py:829} INFO - Processing file /opt/airflow/dags/google_scraper/processador/processar_relevantes_airflow.py for tasks to queue
[2025-06-02T15:55:13.398+0000] {logging_mixin.py:151} INFO - [2025-06-02T15:55:13.398+0000] {dagbag.py:539} INFO - Filling up the DagBag from /opt/airflow/dags/google_scraper/processador/processar_relevantes_airflow.py
[2025-06-02T15:55:13.704+0000] {logging_mixin.py:151} INFO - Error importing required modules: No module named 'newspaper'
[2025-06-02T15:56:13.802+0000] {processor.py:157} INFO - Started process (PID=4325) to work on /opt/airflow/dags/google_scraper/processador/processar_relevantes_airflow.py
[2025-06-02T15:56:13.802+0000] {processor.py:829} INFO - Processing file /opt/airflow/dags/google_scraper/processador/processar_relevantes_airflow.py for tasks to queue
[2025-06-02T15:56:13.803+0000] {logging_mixin.py:151} INFO - [2025-06-02T15:56:13.802+0000] {dagbag.py:539} INFO - Filling up the DagBag from /opt/airflow/dags/google_scraper/processador/processar_relevantes_airflow.py
[2025-06-02T15:56:14.072+0000] {logging_mixin.py:151} INFO - Error importing required modules: No module named 'newspaper'
[2025-06-02T15:57:14.388+0000] {processor.py:157} INFO - Started process (PID=4405) to work on /opt/airflow/dags/google_scraper/processador/processar_relevantes_airflow.py
[2025-06-02T15:57:14.389+0000] {processor.py:829} INFO - Processing file /opt/airflow/dags/google_scraper/processador/processar_relevantes_airflow.py for tasks to queue
[2025-06-02T15:57:14.389+0000] {logging_mixin.py:151} INFO - [2025-06-02T15:57:14.389+0000] {dagbag.py:539} INFO - Filling up the DagBag from /opt/airflow/dags/google_scraper/processador/processar_relevantes_airflow.py
[2025-06-02T15:57:14.639+0000] {logging_mixin.py:151} INFO - Error importing required modules: No module named 'newspaper'
[2025-06-02T16:35:57.374+0000] {processor.py:161} INFO - Started process (PID=181) to work on /opt/airflow/dags/google_scraper/processador/processar_relevantes_airflow.py
[2025-06-02T16:35:57.375+0000] {processor.py:830} INFO - Processing file /opt/airflow/dags/google_scraper/processador/processar_relevantes_airflow.py for tasks to queue
[2025-06-02T16:35:57.376+0000] {logging_mixin.py:188} INFO - [2025-06-02T16:35:57.376+0000] {dagbag.py:538} INFO - Filling up the DagBag from /opt/airflow/dags/google_scraper/processador/processar_relevantes_airflow.py
[2025-06-02T16:35:58.214+0000] {logging_mixin.py:188} INFO - [2025-06-02T16:35:58.213+0000] {dagbag.py:348} ERROR - Failed to import: /opt/airflow/dags/google_scraper/processador/processar_relevantes_airflow.py
Traceback (most recent call last):
  File "/home/airflow/.local/lib/python3.9/site-packages/airflow/models/dagbag.py", line 344, in parse
    loader.exec_module(new_module)
  File "<frozen importlib._bootstrap_external>", line 850, in exec_module
  File "<frozen importlib._bootstrap>", line 228, in _call_with_frames_removed
  File "/opt/airflow/dags/google_scraper/processador/processar_relevantes_airflow.py", line 33, in <module>
    from utils.helpers import carregar_paroquias_com_municipios, load_keywords, carregar_dicofreg, guardar_csv_incremental, detect_municipality
  File "/opt/airflow/dags/google_scraper/utils/helpers.py", line 20, in <module>
    from extracao.normalizador import (
  File "/opt/airflow/dags/google_scraper/extracao/normalizador.py", line 100, in <module>
    def extract_event_hour(text: str) -> str | None:
TypeError: unsupported operand type(s) for |: 'type' and 'NoneType'
[2025-06-02T16:35:58.214+0000] {processor.py:842} WARNING - No viable dags retrieved from /opt/airflow/dags/google_scraper/processador/processar_relevantes_airflow.py
[2025-06-02T16:35:58.225+0000] {processor.py:183} INFO - Processing /opt/airflow/dags/google_scraper/processador/processar_relevantes_airflow.py took 0.853 seconds
[2025-06-02T16:36:58.611+0000] {processor.py:161} INFO - Started process (PID=254) to work on /opt/airflow/dags/google_scraper/processador/processar_relevantes_airflow.py
[2025-06-02T16:36:58.612+0000] {processor.py:830} INFO - Processing file /opt/airflow/dags/google_scraper/processador/processar_relevantes_airflow.py for tasks to queue
[2025-06-02T16:36:58.613+0000] {logging_mixin.py:188} INFO - [2025-06-02T16:36:58.612+0000] {dagbag.py:538} INFO - Filling up the DagBag from /opt/airflow/dags/google_scraper/processador/processar_relevantes_airflow.py
[2025-06-02T16:36:59.577+0000] {logging_mixin.py:188} INFO - [2025-06-02T16:36:59.573+0000] {dagbag.py:348} ERROR - Failed to import: /opt/airflow/dags/google_scraper/processador/processar_relevantes_airflow.py
Traceback (most recent call last):
  File "/home/airflow/.local/lib/python3.9/site-packages/airflow/models/dagbag.py", line 344, in parse
    loader.exec_module(new_module)
  File "<frozen importlib._bootstrap_external>", line 850, in exec_module
  File "<frozen importlib._bootstrap>", line 228, in _call_with_frames_removed
  File "/opt/airflow/dags/google_scraper/processador/processar_relevantes_airflow.py", line 33, in <module>
    from utils.helpers import carregar_paroquias_com_municipios, load_keywords, carregar_dicofreg, guardar_csv_incremental, detect_municipality
  File "/opt/airflow/dags/google_scraper/utils/helpers.py", line 20, in <module>
    from extracao.normalizador import (
  File "/opt/airflow/dags/google_scraper/extracao/normalizador.py", line 100, in <module>
    def extract_event_hour(text: str) -> str | None:
TypeError: unsupported operand type(s) for |: 'type' and 'NoneType'
[2025-06-02T16:36:59.578+0000] {processor.py:842} WARNING - No viable dags retrieved from /opt/airflow/dags/google_scraper/processador/processar_relevantes_airflow.py
[2025-06-02T16:36:59.605+0000] {processor.py:183} INFO - Processing /opt/airflow/dags/google_scraper/processador/processar_relevantes_airflow.py took 0.996 seconds
[2025-06-02T16:38:00.240+0000] {processor.py:161} INFO - Started process (PID=647) to work on /opt/airflow/dags/google_scraper/processador/processar_relevantes_airflow.py
[2025-06-02T16:38:00.241+0000] {processor.py:830} INFO - Processing file /opt/airflow/dags/google_scraper/processador/processar_relevantes_airflow.py for tasks to queue
[2025-06-02T16:38:00.242+0000] {logging_mixin.py:188} INFO - [2025-06-02T16:38:00.241+0000] {dagbag.py:538} INFO - Filling up the DagBag from /opt/airflow/dags/google_scraper/processador/processar_relevantes_airflow.py
[2025-06-02T16:38:00.936+0000] {logging_mixin.py:188} INFO - [2025-06-02T16:38:00.934+0000] {dagbag.py:348} ERROR - Failed to import: /opt/airflow/dags/google_scraper/processador/processar_relevantes_airflow.py
Traceback (most recent call last):
  File "/home/airflow/.local/lib/python3.9/site-packages/airflow/models/dagbag.py", line 344, in parse
    loader.exec_module(new_module)
  File "<frozen importlib._bootstrap_external>", line 850, in exec_module
  File "<frozen importlib._bootstrap>", line 228, in _call_with_frames_removed
  File "/opt/airflow/dags/google_scraper/processador/processar_relevantes_airflow.py", line 33, in <module>
    from utils.helpers import carregar_paroquias_com_municipios, load_keywords, carregar_dicofreg, guardar_csv_incremental, detect_municipality
  File "/opt/airflow/dags/google_scraper/utils/helpers.py", line 20, in <module>
    from extracao.normalizador import (
  File "/opt/airflow/dags/google_scraper/extracao/normalizador.py", line 100, in <module>
    def extract_event_hour(text: str) -> str | None:
TypeError: unsupported operand type(s) for |: 'type' and 'NoneType'
[2025-06-02T16:38:00.937+0000] {processor.py:842} WARNING - No viable dags retrieved from /opt/airflow/dags/google_scraper/processador/processar_relevantes_airflow.py
[2025-06-02T16:38:00.947+0000] {processor.py:183} INFO - Processing /opt/airflow/dags/google_scraper/processador/processar_relevantes_airflow.py took 0.709 seconds
[2025-06-02T16:39:01.226+0000] {processor.py:161} INFO - Started process (PID=722) to work on /opt/airflow/dags/google_scraper/processador/processar_relevantes_airflow.py
[2025-06-02T16:39:01.227+0000] {processor.py:830} INFO - Processing file /opt/airflow/dags/google_scraper/processador/processar_relevantes_airflow.py for tasks to queue
[2025-06-02T16:39:01.228+0000] {logging_mixin.py:188} INFO - [2025-06-02T16:39:01.227+0000] {dagbag.py:538} INFO - Filling up the DagBag from /opt/airflow/dags/google_scraper/processador/processar_relevantes_airflow.py
[2025-06-02T16:39:01.952+0000] {logging_mixin.py:188} INFO - [2025-06-02T16:39:01.949+0000] {dagbag.py:348} ERROR - Failed to import: /opt/airflow/dags/google_scraper/processador/processar_relevantes_airflow.py
Traceback (most recent call last):
  File "/home/airflow/.local/lib/python3.9/site-packages/airflow/models/dagbag.py", line 344, in parse
    loader.exec_module(new_module)
  File "<frozen importlib._bootstrap_external>", line 850, in exec_module
  File "<frozen importlib._bootstrap>", line 228, in _call_with_frames_removed
  File "/opt/airflow/dags/google_scraper/processador/processar_relevantes_airflow.py", line 33, in <module>
    from utils.helpers import carregar_paroquias_com_municipios, load_keywords, carregar_dicofreg, guardar_csv_incremental, detect_municipality
  File "/opt/airflow/dags/google_scraper/utils/helpers.py", line 20, in <module>
    from extracao.normalizador import (
  File "/opt/airflow/dags/google_scraper/extracao/normalizador.py", line 100, in <module>
    def extract_event_hour(text: str) -> str | None:
TypeError: unsupported operand type(s) for |: 'type' and 'NoneType'
[2025-06-02T16:39:01.955+0000] {processor.py:842} WARNING - No viable dags retrieved from /opt/airflow/dags/google_scraper/processador/processar_relevantes_airflow.py
[2025-06-02T16:39:01.963+0000] {processor.py:183} INFO - Processing /opt/airflow/dags/google_scraper/processador/processar_relevantes_airflow.py took 0.739 seconds
[2025-06-02T16:44:00.397+0000] {processor.py:161} INFO - Started process (PID=226) to work on /opt/airflow/dags/google_scraper/processador/processar_relevantes_airflow.py
[2025-06-02T16:44:00.398+0000] {processor.py:830} INFO - Processing file /opt/airflow/dags/google_scraper/processador/processar_relevantes_airflow.py for tasks to queue
[2025-06-02T16:44:00.399+0000] {logging_mixin.py:188} INFO - [2025-06-02T16:44:00.399+0000] {dagbag.py:538} INFO - Filling up the DagBag from /opt/airflow/dags/google_scraper/processador/processar_relevantes_airflow.py
[2025-06-02T16:44:01.335+0000] {logging_mixin.py:188} INFO - [2025-06-02T16:44:01.327+0000] {dagbag.py:348} ERROR - Failed to import: /opt/airflow/dags/google_scraper/processador/processar_relevantes_airflow.py
Traceback (most recent call last):
  File "/home/airflow/.local/lib/python3.9/site-packages/airflow/models/dagbag.py", line 344, in parse
    loader.exec_module(new_module)
  File "<frozen importlib._bootstrap_external>", line 850, in exec_module
  File "<frozen importlib._bootstrap>", line 228, in _call_with_frames_removed
  File "/opt/airflow/dags/google_scraper/processador/processar_relevantes_airflow.py", line 33, in <module>
    from utils.helpers import carregar_paroquias_com_municipios, load_keywords, carregar_dicofreg, guardar_csv_incremental, detect_municipality
  File "/opt/airflow/dags/google_scraper/utils/helpers.py", line 20, in <module>
    from extracao.normalizador import (
  File "/opt/airflow/dags/google_scraper/extracao/normalizador.py", line 100, in <module>
    def extract_event_hour(text: str) -> str | None:
TypeError: unsupported operand type(s) for |: 'type' and 'NoneType'
[2025-06-02T16:44:01.336+0000] {processor.py:842} WARNING - No viable dags retrieved from /opt/airflow/dags/google_scraper/processador/processar_relevantes_airflow.py
[2025-06-02T16:44:01.364+0000] {processor.py:183} INFO - Processing /opt/airflow/dags/google_scraper/processador/processar_relevantes_airflow.py took 0.970 seconds
[2025-06-02T16:45:01.746+0000] {processor.py:161} INFO - Started process (PID=491) to work on /opt/airflow/dags/google_scraper/processador/processar_relevantes_airflow.py
[2025-06-02T16:45:01.747+0000] {processor.py:830} INFO - Processing file /opt/airflow/dags/google_scraper/processador/processar_relevantes_airflow.py for tasks to queue
[2025-06-02T16:45:01.748+0000] {logging_mixin.py:188} INFO - [2025-06-02T16:45:01.748+0000] {dagbag.py:538} INFO - Filling up the DagBag from /opt/airflow/dags/google_scraper/processador/processar_relevantes_airflow.py
[2025-06-02T16:45:02.443+0000] {logging_mixin.py:188} INFO - [2025-06-02T16:45:02.443+0000] {dagbag.py:348} ERROR - Failed to import: /opt/airflow/dags/google_scraper/processador/processar_relevantes_airflow.py
Traceback (most recent call last):
  File "/home/airflow/.local/lib/python3.9/site-packages/airflow/models/dagbag.py", line 344, in parse
    loader.exec_module(new_module)
  File "<frozen importlib._bootstrap_external>", line 850, in exec_module
  File "<frozen importlib._bootstrap>", line 228, in _call_with_frames_removed
  File "/opt/airflow/dags/google_scraper/processador/processar_relevantes_airflow.py", line 33, in <module>
    from utils.helpers import carregar_paroquias_com_municipios, load_keywords, carregar_dicofreg, guardar_csv_incremental, detect_municipality
  File "/opt/airflow/dags/google_scraper/utils/helpers.py", line 20, in <module>
    from extracao.normalizador import (
  File "/opt/airflow/dags/google_scraper/extracao/normalizador.py", line 100, in <module>
    def extract_event_hour(text: str) -> str | None:
TypeError: unsupported operand type(s) for |: 'type' and 'NoneType'
[2025-06-02T16:45:02.445+0000] {processor.py:842} WARNING - No viable dags retrieved from /opt/airflow/dags/google_scraper/processador/processar_relevantes_airflow.py
[2025-06-02T16:45:02.458+0000] {processor.py:183} INFO - Processing /opt/airflow/dags/google_scraper/processador/processar_relevantes_airflow.py took 0.714 seconds
[2025-06-02T16:46:02.981+0000] {processor.py:161} INFO - Started process (PID=719) to work on /opt/airflow/dags/google_scraper/processador/processar_relevantes_airflow.py
[2025-06-02T16:46:02.981+0000] {processor.py:830} INFO - Processing file /opt/airflow/dags/google_scraper/processador/processar_relevantes_airflow.py for tasks to queue
[2025-06-02T16:46:02.982+0000] {logging_mixin.py:188} INFO - [2025-06-02T16:46:02.982+0000] {dagbag.py:538} INFO - Filling up the DagBag from /opt/airflow/dags/google_scraper/processador/processar_relevantes_airflow.py
[2025-06-02T16:46:03.746+0000] {logging_mixin.py:188} INFO - [2025-06-02T16:46:03.745+0000] {dagbag.py:348} ERROR - Failed to import: /opt/airflow/dags/google_scraper/processador/processar_relevantes_airflow.py
Traceback (most recent call last):
  File "/home/airflow/.local/lib/python3.9/site-packages/airflow/models/dagbag.py", line 344, in parse
    loader.exec_module(new_module)
  File "<frozen importlib._bootstrap_external>", line 850, in exec_module
  File "<frozen importlib._bootstrap>", line 228, in _call_with_frames_removed
  File "/opt/airflow/dags/google_scraper/processador/processar_relevantes_airflow.py", line 33, in <module>
    from utils.helpers import carregar_paroquias_com_municipios, load_keywords, carregar_dicofreg, guardar_csv_incremental, detect_municipality
  File "/opt/airflow/dags/google_scraper/utils/helpers.py", line 20, in <module>
    from extracao.normalizador import (
  File "/opt/airflow/dags/google_scraper/extracao/normalizador.py", line 100, in <module>
    def extract_event_hour(text: str) -> str | None:
TypeError: unsupported operand type(s) for |: 'type' and 'NoneType'
[2025-06-02T16:46:03.746+0000] {processor.py:842} WARNING - No viable dags retrieved from /opt/airflow/dags/google_scraper/processador/processar_relevantes_airflow.py
[2025-06-02T16:46:03.761+0000] {processor.py:183} INFO - Processing /opt/airflow/dags/google_scraper/processador/processar_relevantes_airflow.py took 0.783 seconds
[2025-06-02T16:47:04.188+0000] {processor.py:161} INFO - Started process (PID=793) to work on /opt/airflow/dags/google_scraper/processador/processar_relevantes_airflow.py
[2025-06-02T16:47:04.189+0000] {processor.py:830} INFO - Processing file /opt/airflow/dags/google_scraper/processador/processar_relevantes_airflow.py for tasks to queue
[2025-06-02T16:47:04.190+0000] {logging_mixin.py:188} INFO - [2025-06-02T16:47:04.189+0000] {dagbag.py:538} INFO - Filling up the DagBag from /opt/airflow/dags/google_scraper/processador/processar_relevantes_airflow.py
[2025-06-02T16:47:04.951+0000] {logging_mixin.py:188} INFO - [2025-06-02T16:47:04.951+0000] {dagbag.py:348} ERROR - Failed to import: /opt/airflow/dags/google_scraper/processador/processar_relevantes_airflow.py
Traceback (most recent call last):
  File "/home/airflow/.local/lib/python3.9/site-packages/airflow/models/dagbag.py", line 344, in parse
    loader.exec_module(new_module)
  File "<frozen importlib._bootstrap_external>", line 850, in exec_module
  File "<frozen importlib._bootstrap>", line 228, in _call_with_frames_removed
  File "/opt/airflow/dags/google_scraper/processador/processar_relevantes_airflow.py", line 33, in <module>
    from utils.helpers import carregar_paroquias_com_municipios, load_keywords, carregar_dicofreg, guardar_csv_incremental, detect_municipality
  File "/opt/airflow/dags/google_scraper/utils/helpers.py", line 20, in <module>
    from extracao.normalizador import (
  File "/opt/airflow/dags/google_scraper/extracao/normalizador.py", line 100, in <module>
    def extract_event_hour(text: str) -> str | None:
TypeError: unsupported operand type(s) for |: 'type' and 'NoneType'
[2025-06-02T16:47:04.952+0000] {processor.py:842} WARNING - No viable dags retrieved from /opt/airflow/dags/google_scraper/processador/processar_relevantes_airflow.py
[2025-06-02T16:47:04.966+0000] {processor.py:183} INFO - Processing /opt/airflow/dags/google_scraper/processador/processar_relevantes_airflow.py took 0.780 seconds
[2025-06-02T16:48:05.365+0000] {processor.py:161} INFO - Started process (PID=867) to work on /opt/airflow/dags/google_scraper/processador/processar_relevantes_airflow.py
[2025-06-02T16:48:05.366+0000] {processor.py:830} INFO - Processing file /opt/airflow/dags/google_scraper/processador/processar_relevantes_airflow.py for tasks to queue
[2025-06-02T16:48:05.366+0000] {logging_mixin.py:188} INFO - [2025-06-02T16:48:05.366+0000] {dagbag.py:538} INFO - Filling up the DagBag from /opt/airflow/dags/google_scraper/processador/processar_relevantes_airflow.py
[2025-06-02T16:48:06.051+0000] {logging_mixin.py:188} INFO - [2025-06-02T16:48:06.050+0000] {dagbag.py:348} ERROR - Failed to import: /opt/airflow/dags/google_scraper/processador/processar_relevantes_airflow.py
Traceback (most recent call last):
  File "/home/airflow/.local/lib/python3.9/site-packages/airflow/models/dagbag.py", line 344, in parse
    loader.exec_module(new_module)
  File "<frozen importlib._bootstrap_external>", line 850, in exec_module
  File "<frozen importlib._bootstrap>", line 228, in _call_with_frames_removed
  File "/opt/airflow/dags/google_scraper/processador/processar_relevantes_airflow.py", line 33, in <module>
    from utils.helpers import carregar_paroquias_com_municipios, load_keywords, carregar_dicofreg, guardar_csv_incremental, detect_municipality
  File "/opt/airflow/dags/google_scraper/utils/helpers.py", line 20, in <module>
    from extracao.normalizador import (
  File "/opt/airflow/dags/google_scraper/extracao/normalizador.py", line 100, in <module>
    def extract_event_hour(text: str) -> str | None:
TypeError: unsupported operand type(s) for |: 'type' and 'NoneType'
[2025-06-02T16:48:06.051+0000] {processor.py:842} WARNING - No viable dags retrieved from /opt/airflow/dags/google_scraper/processador/processar_relevantes_airflow.py
[2025-06-02T16:48:06.060+0000] {processor.py:183} INFO - Processing /opt/airflow/dags/google_scraper/processador/processar_relevantes_airflow.py took 0.697 seconds
[2025-06-02T16:51:24.719+0000] {processor.py:161} INFO - Started process (PID=208) to work on /opt/airflow/dags/google_scraper/processador/processar_relevantes_airflow.py
[2025-06-02T16:51:24.722+0000] {processor.py:830} INFO - Processing file /opt/airflow/dags/google_scraper/processador/processar_relevantes_airflow.py for tasks to queue
[2025-06-02T16:51:24.723+0000] {logging_mixin.py:188} INFO - [2025-06-02T16:51:24.723+0000] {dagbag.py:538} INFO - Filling up the DagBag from /opt/airflow/dags/google_scraper/processador/processar_relevantes_airflow.py
[2025-06-02T16:51:25.951+0000] {logging_mixin.py:188} INFO - [2025-06-02T16:51:25.950+0000] {dagbag.py:348} ERROR - Failed to import: /opt/airflow/dags/google_scraper/processador/processar_relevantes_airflow.py
Traceback (most recent call last):
  File "/home/airflow/.local/lib/python3.9/site-packages/airflow/models/dagbag.py", line 344, in parse
    loader.exec_module(new_module)
  File "<frozen importlib._bootstrap_external>", line 850, in exec_module
  File "<frozen importlib._bootstrap>", line 228, in _call_with_frames_removed
  File "/opt/airflow/dags/google_scraper/processador/processar_relevantes_airflow.py", line 33, in <module>
    from utils.helpers import carregar_paroquias_com_municipios, load_keywords, carregar_dicofreg, guardar_csv_incremental, detect_municipality
  File "/opt/airflow/dags/google_scraper/utils/helpers.py", line 20, in <module>
    from extracao.normalizador import (
  File "/opt/airflow/dags/google_scraper/extracao/normalizador.py", line 100, in <module>
    def extract_event_hour(text: str) -> str | None:
TypeError: unsupported operand type(s) for |: 'type' and 'NoneType'
[2025-06-02T16:51:25.951+0000] {processor.py:842} WARNING - No viable dags retrieved from /opt/airflow/dags/google_scraper/processador/processar_relevantes_airflow.py
[2025-06-02T16:51:25.975+0000] {processor.py:183} INFO - Processing /opt/airflow/dags/google_scraper/processador/processar_relevantes_airflow.py took 1.258 seconds
[2025-06-02T16:52:26.466+0000] {processor.py:161} INFO - Started process (PID=458) to work on /opt/airflow/dags/google_scraper/processador/processar_relevantes_airflow.py
[2025-06-02T16:52:26.467+0000] {processor.py:830} INFO - Processing file /opt/airflow/dags/google_scraper/processador/processar_relevantes_airflow.py for tasks to queue
[2025-06-02T16:52:26.468+0000] {logging_mixin.py:188} INFO - [2025-06-02T16:52:26.468+0000] {dagbag.py:538} INFO - Filling up the DagBag from /opt/airflow/dags/google_scraper/processador/processar_relevantes_airflow.py
[2025-06-02T16:52:27.364+0000] {logging_mixin.py:188} INFO - [2025-06-02T16:52:27.363+0000] {dagbag.py:348} ERROR - Failed to import: /opt/airflow/dags/google_scraper/processador/processar_relevantes_airflow.py
Traceback (most recent call last):
  File "/home/airflow/.local/lib/python3.9/site-packages/airflow/models/dagbag.py", line 344, in parse
    loader.exec_module(new_module)
  File "<frozen importlib._bootstrap_external>", line 850, in exec_module
  File "<frozen importlib._bootstrap>", line 228, in _call_with_frames_removed
  File "/opt/airflow/dags/google_scraper/processador/processar_relevantes_airflow.py", line 33, in <module>
    from utils.helpers import carregar_paroquias_com_municipios, load_keywords, carregar_dicofreg, guardar_csv_incremental, detect_municipality
  File "/opt/airflow/dags/google_scraper/utils/helpers.py", line 20, in <module>
    from extracao.normalizador import (
  File "/opt/airflow/dags/google_scraper/extracao/normalizador.py", line 100, in <module>
    def extract_event_hour(text: str) -> str | None:
TypeError: unsupported operand type(s) for |: 'type' and 'NoneType'
[2025-06-02T16:52:27.365+0000] {processor.py:842} WARNING - No viable dags retrieved from /opt/airflow/dags/google_scraper/processador/processar_relevantes_airflow.py
[2025-06-02T16:52:27.374+0000] {processor.py:183} INFO - Processing /opt/airflow/dags/google_scraper/processador/processar_relevantes_airflow.py took 0.910 seconds
[2025-06-02T16:53:27.888+0000] {processor.py:161} INFO - Started process (PID=544) to work on /opt/airflow/dags/google_scraper/processador/processar_relevantes_airflow.py
[2025-06-02T16:53:27.889+0000] {processor.py:830} INFO - Processing file /opt/airflow/dags/google_scraper/processador/processar_relevantes_airflow.py for tasks to queue
[2025-06-02T16:53:27.890+0000] {logging_mixin.py:188} INFO - [2025-06-02T16:53:27.890+0000] {dagbag.py:538} INFO - Filling up the DagBag from /opt/airflow/dags/google_scraper/processador/processar_relevantes_airflow.py
[2025-06-02T16:53:28.557+0000] {logging_mixin.py:188} INFO - [2025-06-02T16:53:28.556+0000] {dagbag.py:348} ERROR - Failed to import: /opt/airflow/dags/google_scraper/processador/processar_relevantes_airflow.py
Traceback (most recent call last):
  File "/home/airflow/.local/lib/python3.9/site-packages/airflow/models/dagbag.py", line 344, in parse
    loader.exec_module(new_module)
  File "<frozen importlib._bootstrap_external>", line 850, in exec_module
  File "<frozen importlib._bootstrap>", line 228, in _call_with_frames_removed
  File "/opt/airflow/dags/google_scraper/processador/processar_relevantes_airflow.py", line 33, in <module>
    from utils.helpers import carregar_paroquias_com_municipios, load_keywords, carregar_dicofreg, guardar_csv_incremental, detect_municipality
  File "/opt/airflow/dags/google_scraper/utils/helpers.py", line 20, in <module>
    from extracao.normalizador import (
  File "/opt/airflow/dags/google_scraper/extracao/normalizador.py", line 100, in <module>
    def extract_event_hour(text: str) -> str | None:
TypeError: unsupported operand type(s) for |: 'type' and 'NoneType'
[2025-06-02T16:53:28.557+0000] {processor.py:842} WARNING - No viable dags retrieved from /opt/airflow/dags/google_scraper/processador/processar_relevantes_airflow.py
[2025-06-02T16:53:28.566+0000] {processor.py:183} INFO - Processing /opt/airflow/dags/google_scraper/processador/processar_relevantes_airflow.py took 0.680 seconds
[2025-06-02T16:54:28.795+0000] {processor.py:161} INFO - Started process (PID=643) to work on /opt/airflow/dags/google_scraper/processador/processar_relevantes_airflow.py
[2025-06-02T16:54:28.796+0000] {processor.py:830} INFO - Processing file /opt/airflow/dags/google_scraper/processador/processar_relevantes_airflow.py for tasks to queue
[2025-06-02T16:54:28.796+0000] {logging_mixin.py:188} INFO - [2025-06-02T16:54:28.796+0000] {dagbag.py:538} INFO - Filling up the DagBag from /opt/airflow/dags/google_scraper/processador/processar_relevantes_airflow.py
[2025-06-02T16:54:29.456+0000] {logging_mixin.py:188} INFO - [2025-06-02T16:54:29.455+0000] {dagbag.py:348} ERROR - Failed to import: /opt/airflow/dags/google_scraper/processador/processar_relevantes_airflow.py
Traceback (most recent call last):
  File "/home/airflow/.local/lib/python3.9/site-packages/airflow/models/dagbag.py", line 344, in parse
    loader.exec_module(new_module)
  File "<frozen importlib._bootstrap_external>", line 850, in exec_module
  File "<frozen importlib._bootstrap>", line 228, in _call_with_frames_removed
  File "/opt/airflow/dags/google_scraper/processador/processar_relevantes_airflow.py", line 33, in <module>
    from utils.helpers import carregar_paroquias_com_municipios, load_keywords, carregar_dicofreg, guardar_csv_incremental, detect_municipality
  File "/opt/airflow/dags/google_scraper/utils/helpers.py", line 20, in <module>
    from extracao.normalizador import (
  File "/opt/airflow/dags/google_scraper/extracao/normalizador.py", line 100, in <module>
    def extract_event_hour(text: str) -> str | None:
TypeError: unsupported operand type(s) for |: 'type' and 'NoneType'
[2025-06-02T16:54:29.456+0000] {processor.py:842} WARNING - No viable dags retrieved from /opt/airflow/dags/google_scraper/processador/processar_relevantes_airflow.py
[2025-06-02T16:54:29.465+0000] {processor.py:183} INFO - Processing /opt/airflow/dags/google_scraper/processador/processar_relevantes_airflow.py took 0.672 seconds
[2025-06-02T16:55:29.658+0000] {processor.py:161} INFO - Started process (PID=719) to work on /opt/airflow/dags/google_scraper/processador/processar_relevantes_airflow.py
[2025-06-02T16:55:29.660+0000] {processor.py:830} INFO - Processing file /opt/airflow/dags/google_scraper/processador/processar_relevantes_airflow.py for tasks to queue
[2025-06-02T16:55:29.661+0000] {logging_mixin.py:188} INFO - [2025-06-02T16:55:29.660+0000] {dagbag.py:538} INFO - Filling up the DagBag from /opt/airflow/dags/google_scraper/processador/processar_relevantes_airflow.py
[2025-06-02T16:55:30.470+0000] {logging_mixin.py:188} INFO - [2025-06-02T16:55:30.469+0000] {dagbag.py:348} ERROR - Failed to import: /opt/airflow/dags/google_scraper/processador/processar_relevantes_airflow.py
Traceback (most recent call last):
  File "/home/airflow/.local/lib/python3.9/site-packages/airflow/models/dagbag.py", line 344, in parse
    loader.exec_module(new_module)
  File "<frozen importlib._bootstrap_external>", line 850, in exec_module
  File "<frozen importlib._bootstrap>", line 228, in _call_with_frames_removed
  File "/opt/airflow/dags/google_scraper/processador/processar_relevantes_airflow.py", line 33, in <module>
    from utils.helpers import carregar_paroquias_com_municipios, load_keywords, carregar_dicofreg, guardar_csv_incremental, detect_municipality
  File "/opt/airflow/dags/google_scraper/utils/helpers.py", line 20, in <module>
    from extracao.normalizador import (
  File "/opt/airflow/dags/google_scraper/extracao/normalizador.py", line 100, in <module>
    def extract_event_hour(text: str) -> str | None:
TypeError: unsupported operand type(s) for |: 'type' and 'NoneType'
[2025-06-02T16:55:30.470+0000] {processor.py:842} WARNING - No viable dags retrieved from /opt/airflow/dags/google_scraper/processador/processar_relevantes_airflow.py
[2025-06-02T16:55:30.479+0000] {processor.py:183} INFO - Processing /opt/airflow/dags/google_scraper/processador/processar_relevantes_airflow.py took 0.823 seconds
[2025-06-02T17:03:23.635+0000] {processor.py:161} INFO - Started process (PID=310) to work on /opt/airflow/dags/google_scraper/processador/processar_relevantes_airflow.py
[2025-06-02T17:03:23.636+0000] {processor.py:830} INFO - Processing file /opt/airflow/dags/google_scraper/processador/processar_relevantes_airflow.py for tasks to queue
[2025-06-02T17:03:23.636+0000] {logging_mixin.py:188} INFO - [2025-06-02T17:03:23.636+0000] {dagbag.py:538} INFO - Filling up the DagBag from /opt/airflow/dags/google_scraper/processador/processar_relevantes_airflow.py
[2025-06-02T17:03:24.493+0000] {processor.py:842} WARNING - No viable dags retrieved from /opt/airflow/dags/google_scraper/processador/processar_relevantes_airflow.py
[2025-06-02T17:03:24.506+0000] {processor.py:183} INFO - Processing /opt/airflow/dags/google_scraper/processador/processar_relevantes_airflow.py took 0.874 seconds
[2025-06-02T17:04:24.852+0000] {processor.py:161} INFO - Started process (PID=423) to work on /opt/airflow/dags/google_scraper/processador/processar_relevantes_airflow.py
[2025-06-02T17:04:24.853+0000] {processor.py:830} INFO - Processing file /opt/airflow/dags/google_scraper/processador/processar_relevantes_airflow.py for tasks to queue
[2025-06-02T17:04:24.853+0000] {logging_mixin.py:188} INFO - [2025-06-02T17:04:24.853+0000] {dagbag.py:538} INFO - Filling up the DagBag from /opt/airflow/dags/google_scraper/processador/processar_relevantes_airflow.py
[2025-06-02T17:04:25.578+0000] {processor.py:842} WARNING - No viable dags retrieved from /opt/airflow/dags/google_scraper/processador/processar_relevantes_airflow.py
[2025-06-02T17:04:25.585+0000] {processor.py:183} INFO - Processing /opt/airflow/dags/google_scraper/processador/processar_relevantes_airflow.py took 0.734 seconds
[2025-06-02T17:05:25.910+0000] {processor.py:161} INFO - Started process (PID=520) to work on /opt/airflow/dags/google_scraper/processador/processar_relevantes_airflow.py
[2025-06-02T17:05:25.910+0000] {processor.py:830} INFO - Processing file /opt/airflow/dags/google_scraper/processador/processar_relevantes_airflow.py for tasks to queue
[2025-06-02T17:05:25.911+0000] {logging_mixin.py:188} INFO - [2025-06-02T17:05:25.910+0000] {dagbag.py:538} INFO - Filling up the DagBag from /opt/airflow/dags/google_scraper/processador/processar_relevantes_airflow.py
[2025-06-02T17:05:26.591+0000] {processor.py:842} WARNING - No viable dags retrieved from /opt/airflow/dags/google_scraper/processador/processar_relevantes_airflow.py
[2025-06-02T17:05:26.598+0000] {processor.py:183} INFO - Processing /opt/airflow/dags/google_scraper/processador/processar_relevantes_airflow.py took 0.690 seconds
[2025-06-02T17:06:26.921+0000] {processor.py:161} INFO - Started process (PID=594) to work on /opt/airflow/dags/google_scraper/processador/processar_relevantes_airflow.py
[2025-06-02T17:06:26.923+0000] {processor.py:830} INFO - Processing file /opt/airflow/dags/google_scraper/processador/processar_relevantes_airflow.py for tasks to queue
[2025-06-02T17:06:26.923+0000] {logging_mixin.py:188} INFO - [2025-06-02T17:06:26.923+0000] {dagbag.py:538} INFO - Filling up the DagBag from /opt/airflow/dags/google_scraper/processador/processar_relevantes_airflow.py
[2025-06-02T17:06:27.567+0000] {processor.py:842} WARNING - No viable dags retrieved from /opt/airflow/dags/google_scraper/processador/processar_relevantes_airflow.py
[2025-06-02T17:06:27.577+0000] {processor.py:183} INFO - Processing /opt/airflow/dags/google_scraper/processador/processar_relevantes_airflow.py took 0.658 seconds
[2025-06-02T17:07:27.855+0000] {processor.py:161} INFO - Started process (PID=668) to work on /opt/airflow/dags/google_scraper/processador/processar_relevantes_airflow.py
[2025-06-02T17:07:27.856+0000] {processor.py:830} INFO - Processing file /opt/airflow/dags/google_scraper/processador/processar_relevantes_airflow.py for tasks to queue
[2025-06-02T17:07:27.857+0000] {logging_mixin.py:188} INFO - [2025-06-02T17:07:27.857+0000] {dagbag.py:538} INFO - Filling up the DagBag from /opt/airflow/dags/google_scraper/processador/processar_relevantes_airflow.py
[2025-06-02T17:07:28.546+0000] {processor.py:842} WARNING - No viable dags retrieved from /opt/airflow/dags/google_scraper/processador/processar_relevantes_airflow.py
[2025-06-02T17:07:28.554+0000] {processor.py:183} INFO - Processing /opt/airflow/dags/google_scraper/processador/processar_relevantes_airflow.py took 0.701 seconds
[2025-06-02T17:08:29.126+0000] {processor.py:161} INFO - Started process (PID=741) to work on /opt/airflow/dags/google_scraper/processador/processar_relevantes_airflow.py
[2025-06-02T17:08:29.128+0000] {processor.py:830} INFO - Processing file /opt/airflow/dags/google_scraper/processador/processar_relevantes_airflow.py for tasks to queue
[2025-06-02T17:08:29.131+0000] {logging_mixin.py:188} INFO - [2025-06-02T17:08:29.130+0000] {dagbag.py:538} INFO - Filling up the DagBag from /opt/airflow/dags/google_scraper/processador/processar_relevantes_airflow.py
[2025-06-02T17:08:29.881+0000] {processor.py:842} WARNING - No viable dags retrieved from /opt/airflow/dags/google_scraper/processador/processar_relevantes_airflow.py
[2025-06-02T17:08:29.891+0000] {processor.py:183} INFO - Processing /opt/airflow/dags/google_scraper/processador/processar_relevantes_airflow.py took 0.767 seconds
[2025-06-02T17:09:30.394+0000] {processor.py:161} INFO - Started process (PID=830) to work on /opt/airflow/dags/google_scraper/processador/processar_relevantes_airflow.py
[2025-06-02T17:09:30.395+0000] {processor.py:830} INFO - Processing file /opt/airflow/dags/google_scraper/processador/processar_relevantes_airflow.py for tasks to queue
[2025-06-02T17:09:30.396+0000] {logging_mixin.py:188} INFO - [2025-06-02T17:09:30.396+0000] {dagbag.py:538} INFO - Filling up the DagBag from /opt/airflow/dags/google_scraper/processador/processar_relevantes_airflow.py
[2025-06-02T17:09:31.508+0000] {processor.py:842} WARNING - No viable dags retrieved from /opt/airflow/dags/google_scraper/processador/processar_relevantes_airflow.py
[2025-06-02T17:09:31.516+0000] {processor.py:183} INFO - Processing /opt/airflow/dags/google_scraper/processador/processar_relevantes_airflow.py took 1.124 seconds
[2025-06-02T17:10:32.072+0000] {processor.py:161} INFO - Started process (PID=1039) to work on /opt/airflow/dags/google_scraper/processador/processar_relevantes_airflow.py
[2025-06-02T17:10:32.073+0000] {processor.py:830} INFO - Processing file /opt/airflow/dags/google_scraper/processador/processar_relevantes_airflow.py for tasks to queue
[2025-06-02T17:10:32.075+0000] {logging_mixin.py:188} INFO - [2025-06-02T17:10:32.074+0000] {dagbag.py:538} INFO - Filling up the DagBag from /opt/airflow/dags/google_scraper/processador/processar_relevantes_airflow.py
[2025-06-02T17:10:32.843+0000] {processor.py:842} WARNING - No viable dags retrieved from /opt/airflow/dags/google_scraper/processador/processar_relevantes_airflow.py
[2025-06-02T17:10:32.854+0000] {processor.py:183} INFO - Processing /opt/airflow/dags/google_scraper/processador/processar_relevantes_airflow.py took 0.785 seconds
[2025-06-02T17:11:35.814+0000] {processor.py:161} INFO - Started process (PID=1167) to work on /opt/airflow/dags/google_scraper/processador/processar_relevantes_airflow.py
[2025-06-02T17:11:35.818+0000] {processor.py:830} INFO - Processing file /opt/airflow/dags/google_scraper/processador/processar_relevantes_airflow.py for tasks to queue
[2025-06-02T17:11:35.821+0000] {logging_mixin.py:188} INFO - [2025-06-02T17:11:35.820+0000] {dagbag.py:538} INFO - Filling up the DagBag from /opt/airflow/dags/google_scraper/processador/processar_relevantes_airflow.py
[2025-06-02T17:11:40.454+0000] {processor.py:842} WARNING - No viable dags retrieved from /opt/airflow/dags/google_scraper/processador/processar_relevantes_airflow.py
[2025-06-02T17:11:40.482+0000] {processor.py:183} INFO - Processing /opt/airflow/dags/google_scraper/processador/processar_relevantes_airflow.py took 4.672 seconds
[2025-06-02T17:59:56.872+0000] {processor.py:161} INFO - Started process (PID=1210) to work on /opt/airflow/dags/google_scraper/processador/processar_relevantes_airflow.py
[2025-06-02T17:59:56.875+0000] {processor.py:830} INFO - Processing file /opt/airflow/dags/google_scraper/processador/processar_relevantes_airflow.py for tasks to queue
[2025-06-02T17:59:56.878+0000] {logging_mixin.py:188} INFO - [2025-06-02T17:59:56.878+0000] {dagbag.py:538} INFO - Filling up the DagBag from /opt/airflow/dags/google_scraper/processador/processar_relevantes_airflow.py
[2025-06-02T18:00:00.333+0000] {processor.py:842} WARNING - No viable dags retrieved from /opt/airflow/dags/google_scraper/processador/processar_relevantes_airflow.py
[2025-06-02T18:00:00.369+0000] {processor.py:183} INFO - Processing /opt/airflow/dags/google_scraper/processador/processar_relevantes_airflow.py took 3.509 seconds
[2025-06-02T18:34:23.226+0000] {processor.py:161} INFO - Started process (PID=1275) to work on /opt/airflow/dags/google_scraper/processador/processar_relevantes_airflow.py
[2025-06-02T18:34:23.228+0000] {processor.py:830} INFO - Processing file /opt/airflow/dags/google_scraper/processador/processar_relevantes_airflow.py for tasks to queue
[2025-06-02T18:34:23.230+0000] {logging_mixin.py:188} INFO - [2025-06-02T18:34:23.229+0000] {dagbag.py:538} INFO - Filling up the DagBag from /opt/airflow/dags/google_scraper/processador/processar_relevantes_airflow.py
[2025-06-02T18:34:27.243+0000] {processor.py:842} WARNING - No viable dags retrieved from /opt/airflow/dags/google_scraper/processador/processar_relevantes_airflow.py
[2025-06-02T18:34:27.268+0000] {processor.py:183} INFO - Processing /opt/airflow/dags/google_scraper/processador/processar_relevantes_airflow.py took 4.049 seconds
[2025-06-02T18:35:27.985+0000] {processor.py:161} INFO - Started process (PID=1371) to work on /opt/airflow/dags/google_scraper/processador/processar_relevantes_airflow.py
[2025-06-02T18:35:27.986+0000] {processor.py:830} INFO - Processing file /opt/airflow/dags/google_scraper/processador/processar_relevantes_airflow.py for tasks to queue
[2025-06-02T18:35:27.987+0000] {logging_mixin.py:188} INFO - [2025-06-02T18:35:27.987+0000] {dagbag.py:538} INFO - Filling up the DagBag from /opt/airflow/dags/google_scraper/processador/processar_relevantes_airflow.py
[2025-06-02T18:35:29.028+0000] {processor.py:842} WARNING - No viable dags retrieved from /opt/airflow/dags/google_scraper/processador/processar_relevantes_airflow.py
[2025-06-02T18:35:29.037+0000] {processor.py:183} INFO - Processing /opt/airflow/dags/google_scraper/processador/processar_relevantes_airflow.py took 1.055 seconds
[2025-06-02T18:36:29.419+0000] {processor.py:161} INFO - Started process (PID=1448) to work on /opt/airflow/dags/google_scraper/processador/processar_relevantes_airflow.py
[2025-06-02T18:36:29.420+0000] {processor.py:830} INFO - Processing file /opt/airflow/dags/google_scraper/processador/processar_relevantes_airflow.py for tasks to queue
[2025-06-02T18:36:29.421+0000] {logging_mixin.py:188} INFO - [2025-06-02T18:36:29.420+0000] {dagbag.py:538} INFO - Filling up the DagBag from /opt/airflow/dags/google_scraper/processador/processar_relevantes_airflow.py
[2025-06-02T18:36:30.479+0000] {processor.py:842} WARNING - No viable dags retrieved from /opt/airflow/dags/google_scraper/processador/processar_relevantes_airflow.py
[2025-06-02T18:36:30.488+0000] {processor.py:183} INFO - Processing /opt/airflow/dags/google_scraper/processador/processar_relevantes_airflow.py took 1.072 seconds
[2025-06-02T19:06:11.847+0000] {processor.py:161} INFO - Started process (PID=1502) to work on /opt/airflow/dags/google_scraper/processador/processar_relevantes_airflow.py
[2025-06-02T19:06:11.848+0000] {processor.py:830} INFO - Processing file /opt/airflow/dags/google_scraper/processador/processar_relevantes_airflow.py for tasks to queue
[2025-06-02T19:06:11.849+0000] {logging_mixin.py:188} INFO - [2025-06-02T19:06:11.849+0000] {dagbag.py:538} INFO - Filling up the DagBag from /opt/airflow/dags/google_scraper/processador/processar_relevantes_airflow.py
[2025-06-02T19:06:13.192+0000] {processor.py:842} WARNING - No viable dags retrieved from /opt/airflow/dags/google_scraper/processador/processar_relevantes_airflow.py
[2025-06-02T19:06:13.205+0000] {processor.py:183} INFO - Processing /opt/airflow/dags/google_scraper/processador/processar_relevantes_airflow.py took 1.361 seconds
[2025-06-02T19:08:36.993+0000] {processor.py:161} INFO - Started process (PID=1577) to work on /opt/airflow/dags/google_scraper/processador/processar_relevantes_airflow.py
[2025-06-02T19:08:36.997+0000] {processor.py:830} INFO - Processing file /opt/airflow/dags/google_scraper/processador/processar_relevantes_airflow.py for tasks to queue
[2025-06-02T19:08:36.999+0000] {logging_mixin.py:188} INFO - [2025-06-02T19:08:36.999+0000] {dagbag.py:538} INFO - Filling up the DagBag from /opt/airflow/dags/google_scraper/processador/processar_relevantes_airflow.py
[2025-06-02T19:08:39.742+0000] {processor.py:842} WARNING - No viable dags retrieved from /opt/airflow/dags/google_scraper/processador/processar_relevantes_airflow.py
[2025-06-02T19:08:39.767+0000] {processor.py:183} INFO - Processing /opt/airflow/dags/google_scraper/processador/processar_relevantes_airflow.py took 2.780 seconds
[2025-06-02T19:31:59.421+0000] {processor.py:161} INFO - Started process (PID=1668) to work on /opt/airflow/dags/google_scraper/processador/processar_relevantes_airflow.py
[2025-06-02T19:31:59.423+0000] {processor.py:830} INFO - Processing file /opt/airflow/dags/google_scraper/processador/processar_relevantes_airflow.py for tasks to queue
[2025-06-02T19:31:59.423+0000] {logging_mixin.py:188} INFO - [2025-06-02T19:31:59.423+0000] {dagbag.py:538} INFO - Filling up the DagBag from /opt/airflow/dags/google_scraper/processador/processar_relevantes_airflow.py
[2025-06-02T19:32:00.563+0000] {processor.py:842} WARNING - No viable dags retrieved from /opt/airflow/dags/google_scraper/processador/processar_relevantes_airflow.py
[2025-06-02T19:32:00.576+0000] {processor.py:183} INFO - Processing /opt/airflow/dags/google_scraper/processador/processar_relevantes_airflow.py took 1.158 seconds
[2025-06-02T19:36:29.641+0000] {processor.py:161} INFO - Started process (PID=1723) to work on /opt/airflow/dags/google_scraper/processador/processar_relevantes_airflow.py
[2025-06-02T19:36:29.642+0000] {processor.py:830} INFO - Processing file /opt/airflow/dags/google_scraper/processador/processar_relevantes_airflow.py for tasks to queue
[2025-06-02T19:36:29.643+0000] {logging_mixin.py:188} INFO - [2025-06-02T19:36:29.643+0000] {dagbag.py:538} INFO - Filling up the DagBag from /opt/airflow/dags/google_scraper/processador/processar_relevantes_airflow.py
[2025-06-02T19:36:30.804+0000] {processor.py:842} WARNING - No viable dags retrieved from /opt/airflow/dags/google_scraper/processador/processar_relevantes_airflow.py
[2025-06-02T19:36:30.816+0000] {processor.py:183} INFO - Processing /opt/airflow/dags/google_scraper/processador/processar_relevantes_airflow.py took 1.179 seconds
[2025-06-02T19:37:30.924+0000] {processor.py:161} INFO - Started process (PID=1801) to work on /opt/airflow/dags/google_scraper/processador/processar_relevantes_airflow.py
[2025-06-02T19:37:30.926+0000] {processor.py:830} INFO - Processing file /opt/airflow/dags/google_scraper/processador/processar_relevantes_airflow.py for tasks to queue
[2025-06-02T19:37:30.927+0000] {logging_mixin.py:188} INFO - [2025-06-02T19:37:30.926+0000] {dagbag.py:538} INFO - Filling up the DagBag from /opt/airflow/dags/google_scraper/processador/processar_relevantes_airflow.py
[2025-06-02T19:37:32.479+0000] {processor.py:842} WARNING - No viable dags retrieved from /opt/airflow/dags/google_scraper/processador/processar_relevantes_airflow.py
[2025-06-02T19:37:32.496+0000] {processor.py:183} INFO - Processing /opt/airflow/dags/google_scraper/processador/processar_relevantes_airflow.py took 1.574 seconds
[2025-06-02T19:38:32.706+0000] {processor.py:161} INFO - Started process (PID=1873) to work on /opt/airflow/dags/google_scraper/processador/processar_relevantes_airflow.py
[2025-06-02T19:38:32.708+0000] {processor.py:830} INFO - Processing file /opt/airflow/dags/google_scraper/processador/processar_relevantes_airflow.py for tasks to queue
[2025-06-02T19:38:32.709+0000] {logging_mixin.py:188} INFO - [2025-06-02T19:38:32.708+0000] {dagbag.py:538} INFO - Filling up the DagBag from /opt/airflow/dags/google_scraper/processador/processar_relevantes_airflow.py
[2025-06-02T19:38:33.981+0000] {processor.py:842} WARNING - No viable dags retrieved from /opt/airflow/dags/google_scraper/processador/processar_relevantes_airflow.py
[2025-06-02T19:38:33.990+0000] {processor.py:183} INFO - Processing /opt/airflow/dags/google_scraper/processador/processar_relevantes_airflow.py took 1.288 seconds
[2025-06-02T19:40:50.849+0000] {processor.py:161} INFO - Started process (PID=1918) to work on /opt/airflow/dags/google_scraper/processador/processar_relevantes_airflow.py
[2025-06-02T19:40:50.850+0000] {processor.py:830} INFO - Processing file /opt/airflow/dags/google_scraper/processador/processar_relevantes_airflow.py for tasks to queue
[2025-06-02T19:40:50.851+0000] {logging_mixin.py:188} INFO - [2025-06-02T19:40:50.851+0000] {dagbag.py:538} INFO - Filling up the DagBag from /opt/airflow/dags/google_scraper/processador/processar_relevantes_airflow.py
[2025-06-02T19:40:51.887+0000] {processor.py:842} WARNING - No viable dags retrieved from /opt/airflow/dags/google_scraper/processador/processar_relevantes_airflow.py
[2025-06-02T19:40:51.898+0000] {processor.py:183} INFO - Processing /opt/airflow/dags/google_scraper/processador/processar_relevantes_airflow.py took 1.053 seconds
[2025-06-02T19:43:55.965+0000] {processor.py:161} INFO - Started process (PID=1973) to work on /opt/airflow/dags/google_scraper/processador/processar_relevantes_airflow.py
[2025-06-02T19:43:55.966+0000] {processor.py:830} INFO - Processing file /opt/airflow/dags/google_scraper/processador/processar_relevantes_airflow.py for tasks to queue
[2025-06-02T19:43:55.967+0000] {logging_mixin.py:188} INFO - [2025-06-02T19:43:55.967+0000] {dagbag.py:538} INFO - Filling up the DagBag from /opt/airflow/dags/google_scraper/processador/processar_relevantes_airflow.py
[2025-06-02T19:43:57.436+0000] {processor.py:842} WARNING - No viable dags retrieved from /opt/airflow/dags/google_scraper/processador/processar_relevantes_airflow.py
[2025-06-02T19:43:57.449+0000] {processor.py:183} INFO - Processing /opt/airflow/dags/google_scraper/processador/processar_relevantes_airflow.py took 1.487 seconds
[2025-06-02T19:44:58.236+0000] {processor.py:161} INFO - Started process (PID=2045) to work on /opt/airflow/dags/google_scraper/processador/processar_relevantes_airflow.py
[2025-06-02T19:44:58.241+0000] {processor.py:830} INFO - Processing file /opt/airflow/dags/google_scraper/processador/processar_relevantes_airflow.py for tasks to queue
[2025-06-02T19:44:58.246+0000] {logging_mixin.py:188} INFO - [2025-06-02T19:44:58.244+0000] {dagbag.py:538} INFO - Filling up the DagBag from /opt/airflow/dags/google_scraper/processador/processar_relevantes_airflow.py
[2025-06-02T19:44:59.395+0000] {processor.py:842} WARNING - No viable dags retrieved from /opt/airflow/dags/google_scraper/processador/processar_relevantes_airflow.py
[2025-06-02T19:44:59.404+0000] {processor.py:183} INFO - Processing /opt/airflow/dags/google_scraper/processador/processar_relevantes_airflow.py took 1.176 seconds
[2025-06-02T19:46:00.010+0000] {processor.py:161} INFO - Started process (PID=2125) to work on /opt/airflow/dags/google_scraper/processador/processar_relevantes_airflow.py
[2025-06-02T19:46:00.013+0000] {processor.py:830} INFO - Processing file /opt/airflow/dags/google_scraper/processador/processar_relevantes_airflow.py for tasks to queue
[2025-06-02T19:46:00.014+0000] {logging_mixin.py:188} INFO - [2025-06-02T19:46:00.014+0000] {dagbag.py:538} INFO - Filling up the DagBag from /opt/airflow/dags/google_scraper/processador/processar_relevantes_airflow.py
[2025-06-02T19:46:01.221+0000] {processor.py:842} WARNING - No viable dags retrieved from /opt/airflow/dags/google_scraper/processador/processar_relevantes_airflow.py
[2025-06-02T19:46:01.230+0000] {processor.py:183} INFO - Processing /opt/airflow/dags/google_scraper/processador/processar_relevantes_airflow.py took 1.225 seconds
[2025-06-02T19:47:01.354+0000] {processor.py:161} INFO - Started process (PID=2320) to work on /opt/airflow/dags/google_scraper/processador/processar_relevantes_airflow.py
[2025-06-02T19:47:01.356+0000] {processor.py:830} INFO - Processing file /opt/airflow/dags/google_scraper/processador/processar_relevantes_airflow.py for tasks to queue
[2025-06-02T19:47:01.356+0000] {logging_mixin.py:188} INFO - [2025-06-02T19:47:01.356+0000] {dagbag.py:538} INFO - Filling up the DagBag from /opt/airflow/dags/google_scraper/processador/processar_relevantes_airflow.py
[2025-06-02T19:47:02.545+0000] {processor.py:842} WARNING - No viable dags retrieved from /opt/airflow/dags/google_scraper/processador/processar_relevantes_airflow.py
[2025-06-02T19:47:02.560+0000] {processor.py:183} INFO - Processing /opt/airflow/dags/google_scraper/processador/processar_relevantes_airflow.py took 1.209 seconds
[2025-06-02T19:48:03.443+0000] {processor.py:161} INFO - Started process (PID=2394) to work on /opt/airflow/dags/google_scraper/processador/processar_relevantes_airflow.py
[2025-06-02T19:48:03.444+0000] {processor.py:830} INFO - Processing file /opt/airflow/dags/google_scraper/processador/processar_relevantes_airflow.py for tasks to queue
[2025-06-02T19:48:03.445+0000] {logging_mixin.py:188} INFO - [2025-06-02T19:48:03.445+0000] {dagbag.py:538} INFO - Filling up the DagBag from /opt/airflow/dags/google_scraper/processador/processar_relevantes_airflow.py
[2025-06-02T19:48:04.914+0000] {processor.py:842} WARNING - No viable dags retrieved from /opt/airflow/dags/google_scraper/processador/processar_relevantes_airflow.py
[2025-06-02T19:48:04.927+0000] {processor.py:183} INFO - Processing /opt/airflow/dags/google_scraper/processador/processar_relevantes_airflow.py took 1.487 seconds
[2025-06-02T19:49:05.513+0000] {processor.py:161} INFO - Started process (PID=2461) to work on /opt/airflow/dags/google_scraper/processador/processar_relevantes_airflow.py
[2025-06-02T19:49:05.516+0000] {processor.py:830} INFO - Processing file /opt/airflow/dags/google_scraper/processador/processar_relevantes_airflow.py for tasks to queue
[2025-06-02T19:49:05.517+0000] {logging_mixin.py:188} INFO - [2025-06-02T19:49:05.517+0000] {dagbag.py:538} INFO - Filling up the DagBag from /opt/airflow/dags/google_scraper/processador/processar_relevantes_airflow.py
[2025-06-02T19:49:06.545+0000] {processor.py:842} WARNING - No viable dags retrieved from /opt/airflow/dags/google_scraper/processador/processar_relevantes_airflow.py
[2025-06-02T19:49:06.554+0000] {processor.py:183} INFO - Processing /opt/airflow/dags/google_scraper/processador/processar_relevantes_airflow.py took 1.045 seconds
[2025-06-02T19:50:07.021+0000] {processor.py:161} INFO - Started process (PID=2526) to work on /opt/airflow/dags/google_scraper/processador/processar_relevantes_airflow.py
[2025-06-02T19:50:07.026+0000] {processor.py:830} INFO - Processing file /opt/airflow/dags/google_scraper/processador/processar_relevantes_airflow.py for tasks to queue
[2025-06-02T19:50:07.028+0000] {logging_mixin.py:188} INFO - [2025-06-02T19:50:07.028+0000] {dagbag.py:538} INFO - Filling up the DagBag from /opt/airflow/dags/google_scraper/processador/processar_relevantes_airflow.py
[2025-06-02T19:50:08.986+0000] {processor.py:842} WARNING - No viable dags retrieved from /opt/airflow/dags/google_scraper/processador/processar_relevantes_airflow.py
[2025-06-02T19:50:08.997+0000] {processor.py:183} INFO - Processing /opt/airflow/dags/google_scraper/processador/processar_relevantes_airflow.py took 1.980 seconds
[2025-06-02T19:51:09.920+0000] {processor.py:161} INFO - Started process (PID=2586) to work on /opt/airflow/dags/google_scraper/processador/processar_relevantes_airflow.py
[2025-06-02T19:51:09.923+0000] {processor.py:830} INFO - Processing file /opt/airflow/dags/google_scraper/processador/processar_relevantes_airflow.py for tasks to queue
[2025-06-02T19:51:09.926+0000] {logging_mixin.py:188} INFO - [2025-06-02T19:51:09.924+0000] {dagbag.py:538} INFO - Filling up the DagBag from /opt/airflow/dags/google_scraper/processador/processar_relevantes_airflow.py
[2025-06-02T19:51:11.654+0000] {processor.py:842} WARNING - No viable dags retrieved from /opt/airflow/dags/google_scraper/processador/processar_relevantes_airflow.py
[2025-06-02T19:51:11.669+0000] {processor.py:183} INFO - Processing /opt/airflow/dags/google_scraper/processador/processar_relevantes_airflow.py took 1.753 seconds
[2025-06-02T19:52:11.759+0000] {processor.py:161} INFO - Started process (PID=2655) to work on /opt/airflow/dags/google_scraper/processador/processar_relevantes_airflow.py
[2025-06-02T19:52:11.761+0000] {processor.py:830} INFO - Processing file /opt/airflow/dags/google_scraper/processador/processar_relevantes_airflow.py for tasks to queue
[2025-06-02T19:52:11.761+0000] {logging_mixin.py:188} INFO - [2025-06-02T19:52:11.761+0000] {dagbag.py:538} INFO - Filling up the DagBag from /opt/airflow/dags/google_scraper/processador/processar_relevantes_airflow.py
[2025-06-02T19:52:12.894+0000] {processor.py:842} WARNING - No viable dags retrieved from /opt/airflow/dags/google_scraper/processador/processar_relevantes_airflow.py
[2025-06-02T19:52:12.904+0000] {processor.py:183} INFO - Processing /opt/airflow/dags/google_scraper/processador/processar_relevantes_airflow.py took 1.148 seconds
[2025-06-02T19:53:25.351+0000] {processor.py:161} INFO - Started process (PID=2698) to work on /opt/airflow/dags/google_scraper/processador/processar_relevantes_airflow.py
[2025-06-02T19:53:25.355+0000] {processor.py:830} INFO - Processing file /opt/airflow/dags/google_scraper/processador/processar_relevantes_airflow.py for tasks to queue
[2025-06-02T19:53:25.356+0000] {logging_mixin.py:188} INFO - [2025-06-02T19:53:25.355+0000] {dagbag.py:538} INFO - Filling up the DagBag from /opt/airflow/dags/google_scraper/processador/processar_relevantes_airflow.py
[2025-06-02T19:53:27.245+0000] {processor.py:842} WARNING - No viable dags retrieved from /opt/airflow/dags/google_scraper/processador/processar_relevantes_airflow.py
[2025-06-02T19:53:27.255+0000] {processor.py:183} INFO - Processing /opt/airflow/dags/google_scraper/processador/processar_relevantes_airflow.py took 1.909 seconds
[2025-06-02T19:54:27.510+0000] {processor.py:161} INFO - Started process (PID=2775) to work on /opt/airflow/dags/google_scraper/processador/processar_relevantes_airflow.py
[2025-06-02T19:54:27.511+0000] {processor.py:830} INFO - Processing file /opt/airflow/dags/google_scraper/processador/processar_relevantes_airflow.py for tasks to queue
[2025-06-02T19:54:27.512+0000] {logging_mixin.py:188} INFO - [2025-06-02T19:54:27.512+0000] {dagbag.py:538} INFO - Filling up the DagBag from /opt/airflow/dags/google_scraper/processador/processar_relevantes_airflow.py
[2025-06-02T19:54:28.805+0000] {processor.py:842} WARNING - No viable dags retrieved from /opt/airflow/dags/google_scraper/processador/processar_relevantes_airflow.py
[2025-06-02T19:54:28.813+0000] {processor.py:183} INFO - Processing /opt/airflow/dags/google_scraper/processador/processar_relevantes_airflow.py took 1.307 seconds
[2025-06-02T19:55:29.336+0000] {processor.py:161} INFO - Started process (PID=2851) to work on /opt/airflow/dags/google_scraper/processador/processar_relevantes_airflow.py
[2025-06-02T19:55:29.338+0000] {processor.py:830} INFO - Processing file /opt/airflow/dags/google_scraper/processador/processar_relevantes_airflow.py for tasks to queue
[2025-06-02T19:55:29.338+0000] {logging_mixin.py:188} INFO - [2025-06-02T19:55:29.338+0000] {dagbag.py:538} INFO - Filling up the DagBag from /opt/airflow/dags/google_scraper/processador/processar_relevantes_airflow.py
[2025-06-02T19:55:30.496+0000] {processor.py:842} WARNING - No viable dags retrieved from /opt/airflow/dags/google_scraper/processador/processar_relevantes_airflow.py
[2025-06-02T19:55:30.518+0000] {processor.py:183} INFO - Processing /opt/airflow/dags/google_scraper/processador/processar_relevantes_airflow.py took 1.185 seconds
[2025-06-02T19:56:31.343+0000] {processor.py:161} INFO - Started process (PID=2918) to work on /opt/airflow/dags/google_scraper/processador/processar_relevantes_airflow.py
[2025-06-02T19:56:31.347+0000] {processor.py:830} INFO - Processing file /opt/airflow/dags/google_scraper/processador/processar_relevantes_airflow.py for tasks to queue
[2025-06-02T19:56:31.348+0000] {logging_mixin.py:188} INFO - [2025-06-02T19:56:31.348+0000] {dagbag.py:538} INFO - Filling up the DagBag from /opt/airflow/dags/google_scraper/processador/processar_relevantes_airflow.py
[2025-06-02T19:56:32.547+0000] {processor.py:842} WARNING - No viable dags retrieved from /opt/airflow/dags/google_scraper/processador/processar_relevantes_airflow.py
[2025-06-02T19:56:32.557+0000] {processor.py:183} INFO - Processing /opt/airflow/dags/google_scraper/processador/processar_relevantes_airflow.py took 1.220 seconds
[2025-06-02T19:57:32.612+0000] {processor.py:161} INFO - Started process (PID=2985) to work on /opt/airflow/dags/google_scraper/processador/processar_relevantes_airflow.py
[2025-06-02T19:57:32.616+0000] {processor.py:830} INFO - Processing file /opt/airflow/dags/google_scraper/processador/processar_relevantes_airflow.py for tasks to queue
[2025-06-02T19:57:32.620+0000] {logging_mixin.py:188} INFO - [2025-06-02T19:57:32.618+0000] {dagbag.py:538} INFO - Filling up the DagBag from /opt/airflow/dags/google_scraper/processador/processar_relevantes_airflow.py
[2025-06-02T19:57:33.926+0000] {processor.py:842} WARNING - No viable dags retrieved from /opt/airflow/dags/google_scraper/processador/processar_relevantes_airflow.py
[2025-06-02T19:57:33.938+0000] {processor.py:183} INFO - Processing /opt/airflow/dags/google_scraper/processador/processar_relevantes_airflow.py took 1.330 seconds
[2025-06-02T19:58:36.919+0000] {processor.py:161} INFO - Started process (PID=3050) to work on /opt/airflow/dags/google_scraper/processador/processar_relevantes_airflow.py
[2025-06-02T19:58:36.923+0000] {processor.py:830} INFO - Processing file /opt/airflow/dags/google_scraper/processador/processar_relevantes_airflow.py for tasks to queue
[2025-06-02T19:58:36.924+0000] {logging_mixin.py:188} INFO - [2025-06-02T19:58:36.924+0000] {dagbag.py:538} INFO - Filling up the DagBag from /opt/airflow/dags/google_scraper/processador/processar_relevantes_airflow.py
[2025-06-02T19:58:39.272+0000] {processor.py:842} WARNING - No viable dags retrieved from /opt/airflow/dags/google_scraper/processador/processar_relevantes_airflow.py
[2025-06-02T19:58:39.285+0000] {processor.py:183} INFO - Processing /opt/airflow/dags/google_scraper/processador/processar_relevantes_airflow.py took 2.371 seconds
[2025-06-02T19:59:39.845+0000] {processor.py:161} INFO - Started process (PID=3278) to work on /opt/airflow/dags/google_scraper/processador/processar_relevantes_airflow.py
[2025-06-02T19:59:39.847+0000] {processor.py:830} INFO - Processing file /opt/airflow/dags/google_scraper/processador/processar_relevantes_airflow.py for tasks to queue
[2025-06-02T19:59:39.848+0000] {logging_mixin.py:188} INFO - [2025-06-02T19:59:39.848+0000] {dagbag.py:538} INFO - Filling up the DagBag from /opt/airflow/dags/google_scraper/processador/processar_relevantes_airflow.py
[2025-06-02T19:59:40.948+0000] {processor.py:842} WARNING - No viable dags retrieved from /opt/airflow/dags/google_scraper/processador/processar_relevantes_airflow.py
[2025-06-02T19:59:40.958+0000] {processor.py:183} INFO - Processing /opt/airflow/dags/google_scraper/processador/processar_relevantes_airflow.py took 1.119 seconds
[2025-06-02T20:00:41.708+0000] {processor.py:161} INFO - Started process (PID=3338) to work on /opt/airflow/dags/google_scraper/processador/processar_relevantes_airflow.py
[2025-06-02T20:00:41.710+0000] {processor.py:830} INFO - Processing file /opt/airflow/dags/google_scraper/processador/processar_relevantes_airflow.py for tasks to queue
[2025-06-02T20:00:41.711+0000] {logging_mixin.py:188} INFO - [2025-06-02T20:00:41.711+0000] {dagbag.py:538} INFO - Filling up the DagBag from /opt/airflow/dags/google_scraper/processador/processar_relevantes_airflow.py
[2025-06-02T20:00:42.889+0000] {processor.py:842} WARNING - No viable dags retrieved from /opt/airflow/dags/google_scraper/processador/processar_relevantes_airflow.py
[2025-06-02T20:00:42.901+0000] {processor.py:183} INFO - Processing /opt/airflow/dags/google_scraper/processador/processar_relevantes_airflow.py took 1.197 seconds
[2025-06-02T20:01:43.341+0000] {processor.py:161} INFO - Started process (PID=3406) to work on /opt/airflow/dags/google_scraper/processador/processar_relevantes_airflow.py
[2025-06-02T20:01:43.344+0000] {processor.py:830} INFO - Processing file /opt/airflow/dags/google_scraper/processador/processar_relevantes_airflow.py for tasks to queue
[2025-06-02T20:01:43.345+0000] {logging_mixin.py:188} INFO - [2025-06-02T20:01:43.344+0000] {dagbag.py:538} INFO - Filling up the DagBag from /opt/airflow/dags/google_scraper/processador/processar_relevantes_airflow.py
[2025-06-02T20:01:44.082+0000] {processor.py:842} WARNING - No viable dags retrieved from /opt/airflow/dags/google_scraper/processador/processar_relevantes_airflow.py
[2025-06-02T20:01:44.090+0000] {processor.py:183} INFO - Processing /opt/airflow/dags/google_scraper/processador/processar_relevantes_airflow.py took 0.753 seconds
[2025-06-02T20:02:44.385+0000] {processor.py:161} INFO - Started process (PID=3474) to work on /opt/airflow/dags/google_scraper/processador/processar_relevantes_airflow.py
[2025-06-02T20:02:44.392+0000] {processor.py:830} INFO - Processing file /opt/airflow/dags/google_scraper/processador/processar_relevantes_airflow.py for tasks to queue
[2025-06-02T20:02:44.393+0000] {logging_mixin.py:188} INFO - [2025-06-02T20:02:44.392+0000] {dagbag.py:538} INFO - Filling up the DagBag from /opt/airflow/dags/google_scraper/processador/processar_relevantes_airflow.py
[2025-06-02T20:02:45.072+0000] {processor.py:842} WARNING - No viable dags retrieved from /opt/airflow/dags/google_scraper/processador/processar_relevantes_airflow.py
[2025-06-02T20:02:45.080+0000] {processor.py:183} INFO - Processing /opt/airflow/dags/google_scraper/processador/processar_relevantes_airflow.py took 0.710 seconds
[2025-06-02T20:03:45.238+0000] {processor.py:161} INFO - Started process (PID=3542) to work on /opt/airflow/dags/google_scraper/processador/processar_relevantes_airflow.py
[2025-06-02T20:03:45.240+0000] {processor.py:830} INFO - Processing file /opt/airflow/dags/google_scraper/processador/processar_relevantes_airflow.py for tasks to queue
[2025-06-02T20:03:45.241+0000] {logging_mixin.py:188} INFO - [2025-06-02T20:03:45.241+0000] {dagbag.py:538} INFO - Filling up the DagBag from /opt/airflow/dags/google_scraper/processador/processar_relevantes_airflow.py
[2025-06-02T20:03:46.077+0000] {processor.py:842} WARNING - No viable dags retrieved from /opt/airflow/dags/google_scraper/processador/processar_relevantes_airflow.py
[2025-06-02T20:03:46.087+0000] {processor.py:183} INFO - Processing /opt/airflow/dags/google_scraper/processador/processar_relevantes_airflow.py took 0.853 seconds
[2025-06-02T20:04:46.145+0000] {processor.py:161} INFO - Started process (PID=3603) to work on /opt/airflow/dags/google_scraper/processador/processar_relevantes_airflow.py
[2025-06-02T20:04:46.147+0000] {processor.py:830} INFO - Processing file /opt/airflow/dags/google_scraper/processador/processar_relevantes_airflow.py for tasks to queue
[2025-06-02T20:04:46.147+0000] {logging_mixin.py:188} INFO - [2025-06-02T20:04:46.147+0000] {dagbag.py:538} INFO - Filling up the DagBag from /opt/airflow/dags/google_scraper/processador/processar_relevantes_airflow.py
[2025-06-02T20:04:46.928+0000] {processor.py:842} WARNING - No viable dags retrieved from /opt/airflow/dags/google_scraper/processador/processar_relevantes_airflow.py
[2025-06-02T20:04:46.936+0000] {processor.py:183} INFO - Processing /opt/airflow/dags/google_scraper/processador/processar_relevantes_airflow.py took 0.795 seconds
[2025-06-02T20:05:47.754+0000] {processor.py:161} INFO - Started process (PID=3824) to work on /opt/airflow/dags/google_scraper/processador/processar_relevantes_airflow.py
[2025-06-02T20:05:47.755+0000] {processor.py:830} INFO - Processing file /opt/airflow/dags/google_scraper/processador/processar_relevantes_airflow.py for tasks to queue
[2025-06-02T20:05:47.756+0000] {logging_mixin.py:188} INFO - [2025-06-02T20:05:47.756+0000] {dagbag.py:538} INFO - Filling up the DagBag from /opt/airflow/dags/google_scraper/processador/processar_relevantes_airflow.py
[2025-06-02T20:05:48.488+0000] {processor.py:842} WARNING - No viable dags retrieved from /opt/airflow/dags/google_scraper/processador/processar_relevantes_airflow.py
[2025-06-02T20:05:48.498+0000] {processor.py:183} INFO - Processing /opt/airflow/dags/google_scraper/processador/processar_relevantes_airflow.py took 0.748 seconds
[2025-06-02T20:06:48.528+0000] {processor.py:161} INFO - Started process (PID=3939) to work on /opt/airflow/dags/google_scraper/processador/processar_relevantes_airflow.py
[2025-06-02T20:06:48.531+0000] {processor.py:830} INFO - Processing file /opt/airflow/dags/google_scraper/processador/processar_relevantes_airflow.py for tasks to queue
[2025-06-02T20:06:48.532+0000] {logging_mixin.py:188} INFO - [2025-06-02T20:06:48.531+0000] {dagbag.py:538} INFO - Filling up the DagBag from /opt/airflow/dags/google_scraper/processador/processar_relevantes_airflow.py
[2025-06-02T20:06:49.704+0000] {processor.py:842} WARNING - No viable dags retrieved from /opt/airflow/dags/google_scraper/processador/processar_relevantes_airflow.py
[2025-06-02T20:06:49.714+0000] {processor.py:183} INFO - Processing /opt/airflow/dags/google_scraper/processador/processar_relevantes_airflow.py took 1.188 seconds
[2025-06-02T20:07:50.385+0000] {processor.py:161} INFO - Started process (PID=3998) to work on /opt/airflow/dags/google_scraper/processador/processar_relevantes_airflow.py
[2025-06-02T20:07:50.387+0000] {processor.py:830} INFO - Processing file /opt/airflow/dags/google_scraper/processador/processar_relevantes_airflow.py for tasks to queue
[2025-06-02T20:07:50.388+0000] {logging_mixin.py:188} INFO - [2025-06-02T20:07:50.388+0000] {dagbag.py:538} INFO - Filling up the DagBag from /opt/airflow/dags/google_scraper/processador/processar_relevantes_airflow.py
[2025-06-02T20:07:51.117+0000] {processor.py:842} WARNING - No viable dags retrieved from /opt/airflow/dags/google_scraper/processador/processar_relevantes_airflow.py
[2025-06-02T20:07:51.126+0000] {processor.py:183} INFO - Processing /opt/airflow/dags/google_scraper/processador/processar_relevantes_airflow.py took 0.743 seconds
[2025-06-02T20:08:51.857+0000] {processor.py:161} INFO - Started process (PID=4068) to work on /opt/airflow/dags/google_scraper/processador/processar_relevantes_airflow.py
[2025-06-02T20:08:51.859+0000] {processor.py:830} INFO - Processing file /opt/airflow/dags/google_scraper/processador/processar_relevantes_airflow.py for tasks to queue
[2025-06-02T20:08:51.859+0000] {logging_mixin.py:188} INFO - [2025-06-02T20:08:51.859+0000] {dagbag.py:538} INFO - Filling up the DagBag from /opt/airflow/dags/google_scraper/processador/processar_relevantes_airflow.py
[2025-06-02T20:08:52.550+0000] {processor.py:842} WARNING - No viable dags retrieved from /opt/airflow/dags/google_scraper/processador/processar_relevantes_airflow.py
[2025-06-02T20:08:52.558+0000] {processor.py:183} INFO - Processing /opt/airflow/dags/google_scraper/processador/processar_relevantes_airflow.py took 0.704 seconds
[2025-06-02T20:09:56.988+0000] {processor.py:161} INFO - Started process (PID=4136) to work on /opt/airflow/dags/google_scraper/processador/processar_relevantes_airflow.py
[2025-06-02T20:09:56.991+0000] {processor.py:830} INFO - Processing file /opt/airflow/dags/google_scraper/processador/processar_relevantes_airflow.py for tasks to queue
[2025-06-02T20:09:56.995+0000] {logging_mixin.py:188} INFO - [2025-06-02T20:09:56.992+0000] {dagbag.py:538} INFO - Filling up the DagBag from /opt/airflow/dags/google_scraper/processador/processar_relevantes_airflow.py
[2025-06-02T20:09:58.305+0000] {processor.py:842} WARNING - No viable dags retrieved from /opt/airflow/dags/google_scraper/processador/processar_relevantes_airflow.py
[2025-06-02T20:09:58.321+0000] {processor.py:183} INFO - Processing /opt/airflow/dags/google_scraper/processador/processar_relevantes_airflow.py took 1.338 seconds
[2025-06-02T20:10:58.964+0000] {processor.py:161} INFO - Started process (PID=4202) to work on /opt/airflow/dags/google_scraper/processador/processar_relevantes_airflow.py
[2025-06-02T20:10:58.967+0000] {processor.py:830} INFO - Processing file /opt/airflow/dags/google_scraper/processador/processar_relevantes_airflow.py for tasks to queue
[2025-06-02T20:10:58.967+0000] {logging_mixin.py:188} INFO - [2025-06-02T20:10:58.967+0000] {dagbag.py:538} INFO - Filling up the DagBag from /opt/airflow/dags/google_scraper/processador/processar_relevantes_airflow.py
[2025-06-02T20:10:59.607+0000] {processor.py:842} WARNING - No viable dags retrieved from /opt/airflow/dags/google_scraper/processador/processar_relevantes_airflow.py
[2025-06-02T20:10:59.614+0000] {processor.py:183} INFO - Processing /opt/airflow/dags/google_scraper/processador/processar_relevantes_airflow.py took 0.651 seconds
[2025-06-02T20:12:00.163+0000] {processor.py:161} INFO - Started process (PID=4263) to work on /opt/airflow/dags/google_scraper/processador/processar_relevantes_airflow.py
[2025-06-02T20:12:00.165+0000] {processor.py:830} INFO - Processing file /opt/airflow/dags/google_scraper/processador/processar_relevantes_airflow.py for tasks to queue
[2025-06-02T20:12:00.165+0000] {logging_mixin.py:188} INFO - [2025-06-02T20:12:00.165+0000] {dagbag.py:538} INFO - Filling up the DagBag from /opt/airflow/dags/google_scraper/processador/processar_relevantes_airflow.py
[2025-06-02T20:12:00.951+0000] {processor.py:842} WARNING - No viable dags retrieved from /opt/airflow/dags/google_scraper/processador/processar_relevantes_airflow.py
[2025-06-02T20:12:00.958+0000] {processor.py:183} INFO - Processing /opt/airflow/dags/google_scraper/processador/processar_relevantes_airflow.py took 0.797 seconds
[2025-06-02T20:13:01.298+0000] {processor.py:161} INFO - Started process (PID=4331) to work on /opt/airflow/dags/google_scraper/processador/processar_relevantes_airflow.py
[2025-06-02T20:13:01.300+0000] {processor.py:830} INFO - Processing file /opt/airflow/dags/google_scraper/processador/processar_relevantes_airflow.py for tasks to queue
[2025-06-02T20:13:01.301+0000] {logging_mixin.py:188} INFO - [2025-06-02T20:13:01.300+0000] {dagbag.py:538} INFO - Filling up the DagBag from /opt/airflow/dags/google_scraper/processador/processar_relevantes_airflow.py
[2025-06-02T20:13:01.937+0000] {processor.py:842} WARNING - No viable dags retrieved from /opt/airflow/dags/google_scraper/processador/processar_relevantes_airflow.py
[2025-06-02T20:13:01.944+0000] {processor.py:183} INFO - Processing /opt/airflow/dags/google_scraper/processador/processar_relevantes_airflow.py took 0.650 seconds
[2025-06-02T20:14:02.244+0000] {processor.py:161} INFO - Started process (PID=4424) to work on /opt/airflow/dags/google_scraper/processador/processar_relevantes_airflow.py
[2025-06-02T20:14:02.246+0000] {processor.py:830} INFO - Processing file /opt/airflow/dags/google_scraper/processador/processar_relevantes_airflow.py for tasks to queue
[2025-06-02T20:14:02.246+0000] {logging_mixin.py:188} INFO - [2025-06-02T20:14:02.246+0000] {dagbag.py:538} INFO - Filling up the DagBag from /opt/airflow/dags/google_scraper/processador/processar_relevantes_airflow.py
[2025-06-02T20:14:02.876+0000] {processor.py:842} WARNING - No viable dags retrieved from /opt/airflow/dags/google_scraper/processador/processar_relevantes_airflow.py
[2025-06-02T20:14:02.883+0000] {processor.py:183} INFO - Processing /opt/airflow/dags/google_scraper/processador/processar_relevantes_airflow.py took 0.641 seconds
[2025-06-02T20:15:03.355+0000] {processor.py:161} INFO - Started process (PID=4515) to work on /opt/airflow/dags/google_scraper/processador/processar_relevantes_airflow.py
[2025-06-02T20:15:03.356+0000] {processor.py:830} INFO - Processing file /opt/airflow/dags/google_scraper/processador/processar_relevantes_airflow.py for tasks to queue
[2025-06-02T20:15:03.357+0000] {logging_mixin.py:188} INFO - [2025-06-02T20:15:03.357+0000] {dagbag.py:538} INFO - Filling up the DagBag from /opt/airflow/dags/google_scraper/processador/processar_relevantes_airflow.py
[2025-06-02T20:15:03.999+0000] {processor.py:842} WARNING - No viable dags retrieved from /opt/airflow/dags/google_scraper/processador/processar_relevantes_airflow.py
[2025-06-02T20:15:04.006+0000] {processor.py:183} INFO - Processing /opt/airflow/dags/google_scraper/processador/processar_relevantes_airflow.py took 0.655 seconds
[2025-06-02T20:16:04.484+0000] {processor.py:161} INFO - Started process (PID=4583) to work on /opt/airflow/dags/google_scraper/processador/processar_relevantes_airflow.py
[2025-06-02T20:16:04.487+0000] {processor.py:830} INFO - Processing file /opt/airflow/dags/google_scraper/processador/processar_relevantes_airflow.py for tasks to queue
[2025-06-02T20:16:04.488+0000] {logging_mixin.py:188} INFO - [2025-06-02T20:16:04.488+0000] {dagbag.py:538} INFO - Filling up the DagBag from /opt/airflow/dags/google_scraper/processador/processar_relevantes_airflow.py
[2025-06-02T20:16:05.134+0000] {processor.py:842} WARNING - No viable dags retrieved from /opt/airflow/dags/google_scraper/processador/processar_relevantes_airflow.py
[2025-06-02T20:16:05.141+0000] {processor.py:183} INFO - Processing /opt/airflow/dags/google_scraper/processador/processar_relevantes_airflow.py took 0.660 seconds
[2025-06-02T20:17:05.686+0000] {processor.py:161} INFO - Started process (PID=4650) to work on /opt/airflow/dags/google_scraper/processador/processar_relevantes_airflow.py
[2025-06-02T20:17:05.688+0000] {processor.py:830} INFO - Processing file /opt/airflow/dags/google_scraper/processador/processar_relevantes_airflow.py for tasks to queue
[2025-06-02T20:17:05.689+0000] {logging_mixin.py:188} INFO - [2025-06-02T20:17:05.688+0000] {dagbag.py:538} INFO - Filling up the DagBag from /opt/airflow/dags/google_scraper/processador/processar_relevantes_airflow.py
[2025-06-02T20:17:06.317+0000] {processor.py:842} WARNING - No viable dags retrieved from /opt/airflow/dags/google_scraper/processador/processar_relevantes_airflow.py
[2025-06-02T20:17:06.323+0000] {processor.py:183} INFO - Processing /opt/airflow/dags/google_scraper/processador/processar_relevantes_airflow.py took 0.640 seconds
