[2025-06-02T15:32:35.656+0000] {processor.py:157} INFO - Started process (PID=1949) to work on /opt/airflow/dags/google_scraper/exportador_bd/export_to_supabase_airflow.py
[2025-06-02T15:32:35.656+0000] {processor.py:829} INFO - Processing file /opt/airflow/dags/google_scraper/exportador_bd/export_to_supabase_airflow.py for tasks to queue
[2025-06-02T15:32:35.657+0000] {logging_mixin.py:151} INFO - [2025-06-02T15:32:35.657+0000] {dagbag.py:539} INFO - Filling up the DagBag from /opt/airflow/dags/google_scraper/exportador_bd/export_to_supabase_airflow.py
[2025-06-02T15:32:35.889+0000] {processor.py:841} WARNING - No viable dags retrieved from /opt/airflow/dags/google_scraper/exportador_bd/export_to_supabase_airflow.py
[2025-06-02T15:32:35.899+0000] {processor.py:179} INFO - Processing /opt/airflow/dags/google_scraper/exportador_bd/export_to_supabase_airflow.py took 0.245 seconds
[2025-06-02T15:33:36.069+0000] {processor.py:157} INFO - Started process (PID=2049) to work on /opt/airflow/dags/google_scraper/exportador_bd/export_to_supabase_airflow.py
[2025-06-02T15:33:36.071+0000] {processor.py:829} INFO - Processing file /opt/airflow/dags/google_scraper/exportador_bd/export_to_supabase_airflow.py for tasks to queue
[2025-06-02T15:33:36.072+0000] {logging_mixin.py:151} INFO - [2025-06-02T15:33:36.072+0000] {dagbag.py:539} INFO - Filling up the DagBag from /opt/airflow/dags/google_scraper/exportador_bd/export_to_supabase_airflow.py
[2025-06-02T15:33:36.227+0000] {processor.py:841} WARNING - No viable dags retrieved from /opt/airflow/dags/google_scraper/exportador_bd/export_to_supabase_airflow.py
[2025-06-02T15:33:36.236+0000] {processor.py:179} INFO - Processing /opt/airflow/dags/google_scraper/exportador_bd/export_to_supabase_airflow.py took 0.171 seconds
[2025-06-02T15:34:36.695+0000] {processor.py:157} INFO - Started process (PID=2161) to work on /opt/airflow/dags/google_scraper/exportador_bd/export_to_supabase_airflow.py
[2025-06-02T15:34:36.697+0000] {processor.py:829} INFO - Processing file /opt/airflow/dags/google_scraper/exportador_bd/export_to_supabase_airflow.py for tasks to queue
[2025-06-02T15:34:36.698+0000] {logging_mixin.py:151} INFO - [2025-06-02T15:34:36.698+0000] {dagbag.py:539} INFO - Filling up the DagBag from /opt/airflow/dags/google_scraper/exportador_bd/export_to_supabase_airflow.py
[2025-06-02T15:34:36.855+0000] {processor.py:841} WARNING - No viable dags retrieved from /opt/airflow/dags/google_scraper/exportador_bd/export_to_supabase_airflow.py
[2025-06-02T15:34:36.864+0000] {processor.py:179} INFO - Processing /opt/airflow/dags/google_scraper/exportador_bd/export_to_supabase_airflow.py took 0.172 seconds
[2025-06-02T15:35:37.184+0000] {processor.py:157} INFO - Started process (PID=2263) to work on /opt/airflow/dags/google_scraper/exportador_bd/export_to_supabase_airflow.py
[2025-06-02T15:35:37.185+0000] {processor.py:829} INFO - Processing file /opt/airflow/dags/google_scraper/exportador_bd/export_to_supabase_airflow.py for tasks to queue
[2025-06-02T15:35:37.186+0000] {logging_mixin.py:151} INFO - [2025-06-02T15:35:37.186+0000] {dagbag.py:539} INFO - Filling up the DagBag from /opt/airflow/dags/google_scraper/exportador_bd/export_to_supabase_airflow.py
[2025-06-02T15:35:37.336+0000] {processor.py:841} WARNING - No viable dags retrieved from /opt/airflow/dags/google_scraper/exportador_bd/export_to_supabase_airflow.py
[2025-06-02T15:35:37.347+0000] {processor.py:179} INFO - Processing /opt/airflow/dags/google_scraper/exportador_bd/export_to_supabase_airflow.py took 0.165 seconds
[2025-06-02T15:36:37.595+0000] {processor.py:157} INFO - Started process (PID=2354) to work on /opt/airflow/dags/google_scraper/exportador_bd/export_to_supabase_airflow.py
[2025-06-02T15:36:37.597+0000] {processor.py:829} INFO - Processing file /opt/airflow/dags/google_scraper/exportador_bd/export_to_supabase_airflow.py for tasks to queue
[2025-06-02T15:36:37.599+0000] {logging_mixin.py:151} INFO - [2025-06-02T15:36:37.598+0000] {dagbag.py:539} INFO - Filling up the DagBag from /opt/airflow/dags/google_scraper/exportador_bd/export_to_supabase_airflow.py
[2025-06-02T15:36:37.772+0000] {processor.py:841} WARNING - No viable dags retrieved from /opt/airflow/dags/google_scraper/exportador_bd/export_to_supabase_airflow.py
[2025-06-02T15:36:37.783+0000] {processor.py:179} INFO - Processing /opt/airflow/dags/google_scraper/exportador_bd/export_to_supabase_airflow.py took 0.192 seconds
[2025-06-02T15:37:38.444+0000] {processor.py:157} INFO - Started process (PID=2471) to work on /opt/airflow/dags/google_scraper/exportador_bd/export_to_supabase_airflow.py
[2025-06-02T15:37:38.445+0000] {processor.py:829} INFO - Processing file /opt/airflow/dags/google_scraper/exportador_bd/export_to_supabase_airflow.py for tasks to queue
[2025-06-02T15:37:38.447+0000] {logging_mixin.py:151} INFO - [2025-06-02T15:37:38.447+0000] {dagbag.py:539} INFO - Filling up the DagBag from /opt/airflow/dags/google_scraper/exportador_bd/export_to_supabase_airflow.py
[2025-06-02T15:37:38.606+0000] {processor.py:841} WARNING - No viable dags retrieved from /opt/airflow/dags/google_scraper/exportador_bd/export_to_supabase_airflow.py
[2025-06-02T15:37:38.616+0000] {processor.py:179} INFO - Processing /opt/airflow/dags/google_scraper/exportador_bd/export_to_supabase_airflow.py took 0.175 seconds
[2025-06-02T15:38:39.122+0000] {processor.py:157} INFO - Started process (PID=2572) to work on /opt/airflow/dags/google_scraper/exportador_bd/export_to_supabase_airflow.py
[2025-06-02T15:38:39.123+0000] {processor.py:829} INFO - Processing file /opt/airflow/dags/google_scraper/exportador_bd/export_to_supabase_airflow.py for tasks to queue
[2025-06-02T15:38:39.124+0000] {logging_mixin.py:151} INFO - [2025-06-02T15:38:39.124+0000] {dagbag.py:539} INFO - Filling up the DagBag from /opt/airflow/dags/google_scraper/exportador_bd/export_to_supabase_airflow.py
[2025-06-02T15:38:39.276+0000] {processor.py:841} WARNING - No viable dags retrieved from /opt/airflow/dags/google_scraper/exportador_bd/export_to_supabase_airflow.py
[2025-06-02T15:38:39.284+0000] {processor.py:179} INFO - Processing /opt/airflow/dags/google_scraper/exportador_bd/export_to_supabase_airflow.py took 0.165 seconds
[2025-06-02T15:38:42.227+0000] {processor.py:157} INFO - Started process (PID=2586) to work on /opt/airflow/dags/google_scraper/exportador_bd/export_to_supabase_airflow.py
[2025-06-02T15:38:42.228+0000] {processor.py:829} INFO - Processing file /opt/airflow/dags/google_scraper/exportador_bd/export_to_supabase_airflow.py for tasks to queue
[2025-06-02T15:38:42.229+0000] {logging_mixin.py:151} INFO - [2025-06-02T15:38:42.229+0000] {dagbag.py:539} INFO - Filling up the DagBag from /opt/airflow/dags/google_scraper/exportador_bd/export_to_supabase_airflow.py
[2025-06-02T15:38:42.387+0000] {processor.py:841} WARNING - No viable dags retrieved from /opt/airflow/dags/google_scraper/exportador_bd/export_to_supabase_airflow.py
[2025-06-02T15:38:42.397+0000] {processor.py:179} INFO - Processing /opt/airflow/dags/google_scraper/exportador_bd/export_to_supabase_airflow.py took 0.173 seconds
[2025-06-02T15:38:56.554+0000] {processor.py:157} INFO - Started process (PID=2606) to work on /opt/airflow/dags/google_scraper/exportador_bd/export_to_supabase_airflow.py
[2025-06-02T15:38:56.555+0000] {processor.py:829} INFO - Processing file /opt/airflow/dags/google_scraper/exportador_bd/export_to_supabase_airflow.py for tasks to queue
[2025-06-02T15:38:56.556+0000] {logging_mixin.py:151} INFO - [2025-06-02T15:38:56.555+0000] {dagbag.py:539} INFO - Filling up the DagBag from /opt/airflow/dags/google_scraper/exportador_bd/export_to_supabase_airflow.py
[2025-06-02T15:38:56.757+0000] {processor.py:841} WARNING - No viable dags retrieved from /opt/airflow/dags/google_scraper/exportador_bd/export_to_supabase_airflow.py
[2025-06-02T15:38:56.767+0000] {processor.py:179} INFO - Processing /opt/airflow/dags/google_scraper/exportador_bd/export_to_supabase_airflow.py took 0.218 seconds
[2025-06-02T15:39:07.906+0000] {processor.py:157} INFO - Started process (PID=2625) to work on /opt/airflow/dags/google_scraper/exportador_bd/export_to_supabase_airflow.py
[2025-06-02T15:39:07.908+0000] {processor.py:829} INFO - Processing file /opt/airflow/dags/google_scraper/exportador_bd/export_to_supabase_airflow.py for tasks to queue
[2025-06-02T15:39:07.909+0000] {logging_mixin.py:151} INFO - [2025-06-02T15:39:07.909+0000] {dagbag.py:539} INFO - Filling up the DagBag from /opt/airflow/dags/google_scraper/exportador_bd/export_to_supabase_airflow.py
[2025-06-02T15:39:08.248+0000] {processor.py:841} WARNING - No viable dags retrieved from /opt/airflow/dags/google_scraper/exportador_bd/export_to_supabase_airflow.py
[2025-06-02T15:39:08.258+0000] {processor.py:179} INFO - Processing /opt/airflow/dags/google_scraper/exportador_bd/export_to_supabase_airflow.py took 0.355 seconds
[2025-06-02T15:39:19.032+0000] {processor.py:157} INFO - Started process (PID=2644) to work on /opt/airflow/dags/google_scraper/exportador_bd/export_to_supabase_airflow.py
[2025-06-02T15:39:19.034+0000] {processor.py:829} INFO - Processing file /opt/airflow/dags/google_scraper/exportador_bd/export_to_supabase_airflow.py for tasks to queue
[2025-06-02T15:39:19.036+0000] {logging_mixin.py:151} INFO - [2025-06-02T15:39:19.034+0000] {dagbag.py:539} INFO - Filling up the DagBag from /opt/airflow/dags/google_scraper/exportador_bd/export_to_supabase_airflow.py
[2025-06-02T15:39:19.205+0000] {processor.py:841} WARNING - No viable dags retrieved from /opt/airflow/dags/google_scraper/exportador_bd/export_to_supabase_airflow.py
[2025-06-02T15:39:19.216+0000] {processor.py:179} INFO - Processing /opt/airflow/dags/google_scraper/exportador_bd/export_to_supabase_airflow.py took 0.188 seconds
[2025-06-02T15:39:27.338+0000] {processor.py:157} INFO - Started process (PID=2664) to work on /opt/airflow/dags/google_scraper/exportador_bd/export_to_supabase_airflow.py
[2025-06-02T15:39:27.340+0000] {processor.py:829} INFO - Processing file /opt/airflow/dags/google_scraper/exportador_bd/export_to_supabase_airflow.py for tasks to queue
[2025-06-02T15:39:27.341+0000] {logging_mixin.py:151} INFO - [2025-06-02T15:39:27.341+0000] {dagbag.py:539} INFO - Filling up the DagBag from /opt/airflow/dags/google_scraper/exportador_bd/export_to_supabase_airflow.py
[2025-06-02T15:39:27.647+0000] {processor.py:841} WARNING - No viable dags retrieved from /opt/airflow/dags/google_scraper/exportador_bd/export_to_supabase_airflow.py
[2025-06-02T15:39:27.662+0000] {processor.py:179} INFO - Processing /opt/airflow/dags/google_scraper/exportador_bd/export_to_supabase_airflow.py took 0.337 seconds
[2025-06-02T15:39:37.776+0000] {processor.py:157} INFO - Started process (PID=2689) to work on /opt/airflow/dags/google_scraper/exportador_bd/export_to_supabase_airflow.py
[2025-06-02T15:39:37.779+0000] {processor.py:829} INFO - Processing file /opt/airflow/dags/google_scraper/exportador_bd/export_to_supabase_airflow.py for tasks to queue
[2025-06-02T15:39:37.780+0000] {logging_mixin.py:151} INFO - [2025-06-02T15:39:37.780+0000] {dagbag.py:539} INFO - Filling up the DagBag from /opt/airflow/dags/google_scraper/exportador_bd/export_to_supabase_airflow.py
[2025-06-02T15:39:37.936+0000] {processor.py:841} WARNING - No viable dags retrieved from /opt/airflow/dags/google_scraper/exportador_bd/export_to_supabase_airflow.py
[2025-06-02T15:39:37.944+0000] {processor.py:179} INFO - Processing /opt/airflow/dags/google_scraper/exportador_bd/export_to_supabase_airflow.py took 0.173 seconds
[2025-06-02T15:39:51.070+0000] {processor.py:157} INFO - Started process (PID=2709) to work on /opt/airflow/dags/google_scraper/exportador_bd/export_to_supabase_airflow.py
[2025-06-02T15:39:51.072+0000] {processor.py:829} INFO - Processing file /opt/airflow/dags/google_scraper/exportador_bd/export_to_supabase_airflow.py for tasks to queue
[2025-06-02T15:39:51.075+0000] {logging_mixin.py:151} INFO - [2025-06-02T15:39:51.075+0000] {dagbag.py:539} INFO - Filling up the DagBag from /opt/airflow/dags/google_scraper/exportador_bd/export_to_supabase_airflow.py
[2025-06-02T15:39:51.291+0000] {processor.py:841} WARNING - No viable dags retrieved from /opt/airflow/dags/google_scraper/exportador_bd/export_to_supabase_airflow.py
[2025-06-02T15:39:51.303+0000] {processor.py:179} INFO - Processing /opt/airflow/dags/google_scraper/exportador_bd/export_to_supabase_airflow.py took 0.237 seconds
[2025-06-02T15:40:04.145+0000] {processor.py:157} INFO - Started process (PID=2740) to work on /opt/airflow/dags/google_scraper/exportador_bd/export_to_supabase_airflow.py
[2025-06-02T15:40:04.147+0000] {processor.py:829} INFO - Processing file /opt/airflow/dags/google_scraper/exportador_bd/export_to_supabase_airflow.py for tasks to queue
[2025-06-02T15:40:04.147+0000] {logging_mixin.py:151} INFO - [2025-06-02T15:40:04.147+0000] {dagbag.py:539} INFO - Filling up the DagBag from /opt/airflow/dags/google_scraper/exportador_bd/export_to_supabase_airflow.py
[2025-06-02T15:40:04.300+0000] {processor.py:841} WARNING - No viable dags retrieved from /opt/airflow/dags/google_scraper/exportador_bd/export_to_supabase_airflow.py
[2025-06-02T15:40:04.308+0000] {processor.py:179} INFO - Processing /opt/airflow/dags/google_scraper/exportador_bd/export_to_supabase_airflow.py took 0.164 seconds
[2025-06-02T15:41:04.381+0000] {processor.py:157} INFO - Started process (PID=2845) to work on /opt/airflow/dags/google_scraper/exportador_bd/export_to_supabase_airflow.py
[2025-06-02T15:41:04.383+0000] {processor.py:829} INFO - Processing file /opt/airflow/dags/google_scraper/exportador_bd/export_to_supabase_airflow.py for tasks to queue
[2025-06-02T15:41:04.383+0000] {logging_mixin.py:151} INFO - [2025-06-02T15:41:04.383+0000] {dagbag.py:539} INFO - Filling up the DagBag from /opt/airflow/dags/google_scraper/exportador_bd/export_to_supabase_airflow.py
[2025-06-02T15:41:04.538+0000] {processor.py:841} WARNING - No viable dags retrieved from /opt/airflow/dags/google_scraper/exportador_bd/export_to_supabase_airflow.py
[2025-06-02T15:41:04.548+0000] {processor.py:179} INFO - Processing /opt/airflow/dags/google_scraper/exportador_bd/export_to_supabase_airflow.py took 0.169 seconds
[2025-06-02T15:42:04.728+0000] {processor.py:157} INFO - Started process (PID=2934) to work on /opt/airflow/dags/google_scraper/exportador_bd/export_to_supabase_airflow.py
[2025-06-02T15:42:04.730+0000] {processor.py:829} INFO - Processing file /opt/airflow/dags/google_scraper/exportador_bd/export_to_supabase_airflow.py for tasks to queue
[2025-06-02T15:42:04.731+0000] {logging_mixin.py:151} INFO - [2025-06-02T15:42:04.731+0000] {dagbag.py:539} INFO - Filling up the DagBag from /opt/airflow/dags/google_scraper/exportador_bd/export_to_supabase_airflow.py
[2025-06-02T15:42:04.974+0000] {processor.py:841} WARNING - No viable dags retrieved from /opt/airflow/dags/google_scraper/exportador_bd/export_to_supabase_airflow.py
[2025-06-02T15:42:04.986+0000] {processor.py:179} INFO - Processing /opt/airflow/dags/google_scraper/exportador_bd/export_to_supabase_airflow.py took 0.262 seconds
[2025-06-02T15:43:05.018+0000] {processor.py:157} INFO - Started process (PID=3039) to work on /opt/airflow/dags/google_scraper/exportador_bd/export_to_supabase_airflow.py
[2025-06-02T15:43:05.020+0000] {processor.py:829} INFO - Processing file /opt/airflow/dags/google_scraper/exportador_bd/export_to_supabase_airflow.py for tasks to queue
[2025-06-02T15:43:05.023+0000] {logging_mixin.py:151} INFO - [2025-06-02T15:43:05.022+0000] {dagbag.py:539} INFO - Filling up the DagBag from /opt/airflow/dags/google_scraper/exportador_bd/export_to_supabase_airflow.py
[2025-06-02T15:43:05.235+0000] {processor.py:841} WARNING - No viable dags retrieved from /opt/airflow/dags/google_scraper/exportador_bd/export_to_supabase_airflow.py
[2025-06-02T15:43:05.245+0000] {processor.py:179} INFO - Processing /opt/airflow/dags/google_scraper/exportador_bd/export_to_supabase_airflow.py took 0.230 seconds
[2025-06-02T15:44:06.102+0000] {processor.py:157} INFO - Started process (PID=3117) to work on /opt/airflow/dags/google_scraper/exportador_bd/export_to_supabase_airflow.py
[2025-06-02T15:44:06.104+0000] {processor.py:829} INFO - Processing file /opt/airflow/dags/google_scraper/exportador_bd/export_to_supabase_airflow.py for tasks to queue
[2025-06-02T15:44:06.105+0000] {logging_mixin.py:151} INFO - [2025-06-02T15:44:06.105+0000] {dagbag.py:539} INFO - Filling up the DagBag from /opt/airflow/dags/google_scraper/exportador_bd/export_to_supabase_airflow.py
[2025-06-02T15:44:06.301+0000] {processor.py:841} WARNING - No viable dags retrieved from /opt/airflow/dags/google_scraper/exportador_bd/export_to_supabase_airflow.py
[2025-06-02T15:44:06.319+0000] {processor.py:179} INFO - Processing /opt/airflow/dags/google_scraper/exportador_bd/export_to_supabase_airflow.py took 0.220 seconds
[2025-06-02T15:45:06.372+0000] {processor.py:157} INFO - Started process (PID=3204) to work on /opt/airflow/dags/google_scraper/exportador_bd/export_to_supabase_airflow.py
[2025-06-02T15:45:06.374+0000] {processor.py:829} INFO - Processing file /opt/airflow/dags/google_scraper/exportador_bd/export_to_supabase_airflow.py for tasks to queue
[2025-06-02T15:45:06.375+0000] {logging_mixin.py:151} INFO - [2025-06-02T15:45:06.375+0000] {dagbag.py:539} INFO - Filling up the DagBag from /opt/airflow/dags/google_scraper/exportador_bd/export_to_supabase_airflow.py
[2025-06-02T15:45:06.608+0000] {processor.py:841} WARNING - No viable dags retrieved from /opt/airflow/dags/google_scraper/exportador_bd/export_to_supabase_airflow.py
[2025-06-02T15:45:06.619+0000] {processor.py:179} INFO - Processing /opt/airflow/dags/google_scraper/exportador_bd/export_to_supabase_airflow.py took 0.249 seconds
[2025-06-02T15:46:06.931+0000] {processor.py:157} INFO - Started process (PID=3289) to work on /opt/airflow/dags/google_scraper/exportador_bd/export_to_supabase_airflow.py
[2025-06-02T15:46:06.933+0000] {processor.py:829} INFO - Processing file /opt/airflow/dags/google_scraper/exportador_bd/export_to_supabase_airflow.py for tasks to queue
[2025-06-02T15:46:06.934+0000] {logging_mixin.py:151} INFO - [2025-06-02T15:46:06.934+0000] {dagbag.py:539} INFO - Filling up the DagBag from /opt/airflow/dags/google_scraper/exportador_bd/export_to_supabase_airflow.py
[2025-06-02T15:46:07.247+0000] {processor.py:841} WARNING - No viable dags retrieved from /opt/airflow/dags/google_scraper/exportador_bd/export_to_supabase_airflow.py
[2025-06-02T15:46:07.255+0000] {processor.py:179} INFO - Processing /opt/airflow/dags/google_scraper/exportador_bd/export_to_supabase_airflow.py took 0.329 seconds
[2025-06-02T15:47:07.365+0000] {processor.py:157} INFO - Started process (PID=3381) to work on /opt/airflow/dags/google_scraper/exportador_bd/export_to_supabase_airflow.py
[2025-06-02T15:47:07.367+0000] {processor.py:829} INFO - Processing file /opt/airflow/dags/google_scraper/exportador_bd/export_to_supabase_airflow.py for tasks to queue
[2025-06-02T15:47:07.368+0000] {logging_mixin.py:151} INFO - [2025-06-02T15:47:07.367+0000] {dagbag.py:539} INFO - Filling up the DagBag from /opt/airflow/dags/google_scraper/exportador_bd/export_to_supabase_airflow.py
[2025-06-02T15:47:07.616+0000] {processor.py:841} WARNING - No viable dags retrieved from /opt/airflow/dags/google_scraper/exportador_bd/export_to_supabase_airflow.py
[2025-06-02T15:47:07.626+0000] {processor.py:179} INFO - Processing /opt/airflow/dags/google_scraper/exportador_bd/export_to_supabase_airflow.py took 0.264 seconds
[2025-06-02T15:48:07.712+0000] {processor.py:157} INFO - Started process (PID=3496) to work on /opt/airflow/dags/google_scraper/exportador_bd/export_to_supabase_airflow.py
[2025-06-02T15:48:07.713+0000] {processor.py:829} INFO - Processing file /opt/airflow/dags/google_scraper/exportador_bd/export_to_supabase_airflow.py for tasks to queue
[2025-06-02T15:48:07.714+0000] {logging_mixin.py:151} INFO - [2025-06-02T15:48:07.714+0000] {dagbag.py:539} INFO - Filling up the DagBag from /opt/airflow/dags/google_scraper/exportador_bd/export_to_supabase_airflow.py
[2025-06-02T15:48:08.065+0000] {processor.py:841} WARNING - No viable dags retrieved from /opt/airflow/dags/google_scraper/exportador_bd/export_to_supabase_airflow.py
[2025-06-02T15:48:08.078+0000] {processor.py:179} INFO - Processing /opt/airflow/dags/google_scraper/exportador_bd/export_to_supabase_airflow.py took 0.368 seconds
[2025-06-02T15:49:08.865+0000] {processor.py:157} INFO - Started process (PID=3626) to work on /opt/airflow/dags/google_scraper/exportador_bd/export_to_supabase_airflow.py
[2025-06-02T15:49:08.866+0000] {processor.py:829} INFO - Processing file /opt/airflow/dags/google_scraper/exportador_bd/export_to_supabase_airflow.py for tasks to queue
[2025-06-02T15:49:08.867+0000] {logging_mixin.py:151} INFO - [2025-06-02T15:49:08.867+0000] {dagbag.py:539} INFO - Filling up the DagBag from /opt/airflow/dags/google_scraper/exportador_bd/export_to_supabase_airflow.py
[2025-06-02T15:49:09.201+0000] {processor.py:841} WARNING - No viable dags retrieved from /opt/airflow/dags/google_scraper/exportador_bd/export_to_supabase_airflow.py
[2025-06-02T15:49:09.212+0000] {processor.py:179} INFO - Processing /opt/airflow/dags/google_scraper/exportador_bd/export_to_supabase_airflow.py took 0.350 seconds
[2025-06-02T15:50:10.144+0000] {processor.py:157} INFO - Started process (PID=3734) to work on /opt/airflow/dags/google_scraper/exportador_bd/export_to_supabase_airflow.py
[2025-06-02T15:50:10.149+0000] {processor.py:829} INFO - Processing file /opt/airflow/dags/google_scraper/exportador_bd/export_to_supabase_airflow.py for tasks to queue
[2025-06-02T15:50:10.150+0000] {logging_mixin.py:151} INFO - [2025-06-02T15:50:10.150+0000] {dagbag.py:539} INFO - Filling up the DagBag from /opt/airflow/dags/google_scraper/exportador_bd/export_to_supabase_airflow.py
[2025-06-02T15:50:10.441+0000] {processor.py:841} WARNING - No viable dags retrieved from /opt/airflow/dags/google_scraper/exportador_bd/export_to_supabase_airflow.py
[2025-06-02T15:50:10.449+0000] {processor.py:179} INFO - Processing /opt/airflow/dags/google_scraper/exportador_bd/export_to_supabase_airflow.py took 0.307 seconds
[2025-06-02T15:51:10.538+0000] {processor.py:157} INFO - Started process (PID=3818) to work on /opt/airflow/dags/google_scraper/exportador_bd/export_to_supabase_airflow.py
[2025-06-02T15:51:10.542+0000] {processor.py:829} INFO - Processing file /opt/airflow/dags/google_scraper/exportador_bd/export_to_supabase_airflow.py for tasks to queue
[2025-06-02T15:51:10.543+0000] {logging_mixin.py:151} INFO - [2025-06-02T15:51:10.543+0000] {dagbag.py:539} INFO - Filling up the DagBag from /opt/airflow/dags/google_scraper/exportador_bd/export_to_supabase_airflow.py
[2025-06-02T15:51:10.948+0000] {processor.py:841} WARNING - No viable dags retrieved from /opt/airflow/dags/google_scraper/exportador_bd/export_to_supabase_airflow.py
[2025-06-02T15:51:10.960+0000] {processor.py:179} INFO - Processing /opt/airflow/dags/google_scraper/exportador_bd/export_to_supabase_airflow.py took 0.426 seconds
[2025-06-02T15:52:11.042+0000] {processor.py:157} INFO - Started process (PID=3900) to work on /opt/airflow/dags/google_scraper/exportador_bd/export_to_supabase_airflow.py
[2025-06-02T15:52:11.044+0000] {processor.py:829} INFO - Processing file /opt/airflow/dags/google_scraper/exportador_bd/export_to_supabase_airflow.py for tasks to queue
[2025-06-02T15:52:11.045+0000] {logging_mixin.py:151} INFO - [2025-06-02T15:52:11.045+0000] {dagbag.py:539} INFO - Filling up the DagBag from /opt/airflow/dags/google_scraper/exportador_bd/export_to_supabase_airflow.py
[2025-06-02T15:52:11.367+0000] {processor.py:841} WARNING - No viable dags retrieved from /opt/airflow/dags/google_scraper/exportador_bd/export_to_supabase_airflow.py
[2025-06-02T15:52:11.375+0000] {processor.py:179} INFO - Processing /opt/airflow/dags/google_scraper/exportador_bd/export_to_supabase_airflow.py took 0.336 seconds
[2025-06-02T15:53:11.754+0000] {processor.py:157} INFO - Started process (PID=3992) to work on /opt/airflow/dags/google_scraper/exportador_bd/export_to_supabase_airflow.py
[2025-06-02T15:53:11.756+0000] {processor.py:829} INFO - Processing file /opt/airflow/dags/google_scraper/exportador_bd/export_to_supabase_airflow.py for tasks to queue
[2025-06-02T15:53:11.756+0000] {logging_mixin.py:151} INFO - [2025-06-02T15:53:11.756+0000] {dagbag.py:539} INFO - Filling up the DagBag from /opt/airflow/dags/google_scraper/exportador_bd/export_to_supabase_airflow.py
[2025-06-02T15:53:12.081+0000] {processor.py:841} WARNING - No viable dags retrieved from /opt/airflow/dags/google_scraper/exportador_bd/export_to_supabase_airflow.py
[2025-06-02T15:53:12.092+0000] {processor.py:179} INFO - Processing /opt/airflow/dags/google_scraper/exportador_bd/export_to_supabase_airflow.py took 0.341 seconds
[2025-06-02T15:54:12.183+0000] {processor.py:157} INFO - Started process (PID=4134) to work on /opt/airflow/dags/google_scraper/exportador_bd/export_to_supabase_airflow.py
[2025-06-02T15:54:12.184+0000] {processor.py:829} INFO - Processing file /opt/airflow/dags/google_scraper/exportador_bd/export_to_supabase_airflow.py for tasks to queue
[2025-06-02T15:54:12.185+0000] {logging_mixin.py:151} INFO - [2025-06-02T15:54:12.185+0000] {dagbag.py:539} INFO - Filling up the DagBag from /opt/airflow/dags/google_scraper/exportador_bd/export_to_supabase_airflow.py
[2025-06-02T15:54:12.539+0000] {processor.py:841} WARNING - No viable dags retrieved from /opt/airflow/dags/google_scraper/exportador_bd/export_to_supabase_airflow.py
[2025-06-02T15:54:12.548+0000] {processor.py:179} INFO - Processing /opt/airflow/dags/google_scraper/exportador_bd/export_to_supabase_airflow.py took 0.368 seconds
[2025-06-02T15:55:12.625+0000] {processor.py:157} INFO - Started process (PID=4221) to work on /opt/airflow/dags/google_scraper/exportador_bd/export_to_supabase_airflow.py
[2025-06-02T15:55:12.626+0000] {processor.py:829} INFO - Processing file /opt/airflow/dags/google_scraper/exportador_bd/export_to_supabase_airflow.py for tasks to queue
[2025-06-02T15:55:12.627+0000] {logging_mixin.py:151} INFO - [2025-06-02T15:55:12.627+0000] {dagbag.py:539} INFO - Filling up the DagBag from /opt/airflow/dags/google_scraper/exportador_bd/export_to_supabase_airflow.py
[2025-06-02T15:55:13.013+0000] {processor.py:841} WARNING - No viable dags retrieved from /opt/airflow/dags/google_scraper/exportador_bd/export_to_supabase_airflow.py
[2025-06-02T15:55:13.022+0000] {processor.py:179} INFO - Processing /opt/airflow/dags/google_scraper/exportador_bd/export_to_supabase_airflow.py took 0.401 seconds
[2025-06-02T15:56:13.153+0000] {processor.py:157} INFO - Started process (PID=4300) to work on /opt/airflow/dags/google_scraper/exportador_bd/export_to_supabase_airflow.py
[2025-06-02T15:56:13.157+0000] {processor.py:829} INFO - Processing file /opt/airflow/dags/google_scraper/exportador_bd/export_to_supabase_airflow.py for tasks to queue
[2025-06-02T15:56:13.157+0000] {logging_mixin.py:151} INFO - [2025-06-02T15:56:13.157+0000] {dagbag.py:539} INFO - Filling up the DagBag from /opt/airflow/dags/google_scraper/exportador_bd/export_to_supabase_airflow.py
[2025-06-02T15:56:13.449+0000] {processor.py:841} WARNING - No viable dags retrieved from /opt/airflow/dags/google_scraper/exportador_bd/export_to_supabase_airflow.py
[2025-06-02T15:56:13.458+0000] {processor.py:179} INFO - Processing /opt/airflow/dags/google_scraper/exportador_bd/export_to_supabase_airflow.py took 0.310 seconds
[2025-06-02T15:57:13.597+0000] {processor.py:157} INFO - Started process (PID=4387) to work on /opt/airflow/dags/google_scraper/exportador_bd/export_to_supabase_airflow.py
[2025-06-02T15:57:13.598+0000] {processor.py:829} INFO - Processing file /opt/airflow/dags/google_scraper/exportador_bd/export_to_supabase_airflow.py for tasks to queue
[2025-06-02T15:57:13.599+0000] {logging_mixin.py:151} INFO - [2025-06-02T15:57:13.598+0000] {dagbag.py:539} INFO - Filling up the DagBag from /opt/airflow/dags/google_scraper/exportador_bd/export_to_supabase_airflow.py
[2025-06-02T15:57:13.993+0000] {processor.py:841} WARNING - No viable dags retrieved from /opt/airflow/dags/google_scraper/exportador_bd/export_to_supabase_airflow.py
[2025-06-02T15:57:14.009+0000] {processor.py:179} INFO - Processing /opt/airflow/dags/google_scraper/exportador_bd/export_to_supabase_airflow.py took 0.415 seconds
[2025-06-02T16:35:56.321+0000] {processor.py:161} INFO - Started process (PID=169) to work on /opt/airflow/dags/google_scraper/exportador_bd/export_to_supabase_airflow.py
[2025-06-02T16:35:56.325+0000] {processor.py:830} INFO - Processing file /opt/airflow/dags/google_scraper/exportador_bd/export_to_supabase_airflow.py for tasks to queue
[2025-06-02T16:35:56.327+0000] {logging_mixin.py:188} INFO - [2025-06-02T16:35:56.326+0000] {dagbag.py:538} INFO - Filling up the DagBag from /opt/airflow/dags/google_scraper/exportador_bd/export_to_supabase_airflow.py
[2025-06-02T16:35:57.218+0000] {processor.py:842} WARNING - No viable dags retrieved from /opt/airflow/dags/google_scraper/exportador_bd/export_to_supabase_airflow.py
[2025-06-02T16:35:57.226+0000] {processor.py:183} INFO - Processing /opt/airflow/dags/google_scraper/exportador_bd/export_to_supabase_airflow.py took 0.909 seconds
[2025-06-02T16:36:57.803+0000] {processor.py:161} INFO - Started process (PID=241) to work on /opt/airflow/dags/google_scraper/exportador_bd/export_to_supabase_airflow.py
[2025-06-02T16:36:57.809+0000] {processor.py:830} INFO - Processing file /opt/airflow/dags/google_scraper/exportador_bd/export_to_supabase_airflow.py for tasks to queue
[2025-06-02T16:36:57.810+0000] {logging_mixin.py:188} INFO - [2025-06-02T16:36:57.810+0000] {dagbag.py:538} INFO - Filling up the DagBag from /opt/airflow/dags/google_scraper/exportador_bd/export_to_supabase_airflow.py
[2025-06-02T16:36:58.497+0000] {processor.py:842} WARNING - No viable dags retrieved from /opt/airflow/dags/google_scraper/exportador_bd/export_to_supabase_airflow.py
[2025-06-02T16:36:58.505+0000] {processor.py:183} INFO - Processing /opt/airflow/dags/google_scraper/exportador_bd/export_to_supabase_airflow.py took 0.708 seconds
[2025-06-02T16:37:59.256+0000] {processor.py:161} INFO - Started process (PID=629) to work on /opt/airflow/dags/google_scraper/exportador_bd/export_to_supabase_airflow.py
[2025-06-02T16:37:59.259+0000] {processor.py:830} INFO - Processing file /opt/airflow/dags/google_scraper/exportador_bd/export_to_supabase_airflow.py for tasks to queue
[2025-06-02T16:37:59.260+0000] {logging_mixin.py:188} INFO - [2025-06-02T16:37:59.260+0000] {dagbag.py:538} INFO - Filling up the DagBag from /opt/airflow/dags/google_scraper/exportador_bd/export_to_supabase_airflow.py
[2025-06-02T16:38:00.042+0000] {processor.py:842} WARNING - No viable dags retrieved from /opt/airflow/dags/google_scraper/exportador_bd/export_to_supabase_airflow.py
[2025-06-02T16:38:00.059+0000] {processor.py:183} INFO - Processing /opt/airflow/dags/google_scraper/exportador_bd/export_to_supabase_airflow.py took 0.805 seconds
[2025-06-02T16:39:00.397+0000] {processor.py:161} INFO - Started process (PID=704) to work on /opt/airflow/dags/google_scraper/exportador_bd/export_to_supabase_airflow.py
[2025-06-02T16:39:00.402+0000] {processor.py:830} INFO - Processing file /opt/airflow/dags/google_scraper/exportador_bd/export_to_supabase_airflow.py for tasks to queue
[2025-06-02T16:39:00.403+0000] {logging_mixin.py:188} INFO - [2025-06-02T16:39:00.403+0000] {dagbag.py:538} INFO - Filling up the DagBag from /opt/airflow/dags/google_scraper/exportador_bd/export_to_supabase_airflow.py
[2025-06-02T16:39:01.080+0000] {processor.py:842} WARNING - No viable dags retrieved from /opt/airflow/dags/google_scraper/exportador_bd/export_to_supabase_airflow.py
[2025-06-02T16:39:01.090+0000] {processor.py:183} INFO - Processing /opt/airflow/dags/google_scraper/exportador_bd/export_to_supabase_airflow.py took 0.695 seconds
[2025-06-02T16:43:59.276+0000] {processor.py:161} INFO - Started process (PID=174) to work on /opt/airflow/dags/google_scraper/exportador_bd/export_to_supabase_airflow.py
[2025-06-02T16:43:59.279+0000] {processor.py:830} INFO - Processing file /opt/airflow/dags/google_scraper/exportador_bd/export_to_supabase_airflow.py for tasks to queue
[2025-06-02T16:43:59.279+0000] {logging_mixin.py:188} INFO - [2025-06-02T16:43:59.279+0000] {dagbag.py:538} INFO - Filling up the DagBag from /opt/airflow/dags/google_scraper/exportador_bd/export_to_supabase_airflow.py
[2025-06-02T16:44:00.277+0000] {processor.py:842} WARNING - No viable dags retrieved from /opt/airflow/dags/google_scraper/exportador_bd/export_to_supabase_airflow.py
[2025-06-02T16:44:00.293+0000] {processor.py:183} INFO - Processing /opt/airflow/dags/google_scraper/exportador_bd/export_to_supabase_airflow.py took 1.025 seconds
[2025-06-02T16:45:00.935+0000] {processor.py:161} INFO - Started process (PID=478) to work on /opt/airflow/dags/google_scraper/exportador_bd/export_to_supabase_airflow.py
[2025-06-02T16:45:00.942+0000] {processor.py:830} INFO - Processing file /opt/airflow/dags/google_scraper/exportador_bd/export_to_supabase_airflow.py for tasks to queue
[2025-06-02T16:45:00.943+0000] {logging_mixin.py:188} INFO - [2025-06-02T16:45:00.943+0000] {dagbag.py:538} INFO - Filling up the DagBag from /opt/airflow/dags/google_scraper/exportador_bd/export_to_supabase_airflow.py
[2025-06-02T16:45:01.628+0000] {processor.py:842} WARNING - No viable dags retrieved from /opt/airflow/dags/google_scraper/exportador_bd/export_to_supabase_airflow.py
[2025-06-02T16:45:01.643+0000] {processor.py:183} INFO - Processing /opt/airflow/dags/google_scraper/exportador_bd/export_to_supabase_airflow.py took 0.711 seconds
[2025-06-02T16:46:02.107+0000] {processor.py:161} INFO - Started process (PID=706) to work on /opt/airflow/dags/google_scraper/exportador_bd/export_to_supabase_airflow.py
[2025-06-02T16:46:02.108+0000] {processor.py:830} INFO - Processing file /opt/airflow/dags/google_scraper/exportador_bd/export_to_supabase_airflow.py for tasks to queue
[2025-06-02T16:46:02.109+0000] {logging_mixin.py:188} INFO - [2025-06-02T16:46:02.109+0000] {dagbag.py:538} INFO - Filling up the DagBag from /opt/airflow/dags/google_scraper/exportador_bd/export_to_supabase_airflow.py
[2025-06-02T16:46:02.856+0000] {processor.py:842} WARNING - No viable dags retrieved from /opt/airflow/dags/google_scraper/exportador_bd/export_to_supabase_airflow.py
[2025-06-02T16:46:02.867+0000] {processor.py:183} INFO - Processing /opt/airflow/dags/google_scraper/exportador_bd/export_to_supabase_airflow.py took 0.763 seconds
[2025-06-02T16:47:03.293+0000] {processor.py:161} INFO - Started process (PID=780) to work on /opt/airflow/dags/google_scraper/exportador_bd/export_to_supabase_airflow.py
[2025-06-02T16:47:03.295+0000] {processor.py:830} INFO - Processing file /opt/airflow/dags/google_scraper/exportador_bd/export_to_supabase_airflow.py for tasks to queue
[2025-06-02T16:47:03.296+0000] {logging_mixin.py:188} INFO - [2025-06-02T16:47:03.296+0000] {dagbag.py:538} INFO - Filling up the DagBag from /opt/airflow/dags/google_scraper/exportador_bd/export_to_supabase_airflow.py
[2025-06-02T16:47:04.078+0000] {processor.py:842} WARNING - No viable dags retrieved from /opt/airflow/dags/google_scraper/exportador_bd/export_to_supabase_airflow.py
[2025-06-02T16:47:04.093+0000] {processor.py:183} INFO - Processing /opt/airflow/dags/google_scraper/exportador_bd/export_to_supabase_airflow.py took 0.802 seconds
[2025-06-02T16:48:04.559+0000] {processor.py:161} INFO - Started process (PID=854) to work on /opt/airflow/dags/google_scraper/exportador_bd/export_to_supabase_airflow.py
[2025-06-02T16:48:04.562+0000] {processor.py:830} INFO - Processing file /opt/airflow/dags/google_scraper/exportador_bd/export_to_supabase_airflow.py for tasks to queue
[2025-06-02T16:48:04.564+0000] {logging_mixin.py:188} INFO - [2025-06-02T16:48:04.564+0000] {dagbag.py:538} INFO - Filling up the DagBag from /opt/airflow/dags/google_scraper/exportador_bd/export_to_supabase_airflow.py
[2025-06-02T16:48:05.258+0000] {processor.py:842} WARNING - No viable dags retrieved from /opt/airflow/dags/google_scraper/exportador_bd/export_to_supabase_airflow.py
[2025-06-02T16:48:05.266+0000] {processor.py:183} INFO - Processing /opt/airflow/dags/google_scraper/exportador_bd/export_to_supabase_airflow.py took 0.709 seconds
[2025-06-02T16:51:23.233+0000] {processor.py:161} INFO - Started process (PID=172) to work on /opt/airflow/dags/google_scraper/exportador_bd/export_to_supabase_airflow.py
[2025-06-02T16:51:23.236+0000] {processor.py:830} INFO - Processing file /opt/airflow/dags/google_scraper/exportador_bd/export_to_supabase_airflow.py for tasks to queue
[2025-06-02T16:51:23.237+0000] {logging_mixin.py:188} INFO - [2025-06-02T16:51:23.237+0000] {dagbag.py:538} INFO - Filling up the DagBag from /opt/airflow/dags/google_scraper/exportador_bd/export_to_supabase_airflow.py
[2025-06-02T16:51:24.520+0000] {processor.py:842} WARNING - No viable dags retrieved from /opt/airflow/dags/google_scraper/exportador_bd/export_to_supabase_airflow.py
[2025-06-02T16:51:24.577+0000] {processor.py:183} INFO - Processing /opt/airflow/dags/google_scraper/exportador_bd/export_to_supabase_airflow.py took 1.352 seconds
[2025-06-02T16:52:24.769+0000] {processor.py:161} INFO - Started process (PID=438) to work on /opt/airflow/dags/google_scraper/exportador_bd/export_to_supabase_airflow.py
[2025-06-02T16:52:24.772+0000] {processor.py:830} INFO - Processing file /opt/airflow/dags/google_scraper/exportador_bd/export_to_supabase_airflow.py for tasks to queue
[2025-06-02T16:52:24.773+0000] {logging_mixin.py:188} INFO - [2025-06-02T16:52:24.773+0000] {dagbag.py:538} INFO - Filling up the DagBag from /opt/airflow/dags/google_scraper/exportador_bd/export_to_supabase_airflow.py
[2025-06-02T16:52:25.746+0000] {processor.py:842} WARNING - No viable dags retrieved from /opt/airflow/dags/google_scraper/exportador_bd/export_to_supabase_airflow.py
[2025-06-02T16:52:25.764+0000] {processor.py:183} INFO - Processing /opt/airflow/dags/google_scraper/exportador_bd/export_to_supabase_airflow.py took 0.996 seconds
[2025-06-02T16:53:25.891+0000] {processor.py:161} INFO - Started process (PID=519) to work on /opt/airflow/dags/google_scraper/exportador_bd/export_to_supabase_airflow.py
[2025-06-02T16:53:25.892+0000] {processor.py:830} INFO - Processing file /opt/airflow/dags/google_scraper/exportador_bd/export_to_supabase_airflow.py for tasks to queue
[2025-06-02T16:53:25.893+0000] {logging_mixin.py:188} INFO - [2025-06-02T16:53:25.893+0000] {dagbag.py:538} INFO - Filling up the DagBag from /opt/airflow/dags/google_scraper/exportador_bd/export_to_supabase_airflow.py
[2025-06-02T16:53:26.588+0000] {processor.py:842} WARNING - No viable dags retrieved from /opt/airflow/dags/google_scraper/exportador_bd/export_to_supabase_airflow.py
[2025-06-02T16:53:26.598+0000] {processor.py:183} INFO - Processing /opt/airflow/dags/google_scraper/exportador_bd/export_to_supabase_airflow.py took 0.709 seconds
[2025-06-02T16:54:27.139+0000] {processor.py:161} INFO - Started process (PID=618) to work on /opt/airflow/dags/google_scraper/exportador_bd/export_to_supabase_airflow.py
[2025-06-02T16:54:27.141+0000] {processor.py:830} INFO - Processing file /opt/airflow/dags/google_scraper/exportador_bd/export_to_supabase_airflow.py for tasks to queue
[2025-06-02T16:54:27.142+0000] {logging_mixin.py:188} INFO - [2025-06-02T16:54:27.142+0000] {dagbag.py:538} INFO - Filling up the DagBag from /opt/airflow/dags/google_scraper/exportador_bd/export_to_supabase_airflow.py
[2025-06-02T16:54:27.879+0000] {processor.py:842} WARNING - No viable dags retrieved from /opt/airflow/dags/google_scraper/exportador_bd/export_to_supabase_airflow.py
[2025-06-02T16:54:27.891+0000] {processor.py:183} INFO - Processing /opt/airflow/dags/google_scraper/exportador_bd/export_to_supabase_airflow.py took 0.758 seconds
[2025-06-02T16:55:28.724+0000] {processor.py:161} INFO - Started process (PID=697) to work on /opt/airflow/dags/google_scraper/exportador_bd/export_to_supabase_airflow.py
[2025-06-02T16:55:28.727+0000] {processor.py:830} INFO - Processing file /opt/airflow/dags/google_scraper/exportador_bd/export_to_supabase_airflow.py for tasks to queue
[2025-06-02T16:55:28.729+0000] {logging_mixin.py:188} INFO - [2025-06-02T16:55:28.729+0000] {dagbag.py:538} INFO - Filling up the DagBag from /opt/airflow/dags/google_scraper/exportador_bd/export_to_supabase_airflow.py
[2025-06-02T16:55:29.432+0000] {processor.py:842} WARNING - No viable dags retrieved from /opt/airflow/dags/google_scraper/exportador_bd/export_to_supabase_airflow.py
[2025-06-02T16:55:29.440+0000] {processor.py:183} INFO - Processing /opt/airflow/dags/google_scraper/exportador_bd/export_to_supabase_airflow.py took 0.718 seconds
[2025-06-02T17:03:22.654+0000] {processor.py:161} INFO - Started process (PID=190) to work on /opt/airflow/dags/google_scraper/exportador_bd/export_to_supabase_airflow.py
[2025-06-02T17:03:22.658+0000] {processor.py:830} INFO - Processing file /opt/airflow/dags/google_scraper/exportador_bd/export_to_supabase_airflow.py for tasks to queue
[2025-06-02T17:03:22.660+0000] {logging_mixin.py:188} INFO - [2025-06-02T17:03:22.659+0000] {dagbag.py:538} INFO - Filling up the DagBag from /opt/airflow/dags/google_scraper/exportador_bd/export_to_supabase_airflow.py
[2025-06-02T17:03:23.521+0000] {processor.py:842} WARNING - No viable dags retrieved from /opt/airflow/dags/google_scraper/exportador_bd/export_to_supabase_airflow.py
[2025-06-02T17:03:23.528+0000] {processor.py:183} INFO - Processing /opt/airflow/dags/google_scraper/exportador_bd/export_to_supabase_airflow.py took 0.877 seconds
[2025-06-02T17:04:24.093+0000] {processor.py:161} INFO - Started process (PID=410) to work on /opt/airflow/dags/google_scraper/exportador_bd/export_to_supabase_airflow.py
[2025-06-02T17:04:24.094+0000] {processor.py:830} INFO - Processing file /opt/airflow/dags/google_scraper/exportador_bd/export_to_supabase_airflow.py for tasks to queue
[2025-06-02T17:04:24.095+0000] {logging_mixin.py:188} INFO - [2025-06-02T17:04:24.095+0000] {dagbag.py:538} INFO - Filling up the DagBag from /opt/airflow/dags/google_scraper/exportador_bd/export_to_supabase_airflow.py
[2025-06-02T17:04:24.749+0000] {processor.py:842} WARNING - No viable dags retrieved from /opt/airflow/dags/google_scraper/exportador_bd/export_to_supabase_airflow.py
[2025-06-02T17:04:24.756+0000] {processor.py:183} INFO - Processing /opt/airflow/dags/google_scraper/exportador_bd/export_to_supabase_airflow.py took 0.665 seconds
[2025-06-02T17:05:25.056+0000] {processor.py:161} INFO - Started process (PID=507) to work on /opt/airflow/dags/google_scraper/exportador_bd/export_to_supabase_airflow.py
[2025-06-02T17:05:25.058+0000] {processor.py:830} INFO - Processing file /opt/airflow/dags/google_scraper/exportador_bd/export_to_supabase_airflow.py for tasks to queue
[2025-06-02T17:05:25.062+0000] {logging_mixin.py:188} INFO - [2025-06-02T17:05:25.061+0000] {dagbag.py:538} INFO - Filling up the DagBag from /opt/airflow/dags/google_scraper/exportador_bd/export_to_supabase_airflow.py
[2025-06-02T17:05:25.798+0000] {processor.py:842} WARNING - No viable dags retrieved from /opt/airflow/dags/google_scraper/exportador_bd/export_to_supabase_airflow.py
[2025-06-02T17:05:25.810+0000] {processor.py:183} INFO - Processing /opt/airflow/dags/google_scraper/exportador_bd/export_to_supabase_airflow.py took 0.755 seconds
[2025-06-02T17:06:26.201+0000] {processor.py:161} INFO - Started process (PID=581) to work on /opt/airflow/dags/google_scraper/exportador_bd/export_to_supabase_airflow.py
[2025-06-02T17:06:26.204+0000] {processor.py:830} INFO - Processing file /opt/airflow/dags/google_scraper/exportador_bd/export_to_supabase_airflow.py for tasks to queue
[2025-06-02T17:06:26.205+0000] {logging_mixin.py:188} INFO - [2025-06-02T17:06:26.205+0000] {dagbag.py:538} INFO - Filling up the DagBag from /opt/airflow/dags/google_scraper/exportador_bd/export_to_supabase_airflow.py
[2025-06-02T17:06:26.818+0000] {processor.py:842} WARNING - No viable dags retrieved from /opt/airflow/dags/google_scraper/exportador_bd/export_to_supabase_airflow.py
[2025-06-02T17:06:26.831+0000] {processor.py:183} INFO - Processing /opt/airflow/dags/google_scraper/exportador_bd/export_to_supabase_airflow.py took 0.633 seconds
[2025-06-02T17:07:27.116+0000] {processor.py:161} INFO - Started process (PID=655) to work on /opt/airflow/dags/google_scraper/exportador_bd/export_to_supabase_airflow.py
[2025-06-02T17:07:27.117+0000] {processor.py:830} INFO - Processing file /opt/airflow/dags/google_scraper/exportador_bd/export_to_supabase_airflow.py for tasks to queue
[2025-06-02T17:07:27.118+0000] {logging_mixin.py:188} INFO - [2025-06-02T17:07:27.117+0000] {dagbag.py:538} INFO - Filling up the DagBag from /opt/airflow/dags/google_scraper/exportador_bd/export_to_supabase_airflow.py
[2025-06-02T17:07:27.752+0000] {processor.py:842} WARNING - No viable dags retrieved from /opt/airflow/dags/google_scraper/exportador_bd/export_to_supabase_airflow.py
[2025-06-02T17:07:27.760+0000] {processor.py:183} INFO - Processing /opt/airflow/dags/google_scraper/exportador_bd/export_to_supabase_airflow.py took 0.646 seconds
[2025-06-02T17:08:28.236+0000] {processor.py:161} INFO - Started process (PID=728) to work on /opt/airflow/dags/google_scraper/exportador_bd/export_to_supabase_airflow.py
[2025-06-02T17:08:28.239+0000] {processor.py:830} INFO - Processing file /opt/airflow/dags/google_scraper/exportador_bd/export_to_supabase_airflow.py for tasks to queue
[2025-06-02T17:08:28.240+0000] {logging_mixin.py:188} INFO - [2025-06-02T17:08:28.240+0000] {dagbag.py:538} INFO - Filling up the DagBag from /opt/airflow/dags/google_scraper/exportador_bd/export_to_supabase_airflow.py
[2025-06-02T17:08:29.009+0000] {processor.py:842} WARNING - No viable dags retrieved from /opt/airflow/dags/google_scraper/exportador_bd/export_to_supabase_airflow.py
[2025-06-02T17:08:29.018+0000] {processor.py:183} INFO - Processing /opt/airflow/dags/google_scraper/exportador_bd/export_to_supabase_airflow.py took 0.784 seconds
[2025-06-02T17:09:29.545+0000] {processor.py:161} INFO - Started process (PID=817) to work on /opt/airflow/dags/google_scraper/exportador_bd/export_to_supabase_airflow.py
[2025-06-02T17:09:29.549+0000] {processor.py:830} INFO - Processing file /opt/airflow/dags/google_scraper/exportador_bd/export_to_supabase_airflow.py for tasks to queue
[2025-06-02T17:09:29.551+0000] {logging_mixin.py:188} INFO - [2025-06-02T17:09:29.551+0000] {dagbag.py:538} INFO - Filling up the DagBag from /opt/airflow/dags/google_scraper/exportador_bd/export_to_supabase_airflow.py
[2025-06-02T17:09:30.226+0000] {processor.py:842} WARNING - No viable dags retrieved from /opt/airflow/dags/google_scraper/exportador_bd/export_to_supabase_airflow.py
[2025-06-02T17:09:30.239+0000] {processor.py:183} INFO - Processing /opt/airflow/dags/google_scraper/exportador_bd/export_to_supabase_airflow.py took 0.695 seconds
[2025-06-02T17:10:31.170+0000] {processor.py:161} INFO - Started process (PID=1025) to work on /opt/airflow/dags/google_scraper/exportador_bd/export_to_supabase_airflow.py
[2025-06-02T17:10:31.178+0000] {processor.py:830} INFO - Processing file /opt/airflow/dags/google_scraper/exportador_bd/export_to_supabase_airflow.py for tasks to queue
[2025-06-02T17:10:31.179+0000] {logging_mixin.py:188} INFO - [2025-06-02T17:10:31.179+0000] {dagbag.py:538} INFO - Filling up the DagBag from /opt/airflow/dags/google_scraper/exportador_bd/export_to_supabase_airflow.py
[2025-06-02T17:10:31.957+0000] {processor.py:842} WARNING - No viable dags retrieved from /opt/airflow/dags/google_scraper/exportador_bd/export_to_supabase_airflow.py
[2025-06-02T17:10:31.965+0000] {processor.py:183} INFO - Processing /opt/airflow/dags/google_scraper/exportador_bd/export_to_supabase_airflow.py took 0.799 seconds
[2025-06-02T17:11:32.489+0000] {processor.py:161} INFO - Started process (PID=1125) to work on /opt/airflow/dags/google_scraper/exportador_bd/export_to_supabase_airflow.py
[2025-06-02T17:11:32.495+0000] {processor.py:830} INFO - Processing file /opt/airflow/dags/google_scraper/exportador_bd/export_to_supabase_airflow.py for tasks to queue
[2025-06-02T17:11:32.496+0000] {logging_mixin.py:188} INFO - [2025-06-02T17:11:32.496+0000] {dagbag.py:538} INFO - Filling up the DagBag from /opt/airflow/dags/google_scraper/exportador_bd/export_to_supabase_airflow.py
[2025-06-02T17:11:35.266+0000] {processor.py:842} WARNING - No viable dags retrieved from /opt/airflow/dags/google_scraper/exportador_bd/export_to_supabase_airflow.py
[2025-06-02T17:11:35.363+0000] {processor.py:183} INFO - Processing /opt/airflow/dags/google_scraper/exportador_bd/export_to_supabase_airflow.py took 2.886 seconds
[2025-06-02T17:59:52.479+0000] {processor.py:161} INFO - Started process (PID=1197) to work on /opt/airflow/dags/google_scraper/exportador_bd/export_to_supabase_airflow.py
[2025-06-02T17:59:52.480+0000] {processor.py:830} INFO - Processing file /opt/airflow/dags/google_scraper/exportador_bd/export_to_supabase_airflow.py for tasks to queue
[2025-06-02T17:59:52.481+0000] {logging_mixin.py:188} INFO - [2025-06-02T17:59:52.481+0000] {dagbag.py:538} INFO - Filling up the DagBag from /opt/airflow/dags/google_scraper/exportador_bd/export_to_supabase_airflow.py
[2025-06-02T17:59:56.382+0000] {processor.py:842} WARNING - No viable dags retrieved from /opt/airflow/dags/google_scraper/exportador_bd/export_to_supabase_airflow.py
[2025-06-02T17:59:56.416+0000] {processor.py:183} INFO - Processing /opt/airflow/dags/google_scraper/exportador_bd/export_to_supabase_airflow.py took 3.943 seconds
[2025-06-02T18:34:20.172+0000] {processor.py:161} INFO - Started process (PID=1260) to work on /opt/airflow/dags/google_scraper/exportador_bd/export_to_supabase_airflow.py
[2025-06-02T18:34:20.178+0000] {processor.py:830} INFO - Processing file /opt/airflow/dags/google_scraper/exportador_bd/export_to_supabase_airflow.py for tasks to queue
[2025-06-02T18:34:20.179+0000] {logging_mixin.py:188} INFO - [2025-06-02T18:34:20.179+0000] {dagbag.py:538} INFO - Filling up the DagBag from /opt/airflow/dags/google_scraper/exportador_bd/export_to_supabase_airflow.py
[2025-06-02T18:34:22.799+0000] {processor.py:842} WARNING - No viable dags retrieved from /opt/airflow/dags/google_scraper/exportador_bd/export_to_supabase_airflow.py
[2025-06-02T18:34:22.825+0000] {processor.py:183} INFO - Processing /opt/airflow/dags/google_scraper/exportador_bd/export_to_supabase_airflow.py took 2.661 seconds
[2025-06-02T18:35:22.928+0000] {processor.py:161} INFO - Started process (PID=1348) to work on /opt/airflow/dags/google_scraper/exportador_bd/export_to_supabase_airflow.py
[2025-06-02T18:35:22.930+0000] {processor.py:830} INFO - Processing file /opt/airflow/dags/google_scraper/exportador_bd/export_to_supabase_airflow.py for tasks to queue
[2025-06-02T18:35:22.930+0000] {logging_mixin.py:188} INFO - [2025-06-02T18:35:22.930+0000] {dagbag.py:538} INFO - Filling up the DagBag from /opt/airflow/dags/google_scraper/exportador_bd/export_to_supabase_airflow.py
[2025-06-02T18:35:24.028+0000] {processor.py:842} WARNING - No viable dags retrieved from /opt/airflow/dags/google_scraper/exportador_bd/export_to_supabase_airflow.py
[2025-06-02T18:35:24.045+0000] {processor.py:183} INFO - Processing /opt/airflow/dags/google_scraper/exportador_bd/export_to_supabase_airflow.py took 1.120 seconds
[2025-06-02T18:36:24.444+0000] {processor.py:161} INFO - Started process (PID=1413) to work on /opt/airflow/dags/google_scraper/exportador_bd/export_to_supabase_airflow.py
[2025-06-02T18:36:24.445+0000] {processor.py:830} INFO - Processing file /opt/airflow/dags/google_scraper/exportador_bd/export_to_supabase_airflow.py for tasks to queue
[2025-06-02T18:36:24.446+0000] {logging_mixin.py:188} INFO - [2025-06-02T18:36:24.446+0000] {dagbag.py:538} INFO - Filling up the DagBag from /opt/airflow/dags/google_scraper/exportador_bd/export_to_supabase_airflow.py
[2025-06-02T18:36:25.385+0000] {processor.py:842} WARNING - No viable dags retrieved from /opt/airflow/dags/google_scraper/exportador_bd/export_to_supabase_airflow.py
[2025-06-02T18:36:25.394+0000] {processor.py:183} INFO - Processing /opt/airflow/dags/google_scraper/exportador_bd/export_to_supabase_airflow.py took 0.953 seconds
[2025-06-02T19:06:10.075+0000] {processor.py:161} INFO - Started process (PID=1485) to work on /opt/airflow/dags/google_scraper/exportador_bd/export_to_supabase_airflow.py
[2025-06-02T19:06:10.079+0000] {processor.py:830} INFO - Processing file /opt/airflow/dags/google_scraper/exportador_bd/export_to_supabase_airflow.py for tasks to queue
[2025-06-02T19:06:10.079+0000] {logging_mixin.py:188} INFO - [2025-06-02T19:06:10.079+0000] {dagbag.py:538} INFO - Filling up the DagBag from /opt/airflow/dags/google_scraper/exportador_bd/export_to_supabase_airflow.py
[2025-06-02T19:06:11.632+0000] {processor.py:842} WARNING - No viable dags retrieved from /opt/airflow/dags/google_scraper/exportador_bd/export_to_supabase_airflow.py
[2025-06-02T19:06:11.642+0000] {processor.py:183} INFO - Processing /opt/airflow/dags/google_scraper/exportador_bd/export_to_supabase_airflow.py took 1.572 seconds
[2025-06-02T19:08:34.269+0000] {processor.py:161} INFO - Started process (PID=1566) to work on /opt/airflow/dags/google_scraper/exportador_bd/export_to_supabase_airflow.py
[2025-06-02T19:08:34.274+0000] {processor.py:830} INFO - Processing file /opt/airflow/dags/google_scraper/exportador_bd/export_to_supabase_airflow.py for tasks to queue
[2025-06-02T19:08:34.276+0000] {logging_mixin.py:188} INFO - [2025-06-02T19:08:34.275+0000] {dagbag.py:538} INFO - Filling up the DagBag from /opt/airflow/dags/google_scraper/exportador_bd/export_to_supabase_airflow.py
[2025-06-02T19:08:36.733+0000] {processor.py:842} WARNING - No viable dags retrieved from /opt/airflow/dags/google_scraper/exportador_bd/export_to_supabase_airflow.py
[2025-06-02T19:08:36.782+0000] {processor.py:183} INFO - Processing /opt/airflow/dags/google_scraper/exportador_bd/export_to_supabase_airflow.py took 2.538 seconds
[2025-06-02T19:31:58.368+0000] {processor.py:161} INFO - Started process (PID=1651) to work on /opt/airflow/dags/google_scraper/exportador_bd/export_to_supabase_airflow.py
[2025-06-02T19:31:58.375+0000] {processor.py:830} INFO - Processing file /opt/airflow/dags/google_scraper/exportador_bd/export_to_supabase_airflow.py for tasks to queue
[2025-06-02T19:31:58.376+0000] {logging_mixin.py:188} INFO - [2025-06-02T19:31:58.376+0000] {dagbag.py:538} INFO - Filling up the DagBag from /opt/airflow/dags/google_scraper/exportador_bd/export_to_supabase_airflow.py
[2025-06-02T19:31:59.373+0000] {processor.py:842} WARNING - No viable dags retrieved from /opt/airflow/dags/google_scraper/exportador_bd/export_to_supabase_airflow.py
[2025-06-02T19:31:59.385+0000] {processor.py:183} INFO - Processing /opt/airflow/dags/google_scraper/exportador_bd/export_to_supabase_airflow.py took 1.022 seconds
[2025-06-02T19:36:28.625+0000] {processor.py:161} INFO - Started process (PID=1710) to work on /opt/airflow/dags/google_scraper/exportador_bd/export_to_supabase_airflow.py
[2025-06-02T19:36:28.627+0000] {processor.py:830} INFO - Processing file /opt/airflow/dags/google_scraper/exportador_bd/export_to_supabase_airflow.py for tasks to queue
[2025-06-02T19:36:28.629+0000] {logging_mixin.py:188} INFO - [2025-06-02T19:36:28.629+0000] {dagbag.py:538} INFO - Filling up the DagBag from /opt/airflow/dags/google_scraper/exportador_bd/export_to_supabase_airflow.py
[2025-06-02T19:36:29.502+0000] {processor.py:842} WARNING - No viable dags retrieved from /opt/airflow/dags/google_scraper/exportador_bd/export_to_supabase_airflow.py
[2025-06-02T19:36:29.514+0000] {processor.py:183} INFO - Processing /opt/airflow/dags/google_scraper/exportador_bd/export_to_supabase_airflow.py took 0.893 seconds
[2025-06-02T19:37:29.597+0000] {processor.py:161} INFO - Started process (PID=1772) to work on /opt/airflow/dags/google_scraper/exportador_bd/export_to_supabase_airflow.py
[2025-06-02T19:37:29.603+0000] {processor.py:830} INFO - Processing file /opt/airflow/dags/google_scraper/exportador_bd/export_to_supabase_airflow.py for tasks to queue
[2025-06-02T19:37:29.603+0000] {logging_mixin.py:188} INFO - [2025-06-02T19:37:29.603+0000] {dagbag.py:538} INFO - Filling up the DagBag from /opt/airflow/dags/google_scraper/exportador_bd/export_to_supabase_airflow.py
[2025-06-02T19:37:30.586+0000] {processor.py:842} WARNING - No viable dags retrieved from /opt/airflow/dags/google_scraper/exportador_bd/export_to_supabase_airflow.py
[2025-06-02T19:37:30.601+0000] {processor.py:183} INFO - Processing /opt/airflow/dags/google_scraper/exportador_bd/export_to_supabase_airflow.py took 1.007 seconds
[2025-06-02T19:38:30.870+0000] {processor.py:161} INFO - Started process (PID=1847) to work on /opt/airflow/dags/google_scraper/exportador_bd/export_to_supabase_airflow.py
[2025-06-02T19:38:30.873+0000] {processor.py:830} INFO - Processing file /opt/airflow/dags/google_scraper/exportador_bd/export_to_supabase_airflow.py for tasks to queue
[2025-06-02T19:38:30.874+0000] {logging_mixin.py:188} INFO - [2025-06-02T19:38:30.874+0000] {dagbag.py:538} INFO - Filling up the DagBag from /opt/airflow/dags/google_scraper/exportador_bd/export_to_supabase_airflow.py
[2025-06-02T19:38:31.777+0000] {processor.py:842} WARNING - No viable dags retrieved from /opt/airflow/dags/google_scraper/exportador_bd/export_to_supabase_airflow.py
[2025-06-02T19:38:31.791+0000] {processor.py:183} INFO - Processing /opt/airflow/dags/google_scraper/exportador_bd/export_to_supabase_airflow.py took 0.923 seconds
[2025-06-02T19:40:49.419+0000] {processor.py:161} INFO - Started process (PID=1906) to work on /opt/airflow/dags/google_scraper/exportador_bd/export_to_supabase_airflow.py
[2025-06-02T19:40:49.420+0000] {processor.py:830} INFO - Processing file /opt/airflow/dags/google_scraper/exportador_bd/export_to_supabase_airflow.py for tasks to queue
[2025-06-02T19:40:49.421+0000] {logging_mixin.py:188} INFO - [2025-06-02T19:40:49.421+0000] {dagbag.py:538} INFO - Filling up the DagBag from /opt/airflow/dags/google_scraper/exportador_bd/export_to_supabase_airflow.py
[2025-06-02T19:40:50.265+0000] {processor.py:842} WARNING - No viable dags retrieved from /opt/airflow/dags/google_scraper/exportador_bd/export_to_supabase_airflow.py
[2025-06-02T19:40:50.278+0000] {processor.py:183} INFO - Processing /opt/airflow/dags/google_scraper/exportador_bd/export_to_supabase_airflow.py took 0.863 seconds
[2025-06-02T19:43:54.882+0000] {processor.py:161} INFO - Started process (PID=1961) to work on /opt/airflow/dags/google_scraper/exportador_bd/export_to_supabase_airflow.py
[2025-06-02T19:43:54.883+0000] {processor.py:830} INFO - Processing file /opt/airflow/dags/google_scraper/exportador_bd/export_to_supabase_airflow.py for tasks to queue
[2025-06-02T19:43:54.887+0000] {logging_mixin.py:188} INFO - [2025-06-02T19:43:54.887+0000] {dagbag.py:538} INFO - Filling up the DagBag from /opt/airflow/dags/google_scraper/exportador_bd/export_to_supabase_airflow.py
[2025-06-02T19:43:55.708+0000] {processor.py:842} WARNING - No viable dags retrieved from /opt/airflow/dags/google_scraper/exportador_bd/export_to_supabase_airflow.py
[2025-06-02T19:43:55.721+0000] {processor.py:183} INFO - Processing /opt/airflow/dags/google_scraper/exportador_bd/export_to_supabase_airflow.py took 0.847 seconds
[2025-06-02T19:44:55.809+0000] {processor.py:161} INFO - Started process (PID=2022) to work on /opt/airflow/dags/google_scraper/exportador_bd/export_to_supabase_airflow.py
[2025-06-02T19:44:55.814+0000] {processor.py:830} INFO - Processing file /opt/airflow/dags/google_scraper/exportador_bd/export_to_supabase_airflow.py for tasks to queue
[2025-06-02T19:44:55.815+0000] {logging_mixin.py:188} INFO - [2025-06-02T19:44:55.815+0000] {dagbag.py:538} INFO - Filling up the DagBag from /opt/airflow/dags/google_scraper/exportador_bd/export_to_supabase_airflow.py
[2025-06-02T19:44:56.691+0000] {processor.py:842} WARNING - No viable dags retrieved from /opt/airflow/dags/google_scraper/exportador_bd/export_to_supabase_airflow.py
[2025-06-02T19:44:56.703+0000] {processor.py:183} INFO - Processing /opt/airflow/dags/google_scraper/exportador_bd/export_to_supabase_airflow.py took 0.897 seconds
[2025-06-02T19:45:56.977+0000] {processor.py:161} INFO - Started process (PID=2098) to work on /opt/airflow/dags/google_scraper/exportador_bd/export_to_supabase_airflow.py
[2025-06-02T19:45:56.980+0000] {processor.py:830} INFO - Processing file /opt/airflow/dags/google_scraper/exportador_bd/export_to_supabase_airflow.py for tasks to queue
[2025-06-02T19:45:56.981+0000] {logging_mixin.py:188} INFO - [2025-06-02T19:45:56.980+0000] {dagbag.py:538} INFO - Filling up the DagBag from /opt/airflow/dags/google_scraper/exportador_bd/export_to_supabase_airflow.py
[2025-06-02T19:45:58.175+0000] {processor.py:842} WARNING - No viable dags retrieved from /opt/airflow/dags/google_scraper/exportador_bd/export_to_supabase_airflow.py
[2025-06-02T19:45:58.191+0000] {processor.py:183} INFO - Processing /opt/airflow/dags/google_scraper/exportador_bd/export_to_supabase_airflow.py took 1.219 seconds
[2025-06-02T19:46:58.512+0000] {processor.py:161} INFO - Started process (PID=2292) to work on /opt/airflow/dags/google_scraper/exportador_bd/export_to_supabase_airflow.py
[2025-06-02T19:46:58.516+0000] {processor.py:830} INFO - Processing file /opt/airflow/dags/google_scraper/exportador_bd/export_to_supabase_airflow.py for tasks to queue
[2025-06-02T19:46:58.517+0000] {logging_mixin.py:188} INFO - [2025-06-02T19:46:58.517+0000] {dagbag.py:538} INFO - Filling up the DagBag from /opt/airflow/dags/google_scraper/exportador_bd/export_to_supabase_airflow.py
[2025-06-02T19:46:59.346+0000] {processor.py:842} WARNING - No viable dags retrieved from /opt/airflow/dags/google_scraper/exportador_bd/export_to_supabase_airflow.py
[2025-06-02T19:46:59.356+0000] {processor.py:183} INFO - Processing /opt/airflow/dags/google_scraper/exportador_bd/export_to_supabase_airflow.py took 0.850 seconds
[2025-06-02T19:47:59.805+0000] {processor.py:161} INFO - Started process (PID=2364) to work on /opt/airflow/dags/google_scraper/exportador_bd/export_to_supabase_airflow.py
[2025-06-02T19:47:59.806+0000] {processor.py:830} INFO - Processing file /opt/airflow/dags/google_scraper/exportador_bd/export_to_supabase_airflow.py for tasks to queue
[2025-06-02T19:47:59.807+0000] {logging_mixin.py:188} INFO - [2025-06-02T19:47:59.807+0000] {dagbag.py:538} INFO - Filling up the DagBag from /opt/airflow/dags/google_scraper/exportador_bd/export_to_supabase_airflow.py
[2025-06-02T19:48:00.595+0000] {processor.py:842} WARNING - No viable dags retrieved from /opt/airflow/dags/google_scraper/exportador_bd/export_to_supabase_airflow.py
[2025-06-02T19:48:00.606+0000] {processor.py:183} INFO - Processing /opt/airflow/dags/google_scraper/exportador_bd/export_to_supabase_airflow.py took 0.805 seconds
[2025-06-02T19:49:01.464+0000] {processor.py:161} INFO - Started process (PID=2438) to work on /opt/airflow/dags/google_scraper/exportador_bd/export_to_supabase_airflow.py
[2025-06-02T19:49:01.468+0000] {processor.py:830} INFO - Processing file /opt/airflow/dags/google_scraper/exportador_bd/export_to_supabase_airflow.py for tasks to queue
[2025-06-02T19:49:01.471+0000] {logging_mixin.py:188} INFO - [2025-06-02T19:49:01.470+0000] {dagbag.py:538} INFO - Filling up the DagBag from /opt/airflow/dags/google_scraper/exportador_bd/export_to_supabase_airflow.py
[2025-06-02T19:49:03.124+0000] {processor.py:842} WARNING - No viable dags retrieved from /opt/airflow/dags/google_scraper/exportador_bd/export_to_supabase_airflow.py
[2025-06-02T19:49:03.156+0000] {processor.py:183} INFO - Processing /opt/airflow/dags/google_scraper/exportador_bd/export_to_supabase_airflow.py took 1.703 seconds
[2025-06-02T19:50:04.084+0000] {processor.py:161} INFO - Started process (PID=2505) to work on /opt/airflow/dags/google_scraper/exportador_bd/export_to_supabase_airflow.py
[2025-06-02T19:50:04.087+0000] {processor.py:830} INFO - Processing file /opt/airflow/dags/google_scraper/exportador_bd/export_to_supabase_airflow.py for tasks to queue
[2025-06-02T19:50:04.088+0000] {logging_mixin.py:188} INFO - [2025-06-02T19:50:04.088+0000] {dagbag.py:538} INFO - Filling up the DagBag from /opt/airflow/dags/google_scraper/exportador_bd/export_to_supabase_airflow.py
[2025-06-02T19:50:05.400+0000] {processor.py:842} WARNING - No viable dags retrieved from /opt/airflow/dags/google_scraper/exportador_bd/export_to_supabase_airflow.py
[2025-06-02T19:50:05.425+0000] {processor.py:183} INFO - Processing /opt/airflow/dags/google_scraper/exportador_bd/export_to_supabase_airflow.py took 1.345 seconds
[2025-06-02T19:51:06.959+0000] {processor.py:161} INFO - Started process (PID=2569) to work on /opt/airflow/dags/google_scraper/exportador_bd/export_to_supabase_airflow.py
[2025-06-02T19:51:06.966+0000] {processor.py:830} INFO - Processing file /opt/airflow/dags/google_scraper/exportador_bd/export_to_supabase_airflow.py for tasks to queue
[2025-06-02T19:51:06.968+0000] {logging_mixin.py:188} INFO - [2025-06-02T19:51:06.967+0000] {dagbag.py:538} INFO - Filling up the DagBag from /opt/airflow/dags/google_scraper/exportador_bd/export_to_supabase_airflow.py
[2025-06-02T19:51:08.899+0000] {processor.py:842} WARNING - No viable dags retrieved from /opt/airflow/dags/google_scraper/exportador_bd/export_to_supabase_airflow.py
[2025-06-02T19:51:08.930+0000] {processor.py:183} INFO - Processing /opt/airflow/dags/google_scraper/exportador_bd/export_to_supabase_airflow.py took 1.975 seconds
[2025-06-02T19:52:09.460+0000] {processor.py:161} INFO - Started process (PID=2643) to work on /opt/airflow/dags/google_scraper/exportador_bd/export_to_supabase_airflow.py
[2025-06-02T19:52:09.462+0000] {processor.py:830} INFO - Processing file /opt/airflow/dags/google_scraper/exportador_bd/export_to_supabase_airflow.py for tasks to queue
[2025-06-02T19:52:09.463+0000] {logging_mixin.py:188} INFO - [2025-06-02T19:52:09.462+0000] {dagbag.py:538} INFO - Filling up the DagBag from /opt/airflow/dags/google_scraper/exportador_bd/export_to_supabase_airflow.py
[2025-06-02T19:52:10.467+0000] {processor.py:842} WARNING - No viable dags retrieved from /opt/airflow/dags/google_scraper/exportador_bd/export_to_supabase_airflow.py
[2025-06-02T19:52:10.513+0000] {processor.py:183} INFO - Processing /opt/airflow/dags/google_scraper/exportador_bd/export_to_supabase_airflow.py took 1.058 seconds
[2025-06-02T19:53:24.094+0000] {processor.py:161} INFO - Started process (PID=2684) to work on /opt/airflow/dags/google_scraper/exportador_bd/export_to_supabase_airflow.py
[2025-06-02T19:53:24.095+0000] {processor.py:830} INFO - Processing file /opt/airflow/dags/google_scraper/exportador_bd/export_to_supabase_airflow.py for tasks to queue
[2025-06-02T19:53:24.096+0000] {logging_mixin.py:188} INFO - [2025-06-02T19:53:24.096+0000] {dagbag.py:538} INFO - Filling up the DagBag from /opt/airflow/dags/google_scraper/exportador_bd/export_to_supabase_airflow.py
[2025-06-02T19:53:25.016+0000] {processor.py:842} WARNING - No viable dags retrieved from /opt/airflow/dags/google_scraper/exportador_bd/export_to_supabase_airflow.py
[2025-06-02T19:53:25.035+0000] {processor.py:183} INFO - Processing /opt/airflow/dags/google_scraper/exportador_bd/export_to_supabase_airflow.py took 0.944 seconds
[2025-06-02T19:54:25.059+0000] {processor.py:161} INFO - Started process (PID=2749) to work on /opt/airflow/dags/google_scraper/exportador_bd/export_to_supabase_airflow.py
[2025-06-02T19:54:25.060+0000] {processor.py:830} INFO - Processing file /opt/airflow/dags/google_scraper/exportador_bd/export_to_supabase_airflow.py for tasks to queue
[2025-06-02T19:54:25.061+0000] {logging_mixin.py:188} INFO - [2025-06-02T19:54:25.061+0000] {dagbag.py:538} INFO - Filling up the DagBag from /opt/airflow/dags/google_scraper/exportador_bd/export_to_supabase_airflow.py
[2025-06-02T19:54:26.104+0000] {processor.py:842} WARNING - No viable dags retrieved from /opt/airflow/dags/google_scraper/exportador_bd/export_to_supabase_airflow.py
[2025-06-02T19:54:26.130+0000] {processor.py:183} INFO - Processing /opt/airflow/dags/google_scraper/exportador_bd/export_to_supabase_airflow.py took 1.073 seconds
[2025-06-02T19:55:26.270+0000] {processor.py:161} INFO - Started process (PID=2816) to work on /opt/airflow/dags/google_scraper/exportador_bd/export_to_supabase_airflow.py
[2025-06-02T19:55:26.273+0000] {processor.py:830} INFO - Processing file /opt/airflow/dags/google_scraper/exportador_bd/export_to_supabase_airflow.py for tasks to queue
[2025-06-02T19:55:26.274+0000] {logging_mixin.py:188} INFO - [2025-06-02T19:55:26.273+0000] {dagbag.py:538} INFO - Filling up the DagBag from /opt/airflow/dags/google_scraper/exportador_bd/export_to_supabase_airflow.py
[2025-06-02T19:55:27.175+0000] {processor.py:842} WARNING - No viable dags retrieved from /opt/airflow/dags/google_scraper/exportador_bd/export_to_supabase_airflow.py
[2025-06-02T19:55:27.187+0000] {processor.py:183} INFO - Processing /opt/airflow/dags/google_scraper/exportador_bd/export_to_supabase_airflow.py took 0.920 seconds
[2025-06-02T19:56:28.042+0000] {processor.py:161} INFO - Started process (PID=2890) to work on /opt/airflow/dags/google_scraper/exportador_bd/export_to_supabase_airflow.py
[2025-06-02T19:56:28.047+0000] {processor.py:830} INFO - Processing file /opt/airflow/dags/google_scraper/exportador_bd/export_to_supabase_airflow.py for tasks to queue
[2025-06-02T19:56:28.048+0000] {logging_mixin.py:188} INFO - [2025-06-02T19:56:28.048+0000] {dagbag.py:538} INFO - Filling up the DagBag from /opt/airflow/dags/google_scraper/exportador_bd/export_to_supabase_airflow.py
[2025-06-02T19:56:28.995+0000] {processor.py:842} WARNING - No viable dags retrieved from /opt/airflow/dags/google_scraper/exportador_bd/export_to_supabase_airflow.py
[2025-06-02T19:56:29.010+0000] {processor.py:183} INFO - Processing /opt/airflow/dags/google_scraper/exportador_bd/export_to_supabase_airflow.py took 0.974 seconds
[2025-06-02T19:57:29.223+0000] {processor.py:161} INFO - Started process (PID=2955) to work on /opt/airflow/dags/google_scraper/exportador_bd/export_to_supabase_airflow.py
[2025-06-02T19:57:29.227+0000] {processor.py:830} INFO - Processing file /opt/airflow/dags/google_scraper/exportador_bd/export_to_supabase_airflow.py for tasks to queue
[2025-06-02T19:57:29.227+0000] {logging_mixin.py:188} INFO - [2025-06-02T19:57:29.227+0000] {dagbag.py:538} INFO - Filling up the DagBag from /opt/airflow/dags/google_scraper/exportador_bd/export_to_supabase_airflow.py
[2025-06-02T19:57:30.090+0000] {processor.py:842} WARNING - No viable dags retrieved from /opt/airflow/dags/google_scraper/exportador_bd/export_to_supabase_airflow.py
[2025-06-02T19:57:30.105+0000] {processor.py:183} INFO - Processing /opt/airflow/dags/google_scraper/exportador_bd/export_to_supabase_airflow.py took 0.885 seconds
[2025-06-02T19:58:30.455+0000] {processor.py:161} INFO - Started process (PID=3029) to work on /opt/airflow/dags/google_scraper/exportador_bd/export_to_supabase_airflow.py
[2025-06-02T19:58:30.464+0000] {processor.py:830} INFO - Processing file /opt/airflow/dags/google_scraper/exportador_bd/export_to_supabase_airflow.py for tasks to queue
[2025-06-02T19:58:30.466+0000] {logging_mixin.py:188} INFO - [2025-06-02T19:58:30.465+0000] {dagbag.py:538} INFO - Filling up the DagBag from /opt/airflow/dags/google_scraper/exportador_bd/export_to_supabase_airflow.py
[2025-06-02T19:58:32.992+0000] {processor.py:842} WARNING - No viable dags retrieved from /opt/airflow/dags/google_scraper/exportador_bd/export_to_supabase_airflow.py
[2025-06-02T19:58:33.027+0000] {processor.py:183} INFO - Processing /opt/airflow/dags/google_scraper/exportador_bd/export_to_supabase_airflow.py took 2.577 seconds
[2025-06-02T19:59:33.799+0000] {processor.py:161} INFO - Started process (PID=3266) to work on /opt/airflow/dags/google_scraper/exportador_bd/export_to_supabase_airflow.py
[2025-06-02T19:59:33.804+0000] {processor.py:830} INFO - Processing file /opt/airflow/dags/google_scraper/exportador_bd/export_to_supabase_airflow.py for tasks to queue
[2025-06-02T19:59:33.804+0000] {logging_mixin.py:188} INFO - [2025-06-02T19:59:33.804+0000] {dagbag.py:538} INFO - Filling up the DagBag from /opt/airflow/dags/google_scraper/exportador_bd/export_to_supabase_airflow.py
[2025-06-02T19:59:35.008+0000] {processor.py:842} WARNING - No viable dags retrieved from /opt/airflow/dags/google_scraper/exportador_bd/export_to_supabase_airflow.py
[2025-06-02T19:59:35.026+0000] {processor.py:183} INFO - Processing /opt/airflow/dags/google_scraper/exportador_bd/export_to_supabase_airflow.py took 1.232 seconds
[2025-06-02T20:00:35.867+0000] {processor.py:161} INFO - Started process (PID=3326) to work on /opt/airflow/dags/google_scraper/exportador_bd/export_to_supabase_airflow.py
[2025-06-02T20:00:35.873+0000] {processor.py:830} INFO - Processing file /opt/airflow/dags/google_scraper/exportador_bd/export_to_supabase_airflow.py for tasks to queue
[2025-06-02T20:00:35.876+0000] {logging_mixin.py:188} INFO - [2025-06-02T20:00:35.875+0000] {dagbag.py:538} INFO - Filling up the DagBag from /opt/airflow/dags/google_scraper/exportador_bd/export_to_supabase_airflow.py
[2025-06-02T20:00:37.616+0000] {processor.py:842} WARNING - No viable dags retrieved from /opt/airflow/dags/google_scraper/exportador_bd/export_to_supabase_airflow.py
[2025-06-02T20:00:37.634+0000] {processor.py:183} INFO - Processing /opt/airflow/dags/google_scraper/exportador_bd/export_to_supabase_airflow.py took 1.773 seconds
[2025-06-02T20:01:38.621+0000] {processor.py:161} INFO - Started process (PID=3394) to work on /opt/airflow/dags/google_scraper/exportador_bd/export_to_supabase_airflow.py
[2025-06-02T20:01:38.626+0000] {processor.py:830} INFO - Processing file /opt/airflow/dags/google_scraper/exportador_bd/export_to_supabase_airflow.py for tasks to queue
[2025-06-02T20:01:38.626+0000] {logging_mixin.py:188} INFO - [2025-06-02T20:01:38.626+0000] {dagbag.py:538} INFO - Filling up the DagBag from /opt/airflow/dags/google_scraper/exportador_bd/export_to_supabase_airflow.py
[2025-06-02T20:01:39.449+0000] {processor.py:842} WARNING - No viable dags retrieved from /opt/airflow/dags/google_scraper/exportador_bd/export_to_supabase_airflow.py
[2025-06-02T20:01:39.459+0000] {processor.py:183} INFO - Processing /opt/airflow/dags/google_scraper/exportador_bd/export_to_supabase_airflow.py took 0.839 seconds
[2025-06-02T20:02:39.779+0000] {processor.py:161} INFO - Started process (PID=3455) to work on /opt/airflow/dags/google_scraper/exportador_bd/export_to_supabase_airflow.py
[2025-06-02T20:02:39.783+0000] {processor.py:830} INFO - Processing file /opt/airflow/dags/google_scraper/exportador_bd/export_to_supabase_airflow.py for tasks to queue
[2025-06-02T20:02:39.784+0000] {logging_mixin.py:188} INFO - [2025-06-02T20:02:39.784+0000] {dagbag.py:538} INFO - Filling up the DagBag from /opt/airflow/dags/google_scraper/exportador_bd/export_to_supabase_airflow.py
[2025-06-02T20:02:40.524+0000] {processor.py:842} WARNING - No viable dags retrieved from /opt/airflow/dags/google_scraper/exportador_bd/export_to_supabase_airflow.py
[2025-06-02T20:02:40.532+0000] {processor.py:183} INFO - Processing /opt/airflow/dags/google_scraper/exportador_bd/export_to_supabase_airflow.py took 0.759 seconds
[2025-06-02T20:03:41.536+0000] {processor.py:161} INFO - Started process (PID=3523) to work on /opt/airflow/dags/google_scraper/exportador_bd/export_to_supabase_airflow.py
[2025-06-02T20:03:41.538+0000] {processor.py:830} INFO - Processing file /opt/airflow/dags/google_scraper/exportador_bd/export_to_supabase_airflow.py for tasks to queue
[2025-06-02T20:03:41.539+0000] {logging_mixin.py:188} INFO - [2025-06-02T20:03:41.539+0000] {dagbag.py:538} INFO - Filling up the DagBag from /opt/airflow/dags/google_scraper/exportador_bd/export_to_supabase_airflow.py
[2025-06-02T20:03:42.220+0000] {processor.py:842} WARNING - No viable dags retrieved from /opt/airflow/dags/google_scraper/exportador_bd/export_to_supabase_airflow.py
[2025-06-02T20:03:42.228+0000] {processor.py:183} INFO - Processing /opt/airflow/dags/google_scraper/exportador_bd/export_to_supabase_airflow.py took 0.697 seconds
[2025-06-02T20:04:43.085+0000] {processor.py:161} INFO - Started process (PID=3591) to work on /opt/airflow/dags/google_scraper/exportador_bd/export_to_supabase_airflow.py
[2025-06-02T20:04:43.089+0000] {processor.py:830} INFO - Processing file /opt/airflow/dags/google_scraper/exportador_bd/export_to_supabase_airflow.py for tasks to queue
[2025-06-02T20:04:43.089+0000] {logging_mixin.py:188} INFO - [2025-06-02T20:04:43.089+0000] {dagbag.py:538} INFO - Filling up the DagBag from /opt/airflow/dags/google_scraper/exportador_bd/export_to_supabase_airflow.py
[2025-06-02T20:04:43.919+0000] {processor.py:842} WARNING - No viable dags retrieved from /opt/airflow/dags/google_scraper/exportador_bd/export_to_supabase_airflow.py
[2025-06-02T20:04:43.929+0000] {processor.py:183} INFO - Processing /opt/airflow/dags/google_scraper/exportador_bd/export_to_supabase_airflow.py took 0.845 seconds
[2025-06-02T20:05:44.796+0000] {processor.py:161} INFO - Started process (PID=3812) to work on /opt/airflow/dags/google_scraper/exportador_bd/export_to_supabase_airflow.py
[2025-06-02T20:05:44.798+0000] {processor.py:830} INFO - Processing file /opt/airflow/dags/google_scraper/exportador_bd/export_to_supabase_airflow.py for tasks to queue
[2025-06-02T20:05:44.799+0000] {logging_mixin.py:188} INFO - [2025-06-02T20:05:44.799+0000] {dagbag.py:538} INFO - Filling up the DagBag from /opt/airflow/dags/google_scraper/exportador_bd/export_to_supabase_airflow.py
[2025-06-02T20:05:45.678+0000] {processor.py:842} WARNING - No viable dags retrieved from /opt/airflow/dags/google_scraper/exportador_bd/export_to_supabase_airflow.py
[2025-06-02T20:05:45.688+0000] {processor.py:183} INFO - Processing /opt/airflow/dags/google_scraper/exportador_bd/export_to_supabase_airflow.py took 0.897 seconds
[2025-06-02T20:06:46.422+0000] {processor.py:161} INFO - Started process (PID=3927) to work on /opt/airflow/dags/google_scraper/exportador_bd/export_to_supabase_airflow.py
[2025-06-02T20:06:46.426+0000] {processor.py:830} INFO - Processing file /opt/airflow/dags/google_scraper/exportador_bd/export_to_supabase_airflow.py for tasks to queue
[2025-06-02T20:06:46.427+0000] {logging_mixin.py:188} INFO - [2025-06-02T20:06:46.426+0000] {dagbag.py:538} INFO - Filling up the DagBag from /opt/airflow/dags/google_scraper/exportador_bd/export_to_supabase_airflow.py
[2025-06-02T20:06:48.453+0000] {processor.py:842} WARNING - No viable dags retrieved from /opt/airflow/dags/google_scraper/exportador_bd/export_to_supabase_airflow.py
[2025-06-02T20:06:48.476+0000] {processor.py:183} INFO - Processing /opt/airflow/dags/google_scraper/exportador_bd/export_to_supabase_airflow.py took 2.122 seconds
[2025-06-02T20:07:49.439+0000] {processor.py:161} INFO - Started process (PID=3988) to work on /opt/airflow/dags/google_scraper/exportador_bd/export_to_supabase_airflow.py
[2025-06-02T20:07:49.449+0000] {processor.py:830} INFO - Processing file /opt/airflow/dags/google_scraper/exportador_bd/export_to_supabase_airflow.py for tasks to queue
[2025-06-02T20:07:49.451+0000] {logging_mixin.py:188} INFO - [2025-06-02T20:07:49.450+0000] {dagbag.py:538} INFO - Filling up the DagBag from /opt/airflow/dags/google_scraper/exportador_bd/export_to_supabase_airflow.py
[2025-06-02T20:07:50.346+0000] {processor.py:842} WARNING - No viable dags retrieved from /opt/airflow/dags/google_scraper/exportador_bd/export_to_supabase_airflow.py
[2025-06-02T20:07:50.358+0000] {processor.py:183} INFO - Processing /opt/airflow/dags/google_scraper/exportador_bd/export_to_supabase_airflow.py took 0.925 seconds
[2025-06-02T20:08:50.966+0000] {processor.py:161} INFO - Started process (PID=4056) to work on /opt/airflow/dags/google_scraper/exportador_bd/export_to_supabase_airflow.py
[2025-06-02T20:08:50.970+0000] {processor.py:830} INFO - Processing file /opt/airflow/dags/google_scraper/exportador_bd/export_to_supabase_airflow.py for tasks to queue
[2025-06-02T20:08:50.971+0000] {logging_mixin.py:188} INFO - [2025-06-02T20:08:50.971+0000] {dagbag.py:538} INFO - Filling up the DagBag from /opt/airflow/dags/google_scraper/exportador_bd/export_to_supabase_airflow.py
[2025-06-02T20:08:51.829+0000] {processor.py:842} WARNING - No viable dags retrieved from /opt/airflow/dags/google_scraper/exportador_bd/export_to_supabase_airflow.py
[2025-06-02T20:08:51.838+0000] {processor.py:183} INFO - Processing /opt/airflow/dags/google_scraper/exportador_bd/export_to_supabase_airflow.py took 0.878 seconds
[2025-06-02T20:09:52.940+0000] {processor.py:161} INFO - Started process (PID=4124) to work on /opt/airflow/dags/google_scraper/exportador_bd/export_to_supabase_airflow.py
[2025-06-02T20:09:52.950+0000] {processor.py:830} INFO - Processing file /opt/airflow/dags/google_scraper/exportador_bd/export_to_supabase_airflow.py for tasks to queue
[2025-06-02T20:09:52.960+0000] {logging_mixin.py:188} INFO - [2025-06-02T20:09:52.959+0000] {dagbag.py:538} INFO - Filling up the DagBag from /opt/airflow/dags/google_scraper/exportador_bd/export_to_supabase_airflow.py
[2025-06-02T20:09:56.894+0000] {processor.py:842} WARNING - No viable dags retrieved from /opt/airflow/dags/google_scraper/exportador_bd/export_to_supabase_airflow.py
[2025-06-02T20:09:56.924+0000] {processor.py:183} INFO - Processing /opt/airflow/dags/google_scraper/exportador_bd/export_to_supabase_airflow.py took 2.643 seconds
[2025-06-02T20:10:57.269+0000] {processor.py:161} INFO - Started process (PID=4184) to work on /opt/airflow/dags/google_scraper/exportador_bd/export_to_supabase_airflow.py
[2025-06-02T20:10:57.270+0000] {processor.py:830} INFO - Processing file /opt/airflow/dags/google_scraper/exportador_bd/export_to_supabase_airflow.py for tasks to queue
[2025-06-02T20:10:57.271+0000] {logging_mixin.py:188} INFO - [2025-06-02T20:10:57.270+0000] {dagbag.py:538} INFO - Filling up the DagBag from /opt/airflow/dags/google_scraper/exportador_bd/export_to_supabase_airflow.py
[2025-06-02T20:10:57.937+0000] {processor.py:842} WARNING - No viable dags retrieved from /opt/airflow/dags/google_scraper/exportador_bd/export_to_supabase_airflow.py
[2025-06-02T20:10:57.944+0000] {processor.py:183} INFO - Processing /opt/airflow/dags/google_scraper/exportador_bd/export_to_supabase_airflow.py took 0.679 seconds
[2025-06-02T20:11:58.356+0000] {processor.py:161} INFO - Started process (PID=4251) to work on /opt/airflow/dags/google_scraper/exportador_bd/export_to_supabase_airflow.py
[2025-06-02T20:11:58.358+0000] {processor.py:830} INFO - Processing file /opt/airflow/dags/google_scraper/exportador_bd/export_to_supabase_airflow.py for tasks to queue
[2025-06-02T20:11:58.359+0000] {logging_mixin.py:188} INFO - [2025-06-02T20:11:58.358+0000] {dagbag.py:538} INFO - Filling up the DagBag from /opt/airflow/dags/google_scraper/exportador_bd/export_to_supabase_airflow.py
[2025-06-02T20:11:59.135+0000] {processor.py:842} WARNING - No viable dags retrieved from /opt/airflow/dags/google_scraper/exportador_bd/export_to_supabase_airflow.py
[2025-06-02T20:11:59.142+0000] {processor.py:183} INFO - Processing /opt/airflow/dags/google_scraper/exportador_bd/export_to_supabase_airflow.py took 0.789 seconds
[2025-06-02T20:12:59.678+0000] {processor.py:161} INFO - Started process (PID=4319) to work on /opt/airflow/dags/google_scraper/exportador_bd/export_to_supabase_airflow.py
[2025-06-02T20:12:59.679+0000] {processor.py:830} INFO - Processing file /opt/airflow/dags/google_scraper/exportador_bd/export_to_supabase_airflow.py for tasks to queue
[2025-06-02T20:12:59.680+0000] {logging_mixin.py:188} INFO - [2025-06-02T20:12:59.680+0000] {dagbag.py:538} INFO - Filling up the DagBag from /opt/airflow/dags/google_scraper/exportador_bd/export_to_supabase_airflow.py
[2025-06-02T20:13:00.244+0000] {processor.py:842} WARNING - No viable dags retrieved from /opt/airflow/dags/google_scraper/exportador_bd/export_to_supabase_airflow.py
[2025-06-02T20:13:00.250+0000] {processor.py:183} INFO - Processing /opt/airflow/dags/google_scraper/exportador_bd/export_to_supabase_airflow.py took 0.575 seconds
[2025-06-02T20:14:00.567+0000] {processor.py:161} INFO - Started process (PID=4412) to work on /opt/airflow/dags/google_scraper/exportador_bd/export_to_supabase_airflow.py
[2025-06-02T20:14:00.569+0000] {processor.py:830} INFO - Processing file /opt/airflow/dags/google_scraper/exportador_bd/export_to_supabase_airflow.py for tasks to queue
[2025-06-02T20:14:00.570+0000] {logging_mixin.py:188} INFO - [2025-06-02T20:14:00.569+0000] {dagbag.py:538} INFO - Filling up the DagBag from /opt/airflow/dags/google_scraper/exportador_bd/export_to_supabase_airflow.py
[2025-06-02T20:14:01.209+0000] {processor.py:842} WARNING - No viable dags retrieved from /opt/airflow/dags/google_scraper/exportador_bd/export_to_supabase_airflow.py
[2025-06-02T20:14:01.215+0000] {processor.py:183} INFO - Processing /opt/airflow/dags/google_scraper/exportador_bd/export_to_supabase_airflow.py took 0.652 seconds
