{"timestamp":"2025-06-09T23:00:00.770930","level":"info","event":"DAG bundles loaded: dags-folder","logger":"airflow.dag_processing.bundles.manager.DagBundlesManager"}
{"timestamp":"2025-06-09T23:00:00.771565","level":"info","event":"Filling up the DagBag from /opt/airflow/dags/google_scraper_dag.py","logger":"airflow.models.dagbag.DagBag"}
{"timestamp":"2025-06-09T23:00:00.792164","level":"info","event":"Tmp dir root location: /tmp","logger":"airflow.task.hooks.airflow.providers.standard.hooks.subprocess.SubprocessHook"}
{"timestamp":"2025-06-09T23:00:00.792885","level":"info","event":"Running command: ['/usr/bin/bash', '-c', '\\n    \\n    echo \"✅ Directorias de dados criadas\"\\n    echo \"📋 A verificar ficheiros do scraper...\"\\n    \\n    if [ -f \"/opt/airflow/scripts/google_scraper/scraping/run_scraper_airflow.py\" ]; then\\n        echo \"✅ Encontrado run_scraper_airflow.py\"\\n    else\\n        echo \"❌ Em falta run_scraper_airflow.py\"\\n        ls -la /opt/airflow/scripts/google_scraper/scraping/ || echo \"Directoria de scraping não encontrada\"\\n    fi\\n    \\n    if [ -f \"/opt/airflow/scripts/google_scraper/config/keywords.json\" ]; then\\n        echo \"✅ Encontrado keywords.json\"\\n    else\\n        echo \"❌ Em falta keywords.json\"\\n    fi\\n    \\n    if [ -f \"/opt/airflow/scripts/google_scraper/config/municipios_por_distrito.json\" ]; then\\n        echo \"✅ Encontrado municipios_por_distrito.json\"\\n    else\\n        echo \"❌ Em falta municipios_por_distrito.json\"\\n    fi\\n    \\n    echo \"📋 Estrutura actual das directorias:\"\\n    find /opt/airflow/scripts/google_scraper -type f -name \"*.py\" | head -10 || echo \"Ficheiros Python não encontrados\"\\n    ']","logger":"airflow.task.hooks.airflow.providers.standard.hooks.subprocess.SubprocessHook"}
{"timestamp":"2025-06-09T23:00:00.798476","level":"info","event":"Output:","logger":"airflow.task.hooks.airflow.providers.standard.hooks.subprocess.SubprocessHook"}
{"timestamp":"2025-06-09T23:00:00.799777","level":"info","event":"✅ Directorias de dados criadas","logger":"airflow.task.hooks.airflow.providers.standard.hooks.subprocess.SubprocessHook"}
{"timestamp":"2025-06-09T23:00:00.799881","level":"info","event":"📋 A verificar ficheiros do scraper...","logger":"airflow.task.hooks.airflow.providers.standard.hooks.subprocess.SubprocessHook"}
{"timestamp":"2025-06-09T23:00:00.800077","level":"info","event":"✅ Encontrado run_scraper_airflow.py","logger":"airflow.task.hooks.airflow.providers.standard.hooks.subprocess.SubprocessHook"}
{"timestamp":"2025-06-09T23:00:00.800274","level":"info","event":"✅ Encontrado keywords.json","logger":"airflow.task.hooks.airflow.providers.standard.hooks.subprocess.SubprocessHook"}
{"timestamp":"2025-06-09T23:00:00.800438","level":"info","event":"✅ Encontrado municipios_por_distrito.json","logger":"airflow.task.hooks.airflow.providers.standard.hooks.subprocess.SubprocessHook"}
{"timestamp":"2025-06-09T23:00:00.800491","level":"info","event":"📋 Estrutura actual das directorias:","logger":"airflow.task.hooks.airflow.providers.standard.hooks.subprocess.SubprocessHook"}
{"timestamp":"2025-06-09T23:00:00.826850","level":"info","event":"/opt/airflow/scripts/google_scraper/scraping/run_scraper_airflow.py","logger":"airflow.task.hooks.airflow.providers.standard.hooks.subprocess.SubprocessHook"}
{"timestamp":"2025-06-09T23:00:00.826904","level":"info","event":"/opt/airflow/scripts/google_scraper/tests/test_google_news_access.py","logger":"airflow.task.hooks.airflow.providers.standard.hooks.subprocess.SubprocessHook"}
{"timestamp":"2025-06-09T23:00:00.826928","level":"info","event":"/opt/airflow/scripts/google_scraper/tests/test_selenium.py","logger":"airflow.task.hooks.airflow.providers.standard.hooks.subprocess.SubprocessHook"}
{"timestamp":"2025-06-09T23:00:00.826949","level":"info","event":"/opt/airflow/scripts/google_scraper/tests/test_connection.py","logger":"airflow.task.hooks.airflow.providers.standard.hooks.subprocess.SubprocessHook"}
{"timestamp":"2025-06-09T23:00:00.826967","level":"info","event":"/opt/airflow/scripts/google_scraper/tests/test_year_month_day_structure.py","logger":"airflow.task.hooks.airflow.providers.standard.hooks.subprocess.SubprocessHook"}
{"timestamp":"2025-06-09T23:00:00.826983","level":"info","event":"/opt/airflow/scripts/google_scraper/utils/helpers.py","logger":"airflow.task.hooks.airflow.providers.standard.hooks.subprocess.SubprocessHook"}
{"timestamp":"2025-06-09T23:00:00.827005","level":"info","event":"/opt/airflow/scripts/google_scraper/utils/organize_structured_data.py","logger":"airflow.task.hooks.airflow.providers.standard.hooks.subprocess.SubprocessHook"}
{"timestamp":"2025-06-09T23:00:00.827029","level":"info","event":"/opt/airflow/scripts/google_scraper/utils/browser_manager.py","logger":"airflow.task.hooks.airflow.providers.standard.hooks.subprocess.SubprocessHook"}
{"timestamp":"2025-06-09T23:00:00.827046","level":"info","event":"/opt/airflow/scripts/google_scraper/extracao/normalizador.py","logger":"airflow.task.hooks.airflow.providers.standard.hooks.subprocess.SubprocessHook"}
{"timestamp":"2025-06-09T23:00:00.827062","level":"info","event":"/opt/airflow/scripts/google_scraper/extracao/extractor.py","logger":"airflow.task.hooks.airflow.providers.standard.hooks.subprocess.SubprocessHook"}
{"timestamp":"2025-06-09T23:00:00.827139","level":"info","event":"Command exited with return code 0","logger":"airflow.task.hooks.airflow.providers.standard.hooks.subprocess.SubprocessHook"}
{"timestamp":"2025-06-10T08:17:03.220470","level":"info","event":"DAG bundles loaded: dags-folder","logger":"airflow.dag_processing.bundles.manager.DagBundlesManager"}
{"timestamp":"2025-06-10T08:17:03.220909","level":"info","event":"Filling up the DagBag from /opt/airflow/dags/google_scraper_dag.py","logger":"airflow.models.dagbag.DagBag"}
{"timestamp":"2025-06-10T08:17:03.249695","level":"info","event":"Tmp dir root location: /tmp","logger":"airflow.task.hooks.airflow.providers.standard.hooks.subprocess.SubprocessHook"}
{"timestamp":"2025-06-10T08:17:03.250173","level":"info","event":"Running command: ['/usr/bin/bash', '-c', '\\n    \\n    echo \"✅ Directorias de dados criadas\"\\n    echo \"📋 A verificar ficheiros do scraper...\"\\n    \\n    if [ -f \"/opt/airflow/scripts/google_scraper/scraping/run_scraper_airflow.py\" ]; then\\n        echo \"✅ Encontrado run_scraper_airflow.py\"\\n    else\\n        echo \"❌ Em falta run_scraper_airflow.py\"\\n        ls -la /opt/airflow/scripts/google_scraper/scraping/ || echo \"Directoria de scraping não encontrada\"\\n    fi\\n    \\n    if [ -f \"/opt/airflow/scripts/google_scraper/config/keywords.json\" ]; then\\n        echo \"✅ Encontrado keywords.json\"\\n    else\\n        echo \"❌ Em falta keywords.json\"\\n    fi\\n    \\n    if [ -f \"/opt/airflow/scripts/google_scraper/config/municipios_por_distrito.json\" ]; then\\n        echo \"✅ Encontrado municipios_por_distrito.json\"\\n    else\\n        echo \"❌ Em falta municipios_por_distrito.json\"\\n    fi\\n    \\n    echo \"📋 Estrutura actual das directorias:\"\\n    find /opt/airflow/scripts/google_scraper -type f -name \"*.py\" | head -10 || echo \"Ficheiros Python não encontrados\"\\n    ']","logger":"airflow.task.hooks.airflow.providers.standard.hooks.subprocess.SubprocessHook"}
{"timestamp":"2025-06-10T08:17:03.256417","level":"info","event":"Output:","logger":"airflow.task.hooks.airflow.providers.standard.hooks.subprocess.SubprocessHook"}
{"timestamp":"2025-06-10T08:17:03.258251","level":"info","event":"✅ Directorias de dados criadas","logger":"airflow.task.hooks.airflow.providers.standard.hooks.subprocess.SubprocessHook"}
{"timestamp":"2025-06-10T08:17:03.258420","level":"info","event":"📋 A verificar ficheiros do scraper...","logger":"airflow.task.hooks.airflow.providers.standard.hooks.subprocess.SubprocessHook"}
{"timestamp":"2025-06-10T08:17:03.258550","level":"info","event":"✅ Encontrado run_scraper_airflow.py","logger":"airflow.task.hooks.airflow.providers.standard.hooks.subprocess.SubprocessHook"}
{"timestamp":"2025-06-10T08:17:03.259138","level":"info","event":"✅ Encontrado keywords.json","logger":"airflow.task.hooks.airflow.providers.standard.hooks.subprocess.SubprocessHook"}
{"timestamp":"2025-06-10T08:17:03.259709","level":"info","event":"✅ Encontrado municipios_por_distrito.json","logger":"airflow.task.hooks.airflow.providers.standard.hooks.subprocess.SubprocessHook"}
{"timestamp":"2025-06-10T08:17:03.259815","level":"info","event":"📋 Estrutura actual das directorias:","logger":"airflow.task.hooks.airflow.providers.standard.hooks.subprocess.SubprocessHook"}
{"timestamp":"2025-06-10T08:17:03.268781","level":"info","event":"/opt/airflow/scripts/google_scraper/scraping/run_scraper_airflow.py","logger":"airflow.task.hooks.airflow.providers.standard.hooks.subprocess.SubprocessHook"}
{"timestamp":"2025-06-10T08:17:03.268893","level":"info","event":"/opt/airflow/scripts/google_scraper/tests/test_google_news_access.py","logger":"airflow.task.hooks.airflow.providers.standard.hooks.subprocess.SubprocessHook"}
{"timestamp":"2025-06-10T08:17:03.268918","level":"info","event":"/opt/airflow/scripts/google_scraper/tests/test_selenium.py","logger":"airflow.task.hooks.airflow.providers.standard.hooks.subprocess.SubprocessHook"}
{"timestamp":"2025-06-10T08:17:03.268942","level":"info","event":"/opt/airflow/scripts/google_scraper/tests/test_connection.py","logger":"airflow.task.hooks.airflow.providers.standard.hooks.subprocess.SubprocessHook"}
{"timestamp":"2025-06-10T08:17:03.268959","level":"info","event":"/opt/airflow/scripts/google_scraper/tests/test_year_month_day_structure.py","logger":"airflow.task.hooks.airflow.providers.standard.hooks.subprocess.SubprocessHook"}
{"timestamp":"2025-06-10T08:17:03.268978","level":"info","event":"/opt/airflow/scripts/google_scraper/utils/helpers.py","logger":"airflow.task.hooks.airflow.providers.standard.hooks.subprocess.SubprocessHook"}
{"timestamp":"2025-06-10T08:17:03.269001","level":"info","event":"/opt/airflow/scripts/google_scraper/utils/organize_structured_data.py","logger":"airflow.task.hooks.airflow.providers.standard.hooks.subprocess.SubprocessHook"}
{"timestamp":"2025-06-10T08:17:03.269017","level":"info","event":"/opt/airflow/scripts/google_scraper/utils/browser_manager.py","logger":"airflow.task.hooks.airflow.providers.standard.hooks.subprocess.SubprocessHook"}
{"timestamp":"2025-06-10T08:17:03.269034","level":"info","event":"/opt/airflow/scripts/google_scraper/extracao/normalizador.py","logger":"airflow.task.hooks.airflow.providers.standard.hooks.subprocess.SubprocessHook"}
{"timestamp":"2025-06-10T08:17:03.269058","level":"info","event":"/opt/airflow/scripts/google_scraper/extracao/extractor.py","logger":"airflow.task.hooks.airflow.providers.standard.hooks.subprocess.SubprocessHook"}
{"timestamp":"2025-06-10T08:17:03.269120","level":"info","event":"Command exited with return code 0","logger":"airflow.task.hooks.airflow.providers.standard.hooks.subprocess.SubprocessHook"}
{"timestamp":"2025-06-10T09:13:23.494724","level":"info","event":"DAG bundles loaded: dags-folder","logger":"airflow.dag_processing.bundles.manager.DagBundlesManager"}
{"timestamp":"2025-06-10T09:13:23.495172","level":"info","event":"Filling up the DagBag from /opt/airflow/dags/google_scraper_dag.py","logger":"airflow.models.dagbag.DagBag"}
{"timestamp":"2025-06-10T09:13:23.516286","level":"info","event":"Tmp dir root location: /tmp","logger":"airflow.task.hooks.airflow.providers.standard.hooks.subprocess.SubprocessHook"}
{"timestamp":"2025-06-10T09:13:23.516814","level":"info","event":"Running command: ['/usr/bin/bash', '-c', '\\n    \\n    echo \"✅ Directorias de dados criadas\"\\n    echo \"📋 A verificar ficheiros do scraper...\"\\n    \\n    if [ -f \"/opt/airflow/scripts/google_scraper/scraping/run_scraper_airflow.py\" ]; then\\n        echo \"✅ Encontrado run_scraper_airflow.py\"\\n    else\\n        echo \"❌ Em falta run_scraper_airflow.py\"\\n        ls -la /opt/airflow/scripts/google_scraper/scraping/ || echo \"Directoria de scraping não encontrada\"\\n    fi\\n    \\n    if [ -f \"/opt/airflow/scripts/google_scraper/config/keywords.json\" ]; then\\n        echo \"✅ Encontrado keywords.json\"\\n    else\\n        echo \"❌ Em falta keywords.json\"\\n    fi\\n    \\n    if [ -f \"/opt/airflow/scripts/google_scraper/config/municipios_por_distrito.json\" ]; then\\n        echo \"✅ Encontrado municipios_por_distrito.json\"\\n    else\\n        echo \"❌ Em falta municipios_por_distrito.json\"\\n    fi\\n    \\n    echo \"📋 Estrutura actual das directorias:\"\\n    find /opt/airflow/scripts/google_scraper -type f -name \"*.py\" | head -10 || echo \"Ficheiros Python não encontrados\"\\n    ']","logger":"airflow.task.hooks.airflow.providers.standard.hooks.subprocess.SubprocessHook"}
{"timestamp":"2025-06-10T09:13:23.521268","level":"info","event":"Output:","logger":"airflow.task.hooks.airflow.providers.standard.hooks.subprocess.SubprocessHook"}
{"timestamp":"2025-06-10T09:13:23.523302","level":"info","event":"✅ Directorias de dados criadas","logger":"airflow.task.hooks.airflow.providers.standard.hooks.subprocess.SubprocessHook"}
{"timestamp":"2025-06-10T09:13:23.523383","level":"info","event":"📋 A verificar ficheiros do scraper...","logger":"airflow.task.hooks.airflow.providers.standard.hooks.subprocess.SubprocessHook"}
{"timestamp":"2025-06-10T09:13:23.523617","level":"info","event":"✅ Encontrado run_scraper_airflow.py","logger":"airflow.task.hooks.airflow.providers.standard.hooks.subprocess.SubprocessHook"}
{"timestamp":"2025-06-10T09:13:23.523805","level":"info","event":"✅ Encontrado keywords.json","logger":"airflow.task.hooks.airflow.providers.standard.hooks.subprocess.SubprocessHook"}
{"timestamp":"2025-06-10T09:13:23.523984","level":"info","event":"✅ Encontrado municipios_por_distrito.json","logger":"airflow.task.hooks.airflow.providers.standard.hooks.subprocess.SubprocessHook"}
{"timestamp":"2025-06-10T09:13:23.524015","level":"info","event":"📋 Estrutura actual das directorias:","logger":"airflow.task.hooks.airflow.providers.standard.hooks.subprocess.SubprocessHook"}
{"timestamp":"2025-06-10T09:13:23.536365","level":"info","event":"/opt/airflow/scripts/google_scraper/scraping/run_scraper_airflow.py","logger":"airflow.task.hooks.airflow.providers.standard.hooks.subprocess.SubprocessHook"}
{"timestamp":"2025-06-10T09:13:23.536402","level":"info","event":"/opt/airflow/scripts/google_scraper/tests/test_google_news_access.py","logger":"airflow.task.hooks.airflow.providers.standard.hooks.subprocess.SubprocessHook"}
{"timestamp":"2025-06-10T09:13:23.536448","level":"info","event":"/opt/airflow/scripts/google_scraper/tests/test_selenium.py","logger":"airflow.task.hooks.airflow.providers.standard.hooks.subprocess.SubprocessHook"}
{"timestamp":"2025-06-10T09:13:23.536480","level":"info","event":"/opt/airflow/scripts/google_scraper/tests/test_connection.py","logger":"airflow.task.hooks.airflow.providers.standard.hooks.subprocess.SubprocessHook"}
{"timestamp":"2025-06-10T09:13:23.536500","level":"info","event":"/opt/airflow/scripts/google_scraper/tests/test_year_month_day_structure.py","logger":"airflow.task.hooks.airflow.providers.standard.hooks.subprocess.SubprocessHook"}
{"timestamp":"2025-06-10T09:13:23.536527","level":"info","event":"/opt/airflow/scripts/google_scraper/utils/helpers.py","logger":"airflow.task.hooks.airflow.providers.standard.hooks.subprocess.SubprocessHook"}
{"timestamp":"2025-06-10T09:13:23.536545","level":"info","event":"/opt/airflow/scripts/google_scraper/utils/organize_structured_data.py","logger":"airflow.task.hooks.airflow.providers.standard.hooks.subprocess.SubprocessHook"}
{"timestamp":"2025-06-10T09:13:23.536561","level":"info","event":"/opt/airflow/scripts/google_scraper/utils/browser_manager.py","logger":"airflow.task.hooks.airflow.providers.standard.hooks.subprocess.SubprocessHook"}
{"timestamp":"2025-06-10T09:13:23.536578","level":"info","event":"/opt/airflow/scripts/google_scraper/extracao/normalizador.py","logger":"airflow.task.hooks.airflow.providers.standard.hooks.subprocess.SubprocessHook"}
{"timestamp":"2025-06-10T09:13:23.536594","level":"info","event":"/opt/airflow/scripts/google_scraper/extracao/extractor.py","logger":"airflow.task.hooks.airflow.providers.standard.hooks.subprocess.SubprocessHook"}
{"timestamp":"2025-06-10T09:13:23.536639","level":"info","event":"Command exited with return code 0","logger":"airflow.task.hooks.airflow.providers.standard.hooks.subprocess.SubprocessHook"}
