{"timestamp":"2025-06-10T15:17:50.265486","level":"info","event":"DAG bundles loaded: dags-folder","logger":"airflow.dag_processing.bundles.manager.DagBundlesManager"}
{"timestamp":"2025-06-10T15:17:50.265941","level":"info","event":"Filling up the DagBag from /opt/airflow/dags/sql_queries_dag.py","logger":"airflow.models.dagbag.DagBag"}
{"timestamp":"2025-06-10T15:17:50.592428Z","level":"info","event":"✅ PostgresHook imported successfully","chan":"stdout","logger":"task"}
{"timestamp":"2025-06-10T15:17:50.592647Z","level":"info","event":"✅ PostgresOperator imported successfully","chan":"stdout","logger":"task"}
{"timestamp":"2025-06-10T15:17:50.592707Z","level":"info","event":"✅ PostgreSQL provider fully available","chan":"stdout","logger":"task"}
{"timestamp":"2025-06-10T15:17:50.627659Z","level":"info","event":"✅ Recreated environment variable: AIRFLOW_CONN_SUPABASE_POSTGRES","chan":"stdout","logger":"task"}
{"timestamp":"2025-06-10T15:17:50.627771Z","level":"info","event":"🔄 Creating google_scraper_eventos table with georeference data...","chan":"stdout","logger":"task"}
{"timestamp":"2025-06-10T15:17:50.627851Z","level":"info","event":"📋 Executing: create_eventos_table","chan":"stdout","logger":"task"}
{"timestamp":"2025-06-10T15:17:51.027783Z","level":"info","event":"✅ create_eventos_table: executed successfully","chan":"stdout","logger":"task"}
{"timestamp":"2025-06-10T15:17:51.028034Z","level":"info","event":"📋 Executing: check_centroids_table","chan":"stdout","logger":"task"}
{"timestamp":"2025-06-10T15:17:51.403594Z","level":"info","event":"✅ check_centroids_table: [(1,)]","chan":"stdout","logger":"task"}
{"timestamp":"2025-06-10T15:17:51.403816Z","level":"info","event":"✅ public.centroids table found","chan":"stdout","logger":"task"}
{"timestamp":"2025-06-10T15:17:51.403895Z","level":"info","event":"📋 Executing: check_staging_table","chan":"stdout","logger":"task"}
{"timestamp":"2025-06-10T15:17:51.741454Z","level":"info","event":"✅ check_staging_table: [(1,)]","chan":"stdout","logger":"task"}
{"timestamp":"2025-06-10T15:17:51.741957Z","level":"info","event":"✅ Source table google_scraper.artigos_filtrados_staging found","chan":"stdout","logger":"task"}
{"timestamp":"2025-06-10T15:17:51.742208Z","level":"info","event":"📋 Executing: check_source_columns","chan":"stdout","logger":"task"}
{"timestamp":"2025-06-10T15:17:52.116351Z","level":"info","event":"✅ check_source_columns: [('ID', 'text'), ('type', 'text'), ('subtype', 'text'), ('date', 'text'), ('year', 'integer'), ('month', 'integer'), ('day', 'integer'), ('hour', 'text'), ('georef', 'text'), ('district', 'text'), ('municipali', 'text'), ('parish', 'text'), ('DICOFREG', 'double precision'), ('source', 'text'), ('sourcedate', 'text'), ('sourcetype', 'text'), ('page', 'text'), ('fatalities', 'integer'), ('injured', 'integer'), ('evacuated', 'integer'), ('displaced', 'integer'), ('missing', 'integer'), ('relevance_score', 'integer'), ('evento_nome', 'text')]","chan":"stdout","logger":"task"}
{"timestamp":"2025-06-10T15:17:52.116971Z","level":"info","event":"📋 Executing: check_centroids_columns","chan":"stdout","logger":"task"}
{"timestamp":"2025-06-10T15:17:52.543388Z","level":"info","event":"✅ check_centroids_columns: [('id', 'integer'), ('latitude', 'double precision'), ('longitude', 'double precision'), ('name', 'character varying'), ('region', 'character varying'), ('distrito', 'character varying'), ('concelho', 'character varying'), ('freguesia', 'character varying'), ('dicofre', 'character varying'), ('area_ha', 'double precision'), ('cluster_id', 'integer'), ('centroid_type', 'character varying'), ('created_at', 'timestamp without time zone'), ('updated_at', 'timestamp without time zone')]","chan":"stdout","logger":"task"}
{"timestamp":"2025-06-10T15:17:52.543566Z","level":"info","event":"📋 Executing: check_source_data_count","chan":"stdout","logger":"task"}
{"timestamp":"2025-06-10T15:17:52.964367Z","level":"info","event":"✅ check_source_data_count: [(253,)]","chan":"stdout","logger":"task"}
{"timestamp":"2025-06-10T15:17:52.965204Z","level":"info","event":"📊 Source table has 253 records","chan":"stdout","logger":"task"}
{"timestamp":"2025-06-10T15:17:52.965694Z","level":"info","event":"✅ Ready to process 253 records","chan":"stdout","logger":"task"}
{"timestamp":"2025-06-10T15:17:52.966268Z","level":"info","event":"📋 Executing: populate_eventos_table","chan":"stdout","logger":"task"}
{"timestamp":"2025-06-10T15:17:53.340101Z","level":"info","event":"✅ populate_eventos_table: executed successfully","chan":"stdout","logger":"task"}
{"timestamp":"2025-06-10T15:17:53.340679Z","level":"info","event":"📋 Executing: populate_eventos_table_with_georef","chan":"stdout","logger":"task"}
{"timestamp":"2025-06-10T15:17:54.210418Z","level":"info","event":"✅ populate_eventos_table_with_georef: executed successfully","chan":"stdout","logger":"task"}
{"timestamp":"2025-06-10T15:17:54.210991Z","level":"info","event":"📋 Executing: verify_eventos_count","chan":"stdout","logger":"task"}
{"timestamp":"2025-06-10T15:17:54.585632Z","level":"info","event":"✅ verify_eventos_count: [(36337,)]","chan":"stdout","logger":"task"}
{"timestamp":"2025-06-10T15:17:54.586326Z","level":"info","event":"📋 Executing: sample_eventos_data","chan":"stdout","logger":"task"}
{"timestamp":"2025-06-10T15:17:54.983528Z","level":"info","event":"✅ sample_eventos_data: [('245617f38ae54dfe89c524b2e74a7701', 'Other', 'Other', 'Braga', 'Amares', 41.6528772789048, -8.3936914770031, 'distrito', 0, 'e', datetime.datetime(2025, 6, 10, 15, 17, 53, 696335)), ('936d6c04990a8e3b1c8919e77bdb4517', 'Other', 'Other', 'Aveiro', 'Aveiro', 40.5802356040399, -8.56621973110386, 'distrito', 0, 'cnnportugal', datetime.datetime(2025, 6, 10, 15, 17, 53, 696335)), ('245617f38ae54dfe89c524b2e74a7701', 'Other', 'Other', 'Braga', 'Amares', 41.379620032524, -8.05690798281021, 'distrito', 0, 'e', datetime.datetime(2025, 6, 10, 15, 17, 53, 696335)), ('245617f38ae54dfe89c524b2e74a7701', 'Other', 'Other', 'Braga', 'Amares', 41.3788394147365, -8.27970365603229, 'distrito', 0, 'e', datetime.datetime(2025, 6, 10, 15, 17, 53, 696335)), ('936d6c04990a8e3b1c8919e77bdb4517', 'Other', 'Other', 'Aveiro', 'Aveiro', 40.6225183042527, -8.56521761316979, 'distrito', 0, 'cnnportugal', datetime.datetime(2025, 6, 10, 15, 17, 53, 696335))]","chan":"stdout","logger":"task"}
{"timestamp":"2025-06-10T15:17:54.984131Z","level":"info","event":"📊 Eventos Table Creation Summary:","chan":"stdout","logger":"task"}
{"timestamp":"2025-06-10T15:17:54.984380Z","level":"info","event":"  - Centroids table available: ✅","chan":"stdout","logger":"task"}
{"timestamp":"2025-06-10T15:17:54.984549Z","level":"info","event":"  - Staging table available: ✅","chan":"stdout","logger":"task"}
{"timestamp":"2025-06-10T15:17:54.984725Z","level":"info","event":"  - Total eventos created: 36337","chan":"stdout","logger":"task"}
{"timestamp":"2025-06-10T15:17:55.013265Z","level":"info","event":"🎉 google_scraper_eventos table creation completed!","chan":"stdout","logger":"task"}
{"timestamp":"2025-06-10T15:17:55.013516Z","level":"info","event":"👉 Check your Supabase dashboard to see the new table with georeference data","chan":"stdout","logger":"task"}
{"timestamp":"2025-06-10T15:17:54.986065","level":"info","event":"Done. Returned value was: None","logger":"airflow.task.operators.airflow.providers.standard.operators.python.PythonOperator"}
