{"timestamp":"2025-06-05T15:24:16.597783","level":"info","event":"DAG bundles loaded: dags-folder","logger":"airflow.dag_processing.bundles.manager.DagBundlesManager"}
{"timestamp":"2025-06-05T15:24:16.598436","level":"info","event":"Filling up the DagBag from /opt/airflow/dags/google_scraper_dag.py","logger":"airflow.models.dagbag.DagBag"}
{"timestamp":"2025-06-05T15:24:16.660798Z","level":"info","event":"🔄 Starting export_supabase task","chan":"stdout","logger":"task"}
{"timestamp":"2025-06-05T15:24:16.661720Z","level":"info","event":"📁 Ensured directories exist: ['/opt/airflow/data/raw/2025/06/04', '/opt/airflow/data/structured/2025/06/04', '/opt/airflow/data/processed/2025/06/04']","chan":"stdout","logger":"task"}
{"timestamp":"2025-06-05T15:24:16.661856Z","level":"info","event":"📅 Export Parameters:","chan":"stdout","logger":"task"}
{"timestamp":"2025-06-05T15:24:16.661942Z","level":"info","event":"  - Days: 1","chan":"stdout","logger":"task"}
{"timestamp":"2025-06-05T15:24:16.662016Z","level":"info","event":"  - Specific date: None (use execution_date)","chan":"stdout","logger":"task"}
{"timestamp":"2025-06-05T15:24:16.662087Z","level":"info","event":"  - Target date: 2025-06-04","chan":"stdout","logger":"task"}
{"timestamp":"2025-06-05T15:24:16.662157Z","level":"info","event":"📁 Input/Output paths:","chan":"stdout","logger":"task"}
{"timestamp":"2025-06-05T15:24:16.668156Z","level":"info","event":"🔍 Checking for input file: /opt/airflow/data/processed/2025/06/04/artigos_vitimas_filtrados_20250604.csv","chan":"stdout","logger":"task"}
{"timestamp":"2025-06-05T15:24:16.668444Z","level":"info","event":"❌ No input file found from filtrar task","chan":"stdout","logger":"task"}
{"timestamp":"2025-06-05T15:24:16.668586Z","level":"info","event":"🔍 Checking legacy path: /opt/airflow/scripts/google_scraper/data/processed/2025/06/04/artigos_vitimas_filtrados_2025-06-04.csv","chan":"stdout","logger":"task"}
{"timestamp":"2025-06-05T15:24:16.668881Z","level":"info","event":"🔍 Checking legacy path: /opt/airflow/scripts/google_scraper/data/structured/2025/06/04/artigos_vitimas_filtrados_2025-06-04.csv","chan":"stdout","logger":"task"}
{"timestamp":"2025-06-05T15:24:16.669812Z","level":"info","event":"🔍 Checking legacy path: /opt/airflow/scripts/google_scraper/data/structured/artigos_vitimas_filtrados.csv","chan":"stdout","logger":"task"}
{"timestamp":"2025-06-05T15:24:16.669077","level":"error","event":"Task failed with exception","logger":"task","error_detail":[{"exc_type":"Exception","exc_value":"No input file found. Checked: ['/opt/airflow/data/processed/2025/06/04/artigos_vitimas_filtrados_20250604.csv', '/opt/airflow/scripts/google_scraper/data/processed/2025/06/04/artigos_vitimas_filtrados_2025-06-04.csv', '/opt/airflow/scripts/google_scraper/data/structured/2025/06/04/artigos_vitimas_filtrados_2025-06-04.csv', '/opt/airflow/scripts/google_scraper/data/structured/artigos_vitimas_filtrados.csv']","exc_notes":[],"syntax_error":null,"is_cause":false,"frames":[{"filename":"/home/airflow/.local/lib/python3.11/site-packages/airflow/sdk/execution_time/task_runner.py","lineno":838,"name":"run"},{"filename":"/home/airflow/.local/lib/python3.11/site-packages/airflow/sdk/execution_time/task_runner.py","lineno":1130,"name":"_execute_task"},{"filename":"/home/airflow/.local/lib/python3.11/site-packages/airflow/sdk/bases/operator.py","lineno":408,"name":"wrapper"},{"filename":"/home/airflow/.local/lib/python3.11/site-packages/airflow/providers/standard/operators/python.py","lineno":212,"name":"execute"},{"filename":"/home/airflow/.local/lib/python3.11/site-packages/airflow/providers/standard/operators/python.py","lineno":235,"name":"execute_callable"},{"filename":"/home/airflow/.local/lib/python3.11/site-packages/airflow/sdk/execution_time/callback_runner.py","lineno":81,"name":"run"},{"filename":"/opt/airflow/dags/google_scraper_dag.py","lineno":780,"name":"export_supabase_task"}]}]}
{"timestamp":"2025-06-05T15:54:51.706920","level":"info","event":"DAG bundles loaded: dags-folder","logger":"airflow.dag_processing.bundles.manager.DagBundlesManager"}
{"timestamp":"2025-06-05T15:54:51.707542","level":"info","event":"Filling up the DagBag from /opt/airflow/dags/google_scraper_dag.py","logger":"airflow.models.dagbag.DagBag"}
{"timestamp":"2025-06-05T15:54:51.741173Z","level":"info","event":"🔄 Starting export_supabase task","chan":"stdout","logger":"task"}
{"timestamp":"2025-06-05T15:54:51.741458Z","level":"info","event":"📅 Using current date: 2025-06-05","chan":"stdout","logger":"task"}
{"timestamp":"2025-06-05T15:54:51.741946Z","level":"info","event":"📁 Ensured directories exist: ['/opt/airflow/scripts/google_scraper/data/raw/2025/06/05', '/opt/airflow/scripts/google_scraper/data/structured/2025/06/05', '/opt/airflow/scripts/google_scraper/data/processed/2025/06/05']","chan":"stdout","logger":"task"}
{"timestamp":"2025-06-05T15:54:51.742013Z","level":"info","event":"📅 Export Parameters:","chan":"stdout","logger":"task"}
{"timestamp":"2025-06-05T15:54:51.742063Z","level":"info","event":"  - Days: 1","chan":"stdout","logger":"task"}
{"timestamp":"2025-06-05T15:54:51.742110Z","level":"info","event":"  - Specific date: None (use execution_date)","chan":"stdout","logger":"task"}
{"timestamp":"2025-06-05T15:54:51.742157Z","level":"info","event":"  - Target date: 2025-06-05","chan":"stdout","logger":"task"}
{"timestamp":"2025-06-05T15:54:51.742202Z","level":"info","event":"📁 Input/Output paths:","chan":"stdout","logger":"task"}
{"timestamp":"2025-06-05T15:54:51.746190Z","level":"info","event":"🔍 Checking for input file: /opt/airflow/scripts/google_scraper/data/processed/2025/06/05/artigos_vitimas_filtrados_20250605.csv","chan":"stdout","logger":"task"}
{"timestamp":"2025-06-05T15:54:51.746368Z","level":"info","event":"❌ No input file found from filtrar task","chan":"stdout","logger":"task"}
{"timestamp":"2025-06-05T15:54:51.746463Z","level":"info","event":"🔍 Checking legacy path: /opt/airflow/scripts/google_scraper/data/processed/2025/06/05/artigos_vitimas_filtrados_2025-06-05.csv","chan":"stdout","logger":"task"}
{"timestamp":"2025-06-05T15:54:51.746555Z","level":"info","event":"🔍 Checking legacy path: /opt/airflow/scripts/google_scraper/data/structured/2025/06/05/artigos_vitimas_filtrados_2025-06-05.csv","chan":"stdout","logger":"task"}
{"timestamp":"2025-06-05T15:54:51.747399Z","level":"info","event":"🔍 Checking legacy path: /opt/airflow/scripts/google_scraper/data/structured/artigos_vitimas_filtrados.csv","chan":"stdout","logger":"task"}
{"timestamp":"2025-06-05T15:54:51.746675","level":"error","event":"Task failed with exception","logger":"task","error_detail":[{"exc_type":"Exception","exc_value":"No input file found. Checked: ['/opt/airflow/scripts/google_scraper/data/processed/2025/06/05/artigos_vitimas_filtrados_20250605.csv', '/opt/airflow/scripts/google_scraper/data/processed/2025/06/05/artigos_vitimas_filtrados_2025-06-05.csv', '/opt/airflow/scripts/google_scraper/data/structured/2025/06/05/artigos_vitimas_filtrados_2025-06-05.csv', '/opt/airflow/scripts/google_scraper/data/structured/artigos_vitimas_filtrados.csv']","exc_notes":[],"syntax_error":null,"is_cause":false,"frames":[{"filename":"/home/airflow/.local/lib/python3.11/site-packages/airflow/sdk/execution_time/task_runner.py","lineno":838,"name":"run"},{"filename":"/home/airflow/.local/lib/python3.11/site-packages/airflow/sdk/execution_time/task_runner.py","lineno":1130,"name":"_execute_task"},{"filename":"/home/airflow/.local/lib/python3.11/site-packages/airflow/sdk/bases/operator.py","lineno":408,"name":"wrapper"},{"filename":"/home/airflow/.local/lib/python3.11/site-packages/airflow/providers/standard/operators/python.py","lineno":212,"name":"execute"},{"filename":"/home/airflow/.local/lib/python3.11/site-packages/airflow/providers/standard/operators/python.py","lineno":235,"name":"execute_callable"},{"filename":"/home/airflow/.local/lib/python3.11/site-packages/airflow/sdk/execution_time/callback_runner.py","lineno":81,"name":"run"},{"filename":"/opt/airflow/dags/google_scraper_dag.py","lineno":791,"name":"export_supabase_task"}]}]}
