[2025-06-02T15:24:16.066+0000] {taskinstance.py:1157} INFO - Dependencies all met for dep_context=non-requeueable deps ti=<TaskInstance: google_scraper_pipeline.run_scraper manual__2025-06-02T15:09:07.943661+00:00 [queued]>
[2025-06-02T15:24:16.069+0000] {taskinstance.py:1157} INFO - Dependencies all met for dep_context=requeueable deps ti=<TaskInstance: google_scraper_pipeline.run_scraper manual__2025-06-02T15:09:07.943661+00:00 [queued]>
[2025-06-02T15:24:16.069+0000] {taskinstance.py:1359} INFO - Starting attempt 11 of 12
[2025-06-02T15:24:16.074+0000] {taskinstance.py:1380} INFO - Executing <Task(PythonOperator): run_scraper> on 2025-06-02 15:09:07.943661+00:00
[2025-06-02T15:24:16.076+0000] {standard_task_runner.py:57} INFO - Started process 1436 to run task
[2025-06-02T15:24:16.081+0000] {standard_task_runner.py:84} INFO - Running: ['***', 'tasks', 'run', 'google_scraper_pipeline', 'run_scraper', 'manual__2025-06-02T15:09:07.943661+00:00', '--job-id', '12', '--raw', '--subdir', 'DAGS_FOLDER/google_scraper_dag.py', '--cfg-path', '/tmp/tmpgz0aobcm']
[2025-06-02T15:24:16.084+0000] {standard_task_runner.py:85} INFO - Job 12: Subtask run_scraper
[2025-06-02T15:24:16.134+0000] {task_command.py:415} INFO - Running <TaskInstance: google_scraper_pipeline.run_scraper manual__2025-06-02T15:09:07.943661+00:00 [running]> on host 1457ea4f74d2
[2025-06-02T15:24:16.203+0000] {taskinstance.py:1660} INFO - Exporting env vars: AIRFLOW_CTX_DAG_OWNER='***' AIRFLOW_CTX_DAG_ID='google_scraper_pipeline' AIRFLOW_CTX_TASK_ID='run_scraper' AIRFLOW_CTX_EXECUTION_DATE='2025-06-02T15:09:07.943661+00:00' AIRFLOW_CTX_TRY_NUMBER='11' AIRFLOW_CTX_DAG_RUN_ID='manual__2025-06-02T15:09:07.943661+00:00'
[2025-06-02T15:24:20.440+0000] {logging_mixin.py:151} INFO - ✅ Dependencies installed successfully
[2025-06-02T15:24:20.440+0000] {logging_mixin.py:151} INFO - 📦 Executing command: python3 /opt/***/dags/google_scraper/scraping/run_scraper_***.py --dias 1
[2025-06-02T15:24:23.524+0000] {logging_mixin.py:151} INFO - Return code: 0
[2025-06-02T15:24:23.524+0000] {logging_mixin.py:151} INFO - Output: ✅ Dependencies installed successfully
⚠️ Could not import run_scraper module: No module named 'fake_useragent'
✅ Calling run_scraper.main() with dias=1, date=None
⚕️ Executing mock run_scraper.main()
[2025-06-02T15:24:23.525+0000] {python.py:194} INFO - Done. Returned value was: 0
[2025-06-02T15:24:23.538+0000] {taskinstance.py:1398} INFO - Marking task as SUCCESS. dag_id=google_scraper_pipeline, task_id=run_scraper, execution_date=20250602T150907, start_date=20250602T152416, end_date=20250602T152423
[2025-06-02T15:24:23.556+0000] {local_task_job_runner.py:228} INFO - Task exited with return code 0
[2025-06-02T15:24:23.571+0000] {taskinstance.py:2776} INFO - 1 downstream tasks scheduled from follow-on schedule check
