{"timestamp":"2025-06-08T08:59:46.471285","level":"info","event":"DAG bundles loaded: dags-folder","logger":"airflow.dag_processing.bundles.manager.DagBundlesManager"}
{"timestamp":"2025-06-08T08:59:46.473394","level":"info","event":"Filling up the DagBag from /opt/airflow/dags/google_scraper_dag.py","logger":"airflow.models.dagbag.DagBag"}
{"timestamp":"2025-06-08T08:59:46.531821","level":"info","event":"Tmp dir root location: /tmp","logger":"airflow.task.hooks.airflow.providers.standard.hooks.subprocess.SubprocessHook"}
{"timestamp":"2025-06-08T08:59:46.532622","level":"info","event":"Running command: ['/usr/bin/bash', '-c', '\\n    \\n    echo \"✅ Directorias de dados criadas\"\\n    echo \"📋 A verificar ficheiros do scraper...\"\\n    \\n    if [ -f \"/opt/airflow/scripts/google_scraper/scraping/run_scraper_airflow.py\" ]; then\\n        echo \"✅ Encontrado run_scraper_airflow.py\"\\n    else\\n        echo \"❌ Em falta run_scraper_airflow.py\"\\n        ls -la /opt/airflow/scripts/google_scraper/scraping/ || echo \"Directoria de scraping não encontrada\"\\n    fi\\n    \\n    if [ -f \"/opt/airflow/scripts/google_scraper/config/keywords.json\" ]; then\\n        echo \"✅ Encontrado keywords.json\"\\n    else\\n        echo \"❌ Em falta keywords.json\"\\n    fi\\n    \\n    if [ -f \"/opt/airflow/scripts/google_scraper/config/municipios_por_distrito.json\" ]; then\\n        echo \"✅ Encontrado municipios_por_distrito.json\"\\n    else\\n        echo \"❌ Em falta municipios_por_distrito.json\"\\n    fi\\n    \\n    echo \"📋 Estrutura actual das directorias:\"\\n    find /opt/airflow/scripts/google_scraper -type f -name \"*.py\" | head -10 || echo \"Ficheiros Python não encontrados\"\\n    ']","logger":"airflow.task.hooks.airflow.providers.standard.hooks.subprocess.SubprocessHook"}
{"timestamp":"2025-06-08T08:59:46.541082","level":"info","event":"Output:","logger":"airflow.task.hooks.airflow.providers.standard.hooks.subprocess.SubprocessHook"}
{"timestamp":"2025-06-08T08:59:46.543461","level":"info","event":"✅ Directorias de dados criadas","logger":"airflow.task.hooks.airflow.providers.standard.hooks.subprocess.SubprocessHook"}
{"timestamp":"2025-06-08T08:59:46.543632","level":"info","event":"📋 A verificar ficheiros do scraper...","logger":"airflow.task.hooks.airflow.providers.standard.hooks.subprocess.SubprocessHook"}
{"timestamp":"2025-06-08T08:59:46.543803","level":"info","event":"✅ Encontrado run_scraper_airflow.py","logger":"airflow.task.hooks.airflow.providers.standard.hooks.subprocess.SubprocessHook"}
{"timestamp":"2025-06-08T08:59:46.544172","level":"info","event":"✅ Encontrado keywords.json","logger":"airflow.task.hooks.airflow.providers.standard.hooks.subprocess.SubprocessHook"}
{"timestamp":"2025-06-08T08:59:46.544595","level":"info","event":"✅ Encontrado municipios_por_distrito.json","logger":"airflow.task.hooks.airflow.providers.standard.hooks.subprocess.SubprocessHook"}
{"timestamp":"2025-06-08T08:59:46.544697","level":"info","event":"📋 Estrutura actual das directorias:","logger":"airflow.task.hooks.airflow.providers.standard.hooks.subprocess.SubprocessHook"}
{"timestamp":"2025-06-08T08:59:46.574089","level":"info","event":"/opt/airflow/scripts/google_scraper/scraping/run_scraper_airflow.py","logger":"airflow.task.hooks.airflow.providers.standard.hooks.subprocess.SubprocessHook"}
{"timestamp":"2025-06-08T08:59:46.574233","level":"info","event":"/opt/airflow/scripts/google_scraper/tests/test_google_news_access.py","logger":"airflow.task.hooks.airflow.providers.standard.hooks.subprocess.SubprocessHook"}
{"timestamp":"2025-06-08T08:59:46.574290","level":"info","event":"/opt/airflow/scripts/google_scraper/tests/test_selenium.py","logger":"airflow.task.hooks.airflow.providers.standard.hooks.subprocess.SubprocessHook"}
{"timestamp":"2025-06-08T08:59:46.574339","level":"info","event":"/opt/airflow/scripts/google_scraper/tests/test_connection.py","logger":"airflow.task.hooks.airflow.providers.standard.hooks.subprocess.SubprocessHook"}
{"timestamp":"2025-06-08T08:59:46.574473","level":"info","event":"/opt/airflow/scripts/google_scraper/tests/test_year_month_day_structure.py","logger":"airflow.task.hooks.airflow.providers.standard.hooks.subprocess.SubprocessHook"}
{"timestamp":"2025-06-08T08:59:46.574635","level":"info","event":"/opt/airflow/scripts/google_scraper/utils/helpers.py","logger":"airflow.task.hooks.airflow.providers.standard.hooks.subprocess.SubprocessHook"}
{"timestamp":"2025-06-08T08:59:46.574727","level":"info","event":"/opt/airflow/scripts/google_scraper/utils/organize_structured_data.py","logger":"airflow.task.hooks.airflow.providers.standard.hooks.subprocess.SubprocessHook"}
{"timestamp":"2025-06-08T08:59:46.574782","level":"info","event":"/opt/airflow/scripts/google_scraper/utils/browser_manager.py","logger":"airflow.task.hooks.airflow.providers.standard.hooks.subprocess.SubprocessHook"}
{"timestamp":"2025-06-08T08:59:46.574833","level":"info","event":"/opt/airflow/scripts/google_scraper/extracao/normalizador.py","logger":"airflow.task.hooks.airflow.providers.standard.hooks.subprocess.SubprocessHook"}
{"timestamp":"2025-06-08T08:59:46.574904","level":"info","event":"/opt/airflow/scripts/google_scraper/extracao/extractor.py","logger":"airflow.task.hooks.airflow.providers.standard.hooks.subprocess.SubprocessHook"}
{"timestamp":"2025-06-08T08:59:46.575019","level":"info","event":"Command exited with return code 0","logger":"airflow.task.hooks.airflow.providers.standard.hooks.subprocess.SubprocessHook"}
